============================================================
   Tang Dynasty, V4.6.12906
   Copyright:   Shanghai Anlogic Infotech Co., Ltd.
                2011 - 2021
   Executable = C:/Anlogic/TD4.6.12906/bin/td.exe
   Built at =   18:22:35 Jun 26 2019
   Run by =     dell
   Run Date =   Thu Aug  8 17:25:22 2019

   Run on =     ANLOGIC-SUYANG
============================================================
RUN-1002 : start command "open_project cam.al"
HDL-1007 : analyze verilog file sources/rtl/camera_init.v
HDL-1007 : analyze verilog file sources/rtl/i2c_module.v
HDL-1007 : analyze verilog file sources/rtl/lcd_sync.v
HDL-1007 : analyze verilog file sources/rtl/test_camera.v
HDL-1007 : analyze verilog file al_ip/ip_pll.v
HDL-1007 : analyze verilog file al_ip/ip_ram.v
HDL-1007 : analyze verilog file sources/rtl/camera_reader.v
RUN-1002 : start command "import_device eagle_s20.db -package BG256"
ARC-1001 : Device Initialization.
ARC-1001 : ------------------------------------------------------------------
ARC-1001 :            OPTION            |          IO          |   SETTING   
ARC-1001 : ------------------------------------------------------------------
ARC-1001 :   cso_b/cclk/mosi/miso/dout  |  T3/R11/T10/P10/S11  |    gpio    
ARC-1001 :             done             |         P13          |    gpio    
ARC-1001 :           program_b          |          T2          |  dedicated  
ARC-1001 :        tdi/tms/tck/tdo       |   C12/A15/C14/E14    |  dedicated  
ARC-1001 : ------------------------------------------------------------------
ARC-1004 : Device setting, marked 5 dedicate IOs in total.
RUN-1002 : start command "import_db cam_pr.db"
RUN-1001 : Importing database generated by Tang Dynasty, V4.6.12906.
RUN-1001 : Database version number 46116.
RUN-1001 : Import IO constraints
RUN-1001 : Import Inst constraints
RUN-1001 : Import flow parameters
