============================================================
   Tang Dynasty, V4.6.13941
   Copyright:   Shanghai Anlogic Infotech Co., Ltd.
                2011 - 2021
   Executable = D:/Anlogic/TD4.6.1/bin/td.exe
   Built at =   17:07:14 Aug 27 2019
   Run by =     zhang
   Run Date =   Mon Sep 30 18:33:16 2019

   Run on =     DESKTOP-SGFO9TT
============================================================
RUN-1002 : start command "open_project cam.al"
HDL-1007 : analyze verilog file sources/rtl/camera_init.v
HDL-1007 : analyze verilog file sources/rtl/i2c_module.v
HDL-1007 : analyze verilog file sources/rtl/lcd_sync.v
HDL-1007 : analyze verilog file sources/rtl/test_camera.v
HDL-1007 : analyze verilog file al_ip/ip_pll.v
HDL-1007 : analyze verilog file al_ip/ip_ram.v
HDL-1007 : analyze verilog file sources/rtl/camera_reader.v
RUN-1002 : start command "import_device eagle_s20.db -package BG256"
ARC-1001 : Device Initialization.
ARC-1001 : ------------------------------------------------------------------
ARC-1001 :            OPTION            |          IO          |   SETTING   
ARC-1001 : ------------------------------------------------------------------
ARC-1001 :   cso_b/cclk/mosi/miso/dout  |  T3/R11/T10/P10/S11  |    gpio    
ARC-1001 :             done             |         P13          |    gpio    
ARC-1001 :           program_b          |          T2          |  dedicated  
ARC-1001 :        tdi/tms/tck/tdo       |   C12/A15/C14/E14    |  dedicated  
ARC-1001 : ------------------------------------------------------------------
ARC-1004 : Device setting, marked 5 dedicate IOs in total.
RUN-1002 : start command "import_db cam_pr.db"
RUN-1001 : Importing database generated by Tang Dynasty, V4.6.13941.
RUN-1001 : Database version number 46116.
RUN-1001 : Import timing constraints
RUN-1001 : Import IO constraints
RUN-1001 : Import Inst constraints
RUN-1001 : Import flow parameters
RUN-1003 : finish command "import_db cam_pr.db" in  1.132935s wall, 1.062500s user + 0.125000s system = 1.187500s CPU (104.8%)

RUN-1004 : used memory is 211 MB, reserved memory is 184 MB, peak memory is 211 MB
TMR-3509 : Import timing summary.
