============================================================
   Tang Dynasty, V4.6.12906
   Copyright:   Shanghai Anlogic Infotech Co., Ltd.
                2011 - 2021
   Executable = C:/Anlogic/TD4.6.12906/bin/td.exe
   Built at =   18:22:35 Jun 26 2019
   Run by =     dell
   Run Date =   Thu Aug  8 15:14:57 2019

   Run on =     ANLOGIC-SUYANG
============================================================
RUN-1002 : start command "open_project cam.al"
HDL-1007 : analyze verilog file sources/rtl/camera_init.v
HDL-1007 : analyze verilog file sources/rtl/i2c_module.v
HDL-1007 : analyze verilog file sources/rtl/lcd_sync.v
HDL-1007 : analyze verilog file sources/rtl/test_camera.v
HDL-1007 : analyze verilog file al_ip/ip_pll.v
HDL-1007 : analyze verilog file al_ip/ip_ram.v
HDL-1007 : analyze verilog file sources/rtl/camera_reader.v
RUN-1003 : finish command "open_project cam.al" in  1.495779s wall, 0.078125s user + 0.000000s system = 0.078125s CPU (5.2%)

RUN-1004 : used memory is 31 MB, reserved memory is 13 MB, peak memory is 31 MB
RUN-1002 : start command "import_device eagle_s20.db -package BG256"
ARC-1001 : Device Initialization.
ARC-1001 : ------------------------------------------------------------------
ARC-1001 :            OPTION            |          IO          |   SETTING   
ARC-1001 : ------------------------------------------------------------------
ARC-1001 :   cso_b/cclk/mosi/miso/dout  |  T3/R11/T10/P10/S11  |    gpio    
ARC-1001 :             done             |         P13          |    gpio    
ARC-1001 :           program_b          |          T2          |  dedicated  
ARC-1001 :        tdi/tms/tck/tdo       |   C12/A15/C14/E14    |  dedicated  
ARC-1001 : ------------------------------------------------------------------
ARC-1004 : Device setting, marked 5 dedicate IOs in total.
RUN-1002 : start command "import_db cam_pr.db"
RUN-1001 : Importing database generated by Tang Dynasty, V4.6.12906.
RUN-1001 : Database version number 46116.
RUN-1001 : Import IO constraints
RUN-1001 : Import Inst constraints
RUN-1001 : Import flow parameters
RUN-1003 : finish command "import_db cam_pr.db" in  10.033758s wall, 0.843750s user + 0.140625s system = 0.984375s CPU (9.8%)

RUN-1004 : used memory is 184 MB, reserved memory is 166 MB, peak memory is 184 MB
RUN-1002 : start command "download -bit cam.bit -mode jtag -spd 6 -sec 64 -cable 0"
PRG-2014 : Chip validation success: EAGLE_S20_BG256
RUN-1002 : start command "bit_to_vec -chip EAGLE_S20_BG256 -m jtag -bit cam.bit"
PRG-3000 : BIT2VEC::JtagBitstream: completed! line_num = 1354, frame_num = 1259
RUN-1003 : finish command "bit_to_vec -chip EAGLE_S20_BG256 -m jtag -bit cam.bit" in  2.554048s wall, 1.453125s user + 0.046875s system = 1.500000s CPU (58.7%)

RUN-1004 : used memory is 366 MB, reserved memory is 332 MB, peak memory is 368 MB
RUN-1002 : start command "program -cable 0 -spd 6 -p"
RUN-1003 : finish command "program -cable 0 -spd 6 -p" in  6.514054s wall, 0.328125s user + 0.171875s system = 0.500000s CPU (7.7%)

RUN-1004 : used memory is 391 MB, reserved memory is 358 MB, peak memory is 392 MB
RUN-1003 : finish command "download -bit cam.bit -mode jtag -spd 6 -sec 64 -cable 0" in  9.588904s wall, 1.875000s user + 0.312500s system = 2.187500s CPU (22.8%)

RUN-1004 : used memory is 248 MB, reserved memory is 210 MB, peak memory is 392 MB
GUI-1001 : Download success!
