============================================================
   Tang Dynasty, V5.6.53426
   Copyright (c) 2012-2022 Anlogic
   Executable = D:/Y_22S720/TD/bin/td.exe
   Built at =   19:26:25 Jun 10 2022
   Run by =     321squarial
   Run Date =   Sat Oct  8 14:43:14 2022

   Run on =     LAPTOP-0TRO264C
============================================================
RUN-1002 : start command "open_project seg_4.prj"
RUN-1001 : Print Global Property
RUN-1001 : ---------------------------------------------------------------
RUN-1001 :        Parameters        |  Settings  |  Default Values  |  Note  
RUN-1001 : ---------------------------------------------------------------
RUN-1001 :          message         |  standard  |     standard     |        
RUN-1001 :   mixed_pack_place_flow  |     on     |        on        |        
RUN-1001 :        syn_ip_flow       |    off     |       off        |        
RUN-1001 :          thread          |    auto    |       auto       |        
RUN-1001 : ---------------------------------------------------------------
RUN-1001 : Print Design Property
RUN-1001 : --------------------------------------------------------------
RUN-1001 :        Parameters       |  Settings  |  Default Values  |  Note  
RUN-1001 : --------------------------------------------------------------
RUN-1001 :   default_reg_initial   |    auto    |       auto       |        
RUN-1001 :        infer_add        |     on     |        on        |        
RUN-1001 :        infer_fsm        |    off     |       off        |        
RUN-1001 :        infer_mult       |     on     |        on        |        
RUN-1001 :        infer_ram        |     on     |        on        |        
RUN-1001 :        infer_reg        |     on     |        on        |        
RUN-1001 :   infer_reg_init_value  |     on     |        on        |        
RUN-1001 :        infer_rom        |     on     |        on        |        
RUN-1001 :      infer_shifter      |     on     |        on        |        
RUN-1001 : --------------------------------------------------------------
RUN-1001 : Print Rtl Property
RUN-1001 : --------------------------------------------------------------
RUN-1001 :        Parameters       |  Settings  |  Default Values  |  Note  
RUN-1001 : --------------------------------------------------------------
RUN-1001 :       compress_add      |   ripple   |      ripple      |        
RUN-1001 :        elf_sload        |    off     |       off        |        
RUN-1001 :       fix_undriven      |     0      |        0         |        
RUN-1001 :         flatten         |    off     |       off        |        
RUN-1001 :       gate_sharing      |     on     |        on        |        
RUN-1001 :    hdl_warning_level    |   normal   |      normal      |        
RUN-1001 :   impl_internal_tribuf  |     on     |        on        |        
RUN-1001 :      impl_set_reset     |     on     |        on        |        
RUN-1001 :        infer_gsr        |    off     |       off        |        
RUN-1001 :      keep_hierarchy     |    auto    |       auto       |        
RUN-1001 :        max_fanout       |    9999    |       9999       |        
RUN-1001 :      max_oh2bin_len     |     10     |        10        |        
RUN-1001 :       merge_equal       |     on     |        on        |        
RUN-1001 :       merge_equiv       |     on     |        on        |        
RUN-1001 :        merge_mux        |    off     |       off        |        
RUN-1001 :     min_control_set     |     8      |        8         |        
RUN-1001 :      min_ripple_len     |    auto    |       auto       |        
RUN-1001 :       oh2bin_ratio      |    0.08    |       0.08       |        
RUN-1001 :     opt_adder_fanout    |     on     |        on        |        
RUN-1001 :        opt_arith        |     on     |        on        |        
RUN-1001 :       opt_big_gate      |    off     |       off        |        
RUN-1001 :        opt_const        |     on     |        on        |        
RUN-1001 :      opt_const_mult     |     on     |        on        |        
RUN-1001 :       opt_lessthan      |     on     |        on        |        
RUN-1001 :         opt_mux         |    off     |       off        |        
RUN-1001 :         opt_ram         |    high    |       high       |        
RUN-1001 :      rtl_sim_model      |    off     |       off        |        
RUN-1001 :         seq_syn         |     on     |        on        |        
RUN-1001 : --------------------------------------------------------------
HDL-1007 : analyze verilog file ../../sources/rtl/rst.v
HDL-1007 : analyze verilog file ../../sources/rtl/seg_4.v
RUN-1001 : Project manager successfully analyzed 2 source files.
RUN-1002 : start command "import_device eagle_s20.db -package EG4S20BG256"
ARC-1001 : Device Initialization.
ARC-1001 : ------------------------------------------------------------------
ARC-1001 :            OPTION            |          IO          |   SETTING   
ARC-1001 : ------------------------------------------------------------------
ARC-1001 :   cso_b/cclk/mosi/miso/dout  |  T3/R11/T10/P10/S11  |    gpio    
ARC-1001 :             done             |         P13          |    gpio    
ARC-1001 :           program_b          |          T2          |  dedicate  
ARC-1001 :        tdi/tms/tck/tdo       |   C12/A15/C14/E14    |  dedicate  
ARC-1001 : ------------------------------------------------------------------
ARC-1004 : Device setting, marked 5 dedicate IOs in total.
RUN-1002 : start command "import_db ../syn_1/seg_4_gate.db"
RUN-1001 : Importing database generated by Tang Dynasty, V5.6.53426.
RUN-1001 : Database version number 46140.
RUN-1001 : Import flow parameters
RUN-1001 : Import timing constraints
RUN-1001 : Import IO constraints
RUN-1001 : Import Inst constraints
RUN-1001 : Import design success TD_VERSION=5.6.53426 , DB_VERSION=46140
RUN-1002 : start command "read_sdc"
USR-1002 : read_sdc file_name -help -h -eco
USR-1009 : NO module with IP_SDC ...
RUN-1104 : Import SDC file  finished, there are 0 nets kept by constraints.
RUN-1002 : start command "place"
RUN-1001 : Open license file D:/Y_22S720/TD/license/Anlogic.lic
RUN-1001 : Print Global Property
RUN-1001 : ---------------------------------------------------------------
RUN-1001 :        Parameters        |  Settings  |  Default Values  |  Note  
RUN-1001 : ---------------------------------------------------------------
RUN-1001 :          message         |  standard  |     standard     |        
RUN-1001 :   mixed_pack_place_flow  |     on     |        on        |        
RUN-1001 :        syn_ip_flow       |    off     |       off        |        
RUN-1001 :          thread          |    auto    |       auto       |        
RUN-1001 : ---------------------------------------------------------------
RUN-1001 : Print Place Property
RUN-1001 : --------------------------------------------------------------
RUN-1001 :        Parameters       |  Settings  |  Default Values  |  Note  
RUN-1001 : --------------------------------------------------------------
RUN-1001 :      detailed_place     |     on     |        on        |        
RUN-1001 :          effort         |   medium   |      medium      |        
RUN-1001 :         fix_hold        |    off     |       off        |        
RUN-1001 :       legalization      |    ori     |       ori        |        
RUN-1001 :      new_spreading      |     on     |        on        |        
RUN-1001 :        opt_timing       |   medium   |      medium      |        
RUN-1001 :   post_clock_route_opt  |    off     |       off        |        
RUN-1001 :       pr_strategy       |     1      |        1         |        
RUN-1001 :        relaxation       |    1.00    |       1.00       |        
RUN-1001 :         retiming        |    off     |       off        |        
RUN-1001 : --------------------------------------------------------------
PHY-3001 : Placer runs in 4 thread(s).
RUN-1002 : start command "legalize_phy_inst"
SYN-1011 : Flatten model seg4
RUN-1002 : start command "phys_opt -simplify_lut"
SYN-4024 : Net "clk_24m_dup_1" drives clk pins.
SYN-4025 : Tag rtl::Net clk_24m_dup_1 as clock net
SYN-4026 : Tagged 1 rtl::Net as clock net
PHY-1001 : Populate physical database on model seg4.
RUN-1001 : There are total 145 instances
RUN-0007 : 63 luts, 49 seqs, 10 mslices, 7 lslices, 13 pads, 0 brams, 0 dsps
RUN-1001 : There are total 186 nets
RUN-1001 : 125 nets have 2 pins
RUN-1001 : 39 nets have [3 - 5] pins
RUN-1001 : 19 nets have [6 - 10] pins
RUN-1001 : 1 nets have [11 - 20] pins
RUN-1001 : 2 nets have [21 - 99] pins
RUN-1001 : Report Control nets information:
RUN-1001 : DFF Distribution
RUN-1001 : ----------------------------------
RUN-1001 :   CE   |  SSR  |  ASR  |  DFF Count  
RUN-1001 : ----------------------------------
RUN-1001 :   No   |  No   |  No   |     40      
RUN-1001 :   No   |  No   |  Yes  |      0      
RUN-1001 :   No   |  Yes  |  No   |      9      
RUN-1001 :   Yes  |  No   |  No   |      0      
RUN-1001 :   Yes  |  No   |  Yes  |      0      
RUN-1001 :   Yes  |  Yes  |  No   |      0      
RUN-1001 : ----------------------------------
RUN-0007 : Control Group Statistic
RUN-0007 : ---------------------------
RUN-0007 :   #CLK  |  #CE  |  #SSR/ASR  
RUN-0007 : ---------------------------
RUN-0007 :    1    |   1   |     2      
RUN-0007 : ---------------------------
RUN-0007 : Control Set = 2
PHY-3001 : Initial placement ...
PHY-3001 : design contains 143 instances, 63 luts, 49 seqs, 17 slices, 2 macros(17 instances: 10 mslices 7 lslices)
PHY-0007 : Cell area utilization is 0%
PHY-3001 : Start timing update ...
RUN-1002 : start command "start_timer -report"
TMR-2505 : Start building timing graph for model seg4.
TMR-2506 : Build timing graph completely. Port num: 3, tpin num: 628, tnet num: 184, tinst num: 143, tnode num: 763, tedge num: 1007.
TMR-2508 : Levelizing timing graph completed, there are 21 levels in total.
TMR-2501 : Timing graph initialized successfully.
TMR-2503 : Start to update net delay, extr mode = 2.
TMR-2504 : Update delay of 184 nets completely.
TMR-2502 : Annotate delay completely, extr mode = 2.
TMR-3001 : Initiate 0 clocks from SDC.
TMR-3004 : Map sdc constraints, there are 0 constraints in total.
TMR-3003 : Constraints initiated successfully.
TMR-3501 : Forward propagation: start to calculate arrival time...
TMR-3502 : Backward propagation: start to calculate required time...
TMR-3503 : Timing propagation completes.
PHY-3001 : End timing update;  0.114481s wall, 0.109375s user + 0.000000s system = 0.109375s CPU (95.5%)

PHY-3001 : Global placement ...
PHY-3001 : Initial: Len = 50085
PHY-3001 : Clustering ...
PHY-3001 : Level 0 #clusters 143.
PHY-3001 : End clustering;  0.000018s wall, 0.000000s user + 0.000000s system = 0.000000s CPU (n/a%)

PHY-3001 : Run with size of 4
PHY-3001 : Cell area utilization is 0%
PHY-3001 : :::0::: Try harder cell spreading with beta_ = 0
PHY-3002 : Step(1): len = 33967, overlap = 0
PHY-3002 : Step(2): len = 22872.5, overlap = 0
PHY-3002 : Step(3): len = 14346.1, overlap = 0
PHY-3002 : Step(4): len = 8986, overlap = 0
PHY-3002 : Step(5): len = 7390.3, overlap = 0
PHY-3002 : Step(6): len = 7038.1, overlap = 0
PHY-3002 : Step(7): len = 6956.9, overlap = 0
PHY-3002 : Step(8): len = 6995.2, overlap = 0
PHY-3002 : Step(9): len = 6400.8, overlap = 0
PHY-3002 : Step(10): len = 5895.3, overlap = 0
PHY-3002 : Step(11): len = 5520.8, overlap = 0
PHY-3002 : Step(12): len = 5434.4, overlap = 0
PHY-3002 : Step(13): len = 4767.7, overlap = 0
PHY-3002 : Step(14): len = 4146.4, overlap = 0
PHY-3002 : Step(15): len = 4082.3, overlap = 0
PHY-3002 : Step(16): len = 3915.6, overlap = 0
PHY-3002 : Step(17): len = 3938.7, overlap = 0
PHY-3002 : Step(18): len = 3799.5, overlap = 0
PHY-3002 : Step(19): len = 3860, overlap = 0
PHY-3002 : Step(20): len = 3572.2, overlap = 0
PHY-3002 : Step(21): len = 3560.1, overlap = 0
PHY-3002 : Step(22): len = 3281.5, overlap = 0
PHY-3002 : Step(23): len = 3314.6, overlap = 0
PHY-3002 : Step(24): len = 3193.2, overlap = 0
PHY-3002 : Step(25): len = 3160.1, overlap = 0
PHY-3002 : Step(26): len = 3140.8, overlap = 0
PHY-3002 : Step(27): len = 3189.8, overlap = 0
PHY-3002 : Step(28): len = 2949.2, overlap = 0
PHY-3002 : Step(29): len = 3004.3, overlap = 0
PHY-3002 : Step(30): len = 3046.1, overlap = 0
PHY-3001 : Legalization ...
PHY-3001 : End legalization;  0.009814s wall, 0.015625s user + 0.000000s system = 0.015625s CPU (159.2%)

PHY-3001 : Run with size of 4
PHY-3001 : Cell area utilization is 0%
PHY-3001 : Update timing in Manhattan mode ...
TMR-2503 : Start to update net delay, extr mode = 3.
TMR-2504 : Update delay of 184 nets completely.
TMR-2502 : Annotate delay completely, extr mode = 3.
TMR-3501 : Forward propagation: start to calculate arrival time...
TMR-3502 : Backward propagation: start to calculate required time...
TMR-3503 : Timing propagation completes.
PHY-3001 : End timing update;  0.004242s wall, 0.000000s user + 0.000000s system = 0.000000s CPU (n/a%)

PHY-3001 : :::0::: Try harder cell spreading with beta_ = 0
PHY-3002 : Step(31): len = 2801.1, overlap = 0
PHY-3002 : Step(32): len = 2820.5, overlap = 0
PHY-3002 : Step(33): len = 2835.6, overlap = 0
PHY-3002 : Step(34): len = 2853.6, overlap = 0
PHY-3002 : Step(35): len = 2870.8, overlap = 0
PHY-3002 : Step(36): len = 2794.7, overlap = 0
PHY-3002 : Step(37): len = 2735.8, overlap = 0
PHY-3002 : Step(38): len = 2755.5, overlap = 0
PHY-3002 : Step(39): len = 2736.6, overlap = 0
PHY-3002 : Step(40): len = 2691.2, overlap = 0
PHY-3002 : Step(41): len = 2689.2, overlap = 0
PHY-3002 : Step(42): len = 2625, overlap = 0
PHY-3002 : Step(43): len = 2679.5, overlap = 0
PHY-3002 : Step(44): len = 2684.7, overlap = 0
PHY-3002 : Step(45): len = 2483.6, overlap = 0
PHY-3002 : Step(46): len = 2458.1, overlap = 0
PHY-3002 : Step(47): len = 2350.7, overlap = 0
PHY-3002 : Step(48): len = 2228.6, overlap = 0
PHY-3002 : Step(49): len = 2255, overlap = 0
PHY-3002 : Step(50): len = 2184, overlap = 0
PHY-3002 : Step(51): len = 2177, overlap = 0
PHY-3002 : Step(52): len = 2004.6, overlap = 0
PHY-3002 : Step(53): len = 1987.2, overlap = 0
PHY-3002 : Step(54): len = 1830, overlap = 0
PHY-3002 : Step(55): len = 1877.7, overlap = 0
PHY-3002 : Step(56): len = 1881.6, overlap = 0
PHY-3002 : Step(57): len = 1754.6, overlap = 0
PHY-3002 : Step(58): len = 1759.2, overlap = 0
PHY-3002 : Step(59): len = 1626.2, overlap = 0
PHY-3002 : Step(60): len = 1482.7, overlap = 0
PHY-3002 : Step(61): len = 1425.4, overlap = 0
PHY-3002 : Step(62): len = 1349.7, overlap = 0
PHY-3002 : Step(63): len = 1297.3, overlap = 0
PHY-3002 : Step(64): len = 1269.1, overlap = 0
PHY-3002 : Step(65): len = 1269, overlap = 0
PHY-3002 : Step(66): len = 1256.6, overlap = 0
PHY-3002 : Step(67): len = 1164.5, overlap = 0
PHY-3002 : Step(68): len = 1166.4, overlap = 0
PHY-3002 : Step(69): len = 1130.7, overlap = 0
PHY-3002 : Step(70): len = 1087.5, overlap = 0
PHY-3002 : Step(71): len = 1069.5, overlap = 0
PHY-3002 : Step(72): len = 1077.7, overlap = 0
PHY-3002 : Step(73): len = 1043.5, overlap = 0
PHY-3002 : Step(74): len = 1032.7, overlap = 0
PHY-3002 : Step(75): len = 976.8, overlap = 0
PHY-3002 : Step(76): len = 982.9, overlap = 0
PHY-3002 : Step(77): len = 995.9, overlap = 0
PHY-3001 : Run with size of 2
PHY-3001 : Cell area utilization is 0%
PHY-3001 : Update timing in Manhattan mode ...
TMR-2503 : Start to update net delay, extr mode = 3.
TMR-2504 : Update delay of 184 nets completely.
TMR-2502 : Annotate delay completely, extr mode = 3.
TMR-3501 : Forward propagation: start to calculate arrival time...
TMR-3502 : Backward propagation: start to calculate required time...
TMR-3503 : Timing propagation completes.
PHY-3001 : End timing update;  0.003534s wall, 0.000000s user + 0.000000s system = 0.000000s CPU (n/a%)

PHY-3001 : :::0::: Try harder cell spreading with beta_ = 1.33447
PHY-3002 : Step(78): len = 982.9, overlap = 0.125
PHY-3002 : Step(79): len = 929.1, overlap = 0.1875
OPT-1001 : Start physical optimization ...
RUN-1002 : start command "start_timer -report"
TMR-2505 : Start building timing graph for model seg4.
TMR-2506 : Build timing graph completely. Port num: 3, tpin num: 628, tnet num: 184, tinst num: 143, tnode num: 763, tedge num: 1007.
TMR-2508 : Levelizing timing graph completed, there are 21 levels in total.
TMR-2501 : Timing graph initialized successfully.
OPT-1001 : Total overflow 3.47 peak overflow 2.34
OPT-1001 : Start high-fanout net optimization ...
OPT-1001 : Update timing in global mode
PHY-1001 : Start incremental global routing, caller is place ...
RUN-1001 : Generating global routing grids ...
RUN-1001 : Building simple global routing graph ...
PHY-1001 : Generate routing nets ...
PHY-1001 : Reuse net number 0/186.
PHY-1001 : Global iterations in 4 thread ...
PHY-1002 : len = 856, over cnt = 4(0%), over = 8, worst = 3
PHY-1001 : End global iterations;  0.007144s wall, 0.015625s user + 0.000000s system = 0.015625s CPU (218.7%)

PHY-1001 : Congestion index: top1 = 4.18, top5 = 0.83, top10 = 0.41, top15 = 0.28.
PHY-1001 : End incremental global routing;  0.103097s wall, 0.093750s user + 0.000000s system = 0.093750s CPU (90.9%)

TMR-2503 : Start to update net delay, extr mode = 5.
TMR-2504 : Update delay of 184 nets completely.
TMR-2502 : Annotate delay completely, extr mode = 5.
TMR-3001 : Initiate 0 clocks from SDC.
TMR-3004 : Map sdc constraints, there are 0 constraints in total.
TMR-3003 : Constraints initiated successfully.
TMR-3501 : Forward propagation: start to calculate arrival time...
TMR-3502 : Backward propagation: start to calculate required time...
TMR-3503 : Timing propagation completes.
OPT-1001 : End timing update;  0.002989s wall, 0.000000s user + 0.000000s system = 0.000000s CPU (n/a%)

OPT-1001 : 0 high-fanout net processed.
OPT-1001 : End high-fanout net optimization;  0.107886s wall, 0.093750s user + 0.000000s system = 0.093750s CPU (86.9%)

OPT-1001 : Current memory(MB): used = 124, reserve = 95, peak = 124.
OPT-1001 : Start global optimization ...
OPT-1001 : Start congestion update ...
RUN-1001 : Generating global routing grids ...
PHY-1001 : Generate routing nets ...
PHY-1001 : Reuse net number 63/186.
PHY-1001 : Global iterations in 4 thread ...
PHY-1002 : len = 856, over cnt = 4(0%), over = 8, worst = 3
PHY-1002 : len = 888, over cnt = 2(0%), over = 2, worst = 1
PHY-1002 : len = 920, over cnt = 0(0%), over = 0, worst = 0
PHY-1001 : End global iterations;  0.009880s wall, 0.015625s user + 0.000000s system = 0.015625s CPU (158.2%)

PHY-1001 : Congestion index: top1 = 4.36, top5 = 0.86, top10 = 0.43, top15 = 0.29.
OPT-1001 : End congestion update;  0.062952s wall, 0.062500s user + 0.000000s system = 0.062500s CPU (99.3%)

OPT-1001 : Update timing in Manhattan mode
TMR-2503 : Start to update net delay, extr mode = 3.
TMR-2504 : Update delay of 184 nets completely.
TMR-2502 : Annotate delay completely, extr mode = 3.
TMR-3501 : Forward propagation: start to calculate arrival time...
TMR-3502 : Backward propagation: start to calculate required time...
TMR-3503 : Timing propagation completes.
OPT-1001 : End timing update;  0.002250s wall, 0.000000s user + 0.000000s system = 0.000000s CPU (n/a%)

OPT-0007 : Start: WNS 2147483647 TNS 0 NUM_FEPS 0
OPT-1001 : End global optimization;  0.065280s wall, 0.062500s user + 0.000000s system = 0.062500s CPU (95.7%)

OPT-1001 : Current memory(MB): used = 124, reserve = 96, peak = 124.
OPT-1001 : End physical optimization;  0.380013s wall, 0.328125s user + 0.000000s system = 0.328125s CPU (86.3%)

PHY-3001 : Start packing ...
SYN-4007 : Packing 0 MUX to BLE ...
SYN-4008 : Packed 0 MUX and 0 SEQ to BLE.
SYN-4007 : Packing 63 LUT to BLE ...
SYN-4008 : Packed 63 LUT and 24 SEQ to BLE.
SYN-4003 : Packing 25 remaining SEQ's ...
SYN-4005 : Packed 24 SEQ with LUT/SLICE
SYN-4006 : 17 single LUT's are left
SYN-4006 : 1 single SEQ's are left
SYN-4011 : Packing model "seg4" (AL_USER_NORMAL) with 64/97 primitive instances ...
PHY-3001 : End packing;  0.007387s wall, 0.015625s user + 0.000000s system = 0.015625s CPU (211.5%)

PHY-1001 : Populate physical database on model seg4.
RUN-1001 : There are total 68 instances
RUN-1001 : 26 mslices, 26 lslices, 13 pads, 0 brams, 0 dsps
RUN-1001 : There are total 162 nets
RUN-1001 : 101 nets have 2 pins
RUN-1001 : 37 nets have [3 - 5] pins
RUN-1001 : 21 nets have [6 - 10] pins
RUN-1001 : 1 nets have [11 - 20] pins
RUN-1001 : 2 nets have [21 - 99] pins
PHY-3001 : design contains 66 instances, 52 slices, 2 macros(17 instances: 10 mslices 7 lslices)
PHY-3001 : Cell area utilization is 0%
PHY-3001 : After packing: Len = 1121.2, Over = 1
PHY-3001 : Run with size of 2
PHY-3001 : Cell area utilization is 0%
PHY-3001 : Update timing in Manhattan mode ...
RUN-1002 : start command "start_timer -report"
TMR-2505 : Start building timing graph for model seg4.
TMR-2506 : Build timing graph completely. Port num: 3, tpin num: 569, tnet num: 160, tinst num: 66, tnode num: 681, tedge num: 956.
TMR-2508 : Levelizing timing graph completed, there are 21 levels in total.
TMR-2501 : Timing graph initialized successfully.
TMR-2503 : Start to update net delay, extr mode = 3.
TMR-2504 : Update delay of 160 nets completely.
TMR-2502 : Annotate delay completely, extr mode = 3.
TMR-3001 : Initiate 0 clocks from SDC.
TMR-3004 : Map sdc constraints, there are 0 constraints in total.
TMR-3003 : Constraints initiated successfully.
TMR-3501 : Forward propagation: start to calculate arrival time...
TMR-3502 : Backward propagation: start to calculate required time...
TMR-3503 : Timing propagation completes.
PHY-3001 : End timing update;  0.120226s wall, 0.109375s user + 0.000000s system = 0.109375s CPU (91.0%)

PHY-3001 : :::0::: Try harder cell spreading with beta_ = 0
PHY-3002 : Step(80): len = 1056, overlap = 0.5
PHY-3002 : Step(81): len = 1056, overlap = 0.5
PHY-3002 : Step(82): len = 1032.7, overlap = 0.5
PHY-3002 : Step(83): len = 1032.7, overlap = 0.5
PHY-3002 : Step(84): len = 1025.6, overlap = 0.5
PHY-3002 : Step(85): len = 1025.6, overlap = 0.5
PHY-3002 : Step(86): len = 1014.7, overlap = 0.25
PHY-3002 : Step(87): len = 1014.7, overlap = 0.25
PHY-3002 : Step(88): len = 1012.3, overlap = 0.25
PHY-3001 : Legalization ...
PHY-3001 : End legalization;  0.016307s wall, 0.015625s user + 0.000000s system = 0.015625s CPU (95.8%)

PHY-3001 : Trial Legalized: Len = 2376.2
PHY-3001 : Run with size of 2
PHY-3001 : Cell area utilization is 0%
PHY-3001 : Update timing in Manhattan mode ...
TMR-2503 : Start to update net delay, extr mode = 3.
TMR-2504 : Update delay of 160 nets completely.
TMR-2502 : Annotate delay completely, extr mode = 3.
TMR-3501 : Forward propagation: start to calculate arrival time...
TMR-3502 : Backward propagation: start to calculate required time...
TMR-3503 : Timing propagation completes.
PHY-3001 : End timing update;  0.002229s wall, 0.000000s user + 0.000000s system = 0.000000s CPU (n/a%)

PHY-3001 : :::0::: Try harder cell spreading with beta_ = 0
PHY-3002 : Step(89): len = 1579.4, overlap = 0
PHY-3002 : Step(90): len = 1338.4, overlap = 1.25
PHY-3002 : Step(91): len = 1197, overlap = 1.25
PHY-3002 : Step(92): len = 1198.5, overlap = 0.75
PHY-3002 : Step(93): len = 1190.7, overlap = 0.75
PHY-3001 : Legalization ...
PHY-3001 : End legalization;  0.007215s wall, 0.000000s user + 0.000000s system = 0.000000s CPU (n/a%)

PHY-3001 : Legalized: Len = 1890.2, Over = 0
PHY-3001 : End spreading;  0.003009s wall, 0.000000s user + 0.000000s system = 0.000000s CPU (n/a%)

PHY-3001 : Final: Len = 1890.2, Over = 0
OPT-1001 : Start physical optimization ...
RUN-1002 : start command "start_timer -report"
TMR-2505 : Start building timing graph for model seg4.
TMR-2506 : Build timing graph completely. Port num: 3, tpin num: 569, tnet num: 160, tinst num: 66, tnode num: 681, tedge num: 956.
TMR-2508 : Levelizing timing graph completed, there are 21 levels in total.
TMR-2501 : Timing graph initialized successfully.
OPT-1001 : Total overflow 0.00 peak overflow 0.00
OPT-1001 : Start high-fanout net optimization ...
OPT-1001 : Update timing in global mode
PHY-1001 : Start incremental global routing, caller is place ...
RUN-1001 : Generating global routing grids ...
PHY-1001 : Generate routing nets ...
PHY-1001 : Reuse net number 11/162.
PHY-1001 : Global iterations in 4 thread ...
PHY-1002 : len = 1904, over cnt = 11(0%), over = 18, worst = 3
PHY-1002 : len = 2072, over cnt = 3(0%), over = 3, worst = 1
PHY-1002 : len = 2120, over cnt = 0(0%), over = 0, worst = 0
PHY-1001 : End global iterations;  0.024300s wall, 0.015625s user + 0.000000s system = 0.015625s CPU (64.3%)

PHY-1001 : Congestion index: top1 = 8.80, top5 = 1.88, top10 = 0.93, top15 = 0.63.
PHY-1001 : End incremental global routing;  0.080839s wall, 0.078125s user + 0.000000s system = 0.078125s CPU (96.6%)

TMR-2503 : Start to update net delay, extr mode = 5.
TMR-2504 : Update delay of 160 nets completely.
TMR-2502 : Annotate delay completely, extr mode = 5.
TMR-3001 : Initiate 0 clocks from SDC.
TMR-3004 : Map sdc constraints, there are 0 constraints in total.
TMR-3003 : Constraints initiated successfully.
TMR-3501 : Forward propagation: start to calculate arrival time...
TMR-3502 : Backward propagation: start to calculate required time...
TMR-3503 : Timing propagation completes.
OPT-1001 : End timing update;  0.003164s wall, 0.015625s user + 0.000000s system = 0.015625s CPU (493.8%)

OPT-1001 : 0 high-fanout net processed.
OPT-1001 : End high-fanout net optimization;  0.086070s wall, 0.093750s user + 0.000000s system = 0.093750s CPU (108.9%)

OPT-1001 : Current memory(MB): used = 125, reserve = 96, peak = 126.
OPT-1001 : Start path based optimization ...
OPT-1001 : Start congestion update ...
RUN-1001 : Generating global routing grids ...
PHY-1001 : Generate routing nets ...
PHY-1001 : Reuse net number 104/162.
PHY-1001 : Global iterations in 4 thread ...
PHY-1002 : len = 2120, over cnt = 0(0%), over = 0, worst = 0
PHY-1001 : End global iterations;  0.001572s wall, 0.000000s user + 0.000000s system = 0.000000s CPU (n/a%)

PHY-1001 : Congestion index: top1 = 8.80, top5 = 1.88, top10 = 0.93, top15 = 0.63.
OPT-1001 : End congestion update;  0.055733s wall, 0.046875s user + 0.000000s system = 0.046875s CPU (84.1%)

OPT-1001 : Update timing in Manhattan mode
TMR-2503 : Start to update net delay, extr mode = 3.
TMR-2504 : Update delay of 160 nets completely.
TMR-2502 : Annotate delay completely, extr mode = 3.
TMR-3501 : Forward propagation: start to calculate arrival time...
TMR-3502 : Backward propagation: start to calculate required time...
TMR-3503 : Timing propagation completes.
OPT-1001 : End timing update;  0.002201s wall, 0.000000s user + 0.000000s system = 0.000000s CPU (n/a%)

OPT-0007 : Start: WNS 2147483647 TNS 0 NUM_FEPS 0
OPT-1001 : End path based optimization;  0.058030s wall, 0.046875s user + 0.000000s system = 0.046875s CPU (80.8%)

OPT-1001 : Current memory(MB): used = 124, reserve = 96, peak = 126.
OPT-1001 : Update timing in Manhattan mode
TMR-2503 : Start to update net delay, extr mode = 3.
TMR-2504 : Update delay of 160 nets completely.
TMR-2502 : Annotate delay completely, extr mode = 3.
TMR-3501 : Forward propagation: start to calculate arrival time...
TMR-3502 : Backward propagation: start to calculate required time...
TMR-3503 : Timing propagation completes.
OPT-1001 : End timing update;  0.001870s wall, 0.015625s user + 0.000000s system = 0.015625s CPU (835.7%)

OPT-1001 : Start pin optimization...
OPT-1001 : skip pin optimization...
OPT-1001 : Update timing in global mode
PHY-1001 : Start incremental global routing, caller is place ...
RUN-1001 : Generating global routing grids ...
PHY-1001 : Generate routing nets ...
PHY-1001 : Reuse net number 104/162.
PHY-1001 : Global iterations in 4 thread ...
PHY-1002 : len = 2120, over cnt = 0(0%), over = 0, worst = 0
PHY-1001 : End global iterations;  0.001450s wall, 0.000000s user + 0.000000s system = 0.000000s CPU (n/a%)

PHY-1001 : Congestion index: top1 = 8.80, top5 = 1.88, top10 = 0.93, top15 = 0.63.
PHY-1001 : End incremental global routing;  0.055376s wall, 0.031250s user + 0.015625s system = 0.046875s CPU (84.6%)

TMR-2503 : Start to update net delay, extr mode = 5.
TMR-2504 : Update delay of 160 nets completely.
TMR-2502 : Annotate delay completely, extr mode = 5.
TMR-3501 : Forward propagation: start to calculate arrival time...
TMR-3502 : Backward propagation: start to calculate required time...
TMR-3503 : Timing propagation completes.
OPT-1001 : End timing update;  0.002704s wall, 0.000000s user + 0.000000s system = 0.000000s CPU (n/a%)

RUN-1001 : Generating global routing grids ...
PHY-1001 : Generate routing nets ...
PHY-1001 : Reuse net number 104/162.
PHY-1001 : Global iterations in 4 thread ...
PHY-1002 : len = 2120, over cnt = 0(0%), over = 0, worst = 0
PHY-1001 : End global iterations;  0.002497s wall, 0.000000s user + 0.000000s system = 0.000000s CPU (n/a%)

PHY-1001 : Congestion index: top1 = 8.80, top5 = 1.88, top10 = 0.93, top15 = 0.63.
OPT-1001 : Update timing in Manhattan mode
TMR-2503 : Start to update net delay, extr mode = 3.
TMR-2504 : Update delay of 160 nets completely.
TMR-2502 : Annotate delay completely, extr mode = 3.
TMR-3501 : Forward propagation: start to calculate arrival time...
TMR-3502 : Backward propagation: start to calculate required time...
TMR-3503 : Timing propagation completes.
OPT-1001 : End timing update;  0.002952s wall, 0.015625s user + 0.000000s system = 0.015625s CPU (529.3%)

RUN-1001 : QoR Analysis:
OPT-0007 :   WNS 2147483647 TNS 0 NUM_FEPS 0
RUN-1001 :   No local congestion issue, and most congested 1% tile average routing util is 8.344828
RUN-1001 :   Top critical paths
OPT-1001 : End physical optimization;  0.386770s wall, 0.359375s user + 0.015625s system = 0.375000s CPU (97.0%)

RUN-1003 : finish command "place" in  2.076539s wall, 2.187500s user + 0.734375s system = 2.921875s CPU (140.7%)

RUN-1004 : used memory is 122 MB, reserved memory is 94 MB, peak memory is 126 MB
RUN-1002 : start command "export_db seg_4_place.db"
RUN-1001 : Exported /
RUN-1001 : Exported flow parameters
RUN-1001 : Exported libs
RUN-1001 : Exported entities
RUN-1001 : Exported ports
RUN-1001 : Exported pins
RUN-1001 : Exported instances
RUN-1001 : Exported nets
RUN-1001 : Exported buses
RUN-1001 : Exported models
RUN-1001 : Exported congestions
RUN-1001 : Exported violations
RUN-1001 : Exported timing constraints
RUN-1001 : Exported IO constraints
RUN-1001 : Exported Inst constraints
RUN-1002 : start command "route"
RUN-1001 : Open license file D:/Y_22S720/TD/license/Anlogic.lic
RUN-1001 : Print Global Property
RUN-1001 : ---------------------------------------------------------------
RUN-1001 :        Parameters        |  Settings  |  Default Values  |  Note  
RUN-1001 : ---------------------------------------------------------------
RUN-1001 :          message         |  standard  |     standard     |        
RUN-1001 :   mixed_pack_place_flow  |     on     |        on        |        
RUN-1001 :        syn_ip_flow       |    off     |       off        |        
RUN-1001 :          thread          |    auto    |       auto       |        
RUN-1001 : ---------------------------------------------------------------
RUN-1001 : Print Route Property
RUN-1001 : -------------------------------------------------------
RUN-1001 :    Parameters    |  Settings  |  Default Values  |  Note  
RUN-1001 : -------------------------------------------------------
RUN-1001 :      effort      |   medium   |      medium      |        
RUN-1001 :     fix_hold     |    off     |       off        |        
RUN-1001 :    opt_timing    |   medium   |      medium      |        
RUN-1001 :   phy_sim_model  |    off     |       off        |        
RUN-1001 :     priority     |   timing   |      timing      |        
RUN-1001 :     swap_pin     |     on     |        on        |        
RUN-1001 : -------------------------------------------------------
PHY-1001 : Route runs in 4 thread(s)
RUN-1001 : There are total 68 instances
RUN-1001 : 26 mslices, 26 lslices, 13 pads, 0 brams, 0 dsps
RUN-1001 : There are total 162 nets
RUN-1001 : 101 nets have 2 pins
RUN-1001 : 37 nets have [3 - 5] pins
RUN-1001 : 21 nets have [6 - 10] pins
RUN-1001 : 1 nets have [11 - 20] pins
RUN-1001 : 2 nets have [21 - 99] pins
RUN-1002 : start command "start_timer -report"
TMR-2505 : Start building timing graph for model seg4.
TMR-2506 : Build timing graph completely. Port num: 3, tpin num: 569, tnet num: 160, tinst num: 66, tnode num: 681, tedge num: 956.
TMR-2508 : Levelizing timing graph completed, there are 21 levels in total.
TMR-2501 : Timing graph initialized successfully.
PHY-1001 : 26 mslices, 26 lslices, 13 pads, 0 brams, 0 dsps
TMR-2503 : Start to update net delay, extr mode = 3.
TMR-2504 : Update delay of 160 nets completely.
TMR-2502 : Annotate delay completely, extr mode = 3.
TMR-3001 : Initiate 0 clocks from SDC.
TMR-3004 : Map sdc constraints, there are 0 constraints in total.
TMR-3003 : Constraints initiated successfully.
TMR-3501 : Forward propagation: start to calculate arrival time...
TMR-3502 : Backward propagation: start to calculate required time...
TMR-3503 : Timing propagation completes.
PHY-1001 : Start global routing, caller is route ...
RUN-1001 : Generating global routing grids ...
PHY-1001 : Generate routing nets ...
PHY-1001 : Global iterations in 4 thread ...
PHY-1002 : len = 1912, over cnt = 12(0%), over = 19, worst = 3
PHY-1002 : len = 2080, over cnt = 4(0%), over = 4, worst = 1
PHY-1002 : len = 2128, over cnt = 0(0%), over = 0, worst = 0
PHY-1001 : End global iterations;  0.023431s wall, 0.015625s user + 0.000000s system = 0.015625s CPU (66.7%)

PHY-1001 : Congestion index: top1 = 8.84, top5 = 1.87, top10 = 0.93, top15 = 0.62.
PHY-1001 : End global routing;  0.076806s wall, 0.078125s user + 0.000000s system = 0.078125s CPU (101.7%)

PHY-1001 : Start detail routing ...
PHY-1001 : Current memory(MB): used = 136, reserve = 108, peak = 136.
PHY-1001 : Detailed router is running in normal mode.
PHY-1001 : Generate detailed routing grids ...
PHY-1001 : Generate nets ...
PHY-1001 : net clk_24m_dup_1 will be routed on clock mesh
PHY-1001 : Current memory(MB): used = 400, reserve = 375, peak = 400.
PHY-1001 : End build detailed router design. 5.650899s wall, 5.453125s user + 0.093750s system = 5.546875s CPU (98.2%)

PHY-1001 : Detail Route ...
PHY-1001 : ===== Detail Route Phase 1 =====
PHY-1001 : Clock net routing.....
PHY-1001 : Routed 0% nets.
PHY-1022 : len = 2416, over cnt = 0(0%), over = 0, worst = 0, crit = 0
PHY-1001 : End initial clock net routed; 0.005308s wall, 0.015625s user + 0.000000s system = 0.015625s CPU (294.4%)

PHY-1001 : Current memory(MB): used = 400, reserve = 376, peak = 400.
PHY-1001 : End phase 1; 0.012531s wall, 0.015625s user + 0.000000s system = 0.015625s CPU (124.7%)

PHY-1001 : ===== Detail Route Phase 2 =====
PHY-1001 : Initial routing.....
PHY-1001 : Routed 30% nets.
PHY-1001 : Patch 83 net; 0.019159s wall, 0.015625s user + 0.000000s system = 0.015625s CPU (81.6%)

PHY-1022 : len = 6720, over cnt = 6(0%), over = 6, worst = 1, crit = 0
PHY-1001 : Current memory(MB): used = 401, reserve = 376, peak = 401.
PHY-1001 : End initial routed; 0.034341s wall, 0.046875s user + 0.000000s system = 0.046875s CPU (136.5%)

PHY-1001 : Update timing.....
PHY-1001 : 0/132(0%) critical/total net(s).
RUN-1001 : ------------------------------------------
RUN-1001 :   Type   |    WNS(ns)    |  TNS(ns)  |  FEP  
RUN-1001 : ------------------------------------------
RUN-1001 :   Setup  |  2147483.647  |   0.000   |   0   
RUN-1001 :   Hold   |  2147483.647  |   0.000   |   0   
RUN-1001 : ------------------------------------------
PHY-1001 : End update timing; 0.119780s wall, 0.109375s user + 0.000000s system = 0.109375s CPU (91.3%)

PHY-1001 : Current memory(MB): used = 401, reserve = 377, peak = 401.
PHY-1001 : End phase 2; 0.154209s wall, 0.156250s user + 0.000000s system = 0.156250s CPU (101.3%)

PHY-1001 : ===== Detail Route Phase 3 =====
PHY-1001 : Optimize timing.....
PHY-1022 : len = 6720, over cnt = 6(0%), over = 6, worst = 1, crit = 0
PHY-1001 : End optimize timing; 0.004146s wall, 0.000000s user + 0.000000s system = 0.000000s CPU (n/a%)

PHY-1001 : Ripup-reroute.....
PHY-1001 : ===== DR Iter 1 =====
PHY-1022 : len = 6760, over cnt = 1(0%), over = 1, worst = 1, crit = 0
PHY-1001 : End DR Iter 1; 0.013987s wall, 0.000000s user + 0.000000s system = 0.000000s CPU (n/a%)

PHY-1001 : ===== DR Iter 2 =====
PHY-1022 : len = 6776, over cnt = 0(0%), over = 0, worst = 0, crit = 0
PHY-1001 : End DR Iter 2; 0.011915s wall, 0.015625s user + 0.000000s system = 0.015625s CPU (131.1%)

PHY-1001 : Update timing.....
PHY-1001 : 0/132(0%) critical/total net(s).
RUN-1001 : ------------------------------------------
RUN-1001 :   Type   |    WNS(ns)    |  TNS(ns)  |  FEP  
RUN-1001 : ------------------------------------------
RUN-1001 :   Setup  |  2147483.647  |   0.000   |   0   
RUN-1001 :   Hold   |  2147483.647  |   0.000   |   0   
RUN-1001 : ------------------------------------------
PHY-1001 : End update timing; 0.134154s wall, 0.125000s user + 0.000000s system = 0.125000s CPU (93.2%)

PHY-1001 : Commit to database.....
PHY-1001 : 0 feed throughs used by 0 nets
PHY-1001 : End commit to database; 0.029352s wall, 0.031250s user + 0.000000s system = 0.031250s CPU (106.5%)

PHY-1001 : Current memory(MB): used = 410, reserve = 386, peak = 410.
PHY-1001 : End phase 3; 0.343661s wall, 0.343750s user + 0.000000s system = 0.343750s CPU (100.0%)

PHY-1003 : Routed, final wirelength = 6776
PHY-1001 : Current memory(MB): used = 410, reserve = 386, peak = 410.
PHY-1001 : End export database. 0.005880s wall, 0.015625s user + 0.000000s system = 0.015625s CPU (265.7%)

PHY-1001 : End detail routing;  6.412118s wall, 6.234375s user + 0.093750s system = 6.328125s CPU (98.7%)

RUN-1003 : finish command "route" in  6.694368s wall, 6.500000s user + 0.093750s system = 6.593750s CPU (98.5%)

RUN-1004 : used memory is 410 MB, reserved memory is 386 MB, peak memory is 410 MB
RUN-1002 : start command "report_area -io_info -file seg_4_phy.area"
RUN-1001 : standard
***Report Model: seg4 Device: EG4S20BG256***

IO Statistics
#IO                        13
  #input                    1
  #output                  12
  #inout                    0

Utilization Statistics
#lut                      100   out of  19600    0.51%
#reg                       67   out of  19600    0.34%
#le                       101
  #lut only                34   out of    101   33.66%
  #reg only                 1   out of    101    0.99%
  #lut&reg                 66   out of    101   65.35%
#dsp                        0   out of     29    0.00%
#bram                       0   out of     64    0.00%
  #bram9k                   0
  #fifo9k                   0
#bram32k                    0   out of     16    0.00%
#pad                       13   out of    188    6.91%
  #ireg                     0
  #oreg                     0
  #treg                     0
#pll                        0   out of      4    0.00%
#gclk                       1   out of     16    6.25%

Clock Resource Statistics
Index     ClockNet         Type               DriverType         Driver              Fanout
#1        clk_24m_dup_1    GCLK               io                 clk_24m_syn_2.di    40


Detailed IO Report

    Name       Direction    Location    IOStandard    DriveStrength    PullType    PackReg  
   clk_24m       INPUT        K14        LVCMOS33          N/A          PULLUP      NONE    
  sm_bit[3]     OUTPUT         F3        LVCMOS33           8            NONE       NONE    
  sm_bit[2]     OUTPUT         C2        LVCMOS33           8            NONE       NONE    
  sm_bit[1]     OUTPUT         C3        LVCMOS33           8            NONE       NONE    
  sm_bit[0]     OUTPUT         B1        LVCMOS33           8            NONE       NONE    
  sm_seg[7]     OUTPUT         A2        LVCMOS33           8            NONE       NONE    
  sm_seg[6]     OUTPUT         B2        LVCMOS33           8            NONE       NONE    
  sm_seg[5]     OUTPUT         D3        LVCMOS33           8            NONE       NONE    
  sm_seg[4]     OUTPUT         F5        LVCMOS33           8            NONE       NONE    
  sm_seg[3]     OUTPUT         E4        LVCMOS33           8            NONE       NONE    
  sm_seg[2]     OUTPUT         F4        LVCMOS33           8            NONE       NONE    
  sm_seg[1]     OUTPUT         B3        LVCMOS33           8            NONE       NONE    
  sm_seg[0]     OUTPUT         E3        LVCMOS33           8            NONE       NONE    

Report Hierarchy Area:
+----------------------------------------------------------------------+
|Instance |Module |le     |lut     |ripple  |seq     |bram    |dsp     |
+----------------------------------------------------------------------+
|top      |seg4   |101    |83      |17      |67      |0       |0       |
+----------------------------------------------------------------------+


DataNet Average Fanout:

   Index     Fanout    Nets  
    #1         1        88   
    #2         2        5    
    #3         3        13   
    #4         4        18   
    #5        5-10      21   
    #6       11-50      1    
  Average     2.44           

RUN-1002 : start command "export_db seg_4_pr.db"
RUN-1001 : Exported /
RUN-1001 : Exported flow parameters
RUN-1001 : Exported libs
RUN-1001 : Exported entities
RUN-1001 : Exported ports
RUN-1001 : Exported pins
RUN-1001 : Exported instances
RUN-1001 : Exported nets
RUN-1001 : Exported buses
RUN-1001 : Exported models
RUN-1001 : Exported congestions
RUN-1001 : Exported violations
RUN-1001 : Exported timing constraints
RUN-1001 : Exported IO constraints
RUN-1001 : Exported Inst constraints
RUN-1002 : start command "export_bid seg_4_inst.bid"
RUN-1002 : start command "bitgen -bit seg_4.bit"
BIT-1003 : Start to generate bitstream. 
BIT-1002 : Init instances with 4 threads.
BIT-1002 : Init instances completely, inst num: 66
BIT-1002 : Init pips with 4 threads.
BIT-1002 : Init pips completely, net num: 162, pip num: 962
BIT-1003 : Multithreading accelaration with 4 threads.
BIT-1003 : Generate bitstream completely, there are 89 valid insts, and 3127 bits set as '1'.
BIT-1004 : PLL setting string = 0000
BIT-1004 : Generate bits file seg_4.bit.
RUN-1002 : start command "backup_run_log run.log ../.logs/phy_1/td_20221008_144314.log"
