============================================================
   Tang Dynasty, V5.6.59063
   Copyright (c) 2012-2022 Anlogic
   Executable = C:/Anlogic/TD5.6.59063/bin/td.exe
   Built at =   12:45:13 Sep  6 2022
   Run by =     zhang
   Run Date =   Sat Oct  8 17:14:33 2022

   Run on =     DESKTOP-0KK6GHJ
============================================================
RUN-1002 : start command "open_project seg_4.prj"
RUN-1001 : Print Global Property
RUN-1001 : ---------------------------------------------------------------
RUN-1001 :        Parameters        |  Settings  |  Default Values  |  Note  
RUN-1001 : ---------------------------------------------------------------
RUN-1001 :          message         |  standard  |     standard     |        
RUN-1001 :   mixed_pack_place_flow  |     on     |        on        |        
RUN-1001 :        qor_monitor       |    off     |       off        |        
RUN-1001 :        syn_ip_flow       |    off     |       off        |        
RUN-1001 :          thread          |    auto    |       auto       |        
RUN-1001 : ---------------------------------------------------------------
RUN-1001 : Print Design Property
RUN-1001 : --------------------------------------------------------------
RUN-1001 :        Parameters       |  Settings  |  Default Values  |  Note  
RUN-1001 : --------------------------------------------------------------
RUN-1001 :   default_reg_initial   |    auto    |       auto       |        
RUN-1001 :        infer_add        |     on     |        on        |        
RUN-1001 :        infer_fsm        |    off     |       off        |        
RUN-1001 :        infer_mult       |     on     |        on        |        
RUN-1001 :        infer_ram        |     on     |        on        |        
RUN-1001 :        infer_reg        |     on     |        on        |        
RUN-1001 :   infer_reg_init_value  |     on     |        on        |        
RUN-1001 :        infer_rom        |     on     |        on        |        
RUN-1001 :      infer_shifter      |     on     |        on        |        
RUN-1001 : --------------------------------------------------------------
RUN-1001 : Print Rtl Property
RUN-1001 : --------------------------------------------------------------
RUN-1001 :        Parameters       |  Settings  |  Default Values  |  Note  
RUN-1001 : --------------------------------------------------------------
RUN-1001 :       compress_add      |   ripple   |      ripple      |        
RUN-1001 :        elf_sload        |    off     |       off        |        
RUN-1001 :       fix_undriven      |     0      |        0         |        
RUN-1001 :         flatten         |    off     |       off        |        
RUN-1001 :       gate_sharing      |     on     |        on        |        
RUN-1001 :    hdl_warning_level    |   normal   |      normal      |        
RUN-1001 :   impl_internal_tribuf  |     on     |        on        |        
RUN-1001 :      impl_set_reset     |     on     |        on        |        
RUN-1001 :        infer_gsr        |    off     |       off        |        
RUN-1001 :      keep_hierarchy     |    auto    |       auto       |        
RUN-1001 :        max_fanout       |    9999    |       9999       |        
RUN-1001 :      max_oh2bin_len     |     10     |        10        |        
RUN-1001 :       merge_equal       |     on     |        on        |        
RUN-1001 :       merge_equiv       |     on     |        on        |        
RUN-1001 :        merge_mux        |    off     |       off        |        
RUN-1001 :     min_control_set     |     8      |        8         |        
RUN-1001 :      min_ripple_len     |    auto    |       auto       |        
RUN-1001 :       oh2bin_ratio      |    0.08    |       0.08       |        
RUN-1001 :     opt_adder_fanout    |     on     |        on        |        
RUN-1001 :        opt_arith        |     on     |        on        |        
RUN-1001 :       opt_big_gate      |    off     |       off        |        
RUN-1001 :        opt_const        |     on     |        on        |        
RUN-1001 :      opt_const_mult     |     on     |        on        |        
RUN-1001 :       opt_lessthan      |     on     |        on        |        
RUN-1001 :         opt_mux         |    off     |       off        |        
RUN-1001 :         opt_ram         |    high    |       high       |        
RUN-1001 :      rtl_sim_model      |    off     |       off        |        
RUN-1001 :         seq_syn         |     on     |        on        |        
RUN-1001 : --------------------------------------------------------------
HDL-1007 : analyze verilog file ../../sources/rtl/rst.v
HDL-1007 : analyze verilog file ../../sources/rtl/seg_4.v
RUN-1001 : Project manager successfully analyzed 2 source files.
RUN-1002 : start command "import_device eagle_s20.db -package EG4S20BG256"
ARC-1001 : Device Initialization.
ARC-1001 : ------------------------------------------------------------------
ARC-1001 :            OPTION            |          IO          |   SETTING   
ARC-1001 : ------------------------------------------------------------------
ARC-1001 :   cso_b/cclk/mosi/miso/dout  |  T3/R11/T10/P10/S11  |    gpio    
ARC-1001 :             done             |         P13          |    gpio    
ARC-1001 :           program_b          |          T2          |  dedicate  
ARC-1001 :        tdi/tms/tck/tdo       |   C12/A15/C14/E14    |  dedicate  
ARC-1001 : ------------------------------------------------------------------
ARC-1004 : Device setting, marked 5 dedicate IOs in total.
RUN-1002 : start command "import_db ../syn_1/seg_4_gate.db"
RUN-1001 : Importing database generated by Tang Dynasty, V5.6.59063.
RUN-1001 : Database version number 46140.
RUN-1001 : Import flow parameters
RUN-1001 : Import timing constraints
RUN-1001 : Import IO constraints
RUN-1001 : Import Inst constraints
RUN-1001 : Import design success TD_VERSION=5.6.59063 , DB_VERSION=46140
RUN-1002 : start command "read_sdc"
USR-1002 : read_sdc file_name -help -h -eco
USR-1009 : NO module with IP_SDC ...
RUN-1104 : Import SDC file  finished, there are 0 nets kept by constraints.
RUN-1002 : start command "place"
RUN-1001 : Open license file C:/Anlogic/TD5.6.59063/license/Anlogic.lic
RUN-1001 : Print Global Property
RUN-1001 : ---------------------------------------------------------------
RUN-1001 :        Parameters        |  Settings  |  Default Values  |  Note  
RUN-1001 : ---------------------------------------------------------------
RUN-1001 :          message         |  standard  |     standard     |        
RUN-1001 :   mixed_pack_place_flow  |     on     |        on        |        
RUN-1001 :        qor_monitor       |    off     |       off        |        
RUN-1001 :        syn_ip_flow       |    off     |       off        |        
RUN-1001 :          thread          |    auto    |       auto       |        
RUN-1001 : ---------------------------------------------------------------
RUN-1001 : Print Place Property
RUN-1001 : --------------------------------------------------------------
RUN-1001 :        Parameters       |  Settings  |  Default Values  |  Note  
RUN-1001 : --------------------------------------------------------------
RUN-1001 :      detailed_place     |     on     |        on        |        
RUN-1001 :          effort         |   medium   |      medium      |        
RUN-1001 :         fix_hold        |    off     |       off        |        
RUN-1001 :       legalization      |    ori     |       ori        |        
RUN-1001 :      new_spreading      |     on     |        on        |        
RUN-1001 :        opt_timing       |   medium   |      medium      |        
RUN-1001 :   post_clock_route_opt  |    off     |       off        |        
RUN-1001 :       pr_strategy       |     1      |        1         |        
RUN-1001 :        relaxation       |    1.00    |       1.00       |        
RUN-1001 :         retiming        |    off     |       off        |        
RUN-1001 : --------------------------------------------------------------
PHY-3001 : Placer runs in 8 thread(s).
RUN-1002 : start command "legalize_phy_inst"
SYN-1011 : Flatten model seg4
RUN-1002 : start command "phys_opt -simplify_lut"
SYN-4024 : Net "clk_24m_dup_1" drives clk pins.
SYN-4025 : Tag rtl::Net clk_24m_dup_1 as clock net
SYN-4026 : Tagged 1 rtl::Net as clock net
PHY-1001 : Populate physical database on model seg4.
RUN-1001 : There are total 149 instances
RUN-0007 : 66 luts, 50 seqs, 10 mslices, 7 lslices, 13 pads, 0 brams, 0 dsps
RUN-1001 : There are total 190 nets
RUN-1001 : 128 nets have 2 pins
RUN-1001 : 42 nets have [3 - 5] pins
RUN-1001 : 15 nets have [6 - 10] pins
RUN-1001 : 2 nets have [11 - 20] pins
RUN-1001 : 3 nets have [21 - 99] pins
RUN-1001 : Report Control nets information:
RUN-1001 : DFF Distribution
RUN-1001 : ----------------------------------
RUN-1001 :   CE   |  SSR  |  ASR  |  DFF Count  
RUN-1001 : ----------------------------------
RUN-1001 :   No   |  No   |  No   |      1      
RUN-1001 :   No   |  No   |  Yes  |     49      
RUN-1001 :   No   |  Yes  |  No   |      0      
RUN-1001 :   Yes  |  No   |  No   |      0      
RUN-1001 :   Yes  |  No   |  Yes  |      0      
RUN-1001 :   Yes  |  Yes  |  No   |      0      
RUN-1001 : ----------------------------------
RUN-0007 : Control Group Statistic
RUN-0007 : ---------------------------
RUN-0007 :   #CLK  |  #CE  |  #SSR/ASR  
RUN-0007 : ---------------------------
RUN-0007 :    1    |   1   |     2      
RUN-0007 : ---------------------------
RUN-0007 : Control Set = 2
PHY-3001 : Initial placement ...
PHY-3001 : design contains 147 instances, 66 luts, 50 seqs, 17 slices, 2 macros(17 instances: 10 mslices 7 lslices)
PHY-0007 : Cell area utilization is 0%
PHY-3001 : Start timing update ...
RUN-1002 : start command "start_timer -report"
TMR-2505 : Start building timing graph for model seg4.
TMR-2506 : Build timing graph completely. Port num: 3, tpin num: 666, tnet num: 188, tinst num: 147, tnode num: 852, tedge num: 1075.
TMR-2508 : Levelizing timing graph completed, there are 21 levels in total.
TMR-2501 : Timing graph initialized successfully.
TMR-2503 : Start to update net delay, extr mode = 2.
TMR-2504 : Update delay of 188 nets completely.
TMR-2502 : Annotate delay completely, extr mode = 2.
TMR-3001 : Initiate 0 clocks from SDC.
TMR-3004 : Map sdc constraints, there are 0 constraints in total.
TMR-3003 : Constraints initiated successfully.
TMR-3501 : Forward propagation: start to calculate arrival time...
TMR-3502 : Backward propagation: start to calculate required time...
TMR-3503 : Timing propagation completes.
PHY-3001 : End timing update;  0.084910s wall, 0.078125s user + 0.000000s system = 0.078125s CPU (92.0%)

PHY-3001 : Global placement ...
PHY-3001 : Initial: Len = 57883.8
PHY-3001 : Clustering ...
PHY-3001 : Level 0 #clusters 147.
PHY-3001 : End clustering;  0.000029s wall, 0.000000s user + 0.000000s system = 0.000000s CPU (n/a%)

PHY-3001 : Run with size of 4
PHY-3001 : Cell area utilization is 0%
PHY-3001 : :::0::: Try harder cell spreading with beta_ = 0
PHY-3002 : Step(1): len = 34963.7, overlap = 0
PHY-3002 : Step(2): len = 22172.5, overlap = 0
PHY-3002 : Step(3): len = 15888.7, overlap = 0
PHY-3002 : Step(4): len = 10998.6, overlap = 0
PHY-3002 : Step(5): len = 8609.3, overlap = 0
PHY-3002 : Step(6): len = 7316.4, overlap = 0
PHY-3002 : Step(7): len = 7027.5, overlap = 0
PHY-3002 : Step(8): len = 6846.6, overlap = 0
PHY-3002 : Step(9): len = 6562, overlap = 0
PHY-3002 : Step(10): len = 5949.8, overlap = 0
PHY-3002 : Step(11): len = 5250.8, overlap = 0
PHY-3002 : Step(12): len = 4766.5, overlap = 0
PHY-3002 : Step(13): len = 4226.4, overlap = 0
PHY-3002 : Step(14): len = 4173.6, overlap = 0
PHY-3002 : Step(15): len = 4270.1, overlap = 0
PHY-3002 : Step(16): len = 4078.5, overlap = 0
PHY-3002 : Step(17): len = 4048.4, overlap = 0
PHY-3002 : Step(18): len = 3712.1, overlap = 0
PHY-3002 : Step(19): len = 3547.6, overlap = 0
PHY-3002 : Step(20): len = 3547.6, overlap = 0
PHY-3002 : Step(21): len = 3323.6, overlap = 0
PHY-3002 : Step(22): len = 3397.8, overlap = 0
PHY-3002 : Step(23): len = 3439.1, overlap = 0
PHY-3001 : Legalization ...
PHY-3001 : End legalization;  0.005072s wall, 0.000000s user + 0.000000s system = 0.000000s CPU (n/a%)

PHY-3001 : Run with size of 4
PHY-3001 : Cell area utilization is 0%
PHY-3001 : Update timing in Manhattan mode ...
TMR-2503 : Start to update net delay, extr mode = 3.
TMR-2504 : Update delay of 188 nets completely.
TMR-2502 : Annotate delay completely, extr mode = 3.
TMR-3501 : Forward propagation: start to calculate arrival time...
TMR-3502 : Backward propagation: start to calculate required time...
TMR-3503 : Timing propagation completes.
PHY-3001 : End timing update;  0.002532s wall, 0.000000s user + 0.000000s system = 0.000000s CPU (n/a%)

PHY-3001 : :::0::: Try harder cell spreading with beta_ = 0
PHY-3002 : Step(24): len = 3204.8, overlap = 0
PHY-3002 : Step(25): len = 3253.1, overlap = 0
PHY-3002 : Step(26): len = 3315.4, overlap = 0
PHY-3002 : Step(27): len = 3378.6, overlap = 0
PHY-3002 : Step(28): len = 3416.6, overlap = 0
PHY-3002 : Step(29): len = 3567.2, overlap = 0
PHY-3002 : Step(30): len = 3117.4, overlap = 0
PHY-3002 : Step(31): len = 3172.4, overlap = 0
PHY-3002 : Step(32): len = 3113.9, overlap = 0
PHY-3002 : Step(33): len = 3181.3, overlap = 0
PHY-3002 : Step(34): len = 2919, overlap = 0
PHY-3002 : Step(35): len = 3010.4, overlap = 0
PHY-3002 : Step(36): len = 2990.9, overlap = 0
PHY-3002 : Step(37): len = 2693.7, overlap = 0
PHY-3002 : Step(38): len = 2472.2, overlap = 0
PHY-3002 : Step(39): len = 2477.9, overlap = 0
PHY-3002 : Step(40): len = 2237.9, overlap = 0
PHY-3002 : Step(41): len = 2109.2, overlap = 0
PHY-3002 : Step(42): len = 2100.9, overlap = 0
PHY-3002 : Step(43): len = 1884.5, overlap = 0
PHY-3002 : Step(44): len = 1654.9, overlap = 0
PHY-3002 : Step(45): len = 1481, overlap = 0
PHY-3002 : Step(46): len = 1301.4, overlap = 0
PHY-3002 : Step(47): len = 1174.2, overlap = 0
PHY-3002 : Step(48): len = 1091.7, overlap = 0
PHY-3002 : Step(49): len = 1012.4, overlap = 0
PHY-3002 : Step(50): len = 989.4, overlap = 0
PHY-3002 : Step(51): len = 924.8, overlap = 0
PHY-3001 : Run with size of 2
PHY-3001 : Cell area utilization is 0%
PHY-3001 : Update timing in Manhattan mode ...
TMR-2503 : Start to update net delay, extr mode = 3.
TMR-2504 : Update delay of 188 nets completely.
TMR-2502 : Annotate delay completely, extr mode = 3.
TMR-3501 : Forward propagation: start to calculate arrival time...
TMR-3502 : Backward propagation: start to calculate required time...
TMR-3503 : Timing propagation completes.
PHY-3001 : End timing update;  0.002655s wall, 0.000000s user + 0.000000s system = 0.000000s CPU (n/a%)

PHY-3001 : :::0::: Try harder cell spreading with beta_ = 3.03577e-05
PHY-3002 : Step(52): len = 1023.9, overlap = 1.8125
PHY-3002 : Step(53): len = 1088.4, overlap = 1.8125
PHY-3002 : Step(54): len = 1133.3, overlap = 1.8125
PHY-3001 : :::1::: Try harder cell spreading with beta_ = 6.07155e-05
PHY-3002 : Step(55): len = 931.1, overlap = 1.8125
PHY-3002 : Step(56): len = 947.2, overlap = 1.8125
PHY-3002 : Step(57): len = 975.7, overlap = 1.8125
PHY-3001 : :::2::: Try harder cell spreading with beta_ = 0.000121431
PHY-3002 : Step(58): len = 954.2, overlap = 1.8125
PHY-3002 : Step(59): len = 975.7, overlap = 1.8125
PHY-3002 : Step(60): len = 999.6, overlap = 1.8125
OPT-1001 : Start physical optimization ...
RUN-1002 : start command "start_timer -report"
TMR-2505 : Start building timing graph for model seg4.
TMR-2506 : Build timing graph completely. Port num: 3, tpin num: 666, tnet num: 188, tinst num: 147, tnode num: 852, tedge num: 1075.
TMR-2508 : Levelizing timing graph completed, there are 21 levels in total.
TMR-2501 : Timing graph initialized successfully.
OPT-1001 : Total overflow 4.53 peak overflow 1.31
OPT-1001 : Start high-fanout net optimization ...
OPT-1001 : Update timing in global mode
PHY-1001 : Start incremental global routing, caller is place ...
RUN-1001 : Generating global routing grids ...
RUN-1001 : Building simple global routing graph ...
PHY-1001 : Generate routing nets ...
PHY-1001 : Reuse net number 0/190.
PHY-1001 : Global iterations in 8 thread ...
PHY-1002 : len = 928, over cnt = 7(0%), over = 21, worst = 6
PHY-1001 : End global iterations;  0.005895s wall, 0.000000s user + 0.000000s system = 0.000000s CPU (n/a%)

PHY-1001 : Congestion index: top1 = 4.55, top5 = 0.90, top10 = 0.45, top15 = 0.30.
PHY-1001 : End incremental global routing;  0.057937s wall, 0.046875s user + 0.015625s system = 0.062500s CPU (107.9%)

TMR-2503 : Start to update net delay, extr mode = 5.
TMR-2504 : Update delay of 188 nets completely.
TMR-2502 : Annotate delay completely, extr mode = 5.
TMR-3001 : Initiate 0 clocks from SDC.
TMR-3004 : Map sdc constraints, there are 0 constraints in total.
TMR-3003 : Constraints initiated successfully.
TMR-3501 : Forward propagation: start to calculate arrival time...
TMR-3502 : Backward propagation: start to calculate required time...
TMR-3503 : Timing propagation completes.
OPT-1001 : End timing update;  0.002950s wall, 0.000000s user + 0.000000s system = 0.000000s CPU (n/a%)

OPT-1001 : 0 high-fanout net processed.
OPT-1001 : End high-fanout net optimization;  0.062490s wall, 0.046875s user + 0.015625s system = 0.062500s CPU (100.0%)

OPT-1001 : Current memory(MB): used = 125, reserve = 99, peak = 125.
OPT-1001 : Start global optimization ...
OPT-1001 : Start congestion update ...
RUN-1001 : Generating global routing grids ...
PHY-1001 : Generate routing nets ...
PHY-1001 : Reuse net number 69/190.
PHY-1001 : Global iterations in 8 thread ...
PHY-1002 : len = 928, over cnt = 7(0%), over = 21, worst = 6
PHY-1002 : len = 1136, over cnt = 4(0%), over = 5, worst = 2
PHY-1002 : len = 1200, over cnt = 1(0%), over = 1, worst = 1
PHY-1002 : len = 1216, over cnt = 0(0%), over = 0, worst = 0
PHY-1001 : End global iterations;  0.014194s wall, 0.015625s user + 0.000000s system = 0.015625s CPU (110.1%)

PHY-1001 : Congestion index: top1 = 5.42, top5 = 1.07, top10 = 0.53, top15 = 0.36.
OPT-1001 : End congestion update;  0.058614s wall, 0.062500s user + 0.000000s system = 0.062500s CPU (106.6%)

OPT-1001 : Update timing in Manhattan mode
TMR-2503 : Start to update net delay, extr mode = 3.
TMR-2504 : Update delay of 188 nets completely.
TMR-2502 : Annotate delay completely, extr mode = 3.
TMR-3501 : Forward propagation: start to calculate arrival time...
TMR-3502 : Backward propagation: start to calculate required time...
TMR-3503 : Timing propagation completes.
OPT-1001 : End timing update;  0.003569s wall, 0.000000s user + 0.000000s system = 0.000000s CPU (n/a%)

OPT-0007 : Start: WNS 2147483647 TNS 0 NUM_FEPS 0
OPT-1001 : End global optimization;  0.062260s wall, 0.062500s user + 0.000000s system = 0.062500s CPU (100.4%)

OPT-1001 : Current memory(MB): used = 126, reserve = 99, peak = 126.
OPT-1001 : End physical optimization;  0.244495s wall, 0.234375s user + 0.015625s system = 0.250000s CPU (102.3%)

PHY-3001 : Start packing ...
SYN-4007 : Packing 0 MUX to BLE ...
SYN-4008 : Packed 0 MUX and 0 SEQ to BLE.
SYN-4007 : Packing 66 LUT to BLE ...
SYN-4008 : Packed 66 LUT and 33 SEQ to BLE.
SYN-4003 : Packing 17 remaining SEQ's ...
SYN-4005 : Packed 17 SEQ with LUT/SLICE
SYN-4006 : 18 single LUT's are left
SYN-4006 : 0 single SEQ's are left
SYN-4011 : Packing model "seg4" (AL_USER_NORMAL) with 66/99 primitive instances ...
PHY-3001 : End packing;  0.004869s wall, 0.000000s user + 0.000000s system = 0.000000s CPU (n/a%)

PHY-1001 : Populate physical database on model seg4.
RUN-1001 : There are total 68 instances
RUN-1001 : 26 mslices, 26 lslices, 13 pads, 0 brams, 0 dsps
RUN-1001 : There are total 157 nets
RUN-1001 : 94 nets have 2 pins
RUN-1001 : 43 nets have [3 - 5] pins
RUN-1001 : 15 nets have [6 - 10] pins
RUN-1001 : 2 nets have [11 - 20] pins
RUN-1001 : 3 nets have [21 - 99] pins
PHY-3001 : design contains 66 instances, 52 slices, 2 macros(17 instances: 10 mslices 7 lslices)
PHY-3001 : Cell area utilization is 0%
PHY-3001 : After packing: Len = 937.2, Over = 3.25
PHY-3001 : Run with size of 2
PHY-3001 : Cell area utilization is 0%
PHY-3001 : Update timing in Manhattan mode ...
RUN-1002 : start command "start_timer -report"
TMR-2505 : Start building timing graph for model seg4.
TMR-2506 : Build timing graph completely. Port num: 3, tpin num: 562, tnet num: 155, tinst num: 66, tnode num: 706, tedge num: 954.
TMR-2508 : Levelizing timing graph completed, there are 21 levels in total.
TMR-2501 : Timing graph initialized successfully.
TMR-2503 : Start to update net delay, extr mode = 3.
TMR-2504 : Update delay of 155 nets completely.
TMR-2502 : Annotate delay completely, extr mode = 3.
TMR-3001 : Initiate 0 clocks from SDC.
TMR-3004 : Map sdc constraints, there are 0 constraints in total.
TMR-3003 : Constraints initiated successfully.
TMR-3501 : Forward propagation: start to calculate arrival time...
TMR-3502 : Backward propagation: start to calculate required time...
TMR-3503 : Timing propagation completes.
PHY-3001 : End timing update;  0.087661s wall, 0.093750s user + 0.000000s system = 0.093750s CPU (106.9%)

PHY-3001 : :::0::: Try harder cell spreading with beta_ = 5.56508e-05
PHY-3002 : Step(61): len = 938.5, overlap = 3.25
PHY-3002 : Step(62): len = 938.5, overlap = 3.25
PHY-3001 : :::1::: Try harder cell spreading with beta_ = 0.000111302
PHY-3002 : Step(63): len = 898.9, overlap = 3.25
PHY-3002 : Step(64): len = 906.9, overlap = 3
PHY-3001 : :::2::: Try harder cell spreading with beta_ = 0.000222603
PHY-3002 : Step(65): len = 886.9, overlap = 3
PHY-3002 : Step(66): len = 886.9, overlap = 3
PHY-3001 : Legalization ...
PHY-3001 : End legalization;  0.009863s wall, 0.000000s user + 0.000000s system = 0.000000s CPU (n/a%)

PHY-3001 : Trial Legalized: Len = 2391.2
PHY-3001 : Run with size of 2
PHY-3001 : Cell area utilization is 0%
PHY-3001 : Update timing in Manhattan mode ...
TMR-2503 : Start to update net delay, extr mode = 3.
TMR-2504 : Update delay of 155 nets completely.
TMR-2502 : Annotate delay completely, extr mode = 3.
TMR-3501 : Forward propagation: start to calculate arrival time...
TMR-3502 : Backward propagation: start to calculate required time...
TMR-3503 : Timing propagation completes.
PHY-3001 : End timing update;  0.002348s wall, 0.000000s user + 0.000000s system = 0.000000s CPU (n/a%)

PHY-3001 : :::0::: Try harder cell spreading with beta_ = 0
PHY-3002 : Step(67): len = 1515.1, overlap = 0.75
PHY-3002 : Step(68): len = 1210.8, overlap = 1.75
PHY-3002 : Step(69): len = 1194.9, overlap = 2.25
PHY-3002 : Step(70): len = 1112.4, overlap = 2.5
PHY-3002 : Step(71): len = 997.5, overlap = 2.75
PHY-3002 : Step(72): len = 997.5, overlap = 2.75
PHY-3002 : Step(73): len = 966.4, overlap = 2.75
PHY-3002 : Step(74): len = 966.4, overlap = 2.75
PHY-3002 : Step(75): len = 943.9, overlap = 2.75
PHY-3002 : Step(76): len = 943.9, overlap = 2.75
PHY-3002 : Step(77): len = 940.7, overlap = 2.25
PHY-3001 : Legalization ...
PHY-3001 : End legalization;  0.006105s wall, 0.015625s user + 0.000000s system = 0.015625s CPU (255.9%)

PHY-3001 : Legalized: Len = 2009.2, Over = 0
PHY-3001 : End spreading;  0.002432s wall, 0.000000s user + 0.000000s system = 0.000000s CPU (n/a%)

PHY-3001 : Final: Len = 2009.2, Over = 0
OPT-1001 : Start physical optimization ...
RUN-1002 : start command "start_timer -report"
TMR-2505 : Start building timing graph for model seg4.
TMR-2506 : Build timing graph completely. Port num: 3, tpin num: 562, tnet num: 155, tinst num: 66, tnode num: 706, tedge num: 954.
TMR-2508 : Levelizing timing graph completed, there are 21 levels in total.
TMR-2501 : Timing graph initialized successfully.
OPT-1001 : Total overflow 0.00 peak overflow 0.00
OPT-1001 : Start high-fanout net optimization ...
OPT-1001 : Update timing in global mode
PHY-1001 : Start incremental global routing, caller is place ...
RUN-1001 : Generating global routing grids ...
PHY-1001 : Generate routing nets ...
PHY-1001 : Reuse net number 9/157.
PHY-1001 : Global iterations in 8 thread ...
PHY-1002 : len = 2224, over cnt = 11(0%), over = 13, worst = 3
PHY-1002 : len = 2256, over cnt = 3(0%), over = 3, worst = 1
PHY-1002 : len = 2304, over cnt = 0(0%), over = 0, worst = 0
PHY-1001 : End global iterations;  0.018191s wall, 0.015625s user + 0.000000s system = 0.015625s CPU (85.9%)

PHY-1001 : Congestion index: top1 = 9.52, top5 = 1.94, top10 = 0.96, top15 = 0.64.
PHY-1001 : End incremental global routing;  0.063027s wall, 0.062500s user + 0.000000s system = 0.062500s CPU (99.2%)

TMR-2503 : Start to update net delay, extr mode = 5.
TMR-2504 : Update delay of 155 nets completely.
TMR-2502 : Annotate delay completely, extr mode = 5.
TMR-3001 : Initiate 0 clocks from SDC.
TMR-3004 : Map sdc constraints, there are 0 constraints in total.
TMR-3003 : Constraints initiated successfully.
TMR-3501 : Forward propagation: start to calculate arrival time...
TMR-3502 : Backward propagation: start to calculate required time...
TMR-3503 : Timing propagation completes.
OPT-1001 : End timing update;  0.003083s wall, 0.000000s user + 0.000000s system = 0.000000s CPU (n/a%)

OPT-1001 : 0 high-fanout net processed.
OPT-1001 : End high-fanout net optimization;  0.068110s wall, 0.062500s user + 0.000000s system = 0.062500s CPU (91.8%)

OPT-1001 : Current memory(MB): used = 126, reserve = 100, peak = 128.
OPT-1001 : Start path based optimization ...
OPT-1001 : Start congestion update ...
RUN-1001 : Generating global routing grids ...
PHY-1001 : Generate routing nets ...
PHY-1001 : Reuse net number 112/157.
PHY-1001 : Global iterations in 8 thread ...
PHY-1002 : len = 2304, over cnt = 0(0%), over = 0, worst = 0
PHY-1001 : End global iterations;  0.001105s wall, 0.000000s user + 0.000000s system = 0.000000s CPU (n/a%)

PHY-1001 : Congestion index: top1 = 9.52, top5 = 1.94, top10 = 0.96, top15 = 0.64.
OPT-1001 : End congestion update;  0.047362s wall, 0.046875s user + 0.000000s system = 0.046875s CPU (99.0%)

OPT-1001 : Update timing in Manhattan mode
TMR-2503 : Start to update net delay, extr mode = 3.
TMR-2504 : Update delay of 155 nets completely.
TMR-2502 : Annotate delay completely, extr mode = 3.
TMR-3501 : Forward propagation: start to calculate arrival time...
TMR-3502 : Backward propagation: start to calculate required time...
TMR-3503 : Timing propagation completes.
OPT-1001 : End timing update;  0.002326s wall, 0.000000s user + 0.000000s system = 0.000000s CPU (n/a%)

OPT-0007 : Start: WNS 2147483647 TNS 0 NUM_FEPS 0
OPT-1001 : End path based optimization;  0.049758s wall, 0.046875s user + 0.000000s system = 0.046875s CPU (94.2%)

OPT-1001 : Current memory(MB): used = 126, reserve = 100, peak = 128.
OPT-1001 : Update timing in Manhattan mode
TMR-2503 : Start to update net delay, extr mode = 3.
TMR-2504 : Update delay of 155 nets completely.
TMR-2502 : Annotate delay completely, extr mode = 3.
TMR-3501 : Forward propagation: start to calculate arrival time...
TMR-3502 : Backward propagation: start to calculate required time...
TMR-3503 : Timing propagation completes.
OPT-1001 : End timing update;  0.002237s wall, 0.015625s user + 0.000000s system = 0.015625s CPU (698.3%)

OPT-1001 : Start pin optimization...
OPT-1001 : skip pin optimization...
OPT-1001 : Update timing in global mode
PHY-1001 : Start incremental global routing, caller is place ...
RUN-1001 : Generating global routing grids ...
PHY-1001 : Generate routing nets ...
PHY-1001 : Reuse net number 112/157.
PHY-1001 : Global iterations in 8 thread ...
PHY-1002 : len = 2304, over cnt = 0(0%), over = 0, worst = 0
PHY-1001 : End global iterations;  0.001740s wall, 0.000000s user + 0.000000s system = 0.000000s CPU (n/a%)

PHY-1001 : Congestion index: top1 = 9.52, top5 = 1.94, top10 = 0.96, top15 = 0.64.
PHY-1001 : End incremental global routing;  0.048299s wall, 0.046875s user + 0.000000s system = 0.046875s CPU (97.1%)

TMR-2503 : Start to update net delay, extr mode = 5.
TMR-2504 : Update delay of 155 nets completely.
TMR-2502 : Annotate delay completely, extr mode = 5.
TMR-3501 : Forward propagation: start to calculate arrival time...
TMR-3502 : Backward propagation: start to calculate required time...
TMR-3503 : Timing propagation completes.
OPT-1001 : End timing update;  0.003170s wall, 0.000000s user + 0.000000s system = 0.000000s CPU (n/a%)

RUN-1001 : Generating global routing grids ...
PHY-1001 : Generate routing nets ...
PHY-1001 : Reuse net number 112/157.
PHY-1001 : Global iterations in 8 thread ...
PHY-1002 : len = 2304, over cnt = 0(0%), over = 0, worst = 0
PHY-1001 : End global iterations;  0.001320s wall, 0.000000s user + 0.000000s system = 0.000000s CPU (n/a%)

PHY-1001 : Congestion index: top1 = 9.52, top5 = 1.94, top10 = 0.96, top15 = 0.64.
OPT-1001 : Update timing in Manhattan mode
TMR-2503 : Start to update net delay, extr mode = 3.
TMR-2504 : Update delay of 155 nets completely.
TMR-2502 : Annotate delay completely, extr mode = 3.
TMR-3501 : Forward propagation: start to calculate arrival time...
TMR-3502 : Backward propagation: start to calculate required time...
TMR-3503 : Timing propagation completes.
OPT-1001 : End timing update;  0.002802s wall, 0.000000s user + 0.000000s system = 0.000000s CPU (n/a%)

RUN-1001 : QoR Analysis:
OPT-0007 :   WNS 2147483647 TNS 0 NUM_FEPS 0
RUN-1001 :   No local congestion issue, and most congested 1% tile average routing util is 9.068966
RUN-1001 :   Top critical paths
OPT-1001 : End physical optimization;  0.311104s wall, 0.312500s user + 0.000000s system = 0.312500s CPU (100.4%)

RUN-1003 : finish command "place" in  1.920096s wall, 2.656250s user + 0.968750s system = 3.625000s CPU (188.8%)

RUN-1004 : used memory is 121 MB, reserved memory is 95 MB, peak memory is 128 MB
RUN-1002 : start command "export_db seg_4_place.db"
RUN-1001 : Exported /
RUN-1001 : Exported flow parameters
RUN-1001 : Exported libs
RUN-1001 : Exported entities
RUN-1001 : Exported ports
RUN-1001 : Exported pins
RUN-1001 : Exported instances
RUN-1001 : Exported nets
RUN-1001 : Exported buses
RUN-1001 : Exported models
RUN-1001 : Exported congestions
RUN-1001 : Exported violations
RUN-1001 : Exported timing constraints
RUN-1001 : Exported IO constraints
RUN-1001 : Exported Inst constraints
RUN-1002 : start command "route"
RUN-1001 : Open license file C:/Anlogic/TD5.6.59063/license/Anlogic.lic
RUN-1001 : Print Global Property
RUN-1001 : ---------------------------------------------------------------
RUN-1001 :        Parameters        |  Settings  |  Default Values  |  Note  
RUN-1001 : ---------------------------------------------------------------
RUN-1001 :          message         |  standard  |     standard     |        
RUN-1001 :   mixed_pack_place_flow  |     on     |        on        |        
RUN-1001 :        qor_monitor       |    off     |       off        |        
RUN-1001 :        syn_ip_flow       |    off     |       off        |        
RUN-1001 :          thread          |    auto    |       auto       |        
RUN-1001 : ---------------------------------------------------------------
RUN-1001 : Print Route Property
RUN-1001 : -------------------------------------------------------
RUN-1001 :    Parameters    |  Settings  |  Default Values  |  Note  
RUN-1001 : -------------------------------------------------------
RUN-1001 :      effort      |   medium   |      medium      |        
RUN-1001 :     fix_hold     |    off     |       off        |        
RUN-1001 :    opt_timing    |   medium   |      medium      |        
RUN-1001 :   phy_sim_model  |    off     |       off        |        
RUN-1001 :     priority     |   timing   |      timing      |        
RUN-1001 :     swap_pin     |     on     |        on        |        
RUN-1001 : -------------------------------------------------------
PHY-1001 : Route runs in 8 thread(s)
RUN-1001 : There are total 68 instances
RUN-1001 : 26 mslices, 26 lslices, 13 pads, 0 brams, 0 dsps
RUN-1001 : There are total 157 nets
RUN-1001 : 94 nets have 2 pins
RUN-1001 : 43 nets have [3 - 5] pins
RUN-1001 : 15 nets have [6 - 10] pins
RUN-1001 : 2 nets have [11 - 20] pins
RUN-1001 : 3 nets have [21 - 99] pins
RUN-1002 : start command "start_timer -report"
TMR-2505 : Start building timing graph for model seg4.
TMR-2506 : Build timing graph completely. Port num: 3, tpin num: 562, tnet num: 155, tinst num: 66, tnode num: 706, tedge num: 954.
TMR-2508 : Levelizing timing graph completed, there are 21 levels in total.
TMR-2501 : Timing graph initialized successfully.
PHY-1001 : 26 mslices, 26 lslices, 13 pads, 0 brams, 0 dsps
TMR-2503 : Start to update net delay, extr mode = 3.
TMR-2504 : Update delay of 155 nets completely.
TMR-2502 : Annotate delay completely, extr mode = 3.
TMR-3001 : Initiate 0 clocks from SDC.
TMR-3004 : Map sdc constraints, there are 0 constraints in total.
TMR-3003 : Constraints initiated successfully.
TMR-3501 : Forward propagation: start to calculate arrival time...
TMR-3502 : Backward propagation: start to calculate required time...
TMR-3503 : Timing propagation completes.
PHY-1001 : Start global routing, caller is route ...
RUN-1001 : Generating global routing grids ...
PHY-1001 : Generate routing nets ...
PHY-1001 : Global iterations in 8 thread ...
PHY-1002 : len = 2224, over cnt = 12(0%), over = 14, worst = 3
PHY-1002 : len = 2256, over cnt = 3(0%), over = 3, worst = 1
PHY-1002 : len = 2304, over cnt = 0(0%), over = 0, worst = 0
PHY-1001 : End global iterations;  0.018974s wall, 0.015625s user + 0.000000s system = 0.015625s CPU (82.3%)

PHY-1001 : Congestion index: top1 = 9.56, top5 = 1.93, top10 = 0.96, top15 = 0.64.
PHY-1001 : End global routing;  0.062689s wall, 0.062500s user + 0.000000s system = 0.062500s CPU (99.7%)

PHY-1001 : Start detail routing ...
PHY-1001 : Current memory(MB): used = 138, reserve = 112, peak = 146.
PHY-1001 : Detailed router is running in normal mode.
PHY-1001 : Generate detailed routing grids ...
PHY-1001 : Generate nets ...
PHY-1001 : net clk_24m_dup_1 will be routed on clock mesh
PHY-1001 : Current memory(MB): used = 406, reserve = 383, peak = 406.
PHY-1001 : End build detailed router design. 4.372774s wall, 4.281250s user + 0.093750s system = 4.375000s CPU (100.1%)

PHY-1001 : Detail Route ...
PHY-1001 : ===== Detail Route Phase 1 =====
PHY-1001 : Clock net routing.....
PHY-1001 : Routed 0% nets.
PHY-1022 : len = 1944, over cnt = 0(0%), over = 0, worst = 0, crit = 0
PHY-1001 : End initial clock net routed; 0.004946s wall, 0.000000s user + 0.000000s system = 0.000000s CPU (n/a%)

PHY-1001 : Current memory(MB): used = 406, reserve = 384, peak = 406.
PHY-1001 : End phase 1; 0.010918s wall, 0.000000s user + 0.000000s system = 0.000000s CPU (n/a%)

PHY-1001 : ===== Detail Route Phase 2 =====
PHY-1001 : Initial routing.....
PHY-1001 : Routed 63% nets.
PHY-1001 : Routed 67% nets.
PHY-1001 : Patch 21 net; 0.008674s wall, 0.015625s user + 0.000000s system = 0.015625s CPU (180.1%)

PHY-1022 : len = 6192, over cnt = 16(0%), over = 16, worst = 1, crit = 0
PHY-1001 : Current memory(MB): used = 407, reserve = 385, peak = 407.
PHY-1001 : End initial routed; 0.030050s wall, 0.031250s user + 0.000000s system = 0.031250s CPU (104.0%)

PHY-1001 : Update timing.....
PHY-1001 : 0/127(0%) critical/total net(s).
RUN-1001 : ------------------------------------------
RUN-1001 :   Type   |    WNS(ns)    |  TNS(ns)  |  FEP  
RUN-1001 : ------------------------------------------
RUN-1001 :   Setup  |  2147483.647  |   0.000   |   0   
RUN-1001 :   Hold   |  2147483.647  |   0.000   |   0   
RUN-1001 : ------------------------------------------
PHY-1001 : End update timing; 0.089557s wall, 0.093750s user + 0.000000s system = 0.093750s CPU (104.7%)

PHY-1001 : Current memory(MB): used = 407, reserve = 385, peak = 407.
PHY-1001 : End phase 2; 0.119679s wall, 0.125000s user + 0.000000s system = 0.125000s CPU (104.4%)

PHY-1001 : ===== Detail Route Phase 3 =====
PHY-1001 : Optimize timing.....
PHY-1022 : len = 6192, over cnt = 16(0%), over = 16, worst = 1, crit = 0
PHY-1001 : End optimize timing; 0.005555s wall, 0.000000s user + 0.000000s system = 0.000000s CPU (n/a%)

PHY-1001 : Ripup-reroute.....
PHY-1001 : ===== DR Iter 1 =====
PHY-1022 : len = 6288, over cnt = 1(0%), over = 1, worst = 1, crit = 0
PHY-1001 : End DR Iter 1; 0.020103s wall, 0.015625s user + 0.000000s system = 0.015625s CPU (77.7%)

PHY-1001 : ===== DR Iter 2 =====
PHY-1022 : len = 6312, over cnt = 0(0%), over = 0, worst = 0, crit = 0
PHY-1001 : End DR Iter 2; 0.012097s wall, 0.015625s user + 0.000000s system = 0.015625s CPU (129.2%)

PHY-1001 : Update timing.....
PHY-1001 : 0/127(0%) critical/total net(s).
RUN-1001 : ------------------------------------------
RUN-1001 :   Type   |    WNS(ns)    |  TNS(ns)  |  FEP  
RUN-1001 : ------------------------------------------
RUN-1001 :   Setup  |  2147483.647  |   0.000   |   0   
RUN-1001 :   Hold   |  2147483.647  |   0.000   |   0   
RUN-1001 : ------------------------------------------
PHY-1001 : End update timing; 0.091039s wall, 0.093750s user + 0.000000s system = 0.093750s CPU (103.0%)

PHY-1001 : Commit to database.....
PHY-1001 : 4 feed throughs used by 3 nets
PHY-1001 : End commit to database; 0.018954s wall, 0.031250s user + 0.000000s system = 0.031250s CPU (164.9%)

PHY-1001 : Current memory(MB): used = 416, reserve = 394, peak = 416.
PHY-1001 : End phase 3; 0.272643s wall, 0.281250s user + 0.000000s system = 0.281250s CPU (103.2%)

PHY-1003 : Routed, final wirelength = 6312
PHY-1001 : Current memory(MB): used = 416, reserve = 394, peak = 416.
PHY-1001 : End export database. 0.005722s wall, 0.000000s user + 0.000000s system = 0.000000s CPU (n/a%)

PHY-1001 : End detail routing;  4.992213s wall, 4.890625s user + 0.093750s system = 4.984375s CPU (99.8%)

RUN-1003 : finish command "route" in  5.209825s wall, 5.109375s user + 0.093750s system = 5.203125s CPU (99.9%)

RUN-1004 : used memory is 416 MB, reserved memory is 394 MB, peak memory is 416 MB
RUN-1002 : start command "report_area -io_info -file seg_4_phy.area"
RUN-1001 : standard
***Report Model: seg4 Device: EG4S20BG256***

IO Statistics
#IO                        13
  #input                    1
  #output                  12
  #inout                    0

Utilization Statistics
#lut                      101   out of  19600    0.52%
#reg                       68   out of  19600    0.35%
#le                       101
  #lut only                33   out of    101   32.67%
  #reg only                 0   out of    101    0.00%
  #lut&reg                 68   out of    101   67.33%
#dsp                        0   out of     29    0.00%
#bram                       0   out of     64    0.00%
  #bram9k                   0
  #fifo9k                   0
#bram32k                    0   out of     16    0.00%
#pad                       13   out of    188    6.91%
  #ireg                     0
  #oreg                     0
  #treg                     0
#pll                        0   out of      4    0.00%
#gclk                       1   out of     16    6.25%

Clock Resource Statistics
Index     ClockNet         Type               DriverType         Driver              Fanout
#1        clk_24m_dup_1    GCLK               io                 clk_24m_syn_2.di    39


Detailed IO Report

    Name       Direction    Location    IOStandard    DriveStrength    PullType    PackReg  
   clk_24m       INPUT        K14        LVCMOS33          N/A          PULLUP      NONE    
  sm_bit[3]     OUTPUT         F3        LVCMOS33           8            NONE       NONE    
  sm_bit[2]     OUTPUT         C2        LVCMOS33           8            NONE       NONE    
  sm_bit[1]     OUTPUT         C3        LVCMOS33           8            NONE       NONE    
  sm_bit[0]     OUTPUT         B1        LVCMOS33           8            NONE       NONE    
  sm_seg[7]     OUTPUT         A2        LVCMOS33           8            NONE       NONE    
  sm_seg[6]     OUTPUT         B2        LVCMOS33           8            NONE       NONE    
  sm_seg[5]     OUTPUT         D3        LVCMOS33           8            NONE       NONE    
  sm_seg[4]     OUTPUT         F5        LVCMOS33           8            NONE       NONE    
  sm_seg[3]     OUTPUT         E4        LVCMOS33           8            NONE       NONE    
  sm_seg[2]     OUTPUT         F4        LVCMOS33           8            NONE       NONE    
  sm_seg[1]     OUTPUT         B3        LVCMOS33           8            NONE       NONE    
  sm_seg[0]     OUTPUT         E3        LVCMOS33           8            NONE       NONE    

Report Hierarchy Area:
+----------------------------------------------------------------------+
|Instance |Module |le     |lut     |ripple  |seq     |bram    |dsp     |
+----------------------------------------------------------------------+
|top      |seg4   |101    |84      |17      |68      |0       |0       |
+----------------------------------------------------------------------+


DataNet Average Fanout:

   Index     Fanout    Nets  
    #1         1        81   
    #2         2        17   
    #3         3        18   
    #4         4        8    
    #5        5-10      14   
    #6       11-50      3    
  Average     2.52           

RUN-1002 : start command "export_db seg_4_pr.db"
RUN-1001 : Exported /
RUN-1001 : Exported flow parameters
RUN-1001 : Exported libs
RUN-1001 : Exported entities
RUN-1001 : Exported ports
RUN-1001 : Exported pins
RUN-1001 : Exported instances
RUN-1001 : Exported nets
RUN-1001 : Exported buses
RUN-1001 : Exported models
RUN-1001 : Exported congestions
RUN-1001 : Exported violations
RUN-1001 : Exported timing constraints
RUN-1001 : Exported IO constraints
RUN-1001 : Exported Inst constraints
RUN-1002 : start command "export_bid seg_4_inst.bid"
RUN-1002 : start command "bitgen -bit seg_4.bit"
BIT-1003 : Start to generate bitstream. 
BIT-1002 : Init instances with 8 threads.
BIT-1002 : Init instances completely, inst num: 66
BIT-1002 : Init pips with 8 threads.
BIT-1002 : Init pips completely, net num: 157, pip num: 910
BIT-1002 : Init feedthrough completely, num: 4
BIT-1003 : Multithreading accelaration with 8 threads.
BIT-1003 : Generate bitstream completely, there are 79 valid insts, and 3102 bits set as '1'.
BIT-1004 : PLL setting string = 0000
BIT-1004 : Generate bits file seg_4.bit.
RUN-1002 : start command "backup_run_log run.log ../.logs/phy_1/td_20221008_171433.log"
