============================================================
   Tang Dynasty, V5.6.59063
   Copyright (c) 2012-2022 Anlogic
   Executable = C:/Anlogic/TD5.6.59063/bin/td.exe
   Built at =   12:45:13 Sep  6 2022
   Run by =     zhang
   Run Date =   Sat Oct  8 17:13:31 2022

   Run on =     DESKTOP-0KK6GHJ
============================================================
RUN-1002 : start command "open_project Buttons&LED.prj"
RUN-1001 : Print Global Property
RUN-1001 : ---------------------------------------------------------------
RUN-1001 :        Parameters        |  Settings  |  Default Values  |  Note  
RUN-1001 : ---------------------------------------------------------------
RUN-1001 :          message         |  standard  |     standard     |        
RUN-1001 :   mixed_pack_place_flow  |     on     |        on        |        
RUN-1001 :        qor_monitor       |    off     |       off        |        
RUN-1001 :        syn_ip_flow       |    off     |       off        |        
RUN-1001 :          thread          |    auto    |       auto       |        
RUN-1001 : ---------------------------------------------------------------
RUN-1001 : Print Design Property
RUN-1001 : --------------------------------------------------------------
RUN-1001 :        Parameters       |  Settings  |  Default Values  |  Note  
RUN-1001 : --------------------------------------------------------------
RUN-1001 :   default_reg_initial   |    auto    |       auto       |        
RUN-1001 :        infer_add        |     on     |        on        |        
RUN-1001 :        infer_fsm        |    off     |       off        |        
RUN-1001 :        infer_mult       |     on     |        on        |        
RUN-1001 :        infer_ram        |     on     |        on        |        
RUN-1001 :        infer_reg        |     on     |        on        |        
RUN-1001 :   infer_reg_init_value  |     on     |        on        |        
RUN-1001 :        infer_rom        |     on     |        on        |        
RUN-1001 :      infer_shifter      |     on     |        on        |        
RUN-1001 : --------------------------------------------------------------
RUN-1001 : Print Rtl Property
RUN-1001 : --------------------------------------------------------------
RUN-1001 :        Parameters       |  Settings  |  Default Values  |  Note  
RUN-1001 : --------------------------------------------------------------
RUN-1001 :       compress_add      |   ripple   |      ripple      |        
RUN-1001 :        elf_sload        |    off     |       off        |        
RUN-1001 :       fix_undriven      |     0      |        0         |        
RUN-1001 :         flatten         |    off     |       off        |        
RUN-1001 :       gate_sharing      |     on     |        on        |        
RUN-1001 :    hdl_warning_level    |   normal   |      normal      |        
RUN-1001 :   impl_internal_tribuf  |     on     |        on        |        
RUN-1001 :      impl_set_reset     |     on     |        on        |        
RUN-1001 :        infer_gsr        |    off     |       off        |        
RUN-1001 :      keep_hierarchy     |    auto    |       auto       |        
RUN-1001 :        max_fanout       |    9999    |       9999       |        
RUN-1001 :      max_oh2bin_len     |     10     |        10        |        
RUN-1001 :       merge_equal       |     on     |        on        |        
RUN-1001 :       merge_equiv       |     on     |        on        |        
RUN-1001 :        merge_mux        |    off     |       off        |        
RUN-1001 :     min_control_set     |     8      |        8         |        
RUN-1001 :      min_ripple_len     |    auto    |       auto       |        
RUN-1001 :       oh2bin_ratio      |    0.08    |       0.08       |        
RUN-1001 :     opt_adder_fanout    |     on     |        on        |        
RUN-1001 :        opt_arith        |     on     |        on        |        
RUN-1001 :       opt_big_gate      |    off     |       off        |        
RUN-1001 :        opt_const        |     on     |        on        |        
RUN-1001 :      opt_const_mult     |     on     |        on        |        
RUN-1001 :       opt_lessthan      |     on     |        on        |        
RUN-1001 :         opt_mux         |    off     |       off        |        
RUN-1001 :         opt_ram         |    high    |       high       |        
RUN-1001 :      rtl_sim_model      |    off     |       off        |        
RUN-1001 :         seq_syn         |     on     |        on        |        
RUN-1001 : --------------------------------------------------------------
HDL-1007 : analyze verilog file ../../sources/rtl/buttons_led.v
HDL-1007 : analyze verilog file ../../sources/rtl/debounce.v
HDL-1007 : analyze verilog file ../../sources/rtl/rst.v
RUN-1001 : Project manager successfully analyzed 3 source files.
RUN-1002 : start command "import_device eagle_s20.db -package EG4S20BG256"
ARC-1001 : Device Initialization.
ARC-1001 : ------------------------------------------------------------------
ARC-1001 :            OPTION            |          IO          |   SETTING   
ARC-1001 : ------------------------------------------------------------------
ARC-1001 :   cso_b/cclk/mosi/miso/dout  |  T3/R11/T10/P10/S11  |    gpio    
ARC-1001 :             done             |         P13          |    gpio    
ARC-1001 :           program_b          |          T2          |  dedicate  
ARC-1001 :        tdi/tms/tck/tdo       |   C12/A15/C14/E14    |  dedicate  
ARC-1001 : ------------------------------------------------------------------
ARC-1004 : Device setting, marked 5 dedicate IOs in total.
RUN-1002 : start command "import_db ../syn_1/Buttons&LED_gate.db"
RUN-1001 : Importing database generated by Tang Dynasty, V5.6.59063.
RUN-1001 : Database version number 46140.
RUN-1001 : Import flow parameters
RUN-1001 : Import timing constraints
RUN-1001 : Import IO constraints
RUN-1001 : Import Inst constraints
RUN-1001 : Import design success TD_VERSION=5.6.59063 , DB_VERSION=46140
RUN-1002 : start command "read_sdc"
USR-1002 : read_sdc file_name -help -h -eco
USR-1009 : NO module with IP_SDC ...
RUN-1104 : Import SDC file  finished, there are 0 nets kept by constraints.
RUN-1002 : start command "place"
RUN-1001 : Open license file C:/Anlogic/TD5.6.59063/license/Anlogic.lic
RUN-1001 : Print Global Property
RUN-1001 : ---------------------------------------------------------------
RUN-1001 :        Parameters        |  Settings  |  Default Values  |  Note  
RUN-1001 : ---------------------------------------------------------------
RUN-1001 :          message         |  standard  |     standard     |        
RUN-1001 :   mixed_pack_place_flow  |     on     |        on        |        
RUN-1001 :        qor_monitor       |    off     |       off        |        
RUN-1001 :        syn_ip_flow       |    off     |       off        |        
RUN-1001 :          thread          |    auto    |       auto       |        
RUN-1001 : ---------------------------------------------------------------
RUN-1001 : Print Place Property
RUN-1001 : --------------------------------------------------------------
RUN-1001 :        Parameters       |  Settings  |  Default Values  |  Note  
RUN-1001 : --------------------------------------------------------------
RUN-1001 :      detailed_place     |     on     |        on        |        
RUN-1001 :          effort         |   medium   |      medium      |        
RUN-1001 :         fix_hold        |    off     |       off        |        
RUN-1001 :       legalization      |    ori     |       ori        |        
RUN-1001 :      new_spreading      |     on     |        on        |        
RUN-1001 :        opt_timing       |   medium   |      medium      |        
RUN-1001 :   post_clock_route_opt  |    off     |       off        |        
RUN-1001 :       pr_strategy       |     1      |        1         |        
RUN-1001 :        relaxation       |    1.00    |       1.00       |        
RUN-1001 :         retiming        |    off     |       off        |        
RUN-1001 : --------------------------------------------------------------
PHY-3001 : Placer runs in 8 thread(s).
RUN-1002 : start command "legalize_phy_inst"
SYN-1011 : Flatten model buttons_led
RUN-1002 : start command "phys_opt -simplify_lut"
SYN-4024 : Net "clk_24m_dup_1" drives clk pins.
SYN-4025 : Tag rtl::Net clk_24m_dup_1 as clock net
SYN-4026 : Tagged 1 rtl::Net as clock net
PHY-1001 : Populate physical database on model buttons_led.
RUN-1001 : There are total 92 instances
RUN-0007 : 27 luts, 35 seqs, 0 mslices, 5 lslices, 22 pads, 0 brams, 0 dsps
RUN-1001 : There are total 115 nets
RUN-1001 : 75 nets have 2 pins
RUN-1001 : 34 nets have [3 - 5] pins
RUN-1001 : 2 nets have [6 - 10] pins
RUN-1001 : 1 nets have [11 - 20] pins
RUN-1001 : 3 nets have [21 - 99] pins
RUN-1001 : Report Control nets information:
RUN-1001 : DFF Distribution
RUN-1001 : ----------------------------------
RUN-1001 :   CE   |  SSR  |  ASR  |  DFF Count  
RUN-1001 : ----------------------------------
RUN-1001 :   No   |  No   |  No   |      1      
RUN-1001 :   No   |  No   |  Yes  |     34      
RUN-1001 :   No   |  Yes  |  No   |      0      
RUN-1001 :   Yes  |  No   |  No   |      0      
RUN-1001 :   Yes  |  No   |  Yes  |      0      
RUN-1001 :   Yes  |  Yes  |  No   |      0      
RUN-1001 : ----------------------------------
RUN-0007 : Control Group Statistic
RUN-0007 : ---------------------------
RUN-0007 :   #CLK  |  #CE  |  #SSR/ASR  
RUN-0007 : ---------------------------
RUN-0007 :    1    |   1   |     2      
RUN-0007 : ---------------------------
RUN-0007 : Control Set = 2
PHY-3001 : Initial placement ...
PHY-3001 : design contains 90 instances, 27 luts, 35 seqs, 5 slices, 1 macros(5 instances: 0 mslices 5 lslices)
PHY-0007 : Cell area utilization is 0%
PHY-3001 : Start timing update ...
RUN-1002 : start command "start_timer -report"
TMR-2505 : Start building timing graph for model buttons_led.
TMR-2506 : Build timing graph completely. Port num: 3, tpin num: 363, tnet num: 113, tinst num: 90, tnode num: 466, tedge num: 550.
TMR-2508 : Levelizing timing graph completed, there are 15 levels in total.
TMR-2501 : Timing graph initialized successfully.
TMR-2503 : Start to update net delay, extr mode = 2.
TMR-2504 : Update delay of 113 nets completely.
TMR-2502 : Annotate delay completely, extr mode = 2.
TMR-3001 : Initiate 0 clocks from SDC.
TMR-3004 : Map sdc constraints, there are 0 constraints in total.
TMR-3003 : Constraints initiated successfully.
TMR-3501 : Forward propagation: start to calculate arrival time...
TMR-3502 : Backward propagation: start to calculate required time...
TMR-3503 : Timing propagation completes.
PHY-3001 : End timing update;  0.121439s wall, 0.125000s user + 0.000000s system = 0.125000s CPU (102.9%)

PHY-3001 : Global placement ...
PHY-3001 : Initial: Len = 37175.2
PHY-3001 : Clustering ...
PHY-3001 : Level 0 #clusters 90.
PHY-3001 : End clustering;  0.000017s wall, 0.000000s user + 0.000000s system = 0.000000s CPU (n/a%)

PHY-3001 : Run with size of 4
PHY-3001 : Cell area utilization is 0%
PHY-3001 : :::0::: Try harder cell spreading with beta_ = 0
PHY-3002 : Step(1): len = 21913, overlap = 0
PHY-3002 : Step(2): len = 15360.2, overlap = 0
PHY-3002 : Step(3): len = 10685.3, overlap = 0
PHY-3002 : Step(4): len = 8414, overlap = 0
PHY-3002 : Step(5): len = 6467.7, overlap = 0
PHY-3002 : Step(6): len = 5347.9, overlap = 0
PHY-3002 : Step(7): len = 4709.4, overlap = 0
PHY-3002 : Step(8): len = 4589.6, overlap = 0
PHY-3002 : Step(9): len = 4547.7, overlap = 0
PHY-3002 : Step(10): len = 4487.7, overlap = 0
PHY-3002 : Step(11): len = 4267.7, overlap = 0
PHY-3002 : Step(12): len = 4178.3, overlap = 0
PHY-3002 : Step(13): len = 4228.2, overlap = 0
PHY-3002 : Step(14): len = 4201.8, overlap = 0
PHY-3002 : Step(15): len = 4240.1, overlap = 0
PHY-3002 : Step(16): len = 4169.8, overlap = 0
PHY-3002 : Step(17): len = 4161.5, overlap = 0
PHY-3002 : Step(18): len = 4119.2, overlap = 0
PHY-3001 : Legalization ...
PHY-3001 : End legalization;  0.004153s wall, 0.000000s user + 0.000000s system = 0.000000s CPU (n/a%)

PHY-3001 : Run with size of 4
PHY-3001 : Cell area utilization is 0%
PHY-3001 : Update timing in Manhattan mode ...
TMR-2503 : Start to update net delay, extr mode = 3.
TMR-2504 : Update delay of 113 nets completely.
TMR-2502 : Annotate delay completely, extr mode = 3.
TMR-3501 : Forward propagation: start to calculate arrival time...
TMR-3502 : Backward propagation: start to calculate required time...
TMR-3503 : Timing propagation completes.
PHY-3001 : End timing update;  0.001356s wall, 0.000000s user + 0.000000s system = 0.000000s CPU (n/a%)

PHY-3001 : :::0::: Try harder cell spreading with beta_ = 0
PHY-3002 : Step(19): len = 3998.7, overlap = 0
PHY-3002 : Step(20): len = 3990.2, overlap = 0
PHY-3002 : Step(21): len = 3991.3, overlap = 0
PHY-3002 : Step(22): len = 4000.8, overlap = 0
PHY-3002 : Step(23): len = 3984, overlap = 0
PHY-3002 : Step(24): len = 3984, overlap = 0
PHY-3002 : Step(25): len = 3955.9, overlap = 0
PHY-3002 : Step(26): len = 3955.9, overlap = 0
PHY-3002 : Step(27): len = 3958.2, overlap = 0
PHY-3002 : Step(28): len = 3958.2, overlap = 0
PHY-3002 : Step(29): len = 3944.4, overlap = 0
PHY-3002 : Step(30): len = 3944.4, overlap = 0
PHY-3002 : Step(31): len = 3955.6, overlap = 0
PHY-3002 : Step(32): len = 3955.6, overlap = 0
PHY-3002 : Step(33): len = 3942.1, overlap = 0
PHY-3002 : Step(34): len = 3942.1, overlap = 0
PHY-3002 : Step(35): len = 3944.7, overlap = 0
PHY-3002 : Step(36): len = 3965.2, overlap = 0
PHY-3002 : Step(37): len = 3988.4, overlap = 0
PHY-3001 : Run with size of 2
PHY-3001 : Cell area utilization is 0%
PHY-3001 : Update timing in Manhattan mode ...
TMR-2503 : Start to update net delay, extr mode = 3.
TMR-2504 : Update delay of 113 nets completely.
TMR-2502 : Annotate delay completely, extr mode = 3.
TMR-3501 : Forward propagation: start to calculate arrival time...
TMR-3502 : Backward propagation: start to calculate required time...
TMR-3503 : Timing propagation completes.
PHY-3001 : End timing update;  0.001426s wall, 0.000000s user + 0.000000s system = 0.000000s CPU (n/a%)

PHY-3001 : :::0::: Try harder cell spreading with beta_ = 0
PHY-3002 : Step(38): len = 3933.5, overlap = 1.75
PHY-3002 : Step(39): len = 3933.5, overlap = 1.75
PHY-3002 : Step(40): len = 3997.2, overlap = 2.28125
PHY-3002 : Step(41): len = 3997.2, overlap = 2.28125
PHY-3002 : Step(42): len = 3929.2, overlap = 2.78125
PHY-3002 : Step(43): len = 3929.2, overlap = 2.78125
PHY-3002 : Step(44): len = 3994.9, overlap = 2.4375
PHY-3002 : Step(45): len = 3994.9, overlap = 2.4375
PHY-3002 : Step(46): len = 3949.3, overlap = 2.3125
PHY-3002 : Step(47): len = 3938.5, overlap = 2.25
PHY-3002 : Step(48): len = 3938.5, overlap = 2.25
PHY-3002 : Step(49): len = 3916, overlap = 2.25
PHY-3002 : Step(50): len = 3916, overlap = 2.25
PHY-3002 : Step(51): len = 3923.5, overlap = 2.25
OPT-1001 : Start physical optimization ...
RUN-1002 : start command "start_timer -report"
TMR-2505 : Start building timing graph for model buttons_led.
TMR-2506 : Build timing graph completely. Port num: 3, tpin num: 363, tnet num: 113, tinst num: 90, tnode num: 466, tedge num: 550.
TMR-2508 : Levelizing timing graph completed, there are 15 levels in total.
TMR-2501 : Timing graph initialized successfully.
OPT-1001 : Total overflow 5.19 peak overflow 2.22
OPT-1001 : Start high-fanout net optimization ...
OPT-1001 : Update timing in global mode
PHY-1001 : Start incremental global routing, caller is place ...
RUN-1001 : Generating global routing grids ...
RUN-1001 : Building simple global routing graph ...
PHY-1001 : Generate routing nets ...
PHY-1001 : Reuse net number 0/115.
PHY-1001 : Global iterations in 8 thread ...
PHY-1002 : len = 3976, over cnt = 1(0%), over = 1, worst = 1
PHY-1001 : End global iterations;  0.009107s wall, 0.015625s user + 0.000000s system = 0.015625s CPU (171.6%)

PHY-1001 : Congestion index: top1 = 4.74, top5 = 1.77, top10 = 0.88, top15 = 0.59.
PHY-1001 : End incremental global routing;  0.062538s wall, 0.046875s user + 0.015625s system = 0.062500s CPU (99.9%)

TMR-2503 : Start to update net delay, extr mode = 5.
TMR-2504 : Update delay of 113 nets completely.
TMR-2502 : Annotate delay completely, extr mode = 5.
TMR-3001 : Initiate 0 clocks from SDC.
TMR-3004 : Map sdc constraints, there are 0 constraints in total.
TMR-3003 : Constraints initiated successfully.
TMR-3501 : Forward propagation: start to calculate arrival time...
TMR-3502 : Backward propagation: start to calculate required time...
TMR-3503 : Timing propagation completes.
OPT-1001 : End timing update;  0.001910s wall, 0.000000s user + 0.000000s system = 0.000000s CPU (n/a%)

OPT-1001 : 0 high-fanout net processed.
OPT-1001 : End high-fanout net optimization;  0.065552s wall, 0.046875s user + 0.015625s system = 0.062500s CPU (95.3%)

OPT-1001 : Current memory(MB): used = 125, reserve = 98, peak = 125.
OPT-1001 : Start global optimization ...
OPT-1001 : Start congestion update ...
RUN-1001 : Generating global routing grids ...
PHY-1001 : Generate routing nets ...
PHY-1001 : Reuse net number 42/115.
PHY-1001 : Global iterations in 8 thread ...
PHY-1002 : len = 3976, over cnt = 1(0%), over = 1, worst = 1
PHY-1002 : len = 3976, over cnt = 0(0%), over = 0, worst = 0
PHY-1001 : End global iterations;  0.004171s wall, 0.015625s user + 0.000000s system = 0.015625s CPU (374.6%)

PHY-1001 : Congestion index: top1 = 4.74, top5 = 1.77, top10 = 0.88, top15 = 0.59.
OPT-1001 : End congestion update;  0.047687s wall, 0.046875s user + 0.000000s system = 0.046875s CPU (98.3%)

OPT-1001 : Update timing in Manhattan mode
TMR-2503 : Start to update net delay, extr mode = 3.
TMR-2504 : Update delay of 113 nets completely.
TMR-2502 : Annotate delay completely, extr mode = 3.
TMR-3501 : Forward propagation: start to calculate arrival time...
TMR-3502 : Backward propagation: start to calculate required time...
TMR-3503 : Timing propagation completes.
OPT-1001 : End timing update;  0.001223s wall, 0.000000s user + 0.000000s system = 0.000000s CPU (n/a%)

OPT-0007 : Start: WNS 2147483647 TNS 0 NUM_FEPS 0
OPT-1001 : End global optimization;  0.049146s wall, 0.046875s user + 0.000000s system = 0.046875s CPU (95.4%)

OPT-1001 : Current memory(MB): used = 125, reserve = 99, peak = 125.
OPT-1001 : End physical optimization;  0.267782s wall, 0.250000s user + 0.015625s system = 0.265625s CPU (99.2%)

PHY-3001 : Start packing ...
SYN-4007 : Packing 0 MUX to BLE ...
SYN-4008 : Packed 0 MUX and 0 SEQ to BLE.
SYN-4007 : Packing 27 LUT to BLE ...
SYN-4008 : Packed 27 LUT and 19 SEQ to BLE.
SYN-4003 : Packing 16 remaining SEQ's ...
SYN-4005 : Packed 10 SEQ with LUT/SLICE
SYN-4006 : 0 single LUT's are left
SYN-4006 : 6 single SEQ's are left
SYN-4011 : Packing model "buttons_led" (AL_USER_NORMAL) with 33/63 primitive instances ...
PHY-3001 : End packing;  0.002696s wall, 0.000000s user + 0.000000s system = 0.000000s CPU (n/a%)

PHY-1001 : Populate physical database on model buttons_led.
RUN-1001 : There are total 50 instances
RUN-1001 : 12 mslices, 13 lslices, 22 pads, 0 brams, 0 dsps
RUN-1001 : There are total 96 nets
RUN-1001 : 56 nets have 2 pins
RUN-1001 : 33 nets have [3 - 5] pins
RUN-1001 : 3 nets have [6 - 10] pins
RUN-1001 : 1 nets have [11 - 20] pins
RUN-1001 : 3 nets have [21 - 99] pins
PHY-3001 : design contains 48 instances, 25 slices, 1 macros(5 instances: 0 mslices 5 lslices)
PHY-3001 : Cell area utilization is 0%
PHY-3001 : After packing: Len = 3766.4, Over = 2
PHY-3001 : Run with size of 2
PHY-3001 : Cell area utilization is 0%
PHY-3001 : Update timing in Manhattan mode ...
RUN-1002 : start command "start_timer -report"
TMR-2505 : Start building timing graph for model buttons_led.
TMR-2506 : Build timing graph completely. Port num: 3, tpin num: 301, tnet num: 94, tinst num: 48, tnode num: 376, tedge num: 478.
TMR-2508 : Levelizing timing graph completed, there are 13 levels in total.
TMR-2501 : Timing graph initialized successfully.
TMR-2503 : Start to update net delay, extr mode = 3.
TMR-2504 : Update delay of 94 nets completely.
TMR-2502 : Annotate delay completely, extr mode = 3.
TMR-3001 : Initiate 0 clocks from SDC.
TMR-3004 : Map sdc constraints, there are 0 constraints in total.
TMR-3003 : Constraints initiated successfully.
TMR-3501 : Forward propagation: start to calculate arrival time...
TMR-3502 : Backward propagation: start to calculate required time...
TMR-3503 : Timing propagation completes.
PHY-3001 : End timing update;  0.137477s wall, 0.140625s user + 0.000000s system = 0.140625s CPU (102.3%)

PHY-3001 : :::0::: Try harder cell spreading with beta_ = 0
PHY-3002 : Step(52): len = 3742.9, overlap = 2
PHY-3002 : Step(53): len = 3742.9, overlap = 2
PHY-3002 : Step(54): len = 3749.9, overlap = 2
PHY-3002 : Step(55): len = 3749.9, overlap = 2
PHY-3002 : Step(56): len = 3751.3, overlap = 2
PHY-3002 : Step(57): len = 3751.3, overlap = 2
PHY-3002 : Step(58): len = 3737.4, overlap = 2
PHY-3002 : Step(59): len = 3737.4, overlap = 2
PHY-3002 : Step(60): len = 3742.7, overlap = 2
PHY-3002 : Step(61): len = 3758.9, overlap = 2
PHY-3002 : Step(62): len = 3758.9, overlap = 2
PHY-3001 : Legalization ...
PHY-3001 : End legalization;  0.014386s wall, 0.015625s user + 0.000000s system = 0.015625s CPU (108.6%)

PHY-3001 : Trial Legalized: Len = 4697.4
PHY-3001 : Run with size of 2
PHY-3001 : Cell area utilization is 0%
PHY-3001 : Update timing in Manhattan mode ...
TMR-2503 : Start to update net delay, extr mode = 3.
TMR-2504 : Update delay of 94 nets completely.
TMR-2502 : Annotate delay completely, extr mode = 3.
TMR-3501 : Forward propagation: start to calculate arrival time...
TMR-3502 : Backward propagation: start to calculate required time...
TMR-3503 : Timing propagation completes.
PHY-3001 : End timing update;  0.001311s wall, 0.000000s user + 0.000000s system = 0.000000s CPU (n/a%)

PHY-3001 : :::0::: Try harder cell spreading with beta_ = 0
PHY-3002 : Step(63): len = 4133.9, overlap = 0
PHY-3002 : Step(64): len = 3804.1, overlap = 0.25
PHY-3002 : Step(65): len = 3755, overlap = 0.25
PHY-3002 : Step(66): len = 3765, overlap = 0.25
PHY-3002 : Step(67): len = 3776.6, overlap = 0.25
PHY-3001 : Legalization ...
PHY-3001 : End legalization;  0.005388s wall, 0.015625s user + 0.000000s system = 0.015625s CPU (290.0%)

PHY-3001 : Legalized: Len = 4017.4, Over = 0
PHY-3001 : End spreading;  0.002249s wall, 0.000000s user + 0.000000s system = 0.000000s CPU (n/a%)

PHY-3001 : Final: Len = 4017.4, Over = 0
OPT-1001 : Start physical optimization ...
RUN-1002 : start command "start_timer -report"
TMR-2505 : Start building timing graph for model buttons_led.
TMR-2506 : Build timing graph completely. Port num: 3, tpin num: 301, tnet num: 94, tinst num: 48, tnode num: 376, tedge num: 478.
TMR-2508 : Levelizing timing graph completed, there are 13 levels in total.
TMR-2501 : Timing graph initialized successfully.
OPT-1001 : Total overflow 0.00 peak overflow 0.00
OPT-1001 : Start high-fanout net optimization ...
OPT-1001 : Update timing in global mode
PHY-1001 : Start incremental global routing, caller is place ...
RUN-1001 : Generating global routing grids ...
PHY-1001 : Generate routing nets ...
PHY-1001 : Reuse net number 1/96.
PHY-1001 : Global iterations in 8 thread ...
PHY-1002 : len = 4136, over cnt = 3(0%), over = 8, worst = 4
PHY-1002 : len = 4224, over cnt = 2(0%), over = 2, worst = 1
PHY-1002 : len = 4256, over cnt = 0(0%), over = 0, worst = 0
PHY-1001 : End global iterations;  0.014328s wall, 0.015625s user + 0.000000s system = 0.015625s CPU (109.1%)

PHY-1001 : Congestion index: top1 = 6.06, top5 = 1.81, top10 = 0.90, top15 = 0.60.
PHY-1001 : End incremental global routing;  0.059331s wall, 0.046875s user + 0.000000s system = 0.046875s CPU (79.0%)

TMR-2503 : Start to update net delay, extr mode = 5.
TMR-2504 : Update delay of 94 nets completely.
TMR-2502 : Annotate delay completely, extr mode = 5.
TMR-3001 : Initiate 0 clocks from SDC.
TMR-3004 : Map sdc constraints, there are 0 constraints in total.
TMR-3003 : Constraints initiated successfully.
TMR-3501 : Forward propagation: start to calculate arrival time...
TMR-3502 : Backward propagation: start to calculate required time...
TMR-3503 : Timing propagation completes.
OPT-1001 : End timing update;  0.001695s wall, 0.000000s user + 0.000000s system = 0.000000s CPU (n/a%)

OPT-1001 : 0 high-fanout net processed.
OPT-1001 : End high-fanout net optimization;  0.061929s wall, 0.062500s user + 0.000000s system = 0.062500s CPU (100.9%)

OPT-1001 : Current memory(MB): used = 125, reserve = 99, peak = 127.
OPT-1001 : Start path based optimization ...
OPT-1001 : Start congestion update ...
RUN-1001 : Generating global routing grids ...
PHY-1001 : Generate routing nets ...
PHY-1001 : Reuse net number 60/96.
PHY-1001 : Global iterations in 8 thread ...
PHY-1002 : len = 4256, over cnt = 0(0%), over = 0, worst = 0
PHY-1001 : End global iterations;  0.000886s wall, 0.000000s user + 0.000000s system = 0.000000s CPU (n/a%)

PHY-1001 : Congestion index: top1 = 6.06, top5 = 1.81, top10 = 0.90, top15 = 0.60.
OPT-1001 : End congestion update;  0.046470s wall, 0.046875s user + 0.000000s system = 0.046875s CPU (100.9%)

OPT-1001 : Update timing in Manhattan mode
TMR-2503 : Start to update net delay, extr mode = 3.
TMR-2504 : Update delay of 94 nets completely.
TMR-2502 : Annotate delay completely, extr mode = 3.
TMR-3501 : Forward propagation: start to calculate arrival time...
TMR-3502 : Backward propagation: start to calculate required time...
TMR-3503 : Timing propagation completes.
OPT-1001 : End timing update;  0.001765s wall, 0.000000s user + 0.000000s system = 0.000000s CPU (n/a%)

OPT-0007 : Start: WNS 2147483647 TNS 0 NUM_FEPS 0
OPT-1001 : End path based optimization;  0.048323s wall, 0.046875s user + 0.000000s system = 0.046875s CPU (97.0%)

OPT-1001 : Current memory(MB): used = 125, reserve = 99, peak = 127.
OPT-1001 : Update timing in Manhattan mode
TMR-2503 : Start to update net delay, extr mode = 3.
TMR-2504 : Update delay of 94 nets completely.
TMR-2502 : Annotate delay completely, extr mode = 3.
TMR-3501 : Forward propagation: start to calculate arrival time...
TMR-3502 : Backward propagation: start to calculate required time...
TMR-3503 : Timing propagation completes.
OPT-1001 : End timing update;  0.001044s wall, 0.000000s user + 0.000000s system = 0.000000s CPU (n/a%)

OPT-1001 : Start pin optimization...
OPT-1001 : skip pin optimization...
OPT-1001 : Update timing in global mode
PHY-1001 : Start incremental global routing, caller is place ...
RUN-1001 : Generating global routing grids ...
PHY-1001 : Generate routing nets ...
PHY-1001 : Reuse net number 60/96.
PHY-1001 : Global iterations in 8 thread ...
PHY-1002 : len = 4256, over cnt = 0(0%), over = 0, worst = 0
PHY-1001 : End global iterations;  0.001267s wall, 0.000000s user + 0.000000s system = 0.000000s CPU (n/a%)

PHY-1001 : Congestion index: top1 = 6.06, top5 = 1.81, top10 = 0.90, top15 = 0.60.
PHY-1001 : End incremental global routing;  0.047634s wall, 0.046875s user + 0.000000s system = 0.046875s CPU (98.4%)

TMR-2503 : Start to update net delay, extr mode = 5.
TMR-2504 : Update delay of 94 nets completely.
TMR-2502 : Annotate delay completely, extr mode = 5.
TMR-3501 : Forward propagation: start to calculate arrival time...
TMR-3502 : Backward propagation: start to calculate required time...
TMR-3503 : Timing propagation completes.
OPT-1001 : End timing update;  0.001450s wall, 0.000000s user + 0.000000s system = 0.000000s CPU (n/a%)

RUN-1001 : Generating global routing grids ...
PHY-1001 : Generate routing nets ...
PHY-1001 : Reuse net number 60/96.
PHY-1001 : Global iterations in 8 thread ...
PHY-1002 : len = 4256, over cnt = 0(0%), over = 0, worst = 0
PHY-1001 : End global iterations;  0.001762s wall, 0.000000s user + 0.000000s system = 0.000000s CPU (n/a%)

PHY-1001 : Congestion index: top1 = 6.06, top5 = 1.81, top10 = 0.90, top15 = 0.60.
OPT-1001 : Update timing in Manhattan mode
TMR-2503 : Start to update net delay, extr mode = 3.
TMR-2504 : Update delay of 94 nets completely.
TMR-2502 : Annotate delay completely, extr mode = 3.
TMR-3501 : Forward propagation: start to calculate arrival time...
TMR-3502 : Backward propagation: start to calculate required time...
TMR-3503 : Timing propagation completes.
OPT-1001 : End timing update;  0.001738s wall, 0.000000s user + 0.000000s system = 0.000000s CPU (n/a%)

RUN-1001 : QoR Analysis:
OPT-0007 :   WNS 2147483647 TNS 0 NUM_FEPS 0
RUN-1001 :   No local congestion issue, and most congested 1% tile average routing util is 5.517241
RUN-1001 :   Top critical paths
OPT-1001 : End physical optimization;  0.354763s wall, 0.359375s user + 0.000000s system = 0.359375s CPU (101.3%)

RUN-1003 : finish command "place" in  1.921470s wall, 1.953125s user + 1.093750s system = 3.046875s CPU (158.6%)

RUN-1004 : used memory is 118 MB, reserved memory is 92 MB, peak memory is 127 MB
RUN-1002 : start command "export_db Buttons&LED_place.db"
RUN-1001 : Exported /
RUN-1001 : Exported flow parameters
RUN-1001 : Exported libs
RUN-1001 : Exported entities
RUN-1001 : Exported ports
RUN-1001 : Exported pins
RUN-1001 : Exported instances
RUN-1001 : Exported nets
RUN-1001 : Exported buses
RUN-1001 : Exported models
RUN-1001 : Exported congestions
RUN-1001 : Exported violations
RUN-1001 : Exported timing constraints
RUN-1001 : Exported IO constraints
RUN-1001 : Exported Inst constraints
RUN-1002 : start command "route"
RUN-1001 : Open license file C:/Anlogic/TD5.6.59063/license/Anlogic.lic
RUN-1001 : Print Global Property
RUN-1001 : ---------------------------------------------------------------
RUN-1001 :        Parameters        |  Settings  |  Default Values  |  Note  
RUN-1001 : ---------------------------------------------------------------
RUN-1001 :          message         |  standard  |     standard     |        
RUN-1001 :   mixed_pack_place_flow  |     on     |        on        |        
RUN-1001 :        qor_monitor       |    off     |       off        |        
RUN-1001 :        syn_ip_flow       |    off     |       off        |        
RUN-1001 :          thread          |    auto    |       auto       |        
RUN-1001 : ---------------------------------------------------------------
RUN-1001 : Print Route Property
RUN-1001 : -------------------------------------------------------
RUN-1001 :    Parameters    |  Settings  |  Default Values  |  Note  
RUN-1001 : -------------------------------------------------------
RUN-1001 :      effort      |   medium   |      medium      |        
RUN-1001 :     fix_hold     |    off     |       off        |        
RUN-1001 :    opt_timing    |   medium   |      medium      |        
RUN-1001 :   phy_sim_model  |    off     |       off        |        
RUN-1001 :     priority     |   timing   |      timing      |        
RUN-1001 :     swap_pin     |     on     |        on        |        
RUN-1001 : -------------------------------------------------------
PHY-1001 : Route runs in 8 thread(s)
RUN-1001 : There are total 50 instances
RUN-1001 : 12 mslices, 13 lslices, 22 pads, 0 brams, 0 dsps
RUN-1001 : There are total 96 nets
RUN-1001 : 56 nets have 2 pins
RUN-1001 : 33 nets have [3 - 5] pins
RUN-1001 : 3 nets have [6 - 10] pins
RUN-1001 : 1 nets have [11 - 20] pins
RUN-1001 : 3 nets have [21 - 99] pins
RUN-1002 : start command "start_timer -report"
TMR-2505 : Start building timing graph for model buttons_led.
TMR-2506 : Build timing graph completely. Port num: 3, tpin num: 301, tnet num: 94, tinst num: 48, tnode num: 376, tedge num: 478.
TMR-2508 : Levelizing timing graph completed, there are 13 levels in total.
TMR-2501 : Timing graph initialized successfully.
PHY-1001 : 12 mslices, 13 lslices, 22 pads, 0 brams, 0 dsps
TMR-2503 : Start to update net delay, extr mode = 3.
TMR-2504 : Update delay of 94 nets completely.
TMR-2502 : Annotate delay completely, extr mode = 3.
TMR-3001 : Initiate 0 clocks from SDC.
TMR-3004 : Map sdc constraints, there are 0 constraints in total.
TMR-3003 : Constraints initiated successfully.
TMR-3501 : Forward propagation: start to calculate arrival time...
TMR-3502 : Backward propagation: start to calculate required time...
TMR-3503 : Timing propagation completes.
PHY-1001 : Start global routing, caller is route ...
RUN-1001 : Generating global routing grids ...
PHY-1001 : Generate routing nets ...
PHY-1001 : Global iterations in 8 thread ...
PHY-1002 : len = 4136, over cnt = 3(0%), over = 8, worst = 4
PHY-1002 : len = 4224, over cnt = 2(0%), over = 2, worst = 1
PHY-1002 : len = 4256, over cnt = 0(0%), over = 0, worst = 0
PHY-1001 : End global iterations;  0.016239s wall, 0.015625s user + 0.000000s system = 0.015625s CPU (96.2%)

PHY-1001 : Congestion index: top1 = 6.06, top5 = 1.81, top10 = 0.90, top15 = 0.60.
PHY-1001 : End global routing;  0.058677s wall, 0.046875s user + 0.000000s system = 0.046875s CPU (79.9%)

PHY-1001 : Start detail routing ...
PHY-1001 : Current memory(MB): used = 136, reserve = 110, peak = 144.
PHY-1001 : Detailed router is running in normal mode.
PHY-1001 : Generate detailed routing grids ...
PHY-1001 : Generate nets ...
PHY-1001 : net clk_24m_dup_1 will be routed on clock mesh
PHY-1001 : Current memory(MB): used = 405, reserve = 382, peak = 405.
PHY-1001 : End build detailed router design. 4.209538s wall, 4.140625s user + 0.062500s system = 4.203125s CPU (99.8%)

PHY-1001 : Detail Route ...
PHY-1001 : ===== Detail Route Phase 1 =====
PHY-1001 : Clock net routing.....
PHY-1001 : Routed 1% nets.
PHY-1022 : len = 2672, over cnt = 0(0%), over = 0, worst = 0, crit = 0
PHY-1001 : End initial clock net routed; 0.006099s wall, 0.000000s user + 0.000000s system = 0.000000s CPU (n/a%)

PHY-1001 : Current memory(MB): used = 405, reserve = 383, peak = 405.
PHY-1001 : End phase 1; 0.012883s wall, 0.000000s user + 0.000000s system = 0.000000s CPU (n/a%)

PHY-1001 : ===== Detail Route Phase 2 =====
PHY-1001 : Initial routing.....
PHY-1001 : Routed 53% nets.
PHY-1001 : Routed 54% nets.
PHY-1001 : Patch 16 net; 0.037949s wall, 0.031250s user + 0.000000s system = 0.031250s CPU (82.3%)

PHY-1022 : len = 9000, over cnt = 2(0%), over = 2, worst = 1, crit = 0
PHY-1001 : Current memory(MB): used = 420, reserve = 397, peak = 420.
PHY-1001 : End initial routed; 0.229591s wall, 0.328125s user + 0.000000s system = 0.328125s CPU (142.9%)

PHY-1001 : Update timing.....
PHY-1001 : 0/68(0%) critical/total net(s).
RUN-1001 : ------------------------------------------
RUN-1001 :   Type   |    WNS(ns)    |  TNS(ns)  |  FEP  
RUN-1001 : ------------------------------------------
RUN-1001 :   Setup  |  2147483.647  |   0.000   |   0   
RUN-1001 :   Hold   |  2147483.647  |   0.000   |   0   
RUN-1001 : ------------------------------------------
PHY-1001 : End update timing; 0.141711s wall, 0.140625s user + 0.000000s system = 0.140625s CPU (99.2%)

PHY-1001 : Current memory(MB): used = 420, reserve = 397, peak = 420.
PHY-1001 : End phase 2; 0.371533s wall, 0.468750s user + 0.000000s system = 0.468750s CPU (126.2%)

PHY-1001 : ===== Detail Route Phase 3 =====
PHY-1001 : Optimize timing.....
PHY-1022 : len = 9000, over cnt = 2(0%), over = 2, worst = 1, crit = 0
PHY-1001 : End optimize timing; 0.004028s wall, 0.000000s user + 0.000000s system = 0.000000s CPU (n/a%)

PHY-1001 : Ripup-reroute.....
PHY-1001 : ===== DR Iter 1 =====
PHY-1022 : len = 9016, over cnt = 0(0%), over = 0, worst = 0, crit = 0
PHY-1001 : End DR Iter 1; 0.008417s wall, 0.000000s user + 0.000000s system = 0.000000s CPU (n/a%)

PHY-1001 : Update timing.....
PHY-1001 : 0/68(0%) critical/total net(s).
RUN-1001 : ------------------------------------------
RUN-1001 :   Type   |    WNS(ns)    |  TNS(ns)  |  FEP  
RUN-1001 : ------------------------------------------
RUN-1001 :   Setup  |  2147483.647  |   0.000   |   0   
RUN-1001 :   Hold   |  2147483.647  |   0.000   |   0   
RUN-1001 : ------------------------------------------
PHY-1001 : End update timing; 0.127579s wall, 0.140625s user + 0.000000s system = 0.140625s CPU (110.2%)

PHY-1001 : Commit to database.....
PHY-1001 : 0 feed throughs used by 0 nets
PHY-1001 : End commit to database; 0.020528s wall, 0.015625s user + 0.000000s system = 0.015625s CPU (76.1%)

PHY-1001 : Current memory(MB): used = 429, reserve = 406, peak = 429.
PHY-1001 : End phase 3; 0.277363s wall, 0.281250s user + 0.000000s system = 0.281250s CPU (101.4%)

PHY-1003 : Routed, final wirelength = 9016
PHY-1001 : Current memory(MB): used = 429, reserve = 406, peak = 429.
PHY-1001 : End export database. 0.006077s wall, 0.000000s user + 0.000000s system = 0.000000s CPU (n/a%)

PHY-1001 : End detail routing;  5.094548s wall, 5.109375s user + 0.062500s system = 5.171875s CPU (101.5%)

RUN-1003 : finish command "route" in  5.347064s wall, 5.375000s user + 0.062500s system = 5.437500s CPU (101.7%)

RUN-1004 : used memory is 407 MB, reserved memory is 384 MB, peak memory is 429 MB
RUN-1002 : start command "report_area -io_info -file Buttons&LED_phy.area"
RUN-1001 : standard
***Report Model: buttons_led Device: EG4S20BG256***

IO Statistics
#IO                        22
  #input                    6
  #output                  16
  #inout                    0

Utilization Statistics
#lut                       38   out of  19600    0.19%
#reg                       35   out of  19600    0.18%
#le                        43
  #lut only                 8   out of     43   18.60%
  #reg only                 5   out of     43   11.63%
  #lut&reg                 30   out of     43   69.77%
#dsp                        0   out of     29    0.00%
#bram                       0   out of     64    0.00%
  #bram9k                   0
  #fifo9k                   0
#bram32k                    0   out of     16    0.00%
#pad                       22   out of    188   11.70%
  #ireg                     0
  #oreg                     0
  #treg                     0
#pll                        0   out of      4    0.00%
#gclk                       1   out of     16    6.25%

Clock Resource Statistics
Index     ClockNet         Type               DriverType         Driver              Fanout
#1        clk_24m_dup_1    GCLK               io                 clk_24m_syn_2.di    21


Detailed IO Report

   Name      Direction    Location    IOStandard    DriveStrength    PullType    PackReg  
  btn[4]       INPUT        L12        LVCMOS25          N/A          PULLUP      NONE    
  btn[3]       INPUT        G12        LVCMOS25          N/A          PULLUP      NONE    
  btn[2]       INPUT        G11        LVCMOS25          N/A          PULLUP      NONE    
  btn[1]       INPUT        J13        LVCMOS25          N/A          PULLUP      NONE    
  btn[0]       INPUT        H14        LVCMOS25          N/A          PULLUP      NONE    
  clk_24m      INPUT        K14        LVCMOS25          N/A          PULLUP      NONE    
  led[15]     OUTPUT        T13        LVCMOS25           8            NONE       NONE    
  led[14]     OUTPUT        T12        LVCMOS25           8            NONE       NONE    
  led[13]     OUTPUT        R12        LVCMOS25           8            NONE       NONE    
  led[12]     OUTPUT         M7        LVCMOS25           8            NONE       NONE    
  led[11]     OUTPUT         T9        LVCMOS25           8            NONE       NONE    
  led[10]     OUTPUT         T8        LVCMOS25           8            NONE       NONE    
  led[9]      OUTPUT         T7        LVCMOS25           8            NONE       NONE    
  led[8]      OUTPUT         R7        LVCMOS25           8            NONE       NONE    
  led[7]      OUTPUT         P5        LVCMOS25           8            NONE       NONE    
  led[6]      OUTPUT         N5        LVCMOS25           8            NONE       NONE    
  led[5]      OUTPUT         P4        LVCMOS25           8            NONE       NONE    
  led[4]      OUTPUT         M5        LVCMOS25           8            NONE       NONE    
  led[3]      OUTPUT         N4        LVCMOS25           8            NONE       NONE    
  led[2]      OUTPUT         N3        LVCMOS25           8            NONE       NONE    
  led[1]      OUTPUT         M4        LVCMOS25           8            NONE       NONE    
  led[0]      OUTPUT         M3        LVCMOS25           8            NONE       NONE    

Report Hierarchy Area:
+---------------------------------------------------------------------------+
|Instance |Module      |le     |lut     |ripple  |seq     |bram    |dsp     |
+---------------------------------------------------------------------------+
|top      |buttons_led |43     |33      |5       |35      |0       |0       |
|  ux_btn |debounce    |38     |28      |5       |30      |0       |0       |
|  ux_rst |rst_n       |1      |1       |0       |1       |0       |0       |
+---------------------------------------------------------------------------+


DataNet Average Fanout:

   Index     Fanout    Nets  
    #1         1        34   
    #2         2        23   
    #3         3        2    
    #4         4        7    
    #5        5-10      3    
    #6       11-50      2    
  Average     2.31           

RUN-1002 : start command "export_db Buttons&LED_pr.db"
RUN-1001 : Exported /
RUN-1001 : Exported flow parameters
RUN-1001 : Exported libs
RUN-1001 : Exported entities
RUN-1001 : Exported ports
RUN-1001 : Exported pins
RUN-1001 : Exported instances
RUN-1001 : Exported nets
RUN-1001 : Exported buses
RUN-1001 : Exported models
RUN-1001 : Exported congestions
RUN-1001 : Exported violations
RUN-1001 : Exported timing constraints
RUN-1001 : Exported IO constraints
RUN-1001 : Exported Inst constraints
RUN-1002 : start command "export_bid Buttons&LED_inst.bid"
RUN-1002 : start command "bitgen -bit Buttons&LED.bit"
BIT-1003 : Start to generate bitstream. 
BIT-1002 : Init instances with 8 threads.
BIT-1002 : Init instances completely, inst num: 48
BIT-1002 : Init pips with 8 threads.
BIT-1002 : Init pips completely, net num: 96, pip num: 617
BIT-1003 : Multithreading accelaration with 8 threads.
BIT-1003 : Generate bitstream completely, there are 218 valid insts, and 1769 bits set as '1'.
BIT-1004 : PLL setting string = 0000
BIT-1004 : Generate bits file Buttons&LED.bit.
RUN-1002 : start command "backup_run_log run.log ../.logs/phy_1/td_20221008_171331.log"
RUN-1001 : Backing up run's log file succeed.
