============================================================
   Tang Dynasty, V5.6.119222
      Copyright (c) 2012-2024 Anlogic Inc.
   Executable = D:/Anlogic/TD_5.6.5_Release_119.222/bin/td.exe
   Built at =   17:28:21 May 30 2024
   Run by =     zhangzzp
   Run Date =   Wed Oct 23 17:11:59 2024

   Run on =     LAPTOP-0TAVQITN
============================================================
RUN-1002 : start command "open_project ov2640_sdram.prj -phy"
RUN-6001 WARNING: File ../../al_ip/ip_pll.v already exists in IP ../../al_ip/ip_pll.ipc, it will be removed from project.
RUN-6001 WARNING: File ../../al_ip/ramfifo.v already exists in IP ../../al_ip/ramfifo.ipc, it will be removed from project.
RUN-6001 WARNING: File ../../al_ip/sdram.v already exists in IP ../../al_ip/sdram.ipc, it will be removed from project.
RUN-1002 : start command "import_device eagle_s20.db -package EG4S20BG256"
ARC-1001 : Device Initialization.
ARC-1001 : ------------------------------------------------------------------
ARC-1001 :            OPTION            |          IO          |   SETTING   
ARC-1001 : ------------------------------------------------------------------
ARC-1001 :   cso_b/cclk/mosi/miso/dout  |  T3/R11/T10/P10/S11  |    gpio    
ARC-1001 :             done             |         P13          |    gpio    
ARC-1001 :           program_b          |          T2          |  dedicate  
ARC-1001 :        tdi/tms/tck/tdo       |   C12/A15/C14/E14    |  dedicate  
ARC-1001 : ------------------------------------------------------------------
ARC-1004 : Device setting, marked 5 dedicate IOs in total.
RUN-1002 : start command "import_db ../syn_1/ov2640_sdram_gate.db"
RUN-1001 : Importing database generated by Tang Dynasty, V5.6.119222.
RUN-1001 : Database version number 46146.
RUN-1001 : Import flow parameters
RUN-1001 : Import IO constraints
RUN-1001 : Import Inst constraints
RUN-1001 : Import design success TD_VERSION=5.6.119222 , DB_VERSION=46146
RUN-1002 : start command "place"
RUN-1001 : Open license file D:/Anlogic/TD_5.6.5_Release_119.222/license/Anlogic.lic
RUN-1001 : Print Global Property
RUN-1001 : ---------------------------------------------------------------
RUN-1001 :        Parameters        |  Settings  |  Default Values  |  Note  
RUN-1001 : ---------------------------------------------------------------
RUN-1001 :          message         |  standard  |     standard     |        
RUN-1001 :   mixed_pack_place_flow  |     on     |        on        |        
RUN-1001 :        qor_monitor       |    off     |       off        |        
RUN-1001 :        syn_ip_flow       |    off     |       off        |        
RUN-1001 :          thread          |    auto    |       auto       |        
RUN-1001 : ---------------------------------------------------------------
RUN-1001 : Print Place Property
RUN-1001 : --------------------------------------------------------------
RUN-1001 :        Parameters       |  Settings  |  Default Values  |  Note  
RUN-1001 : --------------------------------------------------------------
RUN-1001 :      detailed_place     |     on     |        on        |        
RUN-1001 :          effort         |   medium   |      medium      |        
RUN-1001 :         fix_hold        |    off     |       off        |        
RUN-1001 :       legalization      |    new     |       new        |        
RUN-1001 :      new_spreading      |     on     |        on        |        
RUN-1001 :        opt_timing       |   medium   |      medium      |        
RUN-1001 :   post_clock_route_opt  |    off     |       off        |        
RUN-1001 :       pr_strategy       |     1      |        1         |        
RUN-1001 :        relaxation       |    1.00    |       1.00       |        
RUN-1001 :         retiming        |    off     |       off        |        
RUN-1001 : --------------------------------------------------------------
PHY-3001 : Placer runs in 16 thread(s).
RUN-1002 : start command "legalize_phy_inst"
SYN-1011 : Flatten model test_camera
RUN-1002 : start command "phys_opt -simplify_lut"
SYN-4016 : Net Sdram_Control_4Port/CTRL_CLK driven by BUFG (189 clock/control pins, 1 other pins).
SYN-4027 : Net Sdram_Control_4Port/SDRAM_CLK is clkc1 of pll u_pll/pll_inst.
SYN-4027 : Net vga_clk_dup_1 is clkc2 of pll u_pll/pll_inst.
SYN-4027 : Net u_camera_reader/clk is clkc3 of pll u_pll/pll_inst.
SYN-4027 : Net u_camera_init/u_i2c_write/clk is clkc4 of pll u_pll/pll_inst.
SYN-4019 : Net clk_24m_dup_1 is refclk of pll u_pll/pll_inst.
SYN-4020 : Net Sdram_Control_4Port/CTRL_CLK is fbclk of pll u_pll/pll_inst.
SYN-4024 : Net "cam_pclk_dup_1" drives clk pins.
SYN-4024 : Net "u_camera_init/divider2[8]" drives clk pins.
SYN-4024 : Net "u_camera_init/divider2[7]" drives clk pins.
SYN-4024 : Net "u_camera_reader/wrreq" drives clk pins.
SYN-4024 : Net "u_camera_reader/wrclk1" drives clk pins.
SYN-4025 : Tag rtl::Net Sdram_Control_4Port/CTRL_CLK as clock net
SYN-4025 : Tag rtl::Net Sdram_Control_4Port/SDRAM_CLK as clock net
SYN-4025 : Tag rtl::Net cam_pclk_dup_1 as clock net
SYN-4025 : Tag rtl::Net clk_24m_dup_1 as clock net
SYN-4025 : Tag rtl::Net u_camera_init/divider2[7] as clock net
SYN-4025 : Tag rtl::Net u_camera_init/divider2[8] as clock net
SYN-4025 : Tag rtl::Net u_camera_init/u_i2c_write/clk as clock net
SYN-4025 : Tag rtl::Net u_camera_reader/clk as clock net
SYN-4025 : Tag rtl::Net u_camera_reader/wrclk1 as clock net
SYN-4025 : Tag rtl::Net u_camera_reader/wrreq as clock net
SYN-4025 : Tag rtl::Net vga_clk_dup_1 as clock net
SYN-4026 : Tagged 11 rtl::Net as clock net
SYN-4015 : Create BUFG instance for clk Net u_camera_init/divider2[8] to drive 32 clock pins.
SYN-4015 : Create BUFG instance for clk Net u_camera_init/divider2[7] to drive 20 clock pins.
SYN-4015 : Create BUFG instance for clk Net u_camera_reader/wrreq to drive 16 clock pins.
SYN-4015 : Create BUFG instance for clk Net u_camera_reader/wrclk1 to drive 1 clock pins.
PHY-1001 : Populate physical database on model test_camera.
RUN-1001 : There are total 1775 instances
RUN-0007 : 1000 luts, 535 seqs, 81 mslices, 46 lslices, 100 pads, 3 brams, 0 dsps
RUN-1001 : There are total 1948 nets
RUN-1001 : 1324 nets have 2 pins
RUN-1001 : 427 nets have [3 - 5] pins
RUN-1001 : 124 nets have [6 - 10] pins
RUN-1001 : 41 nets have [11 - 20] pins
RUN-1001 : 23 nets have [21 - 99] pins
RUN-1001 : 9 nets have 100+ pins
RUN-1001 : Report Control nets information:
RUN-1001 : DFF Distribution
RUN-1001 : ----------------------------------
RUN-1001 :   CE   |  SSR  |  ASR  |  DFF Count  
RUN-1001 : ----------------------------------
RUN-1001 :   No   |  No   |  No   |     65      
RUN-1001 :   No   |  No   |  Yes  |     356     
RUN-1001 :   No   |  Yes  |  No   |     20      
RUN-1001 :   Yes  |  No   |  No   |     24      
RUN-1001 :   Yes  |  No   |  Yes  |     46      
RUN-1001 :   Yes  |  Yes  |  No   |     24      
RUN-1001 : ----------------------------------
RUN-0007 : Control Group Statistic
RUN-0007 : ---------------------------
RUN-0007 :   #CLK  |  #CE  |  #SSR/ASR  
RUN-0007 : ---------------------------
RUN-0007 :    8    |  10   |     3      
RUN-0007 : ---------------------------
RUN-0007 : Control Set = 21
PHY-3001 : Initial placement ...
PHY-3001 : design contains 1772 instances, 1000 luts, 535 seqs, 127 slices, 25 macros(127 instances: 81 mslices 46 lslices)
PHY-0007 : Cell area utilization is 6%
PHY-3001 : Global placement ...
PHY-3001 : Initial: Len = 427209
PHY-3001 : Clustering ...
PHY-3001 : Level 0 #clusters 1772.
PHY-3001 : End clustering;  0.000025s wall, 0.000000s user + 0.000000s system = 0.000000s CPU (n/a%)

PHY-3001 : Run with size of 4
PHY-3001 : Cell area utilization is 6%
PHY-3001 : :::0::: Try harder cell spreading with beta_ = 0
PHY-3002 : Step(1): len = 314968, overlap = 13.5
PHY-3002 : Step(2): len = 292871, overlap = 13.5
PHY-3002 : Step(3): len = 204915, overlap = 13.5
PHY-3002 : Step(4): len = 201237, overlap = 13.5
PHY-3002 : Step(5): len = 164575, overlap = 13.5
PHY-3002 : Step(6): len = 148241, overlap = 13.5
PHY-3002 : Step(7): len = 140878, overlap = 13.5
PHY-3002 : Step(8): len = 124969, overlap = 13.5
PHY-3002 : Step(9): len = 115163, overlap = 13.5
PHY-3002 : Step(10): len = 105206, overlap = 13.5
PHY-3002 : Step(11): len = 98029.7, overlap = 13.5625
PHY-3002 : Step(12): len = 93106.5, overlap = 16.625
PHY-3002 : Step(13): len = 88535.9, overlap = 18.875
PHY-3002 : Step(14): len = 82060.1, overlap = 19.4688
PHY-3002 : Step(15): len = 79164.7, overlap = 20.1875
PHY-3002 : Step(16): len = 76314.5, overlap = 21.1562
PHY-3002 : Step(17): len = 73708.8, overlap = 21.2812
PHY-3002 : Step(18): len = 72494.3, overlap = 21.3125
PHY-3002 : Step(19): len = 69507.6, overlap = 21.2188
PHY-3002 : Step(20): len = 68511.8, overlap = 20.8125
PHY-3002 : Step(21): len = 66493.2, overlap = 21.375
PHY-3001 : :::1::: Try harder cell spreading with beta_ = 0.000103637
PHY-3002 : Step(22): len = 68024.2, overlap = 21.4062
PHY-3002 : Step(23): len = 68268.6, overlap = 21.3125
PHY-3002 : Step(24): len = 68180.4, overlap = 21.3438
PHY-3002 : Step(25): len = 67665.7, overlap = 21.4375
PHY-3002 : Step(26): len = 67510.4, overlap = 21.375
PHY-3002 : Step(27): len = 67113, overlap = 21.4375
PHY-3002 : Step(28): len = 67530.2, overlap = 21.9375
PHY-3002 : Step(29): len = 67983.8, overlap = 22.3438
PHY-3002 : Step(30): len = 68123.4, overlap = 22.6562
PHY-3002 : Step(31): len = 68167.3, overlap = 23.0625
PHY-3001 : :::2::: Try harder cell spreading with beta_ = 0.000207274
PHY-3002 : Step(32): len = 68483.1, overlap = 23.1562
PHY-3002 : Step(33): len = 68460.7, overlap = 23.5312
PHY-3002 : Step(34): len = 68392.9, overlap = 23.8125
PHY-3001 : :::3::: Try harder cell spreading with beta_ = 0.000414548
PHY-3002 : Step(35): len = 68585.7, overlap = 24.2188
PHY-3002 : Step(36): len = 68599.5, overlap = 24.375
PHY-3001 : Before Legalized: Len = 68599.5
PHY-3001 : Legalization ...
PHY-3001 : End legalization;  0.011727s wall, 0.000000s user + 0.000000s system = 0.000000s CPU (n/a%)

PHY-3001 : After Legalized: Len = 82443.9, Over = 10.875
PHY-3001 : Run with size of 4
PHY-3001 : Cell area utilization is 8%
PHY-3001 : :::0::: Try harder cell spreading with beta_ = 3.97138e-05
PHY-3002 : Step(37): len = 80625.5, overlap = 22.3438
PHY-3002 : Step(38): len = 81474.3, overlap = 21
PHY-3002 : Step(39): len = 73167.6, overlap = 22.625
PHY-3002 : Step(40): len = 72960.1, overlap = 26.2812
PHY-3002 : Step(41): len = 69384.6, overlap = 27.9375
PHY-3002 : Step(42): len = 67978.1, overlap = 30.4375
PHY-3002 : Step(43): len = 67801, overlap = 33.0312
PHY-3002 : Step(44): len = 67638.2, overlap = 30.625
PHY-3002 : Step(45): len = 65395.8, overlap = 31.0625
PHY-3002 : Step(46): len = 61891.3, overlap = 30.3438
PHY-3002 : Step(47): len = 62190.5, overlap = 29.7812
PHY-3002 : Step(48): len = 61699.9, overlap = 29.8438
PHY-3002 : Step(49): len = 61735.4, overlap = 29.4062
PHY-3002 : Step(50): len = 61265.6, overlap = 29.5938
PHY-3002 : Step(51): len = 61453.2, overlap = 30.2812
PHY-3002 : Step(52): len = 61053, overlap = 31.7812
PHY-3002 : Step(53): len = 60379.2, overlap = 29.9688
PHY-3002 : Step(54): len = 59245.8, overlap = 31.6562
PHY-3002 : Step(55): len = 59094.5, overlap = 33.5312
PHY-3002 : Step(56): len = 57808.2, overlap = 36.7812
PHY-3002 : Step(57): len = 58167.1, overlap = 36.0625
PHY-3002 : Step(58): len = 57553.3, overlap = 36.4062
PHY-3002 : Step(59): len = 55703.8, overlap = 38.5625
PHY-3002 : Step(60): len = 55639.2, overlap = 40.875
PHY-3002 : Step(61): len = 54970.2, overlap = 44.5625
PHY-3002 : Step(62): len = 54655.6, overlap = 46.7812
PHY-3002 : Step(63): len = 54681.5, overlap = 47.2812
PHY-3001 : :::1::: Try harder cell spreading with beta_ = 7.94277e-05
PHY-3002 : Step(64): len = 53702.2, overlap = 47.0938
PHY-3002 : Step(65): len = 53842.7, overlap = 47.0938
PHY-3002 : Step(66): len = 54090.6, overlap = 47.25
PHY-3001 : :::2::: Try harder cell spreading with beta_ = 0.000158855
PHY-3002 : Step(67): len = 54152.3, overlap = 46.5625
PHY-3002 : Step(68): len = 54152.3, overlap = 46.5625
PHY-3002 : Step(69): len = 53845.4, overlap = 46.875
PHY-3001 : Run with size of 2
PHY-3001 : Cell area utilization is 8%
PHY-3001 : :::0::: Try harder cell spreading with beta_ = 1.3315e-05
PHY-3002 : Step(70): len = 54901.2, overlap = 85.0938
PHY-3002 : Step(71): len = 54901.2, overlap = 85.0938
PHY-3002 : Step(72): len = 54401, overlap = 82.9688
PHY-3001 : :::1::: Try harder cell spreading with beta_ = 2.66301e-05
PHY-3002 : Step(73): len = 56687.9, overlap = 74.6875
PHY-3002 : Step(74): len = 57203.7, overlap = 71.25
PHY-3002 : Step(75): len = 57808.5, overlap = 66.0625
PHY-3002 : Step(76): len = 58048.2, overlap = 64.1875
PHY-3002 : Step(77): len = 58354.7, overlap = 61.6875
PHY-3001 : :::2::: Try harder cell spreading with beta_ = 5.32602e-05
PHY-3002 : Step(78): len = 58172, overlap = 60.9375
PHY-3002 : Step(79): len = 58252.8, overlap = 59.7812
PHY-3001 : :::3::: Try harder cell spreading with beta_ = 0.00010652
PHY-3002 : Step(80): len = 59282.1, overlap = 51.6875
PHY-3002 : Step(81): len = 59962.4, overlap = 48.2812
PHY-3002 : Step(82): len = 60470.8, overlap = 44.8125
PHY-3001 : :::4::: Try harder cell spreading with beta_ = 0.000213041
PHY-3002 : Step(83): len = 60756.5, overlap = 39.9375
PHY-3002 : Step(84): len = 61060, overlap = 38.5
PHY-3002 : Step(85): len = 61666.8, overlap = 34.5312
PHY-3002 : Step(86): len = 61348.6, overlap = 34.875
PHY-3002 : Step(87): len = 61352, overlap = 33.625
OPT-1001 : Start physical optimization ...
OPT-1001 : Total overflow 79.94 peak overflow 3.44
OPT-1001 : Start high-fanout net optimization ...
OPT-1001 : Update timing in global mode
PHY-1001 : Start incremental global routing, caller is place ...
RUN-1001 : Generating global routing grids ...
RUN-1001 : Building simple global routing graph ...
PHY-1001 : Generate routing nets ...
PHY-1001 : Reuse net number 0/1948.
PHY-1001 : Global iterations in 16 thread ...
PHY-1002 : len = 69424, over cnt = 178(0%), over = 698, worst = 18
PHY-1001 : End global iterations;  0.173159s wall, 0.046875s user + 0.046875s system = 0.093750s CPU (54.1%)

PHY-1001 : Congestion index: top1 = 32.24, top5 = 20.63, top10 = 14.57, top15 = 11.22.
PHY-1001 : End incremental global routing;  0.261246s wall, 0.046875s user + 0.046875s system = 0.093750s CPU (35.9%)

RUN-1002 : start command "start_timer -report"
TMR-5001 WARNING: No sdc constraints found while initiating timer.
TMR-2505 : Start building timing graph for model test_camera.
TMR-2506 : Build timing graph completely. Port num: 17, tpin num: 7609, tnet num: 1945, tinst num: 1772, tnode num: 8656, tedge num: 11151.
TMR-2508 : Levelizing timing graph completed, there are 28 levels in total.
TMR-2501 : Timing graph initialized successfully.
OPT-1001 : End timing update;  0.829655s wall, 0.171875s user + 0.000000s system = 0.171875s CPU (20.7%)

OPT-1001 : 0 high-fanout net processed.
OPT-1001 : End high-fanout net optimization;  1.148020s wall, 0.234375s user + 0.046875s system = 0.281250s CPU (24.5%)

OPT-1001 : Current memory(MB): used = 169, reserve = 147, peak = 169.
OPT-1001 : End physical optimization;  1.178256s wall, 0.250000s user + 0.046875s system = 0.296875s CPU (25.2%)

PHY-3001 : Start packing ...
SYN-4007 : Packing 0 MUX to BLE ...
SYN-4008 : Packed 0 MUX and 0 SEQ to BLE.
SYN-4007 : Packing 1000 LUT to BLE ...
SYN-4008 : Packed 1000 LUT and 351 SEQ to BLE.
SYN-4003 : Packing 184 remaining SEQ's ...
SYN-4005 : Packed 114 SEQ with LUT/SLICE
SYN-4006 : 551 single LUT's are left
SYN-4006 : 70 single SEQ's are left
SYN-4011 : Packing model "test_camera" (AL_USER_NORMAL) with 1070/1310 primitive instances ...
PHY-3001 : End packing;  0.129358s wall, 0.046875s user + 0.000000s system = 0.046875s CPU (36.2%)

PHY-1001 : Populate physical database on model test_camera.
RUN-1001 : There are total 833 instances
RUN-1001 : 360 mslices, 360 lslices, 100 pads, 3 brams, 0 dsps
RUN-1001 : There are total 1628 nets
RUN-1001 : 951 nets have 2 pins
RUN-1001 : 469 nets have [3 - 5] pins
RUN-1001 : 133 nets have [6 - 10] pins
RUN-1001 : 40 nets have [11 - 20] pins
RUN-1001 : 26 nets have [21 - 99] pins
RUN-1001 : 9 nets have 100+ pins
PHY-3001 : design contains 830 instances, 720 slices, 25 macros(127 instances: 81 mslices 46 lslices)
PHY-3001 : Cell area utilization is 9%
PHY-3001 : After packing: Len = 61676.4, Over = 48
PHY-3001 : Run with size of 2
PHY-3001 : Cell area utilization is 9%
PHY-3001 : :::0::: Try harder cell spreading with beta_ = 3.19597e-05
PHY-3002 : Step(88): len = 60251.5, overlap = 49.75
PHY-3002 : Step(89): len = 59962.1, overlap = 52.5
PHY-3002 : Step(90): len = 59407.5, overlap = 55.25
PHY-3001 : :::1::: Try harder cell spreading with beta_ = 6.39193e-05
PHY-3002 : Step(91): len = 60577, overlap = 50.5
PHY-3002 : Step(92): len = 60857.2, overlap = 49.5
PHY-3002 : Step(93): len = 61340.9, overlap = 46
PHY-3001 : :::2::: Try harder cell spreading with beta_ = 0.000127839
PHY-3002 : Step(94): len = 62489.5, overlap = 46
PHY-3002 : Step(95): len = 62489.5, overlap = 46
PHY-3002 : Step(96): len = 62181.9, overlap = 45.75
PHY-3001 : Before Legalized: Len = 62181.9
PHY-3001 : Legalization ...
PHY-3001 : End legalization;  0.244731s wall, 0.000000s user + 0.140625s system = 0.140625s CPU (57.5%)

PHY-3001 : After Legalized: Len = 75681.6, Over = 0
PHY-3001 : Trial Legalized: Len = 75681.6
PHY-3001 : Run with size of 2
PHY-3001 : Cell area utilization is 9%
PHY-3001 : :::0::: Try harder cell spreading with beta_ = 0.00043006
PHY-3002 : Step(97): len = 69411.3, overlap = 9.25
PHY-3002 : Step(98): len = 67494.2, overlap = 14.25
PHY-3002 : Step(99): len = 65647.4, overlap = 17
PHY-3002 : Step(100): len = 65023.4, overlap = 17.5
PHY-3002 : Step(101): len = 64627.2, overlap = 19.25
PHY-3002 : Step(102): len = 64421.7, overlap = 18.5
PHY-3001 : :::1::: Try harder cell spreading with beta_ = 0.000860121
PHY-3002 : Step(103): len = 64738.3, overlap = 19.75
PHY-3002 : Step(104): len = 64837.2, overlap = 19.25
PHY-3002 : Step(105): len = 64851.2, overlap = 18.75
PHY-3001 : :::2::: Try harder cell spreading with beta_ = 0.00172024
PHY-3002 : Step(106): len = 64863.2, overlap = 18.75
PHY-3002 : Step(107): len = 64855.1, overlap = 19
PHY-3001 : Before Legalized: Len = 64855.1
PHY-3001 : Legalization ...
PHY-3001 : End legalization;  0.011929s wall, 0.000000s user + 0.000000s system = 0.000000s CPU (n/a%)

PHY-3001 : After Legalized: Len = 71209.4, Over = 0
PHY-3001 : Legalized: Len = 71209.4, Over = 0
PHY-3001 : Spreading special nets. 2 overflows in 2952 tiles.
PHY-3001 : End spreading;  0.009713s wall, 0.000000s user + 0.000000s system = 0.000000s CPU (n/a%)

PHY-3001 : 3 instances has been re-located, deltaX = 0, deltaY = 3, maxDist = 1.
PHY-3001 : Final: Len = 71301.4, Over = 0
OPT-1001 : Start physical optimization ...
OPT-1001 : Total overflow 0.00 peak overflow 0.00
OPT-1001 : Start high-fanout net optimization ...
OPT-1001 : Update timing in global mode
PHY-1001 : Start incremental global routing, caller is place ...
RUN-1001 : Generating global routing grids ...
PHY-1001 : Generate routing nets ...
PHY-1001 : Reuse net number 133/1628.
PHY-1001 : Global iterations in 16 thread ...
PHY-1002 : len = 82040, over cnt = 153(0%), over = 218, worst = 5
PHY-1002 : len = 83224, over cnt = 57(0%), over = 67, worst = 5
PHY-1002 : len = 83912, over cnt = 7(0%), over = 8, worst = 2
PHY-1002 : len = 84040, over cnt = 0(0%), over = 0, worst = 0
PHY-1001 : End global iterations;  0.316618s wall, 0.140625s user + 0.046875s system = 0.187500s CPU (59.2%)

PHY-1001 : Congestion index: top1 = 26.66, top5 = 20.27, top10 = 16.10, top15 = 12.99.
PHY-1001 : End incremental global routing;  0.446253s wall, 0.171875s user + 0.062500s system = 0.234375s CPU (52.5%)

RUN-1002 : start command "start_timer -report"
TMR-5001 WARNING: No sdc constraints found while initiating timer.
TMR-2505 : Start building timing graph for model test_camera.
TMR-2506 : Build timing graph completely. Port num: 17, tpin num: 6906, tnet num: 1625, tinst num: 830, tnode num: 7711, tedge num: 10404.
TMR-2508 : Levelizing timing graph completed, there are 28 levels in total.
TMR-2501 : Timing graph initialized successfully.
OPT-1001 : End timing update;  0.872791s wall, 0.359375s user + 0.000000s system = 0.359375s CPU (41.2%)

OPT-1001 : 0 high-fanout net processed.
OPT-1001 : End high-fanout net optimization;  1.384685s wall, 0.593750s user + 0.062500s system = 0.656250s CPU (47.4%)

OPT-1001 : Current memory(MB): used = 173, reserve = 151, peak = 173.
OPT-1001 : Update timing in Manhattan mode
OPT-1001 : End timing update;  0.003996s wall, 0.000000s user + 0.000000s system = 0.000000s CPU (n/a%)

OPT-1001 : Start pin optimization...
OPT-1001 : skip pin optimization...
RUN-1001 : Generating global routing grids ...
PHY-1001 : Generate routing nets ...
PHY-1001 : Reuse net number 1396/1628.
PHY-1001 : Global iterations in 16 thread ...
PHY-1002 : len = 84040, over cnt = 0(0%), over = 0, worst = 0
PHY-1001 : End global iterations;  0.012774s wall, 0.000000s user + 0.000000s system = 0.000000s CPU (n/a%)

PHY-1001 : Congestion index: top1 = 26.66, top5 = 20.27, top10 = 16.10, top15 = 12.99.
OPT-1001 : Update timing in Manhattan mode
OPT-1001 : End timing update;  0.005235s wall, 0.000000s user + 0.000000s system = 0.000000s CPU (n/a%)

RUN-1001 : QoR Analysis:
OPT-0007 :   WNS 2147483647 TNS 0 NUM_FEPS 0
RUN-1001 :   No local congestion issue, and most congested 1% tile average routing util is 26.275862
RUN-1001 :   Top critical paths
OPT-1001 : End physical optimization;  1.552215s wall, 0.625000s user + 0.062500s system = 0.687500s CPU (44.3%)

RUN-1003 : finish command "place" in  9.110237s wall, 2.890625s user + 1.937500s system = 4.828125s CPU (53.0%)

RUN-1004 : used memory is 155 MB, reserved memory is 133 MB, peak memory is 174 MB
RUN-1002 : start command "export_db ov2640_sdram_place.db"
RUN-1001 : Exported /
RUN-1001 : Exported flow parameters
RUN-1001 : Exported libs
RUN-1001 : Exported entities
RUN-1001 : Exported ports
RUN-1001 : Exported pins
RUN-1001 : Exported instances
RUN-1001 : Exported nets
RUN-1001 : Exported buses
RUN-1001 : Exported models
RUN-1001 : Exported congestions
RUN-1001 : Exported violations
RUN-1001 : Exported IO constraints
RUN-1001 : Exported Inst constraints
RUN-1002 : start command "route"
RUN-1001 : Open license file D:/Anlogic/TD_5.6.5_Release_119.222/license/Anlogic.lic
RUN-1001 : Print Global Property
RUN-1001 : ---------------------------------------------------------------
RUN-1001 :        Parameters        |  Settings  |  Default Values  |  Note  
RUN-1001 : ---------------------------------------------------------------
RUN-1001 :          message         |  standard  |     standard     |        
RUN-1001 :   mixed_pack_place_flow  |     on     |        on        |        
RUN-1001 :        qor_monitor       |    off     |       off        |        
RUN-1001 :        syn_ip_flow       |    off     |       off        |        
RUN-1001 :          thread          |    auto    |       auto       |        
RUN-1001 : ---------------------------------------------------------------
RUN-1001 : Print Route Property
RUN-1001 : -------------------------------------------------------
RUN-1001 :    Parameters    |  Settings  |  Default Values  |  Note  
RUN-1001 : -------------------------------------------------------
RUN-1001 :      effort      |   medium   |      medium      |        
RUN-1001 :     fix_hold     |    off     |       off        |        
RUN-1001 :    opt_timing    |   medium   |      medium      |        
RUN-1001 :   phy_sim_model  |    off     |       off        |        
RUN-1001 :     priority     |   timing   |      timing      |        
RUN-1001 :     swap_pin     |     on     |        on        |        
RUN-1001 : -------------------------------------------------------
PHY-1001 : Route runs in 16 thread(s)
RUN-1001 : There are total 833 instances
RUN-1001 : 360 mslices, 360 lslices, 100 pads, 3 brams, 0 dsps
RUN-1001 : There are total 1628 nets
RUN-1001 : 951 nets have 2 pins
RUN-1001 : 469 nets have [3 - 5] pins
RUN-1001 : 133 nets have [6 - 10] pins
RUN-1001 : 40 nets have [11 - 20] pins
RUN-1001 : 26 nets have [21 - 99] pins
RUN-1001 : 9 nets have 100+ pins
RUN-1002 : start command "start_timer -report"
TMR-5001 WARNING: No sdc constraints found while initiating timer.
TMR-2505 : Start building timing graph for model test_camera.
TMR-2506 : Build timing graph completely. Port num: 17, tpin num: 6906, tnet num: 1625, tinst num: 830, tnode num: 7711, tedge num: 10404.
TMR-2508 : Levelizing timing graph completed, there are 28 levels in total.
TMR-2501 : Timing graph initialized successfully.
PHY-1001 : 360 mslices, 360 lslices, 100 pads, 3 brams, 0 dsps
TMR-2503 : Start to update net delay, extr mode = 3.
TMR-2504 : Update delay of 1625 nets completely.
TMR-2502 : Annotate delay completely, extr mode = 3.
TMR-3002 : No user constraint, initiate default constraint.
TMR-1501 : Assign derive clock DeriveClock to 466 clock pins, and constraint 803 relative nodes.
TMR-3003 : Constraints initiated successfully.
TMR-3501 : Forward propagation: start to calculate arrival time...
TMR-3502 : Backward propagation: start to calculate required time...
TMR-3503 : Timing propagation completes.
PHY-1001 : Start global routing, caller is route ...
RUN-1001 : Generating global routing grids ...
PHY-1001 : Generate routing nets ...
PHY-1001 : Global iterations in 16 thread ...
PHY-1002 : len = 81544, over cnt = 152(0%), over = 212, worst = 5
PHY-1002 : len = 82712, over cnt = 54(0%), over = 62, worst = 5
PHY-1002 : len = 83392, over cnt = 5(0%), over = 6, worst = 2
PHY-1002 : len = 83488, over cnt = 0(0%), over = 0, worst = 0
PHY-1001 : End global iterations;  0.306378s wall, 0.078125s user + 0.062500s system = 0.140625s CPU (45.9%)

PHY-1001 : Congestion index: top1 = 26.55, top5 = 20.13, top10 = 16.02, top15 = 12.95.
PHY-1001 : End global routing;  0.428762s wall, 0.140625s user + 0.062500s system = 0.203125s CPU (47.4%)

PHY-1001 : Start detail routing ...
PHY-1001 : Current memory(MB): used = 201, reserve = 179, peak = 214.
PHY-1001 : Detailed router is running in normal mode.
PHY-1001 : Generate detailed routing grids ...
PHY-1001 : Processed IO instance cam_href_syn_4 with INV attribute.
PHY-1001 : Processed IO instance cam_soid_syn_2 with INV attribute.
PHY-1001 : Generate nets ...
PHY-1001 : net cam_pclk_dup_1 will be routed on clock mesh
PHY-1001 : net clk_24m_dup_1 will be routed on clock mesh
PHY-1001 : net vga_clk_dup_1 will be routed on clock mesh
PHY-1001 : clock net u_camera_reader/wrreq_syn_144 will be merged with clock u_camera_reader/wrreq
PHY-1001 : clock net u_camera_reader/wrclk1_syn_4 will be merged with clock u_camera_reader/wrclk1
PHY-1001 : net u_camera_reader/clk will be routed on clock mesh
PHY-1001 : clock net Sdram_Control_4Port/CTRL_CLK will be merged with clock u_pll/clk0_buf
PHY-1001 : net Sdram_Control_4Port/SDRAM_CLK will be routed on clock mesh
PHY-1001 : net u_camera_init/u_i2c_write/clk will be routed on clock mesh
PHY-1001 : clock net u_camera_init/divider2[8]_syn_4 will be merged with clock u_camera_init/divider2[8]
PHY-1001 : clock net u_camera_init/divider2[7]_syn_2 will be merged with clock u_camera_init/divider2[7]
PHY-1001 : Current memory(MB): used = 467, reserve = 449, peak = 467.
PHY-1001 : End build detailed router design. 7.027397s wall, 1.734375s user + 0.062500s system = 1.796875s CPU (25.6%)

PHY-1001 : Detail Route ...
PHY-1001 : ===== Detail Route Phase 1 =====
PHY-1001 : Clock net routing.....
PHY-1001 : Routed 0% nets.
PHY-1022 : len = 20104, over cnt = 0(0%), over = 0, worst = 0, crit = 0
PHY-1001 : End initial clock net routed; 6.046310s wall, 1.546875s user + 0.031250s system = 1.578125s CPU (26.1%)

PHY-1001 : Current memory(MB): used = 500, reserve = 483, peak = 500.
PHY-1001 : End phase 1; 6.058711s wall, 1.562500s user + 0.031250s system = 1.593750s CPU (26.3%)

PHY-1001 : ===== Detail Route Phase 2 =====
PHY-1001 : Initial routing.....
PHY-1001 : Routed 39% nets.
PHY-1001 : Routed 46% nets.
PHY-1001 : Routed 54% nets.
PHY-1001 : Routed 69% nets.
PHY-1001 : Routed 90% nets.
PHY-1022 : len = 211840, over cnt = 43(0%), over = 43, worst = 1, crit = 0
PHY-1001 : Current memory(MB): used = 501, reserve = 484, peak = 501.
PHY-1001 : End initial routed; 5.687455s wall, 1.015625s user + 0.109375s system = 1.125000s CPU (19.8%)

PHY-1001 : Current memory(MB): used = 501, reserve = 484, peak = 501.
PHY-1001 : End phase 2; 5.687583s wall, 1.015625s user + 0.109375s system = 1.125000s CPU (19.8%)

PHY-1001 : ===== Detail Route Phase 3 =====
PHY-1001 : Ripup-reroute.....
PHY-1001 : ===== DR Iter 1 =====
PHY-1022 : len = 210656, over cnt = 14(0%), over = 14, worst = 1, crit = 0
PHY-1001 : End DR Iter 1; 0.103707s wall, 0.031250s user + 0.000000s system = 0.031250s CPU (30.1%)

PHY-1001 : ===== DR Iter 2 =====
PHY-1022 : len = 210640, over cnt = 0(0%), over = 0, worst = 0, crit = 0
PHY-1001 : End DR Iter 2; 0.048557s wall, 0.015625s user + 0.031250s system = 0.046875s CPU (96.5%)

PHY-1001 : Commit to database.....
PHY-1001 : 9 feed throughs used by 7 nets
PHY-1001 : End commit to database; 0.567826s wall, 0.046875s user + 0.000000s system = 0.046875s CPU (8.3%)

PHY-1001 : Current memory(MB): used = 516, reserve = 499, peak = 516.
PHY-1001 : End phase 3; 1.044477s wall, 0.156250s user + 0.031250s system = 0.187500s CPU (18.0%)

PHY-1003 : Routed, final wirelength = 210640
PHY-1001 : Current memory(MB): used = 517, reserve = 500, peak = 517.
PHY-1001 : End export database. 0.013890s wall, 0.000000s user + 0.000000s system = 0.000000s CPU (n/a%)

PHY-1001 : End detail routing;  20.317690s wall, 4.515625s user + 0.234375s system = 4.750000s CPU (23.4%)

RUN-1003 : finish command "route" in  21.754150s wall, 4.921875s user + 0.296875s system = 5.218750s CPU (24.0%)

RUN-1004 : used memory is 451 MB, reserved memory is 432 MB, peak memory is 517 MB
RUN-1002 : start command "report_area -io_info -file ov2640_sdram_phy.area"
RUN-1001 : standard
***Report Model: test_camera Device: EG4S20BG256***

IO Statistics
#IO                        45
  #input                   13
  #output                  31
  #inout                    1

Utilization Statistics
#lut                     1329   out of  19600    6.78%
#reg                      536   out of  19600    2.73%
#le                      1399
  #lut only               863   out of   1399   61.69%
  #reg only                70   out of   1399    5.00%
  #lut&reg                466   out of   1399   33.31%
#dsp                        0   out of     29    0.00%
#bram                       0   out of     64    0.00%
  #bram9k                   0
  #fifo9k                   0
#bram32k                    3   out of     16   18.75%
#pad                       45   out of    188   23.94%
  #ireg                    10
  #oreg                     2
  #treg                     1
#pll                        1   out of      4   25.00%
#gclk                       5   out of     16   31.25%

Clock Resource Statistics
Index     ClockNet                         Type               DriverType         Driver                                  Fanout
#1        u_pll/clk0_buf                   GCLK               pll                u_pll/pll_inst.clkc0                    130
#2        cam_pclk_dup_1                   GCLK               io                 cam_pclk_syn_2.di                       29
#3        u_camera_init/divider2[8]        GCLK               lslice             u_camera_init/add2_syn_56.q1            24
#4        u_camera_init/u_i2c_write/clk    GCLK               pll                u_pll/pll_inst.clkc4                    21
#5        u_camera_init/divider2[7]        GCLK               lslice             u_camera_init/add2_syn_56.q0            20
#6        vga_clk_dup_1                    GCLK               pll                u_pll/pll_inst.clkc2                    14
#7        u_camera_reader/wrreq            GCLK               lslice             Sdram_Control_4Port/add1_syn_5176.f0    9
#8        clk_24m_dup_1                    GeneralRouting     io                 clk_24m_syn_2.di                        1
#9        u_camera_reader/wrclk1           GCLK               mslice             u_camera_reader/wrclk1_reg_syn_5.q0     1
#10       Sdram_Control_4Port/SDRAM_CLK    GCLK               pll                u_pll/pll_inst.clkc1                    0
#11       u_camera_reader/clk              GCLK               pll                u_pll/pll_inst.clkc3                    0


Detailed IO Report

     Name        Direction    Location    IOStandard    DriveStrength    PullType     PackReg   
  cam_data[7]      INPUT        H13        LVCMOS33          N/A          PULLUP       IREG     
  cam_data[6]      INPUT        G16        LVCMOS33          N/A          PULLUP       IREG     
  cam_data[5]      INPUT        H16        LVCMOS33          N/A          PULLUP       IREG     
  cam_data[4]      INPUT        G14        LVCMOS33          N/A          PULLUP       IREG     
  cam_data[3]      INPUT        K15        LVCMOS33          N/A          PULLUP       IREG     
  cam_data[2]      INPUT        K16        LVCMOS33          N/A          PULLUP       IREG     
  cam_data[1]      INPUT        J16        LVCMOS33          N/A          PULLUP       IREG     
  cam_data[0]      INPUT        H15        LVCMOS33          N/A          PULLUP       IREG     
   cam_href        INPUT        F15        LVCMOS33          N/A          PULLUP       IREG     
   cam_pclk        INPUT        K12        LVCMOS33          N/A          PULLUP       NONE     
   cam_vsync       INPUT        E15        LVCMOS33          N/A          PULLUP       NONE     
    clk_24m        INPUT        K14        LVCMOS33          N/A          PULLUP       NONE     
     rst_n         INPUT        G11        LVCMOS33          N/A          PULLUP       IREG     
   cam_pwdn       OUTPUT        F14        LVCMOS33           8            NONE        NONE     
    cam_rst       OUTPUT        F13        LVCMOS33           8            NONE        NONE     
   cam_soic       OUTPUT        D16        LVCMOS33           8           PULLUP       OREG     
   cam_xclk       OUTPUT        J12        LVCMOS33           8            NONE        NONE     
   vga_b[7]       OUTPUT         C1        LVCMOS25           8            NONE        NONE     
   vga_b[6]       OUTPUT         D1        LVCMOS25           8            NONE        NONE     
   vga_b[5]       OUTPUT         E2        LVCMOS25           8            NONE        NONE     
   vga_b[4]       OUTPUT         G3        LVCMOS25           8            NONE        NONE     
   vga_b[3]       OUTPUT         E1        LVCMOS25           8            NONE        NONE     
   vga_b[2]       OUTPUT         F2        LVCMOS25           8            NONE        NONE     
   vga_b[1]       OUTPUT         F1        LVCMOS25           8            NONE        NONE     
   vga_b[0]       OUTPUT         G1        LVCMOS25           8            NONE        NONE     
    vga_clk       OUTPUT         H2        LVCMOS25           8            NONE        NONE     
   vga_g[7]       OUTPUT         H5        LVCMOS25           8            NONE        NONE     
   vga_g[6]       OUTPUT         H1        LVCMOS25           8            NONE        NONE     
   vga_g[5]       OUTPUT         J6        LVCMOS25           8            NONE        NONE     
   vga_g[4]       OUTPUT         H3        LVCMOS25           8            NONE        NONE     
   vga_g[3]       OUTPUT         J1        LVCMOS25           8            NONE        NONE     
   vga_g[2]       OUTPUT         K1        LVCMOS25           8            NONE        NONE     
   vga_g[1]       OUTPUT         K2        LVCMOS25           8            NONE        NONE     
   vga_g[0]       OUTPUT         L1        LVCMOS25           8            NONE        NONE     
   vga_hsync      OUTPUT         J3        LVCMOS25           8            NONE        NONE     
   vga_r[7]       OUTPUT         K6        LVCMOS25           8            NONE        NONE     
   vga_r[6]       OUTPUT         K3        LVCMOS25           8            NONE        NONE     
   vga_r[5]       OUTPUT         K5        LVCMOS25           8            NONE        NONE     
   vga_r[4]       OUTPUT         L4        LVCMOS25           8            NONE        NONE     
   vga_r[3]       OUTPUT         M1        LVCMOS25           8            NONE        NONE     
   vga_r[2]       OUTPUT         M2        LVCMOS25           8            NONE        NONE     
   vga_r[1]       OUTPUT         L3        LVCMOS25           8            NONE        NONE     
   vga_r[0]       OUTPUT         L5        LVCMOS25           8            NONE        NONE     
   vga_vsync      OUTPUT         J4        LVCMOS25           8            NONE        NONE     
   cam_soid        INOUT        D14        LVCMOS33           8           PULLUP     OREG;TREG  
      dm0         OUTPUT        S14        LVCMOS25           8            NONE        NONE     
      cke         OUTPUT        S18        LVCMOS25           8            NONE        OREG     
     we_n         OUTPUT        S19        LVCMOS25           8            NONE        OREG     
     cas_n        OUTPUT        S20        LVCMOS25           8            NONE        OREG     
     ras_n        OUTPUT        S21        LVCMOS25           8            NONE        OREG     
     cs_n         OUTPUT        S22        LVCMOS25           8            NONE        NONE     
    addr[9]       OUTPUT        S23        LVCMOS25           8            NONE        OREG     
    addr[8]       OUTPUT        S24        LVCMOS25           8            NONE        OREG     
    addr[7]       OUTPUT        S25        LVCMOS25           8            NONE        OREG     
    addr[6]       OUTPUT        S26        LVCMOS25           8            NONE        OREG     
    addr[5]       OUTPUT        S27        LVCMOS25           8            NONE        OREG     
    addr[4]       OUTPUT        S28        LVCMOS25           8            NONE        OREG     
      dm2         OUTPUT        S29        LVCMOS25           8            NONE        NONE     
      dm3         OUTPUT        S61        LVCMOS25           8            NONE        NONE     
    addr[3]       OUTPUT        S64        LVCMOS25           8            NONE        OREG     
    addr[2]       OUTPUT        S65        LVCMOS25           8            NONE        OREG     
    addr[1]       OUTPUT        S66        LVCMOS25           8            NONE        OREG     
    addr[0]       OUTPUT        S67        LVCMOS25           8            NONE        OREG     
   addr[10]       OUTPUT        S68        LVCMOS25           8            NONE        OREG     
     ba[0]        OUTPUT        S69        LVCMOS25           8            NONE        NONE     
     ba[1]        OUTPUT        S70        LVCMOS25           8            NONE        NONE     
      clk         OUTPUT        S73        LVCMOS25           8            NONE        NONE     
      dm1         OUTPUT        S76        LVCMOS25           8            NONE        NONE     
     dq[0]         INOUT         S1        LVCMOS25           8           PULLUP       NONE     
     dq[6]         INOUT        S11        LVCMOS25           8           PULLUP       NONE     
     dq[7]         INOUT        S12        LVCMOS25           8           PULLUP       NONE     
     dq[1]         INOUT         S2        LVCMOS25           8           PULLUP       NONE     
    dq[23]         INOUT        S31        LVCMOS25           8           PULLUP       NONE     
    dq[22]         INOUT        S32        LVCMOS25           8           PULLUP       NONE     
    dq[21]         INOUT        S35        LVCMOS25           8           PULLUP       NONE     
    dq[20]         INOUT        S36        LVCMOS25           8           PULLUP       NONE     
    dq[19]         INOUT        S37        LVCMOS25           8           PULLUP       NONE     
    dq[18]         INOUT        S38        LVCMOS25           8           PULLUP       NONE     
    dq[17]         INOUT        S41        LVCMOS25           8           PULLUP       NONE     
    dq[16]         INOUT        S42        LVCMOS25           8           PULLUP       NONE     
    dq[31]         INOUT        S48        LVCMOS25           8           PULLUP       NONE     
    dq[30]         INOUT        S49        LVCMOS25           8           PULLUP       NONE     
     dq[2]         INOUT         S5        LVCMOS25           8           PULLUP       NONE     
    dq[29]         INOUT        S52        LVCMOS25           8           PULLUP       NONE     
    dq[28]         INOUT        S53        LVCMOS25           8           PULLUP       NONE     
    dq[27]         INOUT        S54        LVCMOS25           8           PULLUP       NONE     
    dq[26]         INOUT        S55        LVCMOS25           8           PULLUP       NONE     
    dq[25]         INOUT        S58        LVCMOS25           8           PULLUP       NONE     
    dq[24]         INOUT        S59        LVCMOS25           8           PULLUP       NONE     
     dq[3]         INOUT         S6        LVCMOS25           8           PULLUP       NONE     
     dq[4]         INOUT         S7        LVCMOS25           8           PULLUP       NONE     
     dq[8]         INOUT        S78        LVCMOS25           8           PULLUP       NONE     
     dq[9]         INOUT        S79        LVCMOS25           8           PULLUP       NONE     
     dq[5]         INOUT         S8        LVCMOS25           8           PULLUP       NONE     
    dq[10]         INOUT        S82        LVCMOS25           8           PULLUP       NONE     
    dq[11]         INOUT        S83        LVCMOS25           8           PULLUP       NONE     
    dq[12]         INOUT        S84        LVCMOS25           8           PULLUP       NONE     
    dq[13]         INOUT        S85        LVCMOS25           8           PULLUP       NONE     
    dq[14]         INOUT        S88        LVCMOS25           8           PULLUP       NONE     
    dq[15]         INOUT        S89        LVCMOS25           8           PULLUP       NONE     

Report Hierarchy Area:
+-------------------------------------------------------------------------------------------------+
|Instance               |Module              |le     |lut     |ripple  |seq     |bram    |dsp     |
+-------------------------------------------------------------------------------------------------+
|top                    |test_camera         |1399   |1202    |127     |549     |3       |0       |
|  Sdram_Control_4Port  |Sdram_Control_4Port |588    |493     |57      |374     |3       |0       |
|    command1           |command             |53     |53      |0       |44      |0       |0       |
|    control1           |control_interface   |100    |67      |24      |51      |0       |0       |
|    data_path1         |sdr_data_path       |16     |16      |0       |1       |0       |0       |
|    read_fifo1         |Sdram_RD_FIFO       |81     |63      |3       |76      |1       |0       |
|      dcfifo_component |ramfifo             |81     |63      |3       |76      |1       |0       |
|    sdram1             |sdram               |2      |2       |0       |0       |0       |0       |
|    write_fifo1        |Sdram_WR_FIFO       |79     |62      |3       |75      |1       |0       |
|      dcfifo_component |ramfifo             |79     |62      |3       |75      |1       |0       |
|    write_fifo2        |Sdram_WR_FIFO       |0      |0       |0       |0       |1       |0       |
|      dcfifo_component |ramfifo             |0      |0       |0       |0       |1       |0       |
|  u_cam_vga_out        |Driver              |112    |68      |44      |22      |0       |0       |
|  u_camera_init        |camera_init         |587    |568     |9       |85      |0       |0       |
|    u_i2c_write        |i2c_module          |165    |165     |0       |42      |0       |0       |
|  u_camera_reader      |camera_reader       |90     |51      |17      |53      |0       |0       |
|  u_pll                |ip_pll              |0      |0       |0       |0       |0       |0       |
+-------------------------------------------------------------------------------------------------+


DataNet Average Fanout:

   Index     Fanout     Nets  
    #1          1       902   
    #2          2       260   
    #3          3       102   
    #4          4       106   
    #5        5-10      138   
    #6        11-50      52   
    #7       51-100      3    
    #8       101-500     6    
  Average     3.18            

RUN-1002 : start command "export_db ov2640_sdram_pr.db"
RUN-1001 : Exported /
RUN-1001 : Exported flow parameters
RUN-1001 : Exported libs
RUN-1001 : Exported entities
RUN-1001 : Exported ports
RUN-1001 : Exported pins
RUN-1001 : Exported instances
RUN-1001 : Exported nets
RUN-1001 : Exported buses
RUN-1001 : Exported models
RUN-1001 : Exported congestions
RUN-1001 : Exported violations
RUN-1001 : Exported IO constraints
RUN-1001 : Exported Inst constraints
RUN-1002 : start command "export_bid ov2640_sdram_inst.bid"
RUN-1002 : start command "bitgen -bit ov2640_sdram.bit"
BIT-1003 : Start to generate bitstream. 
BIT-1002 : Init instances with 16 threads.
BIT-1002 : Init instances completely, inst num: 830
BIT-1002 : Init pips with 16 threads.
BIT-1002 : Init pips completely, net num: 1628, pip num: 15844
BIT-1002 : Init feedthrough with 16 threads.
BIT-1002 : Init feedthrough completely, num: 9
BIT-1003 : Multithreading accelaration with 16 threads.
BIT-1003 : Generate bitstream completely, there are 1401 valid insts, and 45890 bits set as '1'.
BIT-1004 : the usercode register value: 00000000100110110000000000000000
BIT-1004 : PLL setting string = 0001
BIT-1004 : Generate bits file ov2640_sdram.bit.
RUN-1003 : finish command "bitgen -bit ov2640_sdram.bit" in  8.167231s wall, 36.140625s user + 0.265625s system = 36.406250s CPU (445.8%)

RUN-1004 : used memory is 458 MB, reserved memory is 448 MB, peak memory is 654 MB
RUN-1002 : start command "backup_run_log run.log ../.logs/phy_1/td_20241023_171159.log"
