============================================================
   Tang Dynasty, V5.6.53426
   Copyright (c) 2012-2022 Anlogic
   Executable = D:/Y_22S720/TD/bin/td.exe
   Built at =   19:26:25 Jun 10 2022
   Run by =     321squarial
   Run Date =   Sat Oct  8 15:00:51 2022

   Run on =     LAPTOP-0TRO264C
============================================================
RUN-1002 : start command "open_project RGB_LED.prj"
RUN-1001 : Print Global Property
RUN-1001 : ---------------------------------------------------------------
RUN-1001 :        Parameters        |  Settings  |  Default Values  |  Note  
RUN-1001 : ---------------------------------------------------------------
RUN-1001 :          message         |  standard  |     standard     |        
RUN-1001 :   mixed_pack_place_flow  |     on     |        on        |        
RUN-1001 :        syn_ip_flow       |    off     |       off        |        
RUN-1001 :          thread          |    auto    |       auto       |        
RUN-1001 : ---------------------------------------------------------------
RUN-1001 : Print Design Property
RUN-1001 : --------------------------------------------------------------
RUN-1001 :        Parameters       |  Settings  |  Default Values  |  Note  
RUN-1001 : --------------------------------------------------------------
RUN-1001 :   default_reg_initial   |    auto    |       auto       |        
RUN-1001 :        infer_add        |     on     |        on        |        
RUN-1001 :        infer_fsm        |    off     |       off        |        
RUN-1001 :        infer_mult       |     on     |        on        |        
RUN-1001 :        infer_ram        |     on     |        on        |        
RUN-1001 :        infer_reg        |     on     |        on        |        
RUN-1001 :   infer_reg_init_value  |     on     |        on        |        
RUN-1001 :        infer_rom        |     on     |        on        |        
RUN-1001 :      infer_shifter      |     on     |        on        |        
RUN-1001 : --------------------------------------------------------------
RUN-1001 : Print Rtl Property
RUN-1001 : --------------------------------------------------------------
RUN-1001 :        Parameters       |  Settings  |  Default Values  |  Note  
RUN-1001 : --------------------------------------------------------------
RUN-1001 :       compress_add      |   ripple   |      ripple      |        
RUN-1001 :        elf_sload        |    off     |       off        |        
RUN-1001 :       fix_undriven      |     0      |        0         |        
RUN-1001 :         flatten         |    off     |       off        |        
RUN-1001 :       gate_sharing      |     on     |        on        |        
RUN-1001 :    hdl_warning_level    |   normal   |      normal      |        
RUN-1001 :   impl_internal_tribuf  |     on     |        on        |        
RUN-1001 :      impl_set_reset     |     on     |        on        |        
RUN-1001 :        infer_gsr        |    off     |       off        |        
RUN-1001 :      keep_hierarchy     |    auto    |       auto       |        
RUN-1001 :        max_fanout       |    9999    |       9999       |        
RUN-1001 :      max_oh2bin_len     |     10     |        10        |        
RUN-1001 :       merge_equal       |     on     |        on        |        
RUN-1001 :       merge_equiv       |     on     |        on        |        
RUN-1001 :        merge_mux        |    off     |       off        |        
RUN-1001 :     min_control_set     |     8      |        8         |        
RUN-1001 :      min_ripple_len     |    auto    |       auto       |        
RUN-1001 :       oh2bin_ratio      |    0.08    |       0.08       |        
RUN-1001 :     opt_adder_fanout    |     on     |        on        |        
RUN-1001 :        opt_arith        |     on     |        on        |        
RUN-1001 :       opt_big_gate      |    off     |       off        |        
RUN-1001 :        opt_const        |     on     |        on        |        
RUN-1001 :      opt_const_mult     |     on     |        on        |        
RUN-1001 :       opt_lessthan      |     on     |        on        |        
RUN-1001 :         opt_mux         |    off     |       off        |        
RUN-1001 :         opt_ram         |    high    |       high       |        
RUN-1001 :      rtl_sim_model      |    off     |       off        |        
RUN-1001 :         seq_syn         |     on     |        on        |        
RUN-1001 : --------------------------------------------------------------
HDL-1007 : analyze verilog file ../../sources/rtl/rgb_led.v
HDL-1007 : analyze verilog file ../../sources/rtl/rst.v
RUN-1001 : Project manager successfully analyzed 2 source files.
RUN-1002 : start command "import_device eagle_s20.db -package EG4S20BG256"
ARC-1001 : Device Initialization.
ARC-1001 : ------------------------------------------------------------------
ARC-1001 :            OPTION            |          IO          |   SETTING   
ARC-1001 : ------------------------------------------------------------------
ARC-1001 :   cso_b/cclk/mosi/miso/dout  |  T3/R11/T10/P10/S11  |    gpio    
ARC-1001 :             done             |         P13          |    gpio    
ARC-1001 :           program_b          |          T2          |  dedicate  
ARC-1001 :        tdi/tms/tck/tdo       |   C12/A15/C14/E14    |  dedicate  
ARC-1001 : ------------------------------------------------------------------
ARC-1004 : Device setting, marked 5 dedicate IOs in total.
RUN-1002 : start command "import_db ../syn_1/RGB_LED_gate.db"
RUN-1001 : Importing database generated by Tang Dynasty, V5.6.53426.
RUN-1001 : Database version number 46140.
RUN-1001 : Import flow parameters
RUN-1001 : Import timing constraints
RUN-1001 : Import IO constraints
RUN-1001 : Import Inst constraints
RUN-1001 : Import design success TD_VERSION=5.6.53426 , DB_VERSION=46140
RUN-1002 : start command "read_sdc"
USR-1002 : read_sdc file_name -help -h -eco
USR-1009 : NO module with IP_SDC ...
RUN-1104 : Import SDC file  finished, there are 0 nets kept by constraints.
RUN-1002 : start command "place"
RUN-1001 : Open license file D:/Y_22S720/TD/license/Anlogic.lic
RUN-1001 : Print Global Property
RUN-1001 : ---------------------------------------------------------------
RUN-1001 :        Parameters        |  Settings  |  Default Values  |  Note  
RUN-1001 : ---------------------------------------------------------------
RUN-1001 :          message         |  standard  |     standard     |        
RUN-1001 :   mixed_pack_place_flow  |     on     |        on        |        
RUN-1001 :        syn_ip_flow       |    off     |       off        |        
RUN-1001 :          thread          |    auto    |       auto       |        
RUN-1001 : ---------------------------------------------------------------
RUN-1001 : Print Place Property
RUN-1001 : --------------------------------------------------------------
RUN-1001 :        Parameters       |  Settings  |  Default Values  |  Note  
RUN-1001 : --------------------------------------------------------------
RUN-1001 :      detailed_place     |     on     |        on        |        
RUN-1001 :          effort         |   medium   |      medium      |        
RUN-1001 :         fix_hold        |    off     |       off        |        
RUN-1001 :       legalization      |    ori     |       ori        |        
RUN-1001 :      new_spreading      |     on     |        on        |        
RUN-1001 :        opt_timing       |   medium   |      medium      |        
RUN-1001 :   post_clock_route_opt  |    off     |       off        |        
RUN-1001 :       pr_strategy       |     1      |        1         |        
RUN-1001 :        relaxation       |    1.00    |       1.00       |        
RUN-1001 :         retiming        |    off     |       off        |        
RUN-1001 : --------------------------------------------------------------
PHY-3001 : Placer runs in 4 thread(s).
RUN-1002 : start command "legalize_phy_inst"
SYN-1011 : Flatten model rgb_led
RUN-1002 : start command "phys_opt -simplify_lut"
SYN-4026 : Tagged 0 rtl::Net as clock net
PHY-1001 : Populate physical database on model rgb_led.
RUN-1001 : There are total 6 instances
RUN-1001 : 0 mslices, 0 lslices, 4 pads, 0 brams, 0 dsps
RUN-1001 : There are total 4 nets
RUN-1001 : 3 nets have 2 pins
RUN-1001 : 1 nets have [3 - 5] pins
RUN-1001 : Report Control nets information:
RUN-1001 : DFF Distribution
RUN-1001 : ----------------------------------
RUN-1001 :   CE   |  SSR  |  ASR  |  DFF Count  
RUN-1001 : ----------------------------------
RUN-1001 :   No   |  No   |  No   |      0      
RUN-1001 :   No   |  No   |  Yes  |      0      
RUN-1001 :   No   |  Yes  |  No   |      0      
RUN-1001 :   Yes  |  No   |  No   |      0      
RUN-1001 :   Yes  |  No   |  Yes  |      0      
RUN-1001 :   Yes  |  Yes  |  No   |      0      
RUN-1001 : ----------------------------------
RUN-0007 : Control Group Statistic
RUN-0007 : ---------------------------
RUN-0007 :   #CLK  |  #CE  |  #SSR/ASR  
RUN-0007 : ---------------------------
RUN-0007 :    0    |   0   |     0      
RUN-0007 : ---------------------------
RUN-0007 : Control Set = 0
PHY-3001 : Initial placement ...
PHY-3001 : design contains 5 instances, 0 slices, 0 macros(0 instances: 0 mslices 0 lslices)
PHY-3001 : End placement; No cells to be placed.
RUN-1002 : start command "export_db RGB_LED_place.db"
RUN-1001 : Exported /
RUN-1001 : Exported flow parameters
RUN-1001 : Exported libs
RUN-1001 : Exported entities
RUN-1001 : Exported ports
RUN-1001 : Exported pins
RUN-1001 : Exported instances
RUN-1001 : Exported nets
RUN-1001 : Exported buses
RUN-1001 : Exported models
RUN-1001 : Exported congestions
RUN-1001 : Exported violations
RUN-1001 : Exported timing constraints
RUN-1001 : Exported IO constraints
RUN-1001 : Exported Inst constraints
RUN-1002 : start command "route"
RUN-1001 : Open license file D:/Y_22S720/TD/license/Anlogic.lic
RUN-1001 : Print Global Property
RUN-1001 : ---------------------------------------------------------------
RUN-1001 :        Parameters        |  Settings  |  Default Values  |  Note  
RUN-1001 : ---------------------------------------------------------------
RUN-1001 :          message         |  standard  |     standard     |        
RUN-1001 :   mixed_pack_place_flow  |     on     |        on        |        
RUN-1001 :        syn_ip_flow       |    off     |       off        |        
RUN-1001 :          thread          |    auto    |       auto       |        
RUN-1001 : ---------------------------------------------------------------
RUN-1001 : Print Route Property
RUN-1001 : -------------------------------------------------------
RUN-1001 :    Parameters    |  Settings  |  Default Values  |  Note  
RUN-1001 : -------------------------------------------------------
RUN-1001 :      effort      |   medium   |      medium      |        
RUN-1001 :     fix_hold     |    off     |       off        |        
RUN-1001 :    opt_timing    |   medium   |      medium      |        
RUN-1001 :   phy_sim_model  |    off     |       off        |        
RUN-1001 :     priority     |   timing   |      timing      |        
RUN-1001 :     swap_pin     |     on     |        on        |        
RUN-1001 : -------------------------------------------------------
PHY-1001 : Route runs in 4 thread(s)
RUN-1001 : There are total 6 instances
RUN-1001 : 0 mslices, 0 lslices, 4 pads, 0 brams, 0 dsps
RUN-1001 : There are total 4 nets
RUN-1001 : 3 nets have 2 pins
RUN-1001 : 1 nets have [3 - 5] pins
RUN-1002 : start command "start_timer -report"
TMR-2505 : Start building timing graph for model rgb_led.
TMR-2506 : Build timing graph completely. Port num: 4, tpin num: 6, tnet num: 3, tinst num: 5, tnode num: 6, tedge num: 3.
TMR-2508 : Levelizing timing graph completed, there are 1 levels in total.
TMR-2501 : Timing graph initialized successfully.
PHY-1001 : 0 mslices, 0 lslices, 4 pads, 0 brams, 0 dsps
TMR-2503 : Start to update net delay, extr mode = 3.
TMR-2504 : Update delay of 3 nets completely.
TMR-2502 : Annotate delay completely, extr mode = 3.
TMR-3001 : Initiate 0 clocks from SDC.
TMR-3004 : Map sdc constraints, there are 0 constraints in total.
TMR-3003 : Constraints initiated successfully.
TMR-3501 : Forward propagation: start to calculate arrival time...
TMR-3502 : Backward propagation: start to calculate required time...
TMR-3503 : Timing propagation completes.
PHY-1001 : Start global routing, caller is route ...
RUN-1001 : Generating global routing grids ...
RUN-1001 : Building simple global routing graph ...
PHY-1001 : Generate routing nets ...
PHY-1001 : Global iterations in 4 thread ...
PHY-1002 : len = 0, over cnt = 0(0%), over = 0, worst = 0
PHY-1001 : End global iterations;  0.001101s wall, 0.000000s user + 0.000000s system = 0.000000s CPU (n/a%)

PHY-1001 : Congestion index: top1 = 0.00, top5 = 0.00, top10 = 0.00, top15 = 0.00.
PHY-1001 : End global routing;  0.068714s wall, 0.062500s user + 0.000000s system = 0.062500s CPU (91.0%)

PHY-1001 : Start detail routing ...
PHY-1001 : Current memory(MB): used = 128, reserve = 102, peak = 128.
PHY-1001 : Detailed router is running in normal mode.
PHY-1001 : Generate detailed routing grids ...
PHY-1001 : Generate nets ...
PHY-1001 : Current memory(MB): used = 387, reserve = 365, peak = 387.
PHY-1001 : End build detailed router design. 5.435056s wall, 5.234375s user + 0.109375s system = 5.343750s CPU (98.3%)

PHY-1001 : Detail Route ...
PHY-1001 : ===== Detail Route Phase 1 =====
PHY-1001 : Clock net routing.....
PHY-1001 : Routed 0% nets.
PHY-1022 : len = 0, over cnt = 0(0%), over = 0, worst = 0, crit = 0
PHY-1001 : End initial clock net routed; 0.003856s wall, 0.015625s user + 0.000000s system = 0.015625s CPU (405.2%)

PHY-1001 : Current memory(MB): used = 387, reserve = 365, peak = 387.
PHY-1001 : End phase 1; 0.010319s wall, 0.015625s user + 0.000000s system = 0.015625s CPU (151.4%)

PHY-1001 : ===== Detail Route Phase 2 =====
PHY-1001 : Initial routing.....
PHY-1022 : len = 0, over cnt = 0(0%), over = 0, worst = 0, crit = 0
PHY-1001 : Current memory(MB): used = 387, reserve = 365, peak = 387.
PHY-1001 : End initial routed; 0.009067s wall, 0.015625s user + 0.000000s system = 0.015625s CPU (172.3%)

PHY-1001 : Update timing.....
PHY-1001 : 0/0(0%) critical/total net(s).
RUN-1001 : ------------------------------------------
RUN-1001 :   Type   |    WNS(ns)    |  TNS(ns)  |  FEP  
RUN-1001 : ------------------------------------------
RUN-1001 :   Setup  |  2147483.647  |   0.000   |   0   
RUN-1001 :   Hold   |  2147483.647  |   0.000   |   0   
RUN-1001 : ------------------------------------------
PHY-1001 : End update timing; 0.029979s wall, 0.031250s user + 0.000000s system = 0.031250s CPU (104.2%)

PHY-1001 : Current memory(MB): used = 387, reserve = 365, peak = 387.
PHY-1001 : End phase 2; 0.039128s wall, 0.046875s user + 0.000000s system = 0.046875s CPU (119.8%)

PHY-1001 : ===== Detail Route Phase 3 =====
PHY-1001 : Optimize timing.....
PHY-1022 : len = 0, over cnt = 0(0%), over = 0, worst = 0, crit = 0
PHY-1001 : End optimize timing; 0.003858s wall, 0.000000s user + 0.000000s system = 0.000000s CPU (n/a%)

PHY-1001 : Update timing.....
PHY-1001 : 0/0(0%) critical/total net(s).
RUN-1001 : ------------------------------------------
RUN-1001 :   Type   |    WNS(ns)    |  TNS(ns)  |  FEP  
RUN-1001 : ------------------------------------------
RUN-1001 :   Setup  |  2147483.647  |   0.000   |   0   
RUN-1001 :   Hold   |  2147483.647  |   0.000   |   0   
RUN-1001 : ------------------------------------------
PHY-1001 : End update timing; 0.030236s wall, 0.031250s user + 0.000000s system = 0.031250s CPU (103.4%)

PHY-1001 : Commit to database.....
PHY-1001 : 0 feed throughs used by 0 nets
PHY-1001 : End commit to database; 0.000225s wall, 0.000000s user + 0.000000s system = 0.000000s CPU (n/a%)

PHY-1001 : Current memory(MB): used = 387, reserve = 365, peak = 387.
PHY-1001 : End phase 3; 0.034419s wall, 0.031250s user + 0.000000s system = 0.031250s CPU (90.8%)

PHY-1003 : Routed, final wirelength = 0
PHY-1001 : Current memory(MB): used = 387, reserve = 365, peak = 387.
PHY-1001 : End export database. 0.004616s wall, 0.000000s user + 0.000000s system = 0.000000s CPU (n/a%)

PHY-1001 : End detail routing;  5.760440s wall, 5.578125s user + 0.109375s system = 5.687500s CPU (98.7%)

RUN-1003 : finish command "route" in  5.940694s wall, 5.750000s user + 0.109375s system = 5.859375s CPU (98.6%)

RUN-1004 : used memory is 387 MB, reserved memory is 365 MB, peak memory is 387 MB
RUN-1002 : start command "report_area -io_info -file RGB_LED_phy.area"
RUN-1001 : standard
***Report Model: rgb_led Device: EG4S20BG256***

IO Statistics
#IO                         4
  #input                    1
  #output                   3
  #inout                    0

Utilization Statistics
#lut                        0   out of  19600    0.00%
#reg                        0   out of  19600    0.00%
#le                         0
#dsp                        0   out of     29    0.00%
#bram                       0   out of     64    0.00%
  #bram9k                   0
  #fifo9k                   0
#bram32k                    0   out of     16    0.00%
#pad                        4   out of    188    2.13%
  #ireg                     0
  #oreg                     0
  #treg                     0
#pll                        0   out of      4    0.00%
#gclk                       0   out of     16    0.00%

Clock Resource Statistics
Index     ClockNet    Type               DriverType         Driver    Fanout


Detailed IO Report

  Name     Direction    Location    IOStandard    DriveStrength    PullType    PackReg  
  led_b     OUTPUT        N16        LVCMOS33           8            NONE       NONE    
  led_g     OUTPUT        P16        LVCMOS33           8            NONE       NONE    
  led_r     OUTPUT        P15        LVCMOS33           8            NONE       NONE    

Report Hierarchy Area:
+-----------------------------------------------------------------------+
|Instance |Module  |le     |lut     |ripple  |seq     |bram    |dsp     |
+-----------------------------------------------------------------------+
|top      |rgb_led |0      |0       |0       |0       |0       |0       |
+-----------------------------------------------------------------------+


DataNet Average Fanout:

   Index      Fanout      Nets  
  Average    -nan(ind)          

RUN-1002 : start command "export_db RGB_LED_pr.db"
RUN-1001 : Exported /
RUN-1001 : Exported flow parameters
RUN-1001 : Exported libs
RUN-1001 : Exported entities
RUN-1001 : Exported ports
RUN-1001 : Exported pins
RUN-1001 : Exported instances
RUN-1001 : Exported nets
RUN-1001 : Exported buses
RUN-1001 : Exported models
RUN-1001 : Exported congestions
RUN-1001 : Exported violations
RUN-1001 : Exported timing constraints
RUN-1001 : Exported IO constraints
RUN-1001 : Exported Inst constraints
RUN-1002 : start command "export_bid RGB_LED_inst.bid"
RUN-1002 : start command "bitgen -bit RGB_LED.bit"
BIT-1003 : Start to generate bitstream. 
BIT-1002 : Init instances completely, inst num: 5
BIT-1002 : Init pips completely, net num: 4, pip num: 6
BIT-1003 : Multithreading accelaration with 4 threads.
BIT-1003 : Generate bitstream completely, there are 16 valid insts, and 32 bits set as '1'.
BIT-1004 : PLL setting string = 0000
BIT-1004 : Generate bits file RGB_LED.bit.
RUN-1002 : start command "backup_run_log run.log ../.logs/phy_1/td_20221008_150051.log"
