============================================================
   Tang Dynasty, V5.6.59063
   Copyright (c) 2012-2022 Anlogic
   Executable = C:/Anlogic/TD5.6.59063/bin/td.exe
   Built at =   12:45:13 Sep  6 2022
   Run by =     zhang
   Run Date =   Thu Oct  6 13:01:43 2022

   Run on =     DESKTOP-DRS13TT
============================================================
RUN-1002 : start command "open_project ov2640_sdram.prj"
RUN-6001 WARNING: File ../../al_ip/ramfifo.v already exists in IP ../../al_ip/ramfifo.ipc, it will be removed from project.
RUN-1001 : Print Global Property
RUN-1001 : ---------------------------------------------------------------
RUN-1001 :        Parameters        |  Settings  |  Default Values  |  Note  
RUN-1001 : ---------------------------------------------------------------
RUN-1001 :          message         |  standard  |     standard     |        
RUN-1001 :   mixed_pack_place_flow  |     on     |        on        |        
RUN-1001 :        qor_monitor       |    off     |       off        |        
RUN-1001 :        syn_ip_flow       |    off     |       off        |        
RUN-1001 :          thread          |    auto    |       auto       |        
RUN-1001 : ---------------------------------------------------------------
RUN-1001 : Print Design Property
RUN-1001 : --------------------------------------------------------------
RUN-1001 :        Parameters       |  Settings  |  Default Values  |  Note  
RUN-1001 : --------------------------------------------------------------
RUN-1001 :   default_reg_initial   |    auto    |       auto       |        
RUN-1001 :        infer_add        |     on     |        on        |        
RUN-1001 :        infer_fsm        |    off     |       off        |        
RUN-1001 :        infer_mult       |     on     |        on        |        
RUN-1001 :        infer_ram        |     on     |        on        |        
RUN-1001 :        infer_reg        |     on     |        on        |        
RUN-1001 :   infer_reg_init_value  |     on     |        on        |        
RUN-1001 :        infer_rom        |     on     |        on        |        
RUN-1001 :      infer_shifter      |     on     |        on        |        
RUN-1001 : --------------------------------------------------------------
RUN-1001 : Print Rtl Property
RUN-1001 : --------------------------------------------------------------
RUN-1001 :        Parameters       |  Settings  |  Default Values  |  Note  
RUN-1001 : --------------------------------------------------------------
RUN-1001 :       compress_add      |   ripple   |      ripple      |        
RUN-1001 :        elf_sload        |    off     |       off        |        
RUN-1001 :       fix_undriven      |     0      |        0         |        
RUN-1001 :         flatten         |    off     |       off        |        
RUN-1001 :       gate_sharing      |     on     |        on        |        
RUN-1001 :    hdl_warning_level    |   normal   |      normal      |        
RUN-1001 :   impl_internal_tribuf  |     on     |        on        |        
RUN-1001 :      impl_set_reset     |     on     |        on        |        
RUN-1001 :        infer_gsr        |    off     |       off        |        
RUN-1001 :      keep_hierarchy     |    auto    |       auto       |        
RUN-1001 :        max_fanout       |    9999    |       9999       |        
RUN-1001 :      max_oh2bin_len     |     10     |        10        |        
RUN-1001 :       merge_equal       |     on     |        on        |        
RUN-1001 :       merge_equiv       |     on     |        on        |        
RUN-1001 :        merge_mux        |    off     |       off        |        
RUN-1001 :     min_control_set     |     8      |        8         |        
RUN-1001 :      min_ripple_len     |    auto    |       auto       |        
RUN-1001 :       oh2bin_ratio      |    0.08    |       0.08       |        
RUN-1001 :     opt_adder_fanout    |     on     |        on        |        
RUN-1001 :        opt_arith        |     on     |        on        |        
RUN-1001 :       opt_big_gate      |    off     |       off        |        
RUN-1001 :        opt_const        |     on     |        on        |        
RUN-1001 :      opt_const_mult     |     on     |        on        |        
RUN-1001 :       opt_lessthan      |     on     |        on        |        
RUN-1001 :         opt_mux         |    off     |       off        |        
RUN-1001 :         opt_ram         |    high    |       high       |        
RUN-1001 :      rtl_sim_model      |    off     |       off        |        
RUN-1001 :         seq_syn         |     on     |        on        |        
RUN-1001 : --------------------------------------------------------------
HDL-1007 : analyze verilog file ../../al_ip/ramfifo.v
HDL-1007 : analyze verilog file ../../RTL/camera_init.v
HDL-1007 : undeclared symbol 'clk_div', assumed default net type 'wire' in ../../RTL/camera_init.v(74)
HDL-1007 : analyze verilog file ../../RTL/camera_reader.v
HDL-1007 : analyze verilog file ../../RTL/i2c_module.v
HDL-1007 : analyze verilog file ../../RTL/test_camera.v
HDL-1007 : analyze verilog file ../../al_ip/ip_pll.v
HDL-1007 : undeclared symbol 'open', assumed default net type 'wire' in ../../al_ip/ip_pll.v(86)
HDL-1007 : analyze verilog file ../../RTL/Sdram_Control_4Port/command.v
HDL-1007 : analyze included file ../../RTL/Sdram_Control_4Port/Sdram_Params.h in ../../RTL/Sdram_Control_4Port/command.v(27)
HDL-1007 : back to file '../../RTL/Sdram_Control_4Port/command.v' in ../../RTL/Sdram_Control_4Port/command.v(27)
HDL-1007 : analyze verilog file ../../RTL/Sdram_Control_4Port/control_interface.v
HDL-1007 : analyze included file ../../RTL/Sdram_Control_4Port/Sdram_Params.h in ../../RTL/Sdram_Control_4Port/control_interface.v(21)
HDL-1007 : back to file '../../RTL/Sdram_Control_4Port/control_interface.v' in ../../RTL/Sdram_Control_4Port/control_interface.v(21)
HDL-1007 : analyze verilog file ../../RTL/Sdram_Control_4Port/sdr_data_path.v
HDL-1007 : analyze included file ../../RTL/Sdram_Control_4Port/Sdram_Params.h in ../../RTL/Sdram_Control_4Port/sdr_data_path.v(10)
HDL-1007 : back to file '../../RTL/Sdram_Control_4Port/sdr_data_path.v' in ../../RTL/Sdram_Control_4Port/sdr_data_path.v(10)
HDL-1007 : analyze verilog file ../../RTL/Sdram_Control_4Port/Sdram_Control_4Port.v
HDL-1007 : analyze included file ../../RTL/Sdram_Control_4Port/Sdram_Params.h in ../../RTL/Sdram_Control_4Port/Sdram_Control_4Port.v(49)
HDL-1007 : back to file '../../RTL/Sdram_Control_4Port/Sdram_Control_4Port.v' in ../../RTL/Sdram_Control_4Port/Sdram_Control_4Port.v(49)
HDL-1007 : analyze verilog file ../../RTL/Sdram_Control_4Port/Sdram_RD_FIFO.v
HDL-1007 : analyze verilog file ../../RTL/Sdram_Control_4Port/Sdram_WR_FIFO.v
HDL-1007 : analyze verilog file ../../al_ip/sdram.v
HDL-1007 : analyze verilog file ../../RTL/Driver.v
RUN-1001 : Project manager successfully analyzed 14 source files.
RUN-1002 : start command "import_device eagle_s20.db -package EG4S20BG256"
ARC-1001 : Device Initialization.
ARC-1001 : ------------------------------------------------------------------
ARC-1001 :            OPTION            |          IO          |   SETTING   
ARC-1001 : ------------------------------------------------------------------
ARC-1001 :   cso_b/cclk/mosi/miso/dout  |  T3/R11/T10/P10/S11  |    gpio    
ARC-1001 :             done             |         P13          |    gpio    
ARC-1001 :           program_b          |          T2          |  dedicate  
ARC-1001 :        tdi/tms/tck/tdo       |   C12/A15/C14/E14    |  dedicate  
ARC-1001 : ------------------------------------------------------------------
ARC-1004 : Device setting, marked 5 dedicate IOs in total.
RUN-1002 : start command "elaborate -top test_camera"
RUN-1001 : Print Design Property
RUN-1001 : --------------------------------------------------------------
RUN-1001 :        Parameters       |  Settings  |  Default Values  |  Note  
RUN-1001 : --------------------------------------------------------------
RUN-1001 :   default_reg_initial   |    auto    |       auto       |        
RUN-1001 :        infer_add        |     on     |        on        |        
RUN-1001 :        infer_fsm        |    off     |       off        |        
RUN-1001 :        infer_mult       |     on     |        on        |        
RUN-1001 :        infer_ram        |     on     |        on        |        
RUN-1001 :        infer_reg        |     on     |        on        |        
RUN-1001 :   infer_reg_init_value  |     on     |        on        |        
RUN-1001 :        infer_rom        |     on     |        on        |        
RUN-1001 :      infer_shifter      |     on     |        on        |        
RUN-1001 : --------------------------------------------------------------
RUN-1001 : Print Rtl Property
RUN-1001 : --------------------------------------------------------------
RUN-1001 :        Parameters       |  Settings  |  Default Values  |  Note  
RUN-1001 : --------------------------------------------------------------
RUN-1001 :       compress_add      |   ripple   |      ripple      |        
RUN-1001 :        elf_sload        |    off     |       off        |        
RUN-1001 :       fix_undriven      |     0      |        0         |        
RUN-1001 :         flatten         |    off     |       off        |        
RUN-1001 :       gate_sharing      |     on     |        on        |        
RUN-1001 :    hdl_warning_level    |   normal   |      normal      |        
RUN-1001 :   impl_internal_tribuf  |     on     |        on        |        
RUN-1001 :      impl_set_reset     |     on     |        on        |        
RUN-1001 :        infer_gsr        |    off     |       off        |        
RUN-1001 :      keep_hierarchy     |    auto    |       auto       |        
RUN-1001 :        max_fanout       |    9999    |       9999       |        
RUN-1001 :      max_oh2bin_len     |     10     |        10        |        
RUN-1001 :       merge_equal       |     on     |        on        |        
RUN-1001 :       merge_equiv       |     on     |        on        |        
RUN-1001 :        merge_mux        |    off     |       off        |        
RUN-1001 :     min_control_set     |     8      |        8         |        
RUN-1001 :      min_ripple_len     |    auto    |       auto       |        
RUN-1001 :       oh2bin_ratio      |    0.08    |       0.08       |        
RUN-1001 :     opt_adder_fanout    |     on     |        on        |        
RUN-1001 :        opt_arith        |     on     |        on        |        
RUN-1001 :       opt_big_gate      |    off     |       off        |        
RUN-1001 :        opt_const        |     on     |        on        |        
RUN-1001 :      opt_const_mult     |     on     |        on        |        
RUN-1001 :       opt_lessthan      |     on     |        on        |        
RUN-1001 :         opt_mux         |    off     |       off        |        
RUN-1001 :         opt_ram         |    high    |       high       |        
RUN-1001 :      rtl_sim_model      |    off     |       off        |        
RUN-1001 :         seq_syn         |     on     |        on        |        
RUN-1001 : --------------------------------------------------------------
RUN-1001 : Print Global Property
RUN-1001 : ---------------------------------------------------------------
RUN-1001 :        Parameters        |  Settings  |  Default Values  |  Note  
RUN-1001 : ---------------------------------------------------------------
RUN-1001 :          message         |  standard  |     standard     |        
RUN-1001 :   mixed_pack_place_flow  |     on     |        on        |        
RUN-1001 :        qor_monitor       |    off     |       off        |        
RUN-1001 :        syn_ip_flow       |    off     |       off        |        
RUN-1001 :          thread          |    auto    |       auto       |        
RUN-1001 : ---------------------------------------------------------------
RUN-1001 : Print Design Property
RUN-1001 : --------------------------------------------------------------
RUN-1001 :        Parameters       |  Settings  |  Default Values  |  Note  
RUN-1001 : --------------------------------------------------------------
RUN-1001 :   default_reg_initial   |    auto    |       auto       |        
RUN-1001 :        infer_add        |     on     |        on        |        
RUN-1001 :        infer_fsm        |    off     |       off        |        
RUN-1001 :        infer_mult       |     on     |        on        |        
RUN-1001 :        infer_ram        |     on     |        on        |        
RUN-1001 :        infer_reg        |     on     |        on        |        
RUN-1001 :   infer_reg_init_value  |     on     |        on        |        
RUN-1001 :        infer_rom        |     on     |        on        |        
RUN-1001 :      infer_shifter      |     on     |        on        |        
RUN-1001 : --------------------------------------------------------------
HDL-1007 : elaborate module test_camera in ../../RTL/test_camera.v(14)
HDL-5007 WARNING: port 'load_reg' is not connected on this instance in ../../al_ip/ip_pll.v(46)
HDL-1007 : elaborate module ip_pll in ../../al_ip/ip_pll.v(26)
HDL-1007 : elaborate module EG_LOGIC_BUFG in C:/Anlogic/TD5.6.59063/arch/eagle_macro.v(8)
HDL-1007 : elaborate module EG_PHY_PLL(FIN="24.000",FBCLK_DIV=4,CLKC0_DIV=5,CLKC1_DIV=5,CLKC2_DIV=12,CLKC3_DIV=20,CLKC4_DIV=120,CLKC0_ENABLE="ENABLE",CLKC1_ENABLE="ENABLE",CLKC2_ENABLE="ENABLE",CLKC3_ENABLE="ENABLE",CLKC4_ENABLE="ENABLE",FEEDBK_PATH="CLKC0_EXT",STDBY_ENABLE="DISABLE",CLKC1_FPHASE=2,CLKC0_CPHASE=4,CLKC1_CPHASE=5,CLKC2_CPHASE=11,CLKC3_CPHASE=19,CLKC4_CPHASE=119,GMC_GAIN=2,ICP_CURRENT=9,KVCO=2,LPF_CAPACITOR=1,LPF_RESISTOR=8,SYNC_ENABLE="DISABLE") in C:/Anlogic/TD5.6.59063/arch/eagle_macro.v(929)
HDL-5007 WARNING: input port 'load_reg' is not connected on this instance in ../../al_ip/ip_pll.v(83)
HDL-1007 : elaborate module camera_init in ../../RTL/camera_init.v(14)
HDL-1007 : elaborate module i2c_module in ../../RTL/i2c_module.v(2)
HDL-1007 : elaborate module Driver in ../../RTL/Driver.v(11)
HDL-1007 : elaborate module camera_reader in ../../RTL/camera_reader.v(14)
HDL-5007 WARNING: port 'INIT_ACK' is not connected on this instance in ../../RTL/Sdram_Control_4Port/Sdram_Control_4Port.v(163)
HDL-1007 : elaborate module Sdram_Control_4Port in ../../RTL/Sdram_Control_4Port/Sdram_Control_4Port.v(1)
HDL-1007 : elaborate module control_interface in ../../RTL/Sdram_Control_4Port/control_interface.v(1)
HDL-5007 WARNING: actual bit length 2 differs from formal bit length 3 for port 'CMD' in ../../RTL/Sdram_Control_4Port/Sdram_Control_4Port.v(166)
HDL-1007 : elaborate module command in ../../RTL/Sdram_Control_4Port/command.v(1)
HDL-1007 : elaborate module sdr_data_path in ../../RTL/Sdram_Control_4Port/sdr_data_path.v(1)
HDL-1007 : elaborate module Sdram_WR_FIFO in ../../RTL/Sdram_Control_4Port/Sdram_WR_FIFO.v(39)
HDL-1007 : elaborate module ramfifo in ../../al_ip/ramfifo.v(14)
HDL-1007 : elaborate module EG_LOGIC_RAMFIFO(DATA_WIDTH=16,ADDR_WIDTH=10,IMPLEMENT="32K") in C:/Anlogic/TD5.6.59063/arch/eagle_macro.v(792)
HDL-5007 WARNING: actual bit length 16 differs from formal bit length 11 for port 'wrusedw' in ../../RTL/Sdram_Control_4Port/Sdram_WR_FIFO.v(93)
HDL-5007 WARNING: actual bit length 16 differs from formal bit length 11 for port 'rdusedw' in ../../RTL/Sdram_Control_4Port/Sdram_WR_FIFO.v(98)
HDL-1007 : elaborate module Sdram_RD_FIFO in ../../RTL/Sdram_Control_4Port/Sdram_RD_FIFO.v(39)
HDL-5007 WARNING: actual bit length 16 differs from formal bit length 11 for port 'wrusedw' in ../../RTL/Sdram_Control_4Port/Sdram_RD_FIFO.v(93)
HDL-5007 WARNING: actual bit length 16 differs from formal bit length 11 for port 'rdusedw' in ../../RTL/Sdram_Control_4Port/Sdram_RD_FIFO.v(98)
HDL-1007 : elaborate module sdram in ../../al_ip/sdram.v(14)
HDL-1007 : elaborate module EG_PHY_SDRAM_2M_32 in C:/Anlogic/TD5.6.59063/arch/eagle_macro.v(720)
HDL-5007 WARNING: input port 'INIT_ACK' is not connected on this instance in ../../RTL/Sdram_Control_4Port/Sdram_Control_4Port.v(163)
HDL-5007 WARNING: actual bit length 32 differs from formal bit length 21 for port 'WR1_MAX_ADDR' in ../../RTL/test_camera.v(171)
HDL-5007 WARNING: actual bit length 32 differs from formal bit length 21 for port 'WR2_MAX_ADDR' in ../../RTL/test_camera.v(182)
HDL-5007 WARNING: actual bit length 32 differs from formal bit length 21 for port 'RD1_MAX_ADDR' in ../../RTL/test_camera.v(192)
HDL-5007 WARNING: actual bit length 32 differs from formal bit length 21 for port 'RD2_MAX_ADDR' in ../../RTL/test_camera.v(204)
HDL-5001 WARNING: Contains anonymous inst(s) and/or net(s) that have not been renamed
HDL-1200 : Current top model is test_camera
HDL-1100 : Inferred 0 RAMs.
RUN-1002 : start command "export_db ov2640_sdram_elaborate.db"
RUN-1001 : Exported /
RUN-1001 : Exported flow parameters
RUN-1001 : Exported libs
RUN-1001 : Exported entities
RUN-1001 : Exported ports
RUN-1001 : Exported pins
RUN-1001 : Exported instances
RUN-1001 : Exported nets
RUN-1001 : Exported buses
RUN-1001 : Exported models
RUN-1001 : Exported congestions
RUN-1001 : Exported violations
RUN-1001 : Exported IO constraints
RUN-1001 : Exported Inst constraints
RUN-1002 : start command "backup_run_log run.log ../.logs/syn_1/td_20221006_130143.log"
