============================================================
   Tang Dynasty, V4.6.13941
   Copyright:   Shanghai Anlogic Infotech Co., Ltd.
                2011 - 2021
   Executable = D:/Anlogic/TD4.6.1/bin/td.exe
   Built at =   17:07:14 Aug 27 2019
   Run by =     zhang
   Run Date =   Wed Nov  6 19:54:43 2019

   Run on =     DESKTOP-SGFO9TT
============================================================
RUN-1002 : start command "open_project cam.al"
HDL-1007 : analyze verilog file ../RTL/camera_reader.v
HDL-1007 : analyze verilog file ../RTL/Driver.v
HDL-1007 : analyze verilog file ../RTL/i2c_module.v
HDL-1007 : analyze verilog file ../RTL/test_camera.v
HDL-1007 : analyze verilog file ../RTL/camera_init.v
HDL-1007 : analyze verilog file al_ip/ip_pll.v
HDL-1007 : analyze verilog file al_ip/img_cache.v
RUN-1002 : start command "import_device eagle_s20.db -package BG256"
ARC-1001 : Device Initialization.
ARC-1001 : ------------------------------------------------------------------
ARC-1001 :            OPTION            |          IO          |   SETTING   
ARC-1001 : ------------------------------------------------------------------
ARC-1001 :   cso_b/cclk/mosi/miso/dout  |  T3/R11/T10/P10/S11  |    gpio    
ARC-1001 :             done             |         P13          |    gpio    
ARC-1001 :           program_b          |          T2          |  dedicated  
ARC-1001 :        tdi/tms/tck/tdo       |   C12/A15/C14/E14    |  dedicated  
ARC-1001 : ------------------------------------------------------------------
ARC-1004 : Device setting, marked 5 dedicate IOs in total.
RUN-1002 : start command "import_db cam_pr.db"
RUN-1001 : Importing database generated by Tang Dynasty, V4.6.13941.
RUN-1001 : Database version number 46116.
RUN-1001 : Import IO constraints
RUN-1001 : Import Inst constraints
RUN-1001 : Import flow parameters
RUN-1003 : finish command "import_db cam_pr.db" in  1.154702s wall, 1.109375s user + 0.125000s system = 1.234375s CPU (106.9%)

RUN-1004 : used memory is 197 MB, reserved memory is 178 MB, peak memory is 197 MB
RUN-1002 : start command "clean_project C:/Users/zhang/Desktop/SparkRoad-V/demo/14_New_Cam/cam/cam.al"
