============================================================
   Tang Dynasty, V4.6.13941
   Copyright:   Shanghai Anlogic Infotech Co., Ltd.
                2011 - 2021
   Executable = C:/Anlogic/TD4.6.1/bin/td.exe
   Built at =   17:07:14 Aug 27 2019
   Run by =     zhang
   Run Date =   Tue Oct 15 10:08:19 2019

   Run on =     DESKTOP-0KK6GHJ
============================================================
ARC-1001 : Device Initialization.
ARC-1001 : ------------------------------------------------------------------
ARC-1001 :            OPTION            |          IO          |   SETTING   
ARC-1001 : ------------------------------------------------------------------
ARC-1001 :   cso_b/cclk/mosi/miso/dout  |  T3/R11/T10/P10/S11  |    gpio    
ARC-1001 :             done             |         P13          |    gpio    
ARC-1001 :           program_b          |          T2          |  dedicated  
ARC-1001 :        tdi/tms/tck/tdo       |   C12/A15/C14/E14    |  dedicated  
ARC-1001 : ------------------------------------------------------------------
ARC-1004 : Device setting, marked 5 dedicate IOs in total.
HDL-1007 : analyze verilog file ../RTL/camera_reader.v
HDL-1007 : analyze verilog file ../RTL/Driver.v
HDL-1007 : analyze verilog file ../RTL/i2c_module.v
HDL-1007 : analyze verilog file ../RTL/test_camera.v
HDL-1007 : analyze verilog file ../RTL/lcd_sync.v
HDL-1007 : analyze verilog file ../RTL/camera_init.v
HDL-1007 : analyze verilog file al_ip/u_pll.v
HDL-1007 : analyze verilog file al_ip/ip_pll.v
HDL-1007 : analyze verilog file ../RTL/lcd_sync.v
HDL-8007 ERROR: 'rest_n' is not declared in ../RTL/lcd_sync.v(73)
HDL-8007 ERROR: 'rest_n' is not declared in ../RTL/lcd_sync.v(75)
HDL-8007 ERROR: 'rest_n' is not declared in ../RTL/lcd_sync.v(83)
HDL-8007 ERROR: 'rest_n' is not declared in ../RTL/lcd_sync.v(85)
HDL-8007 ERROR: 'rest_n' is not declared in ../RTL/lcd_sync.v(93)
HDL-8007 ERROR: 'rest_n' is not declared in ../RTL/lcd_sync.v(94)
HDL-8007 ERROR: 'rest_n' is not declared in ../RTL/lcd_sync.v(107)
HDL-8007 ERROR: 'rest_n' is not declared in ../RTL/lcd_sync.v(109)
HDL-8007 ERROR: ignore module module due to previous errors in ../RTL/lcd_sync.v(117)
HDL-1007 : Verilog file '../RTL/lcd_sync.v' ignored due to errors
HDL-1007 : analyze verilog file ../RTL/lcd_sync.v
HDL-8007 ERROR: 'rest_n' is not declared in ../RTL/lcd_sync.v(73)
HDL-8007 ERROR: 'rest_n' is not declared in ../RTL/lcd_sync.v(75)
HDL-8007 ERROR: 'rest_n' is not declared in ../RTL/lcd_sync.v(83)
HDL-8007 ERROR: 'rest_n' is not declared in ../RTL/lcd_sync.v(85)
HDL-8007 ERROR: 'rest_n' is not declared in ../RTL/lcd_sync.v(93)
HDL-8007 ERROR: 'rest_n' is not declared in ../RTL/lcd_sync.v(94)
HDL-8007 ERROR: 'rest_n' is not declared in ../RTL/lcd_sync.v(107)
HDL-8007 ERROR: 'rest_n' is not declared in ../RTL/lcd_sync.v(109)
HDL-8007 ERROR: ignore module module due to previous errors in ../RTL/lcd_sync.v(117)
HDL-1007 : Verilog file '../RTL/lcd_sync.v' ignored due to errors
