============================================================
   Tang Dynasty, V5.6.59063
   Copyright (c) 2012-2022 Anlogic
   Executable = C:/Anlogic/TD5.6.59063/bin/td.exe
   Built at =   12:45:13 Sep  6 2022
   Run by =     zhang
   Run Date =   Fri Oct 28 08:42:58 2022

   Run on =     DESKTOP-DRS13TT
============================================================
RUN-1002 : start command "open_project ov5640_sdram.prj"
RUN-6001 WARNING: File ../../al_ip/ramfifo.v already exists in IP ../../al_ip/ramfifo.ipc, it will be removed from project.
RUN-6001 WARNING: File ../../al_ip/uart_buffer.v already exists in IP ../../al_ip/uart_buffer.ipc, it will be removed from project.
RUN-1001 : Print Global Property
RUN-1001 : ---------------------------------------------------------------
RUN-1001 :        Parameters        |  Settings  |  Default Values  |  Note  
RUN-1001 : ---------------------------------------------------------------
RUN-1001 :          message         |  standard  |     standard     |        
RUN-1001 :   mixed_pack_place_flow  |     on     |        on        |        
RUN-1001 :        qor_monitor       |    off     |       off        |        
RUN-1001 :        syn_ip_flow       |    off     |       off        |        
RUN-1001 :          thread          |    auto    |       auto       |        
RUN-1001 : ---------------------------------------------------------------
RUN-1001 : Print Design Property
RUN-1001 : --------------------------------------------------------------
RUN-1001 :        Parameters       |  Settings  |  Default Values  |  Note  
RUN-1001 : --------------------------------------------------------------
RUN-1001 :   default_reg_initial   |    auto    |       auto       |        
RUN-1001 :        infer_add        |     on     |        on        |        
RUN-1001 :        infer_fsm        |    off     |       off        |        
RUN-1001 :        infer_mult       |     on     |        on        |        
RUN-1001 :        infer_ram        |     on     |        on        |        
RUN-1001 :        infer_reg        |     on     |        on        |        
RUN-1001 :   infer_reg_init_value  |     on     |        on        |        
RUN-1001 :        infer_rom        |     on     |        on        |        
RUN-1001 :      infer_shifter      |     on     |        on        |        
RUN-1001 : --------------------------------------------------------------
RUN-1001 : Print Rtl Property
RUN-1001 : --------------------------------------------------------------
RUN-1001 :        Parameters       |  Settings  |  Default Values  |  Note  
RUN-1001 : --------------------------------------------------------------
RUN-1001 :       compress_add      |   ripple   |      ripple      |        
RUN-1001 :        elf_sload        |    off     |       off        |        
RUN-1001 :       fix_undriven      |     0      |        0         |        
RUN-1001 :         flatten         |    off     |       off        |        
RUN-1001 :       gate_sharing      |     on     |        on        |        
RUN-1001 :    hdl_warning_level    |   normal   |      normal      |        
RUN-1001 :   impl_internal_tribuf  |     on     |        on        |        
RUN-1001 :      impl_set_reset     |     on     |        on        |        
RUN-1001 :        infer_gsr        |    off     |       off        |        
RUN-1001 :      keep_hierarchy     |    auto    |       auto       |        
RUN-1001 :        max_fanout       |    9999    |       9999       |        
RUN-1001 :      max_oh2bin_len     |     10     |        10        |        
RUN-1001 :       merge_equal       |     on     |        on        |        
RUN-1001 :       merge_equiv       |     on     |        on        |        
RUN-1001 :        merge_mux        |    off     |       off        |        
RUN-1001 :     min_control_set     |     8      |        8         |        
RUN-1001 :      min_ripple_len     |    auto    |       auto       |        
RUN-1001 :       oh2bin_ratio      |    0.08    |       0.08       |        
RUN-1001 :     opt_adder_fanout    |     on     |        on        |        
RUN-1001 :        opt_arith        |     on     |        on        |        
RUN-1001 :       opt_big_gate      |    off     |       off        |        
RUN-1001 :        opt_const        |     on     |        on        |        
RUN-1001 :      opt_const_mult     |     on     |        on        |        
RUN-1001 :       opt_lessthan      |     on     |        on        |        
RUN-1001 :         opt_mux         |    off     |       off        |        
RUN-1001 :         opt_ram         |    high    |       high       |        
RUN-1001 :      rtl_sim_model      |    off     |       off        |        
RUN-1001 :         seq_syn         |     on     |        on        |        
RUN-1001 : --------------------------------------------------------------
HDL-1007 : analyze verilog file ../../al_ip/uart_buffer.v
HDL-1007 : analyze verilog file ../../al_ip/ramfifo.v
HDL-1007 : analyze verilog file ../../src/CMOS_Capture_RGB565.v
HDL-1007 : analyze verilog file ../../src/Driver.v
HDL-1007 : analyze verilog file ../../src/OV5640_SDRAM.v
HDL-1007 : analyze verilog file ../../src/uart_driver.v
HDL-1007 : analyze verilog file ../../src/Sdram_Control_4Port/command.v
HDL-1007 : analyze included file ../../src/Sdram_Control_4Port/Sdram_Params.h in ../../src/Sdram_Control_4Port/command.v(27)
HDL-1007 : back to file '../../src/Sdram_Control_4Port/command.v' in ../../src/Sdram_Control_4Port/command.v(27)
HDL-1007 : analyze verilog file ../../src/Sdram_Control_4Port/control_interface.v
HDL-1007 : analyze included file ../../src/Sdram_Control_4Port/Sdram_Params.h in ../../src/Sdram_Control_4Port/control_interface.v(21)
HDL-1007 : back to file '../../src/Sdram_Control_4Port/control_interface.v' in ../../src/Sdram_Control_4Port/control_interface.v(21)
HDL-1007 : analyze verilog file ../../src/Sdram_Control_4Port/sdr_data_path.v
HDL-1007 : analyze included file ../../src/Sdram_Control_4Port/Sdram_Params.h in ../../src/Sdram_Control_4Port/sdr_data_path.v(10)
HDL-1007 : back to file '../../src/Sdram_Control_4Port/sdr_data_path.v' in ../../src/Sdram_Control_4Port/sdr_data_path.v(10)
HDL-1007 : analyze verilog file ../../src/Sdram_Control_4Port/Sdram_Control_4Port.v
HDL-1007 : analyze included file ../../src/Sdram_Control_4Port/Sdram_Params.h in ../../src/Sdram_Control_4Port/Sdram_Control_4Port.v(49)
HDL-1007 : back to file '../../src/Sdram_Control_4Port/Sdram_Control_4Port.v' in ../../src/Sdram_Control_4Port/Sdram_Control_4Port.v(49)
HDL-1007 : analyze verilog file ../../src/Sdram_Control_4Port/Sdram_RD_FIFO.v
HDL-1007 : analyze verilog file ../../src/Sdram_Control_4Port/Sdram_WR_FIFO.v
HDL-1007 : analyze verilog file ../../src/sccb/I2C_Controller.v
HDL-1007 : analyze verilog file ../../src/sccb/I2C_OV5640_Init_RGB565.v
HDL-1007 : analyze verilog file ../../src/sccb/I2C_OV5640_RGB565_Config.v
HDL-1007 : analyze verilog file ../../al_ip/sys_pll.v
HDL-1007 : undeclared symbol 'open', assumed default net type 'wire' in ../../al_ip/sys_pll.v(95)
HDL-1007 : analyze verilog file ../../al_ip/sdram.v
RUN-1001 : Project manager successfully analyzed 17 source files.
RUN-1002 : start command "import_device eagle_s20.db -package EG4S20BG256"
ARC-1001 : Device Initialization.
ARC-1001 : ------------------------------------------------------------------
ARC-1001 :            OPTION            |          IO          |   SETTING   
ARC-1001 : ------------------------------------------------------------------
ARC-1001 :   cso_b/cclk/mosi/miso/dout  |  T3/R11/T10/P10/S11  |    gpio    
ARC-1001 :             done             |         P13          |    gpio    
ARC-1001 :           program_b          |          T2          |  dedicate  
ARC-1001 :        tdi/tms/tck/tdo       |   C12/A15/C14/E14    |  dedicate  
ARC-1001 : ------------------------------------------------------------------
ARC-1004 : Device setting, marked 5 dedicate IOs in total.
RUN-1002 : start command "import_db ov5640_sdram_elaborate.db"
RUN-1001 : Importing database generated by Tang Dynasty, V5.6.59063.
RUN-1001 : Database version number 46140.
RUN-1001 : Import flow parameters
RUN-1001 : Import IO constraints
RUN-1001 : Import Inst constraints
RUN-1001 : Import design success TD_VERSION=5.6.59063 , DB_VERSION=46140
RUN-1002 : start command "read_adc ../../constraints/sparkroad_large.adc"
RUN-1002 : start command "set_pin_assignment clk_in  LOCATION = K14; "
RUN-1002 : start command "set_pin_assignment reset_n  LOCATION = G11; "
RUN-1002 : start command "set_pin_assignment tx  LOCATION = E16;  "
RUN-1002 : start command "set_pin_assignment rx  LOCATION = F16;  "
RUN-1002 : start command "set_pin_assignment cmos_sclk  LOCATION = D16; "
RUN-1002 : start command "set_pin_assignment cmos_sdat  LOCATION = D14; "
RUN-1002 : start command "set_pin_assignment cmos_vsync  LOCATION = E15; "
RUN-1002 : start command "set_pin_assignment cmos_href  LOCATION = F15; "
RUN-1002 : start command "set_pin_assignment cmos_pclk  LOCATION = K12; "
RUN-1002 : start command "set_pin_assignment cmos_xclk  LOCATION = J12; "
RUN-1002 : start command "set_pin_assignment cmos_data[7]  LOCATION = H13; "
RUN-1002 : start command "set_pin_assignment cmos_data[6]  LOCATION = G16; "
RUN-1002 : start command "set_pin_assignment cmos_data[5]  LOCATION = H16; "
RUN-1002 : start command "set_pin_assignment cmos_data[4]  LOCATION = G14; "
RUN-1002 : start command "set_pin_assignment cmos_data[3]  LOCATION = K15; "
RUN-1002 : start command "set_pin_assignment cmos_data[2]  LOCATION = K16; "
RUN-1002 : start command "set_pin_assignment cmos_data[1]  LOCATION = J16; "
RUN-1002 : start command "set_pin_assignment cmos_data[0]  LOCATION = H15; "
RUN-1002 : start command "set_pin_assignment cmos_rst_n  LOCATION = F13; "
RUN-1002 : start command "set_pin_assignment cmos_pwdn  LOCATION = F14; "
RUN-1002 : start command "set_pin_assignment cmos_afv  LOCATION = L16; "
RUN-1002 : start command "set_pin_assignment cmos_afd  LOCATION = M16; "
RUN-1002 : start command "set_pin_assignment VGA_VCLK  LOCATION = H2; "
RUN-1002 : start command "set_pin_assignment VGA_HS  LOCATION = J3; "
RUN-1002 : start command "set_pin_assignment VGA_VS  LOCATION = J4; "
RUN-1002 : start command "set_pin_assignment VGA_R[7]  LOCATION = K6; "
RUN-1002 : start command "set_pin_assignment VGA_R[6]  LOCATION = K3; "
RUN-1002 : start command "set_pin_assignment VGA_R[5]  LOCATION = K5; "
RUN-1002 : start command "set_pin_assignment VGA_R[4]  LOCATION = L4; "
RUN-1002 : start command "set_pin_assignment VGA_R[3]  LOCATION = M1; "
RUN-1002 : start command "set_pin_assignment VGA_R[2]  LOCATION = M2; "
RUN-1002 : start command "set_pin_assignment VGA_R[1]  LOCATION = L3; "
RUN-1002 : start command "set_pin_assignment VGA_R[0]  LOCATION = L5; "
RUN-1002 : start command "set_pin_assignment VGA_G[7]  LOCATION = H5; "
RUN-1002 : start command "set_pin_assignment VGA_G[6]  LOCATION = H1; "
RUN-1002 : start command "set_pin_assignment VGA_G[5]  LOCATION = J6; "
RUN-1002 : start command "set_pin_assignment VGA_G[4]  LOCATION = H3; "
RUN-1002 : start command "set_pin_assignment VGA_G[3]  LOCATION = J1; "
RUN-1002 : start command "set_pin_assignment VGA_G[2]  LOCATION = K1; "
RUN-1002 : start command "set_pin_assignment VGA_G[1]  LOCATION = K2; "
RUN-1002 : start command "set_pin_assignment VGA_G[0]  LOCATION = L1; "
RUN-1002 : start command "set_pin_assignment VGA_B[7]  LOCATION = C1; "
RUN-1002 : start command "set_pin_assignment VGA_B[6]  LOCATION = D1; "
RUN-1002 : start command "set_pin_assignment VGA_B[5]  LOCATION = E2; "
RUN-1002 : start command "set_pin_assignment VGA_B[4]  LOCATION = G3; "
RUN-1002 : start command "set_pin_assignment VGA_B[3]  LOCATION = E1; "
RUN-1002 : start command "set_pin_assignment VGA_B[2]  LOCATION = F2; "
RUN-1002 : start command "set_pin_assignment VGA_B[1]  LOCATION = F1; "
RUN-1002 : start command "set_pin_assignment VGA_B[0]  LOCATION = G1; "
USR-6010 WARNING: ADC constraints: top model pin VGA_BL has no constraint.
USR-6010 WARNING: ADC constraints: top model pin VGA_DE has no constraint.
USR-6010 WARNING: ADC constraints: top model pin cmos_data[9] has no constraint.
USR-6010 WARNING: ADC constraints: top model pin cmos_data[8] has no constraint.
RUN-1002 : start command "optimize_rtl"
RUN-1001 : Open license file C:/Anlogic/TD5.6.59063/license/Anlogic.lic
RUN-1001 : Print Global Property
RUN-1001 : ---------------------------------------------------------------
RUN-1001 :        Parameters        |  Settings  |  Default Values  |  Note  
RUN-1001 : ---------------------------------------------------------------
RUN-1001 :          message         |  standard  |     standard     |        
RUN-1001 :   mixed_pack_place_flow  |     on     |        on        |        
RUN-1001 :        qor_monitor       |    off     |       off        |        
RUN-1001 :        syn_ip_flow       |    off     |       off        |        
RUN-1001 :          thread          |    auto    |       auto       |        
RUN-1001 : ---------------------------------------------------------------
RUN-1001 : Print Rtl Property
RUN-1001 : --------------------------------------------------------------
RUN-1001 :        Parameters       |  Settings  |  Default Values  |  Note  
RUN-1001 : --------------------------------------------------------------
RUN-1001 :       compress_add      |   ripple   |      ripple      |        
RUN-1001 :        elf_sload        |    off     |       off        |        
RUN-1001 :       fix_undriven      |     0      |        0         |        
RUN-1001 :         flatten         |    off     |       off        |        
RUN-1001 :       gate_sharing      |     on     |        on        |        
RUN-1001 :    hdl_warning_level    |   normal   |      normal      |        
RUN-1001 :   impl_internal_tribuf  |     on     |        on        |        
RUN-1001 :      impl_set_reset     |     on     |        on        |        
RUN-1001 :        infer_gsr        |    off     |       off        |        
RUN-1001 :      keep_hierarchy     |    auto    |       auto       |        
RUN-1001 :        max_fanout       |    9999    |       9999       |        
RUN-1001 :      max_oh2bin_len     |     10     |        10        |        
RUN-1001 :       merge_equal       |     on     |        on        |        
RUN-1001 :       merge_equiv       |     on     |        on        |        
RUN-1001 :        merge_mux        |    off     |       off        |        
RUN-1001 :     min_control_set     |     8      |        8         |        
RUN-1001 :      min_ripple_len     |    auto    |       auto       |        
RUN-1001 :       oh2bin_ratio      |    0.08    |       0.08       |        
RUN-1001 :     opt_adder_fanout    |     on     |        on        |        
RUN-1001 :        opt_arith        |     on     |        on        |        
RUN-1001 :       opt_big_gate      |    off     |       off        |        
RUN-1001 :        opt_const        |     on     |        on        |        
RUN-1001 :      opt_const_mult     |     on     |        on        |        
RUN-1001 :       opt_lessthan      |     on     |        on        |        
RUN-1001 :         opt_mux         |    off     |       off        |        
RUN-1001 :         opt_ram         |    high    |       high       |        
RUN-1001 :      rtl_sim_model      |    off     |       off        |        
RUN-1001 :         seq_syn         |     on     |        on        |        
RUN-1001 : --------------------------------------------------------------
SYN-1012 : SanityCheck: Model "OV5640_SDRAM"
SYN-1012 : SanityCheck: Model "Sdram_Control_4Port"
SYN-1012 : SanityCheck: Model "command"
SYN-1012 : SanityCheck: Model "control_interface"
SYN-1012 : SanityCheck: Model "sdr_data_path"
SYN-1012 : SanityCheck: Model "Sdram_RD_FIFO"
SYN-1012 : SanityCheck: Model "ramfifo"
SYN-1012 : SanityCheck: Model "ram_infer_ramfifo(DATAWIDTH_A=16,ADDRWIDTH_A=10,DATAWIDTH_B=16,ADDRWIDTH_B=10)"
SYN-1012 : SanityCheck: Model "fifo_cross_domain_addr_process_al_ramfifo(ADDR_WIDTH=10)"
SYN-1012 : SanityCheck: Model "sdram"
SYN-1012 : SanityCheck: Model "Sdram_WR_FIFO"
SYN-1012 : SanityCheck: Model "sys_pll"
SYN-1012 : SanityCheck: Model "CMOS_Capture_RGB565"
SYN-1012 : SanityCheck: Model "I2C_OV5640_Init_RGB565"
SYN-1012 : SanityCheck: Model "I2C_Controller"
SYN-1012 : SanityCheck: Model "I2C_OV5640_RGB565_Config"
SYN-1012 : SanityCheck: Model "uart_driver"
SYN-1012 : SanityCheck: Model "uart_buffer"
SYN-1012 : SanityCheck: Model "ram_infer_uart_buffer(DATAWIDTH_A=8,ADDRWIDTH_A=8,DATAWIDTH_B=8,ADDRWIDTH_B=8)"
SYN-1012 : SanityCheck: Model "fifo_cross_domain_addr_process_al_uart_buffer(ADDR_WIDTH=8)"
SYN-1012 : SanityCheck: Model "Driver"
SYN-1043 : Mark I2C_Controller as IO macro for instance i2c_sdat_i
SYN-1043 : Mark I2C_OV5640_Init_RGB565 as IO macro for instance u_I2C_Controller
SYN-1043 : Mark sys_pll as IO macro for instance bufg_feedback
SYN-1043 : Mark Sdram_Control_4Port as IO macro for instance DQ_i10
SYN-1011 : Flatten model OV5640_SDRAM
SYN-1032 : 6508/6934 useful/useless nets, 3393/1339 useful/useless insts
SYN-1001 : Optimize 2 less-than instances
SYN-1001 : Optimize 33 less-than instances
SYN-1016 : Merged 996 instances.
SYN-1026 : Infer Logic BRAM(Sdram_Control_4Port/read_fifo1/dcfifo_component/ram_inst/ramread0_syn_6)
	 port mode: single dual port
	 port a size: 1024 x 16	 write mode: NORMAL
	 port b size: 1024 x 16	 write mode: READBEFOREWRITE
SYN-1026 : Infer Logic BRAM(Sdram_Control_4Port/write_fifo1/dcfifo_component/ram_inst/ramread0_syn_6)
	 port mode: single dual port
	 port a size: 1024 x 16	 write mode: NORMAL
	 port b size: 1024 x 16	 write mode: READBEFOREWRITE
SYN-1026 : Infer Logic BRAM(Sdram_Control_4Port/write_fifo2/dcfifo_component/ram_inst/ramread0_syn_6)
	 port mode: single dual port
	 port a size: 1024 x 16	 write mode: NORMAL
	 port b size: 1024 x 16	 write mode: READBEFOREWRITE
SYN-1026 : Infer Logic BRAM(uart_master/tx_buffer/ram_inst/ramread0_syn_6)
	 port mode: single dual port
	 port a size: 256 x 8	 write mode: NORMAL
	 port b size: 256 x 8	 write mode: READBEFOREWRITE
SYN-1023 : Infer 0 Logic DRAMs, 4 Logic BRAMs.
SYN-1032 : 3775/4610 useful/useless nets, 1601/1018 useful/useless insts
SYN-1016 : Merged 2825 instances.
SYN-5013 WARNING: Undriven net: model "OV5640_SDRAM" / net "pll/stdby" in ../../al_ip/sys_pll.v(38)
SYN-5014 WARNING: the net's pin: pin "stdby" in ../../al_ip/sys_pll.v(87)
SYN-5013 WARNING: Undriven net: model "OV5640_SDRAM" / net "uart_master/tx_data[0]" in ../../src/uart_driver.v(11)
SYN-5014 WARNING: the net's pin: pin "i0" in ../../src/uart_driver.v(68)
SYN-5013 WARNING: Undriven net: model "OV5640_SDRAM" / net "uart_master/tx_trigger" in ../../src/uart_driver.v(9)
SYN-5014 WARNING: the net's pin: pin "i0" in ../../src/uart_driver.v(68)
SYN-5025 WARNING: Using 0 for all undriven pins and nets
SYN-1032 : 3107/29 useful/useless nets, 2740/48 useful/useless insts
SYN-1014 : Optimize round 1
SYN-1017 : Remove 4 const input seq instances
SYN-1002 :     u_I2C_OV5640_Init_RGB565/reg0_syn_11
SYN-1002 :     uart_master/reg4_syn_2
SYN-1002 :     uart_master/tx_save_reg
SYN-1002 :     vga_out/reg0_syn_13
SYN-1019 : Optimized 3 mux instances.
SYN-1021 : Optimized 36 onehot mux instances.
SYN-1020 : Optimized 175 distributor mux.
SYN-1001 : Optimize 21 less-than instances
SYN-1019 : Optimized 8 mux instances.
SYN-1016 : Merged 3364 instances.
SYN-1015 : Optimize round 1, 4290 better
SYN-1014 : Optimize round 2
SYN-1044 : Optimized 2 inv instances.
SYN-1032 : 2374/405 useful/useless nets, 2016/669 useful/useless insts
SYN-1017 : Remove 9 const input seq instances
SYN-1002 :     Sdram_Control_4Port/reg10_syn_11
SYN-1002 :     Sdram_Control_4Port/reg11_syn_2
SYN-1002 :     Sdram_Control_4Port/reg11_syn_21
SYN-1002 :     Sdram_Control_4Port/reg13_syn_2
SYN-1002 :     Sdram_Control_4Port/reg13_syn_21
SYN-1002 :     Sdram_Control_4Port/reg4_syn_3
SYN-1002 :     Sdram_Control_4Port/reg7_syn_3
SYN-1002 :     Sdram_Control_4Port/write_fifo2/dcfifo_component/wr_to_rd_cross_inst/reg1_syn_10
SYN-1002 :     Sdram_Control_4Port/write_fifo2/dcfifo_component/wr_to_rd_cross_inst/reg2_syn_11
SYN-1019 : Optimized 23 mux instances.
SYN-1020 : Optimized 2 distributor mux.
SYN-1019 : Optimized 3 mux instances.
SYN-1016 : Merged 37 instances.
SYN-1015 : Optimize round 2, 1185 better
SYN-1032 : 2255/70 useful/useless nets, 1927/15 useful/useless insts
SYN-3004 : Optimized 10 const0 DFF(s)
SYN-3003 : Optimized 1 equivalent DFF(s)
SYN-3003 : Optimized 1 equivalent DFF(s)
SYN-3004 : Optimized 2 const0 DFF(s)
SYN-3004 : Optimized 20 const0 DFF(s)
SYN-1032 : 2187/68 useful/useless nets, 1875/18 useful/useless insts
SYN-1014 : Optimize round 1
SYN-1032 : 2151/20 useful/useless nets, 1848/12 useful/useless insts
SYN-1017 : Remove 2 const input seq instances
SYN-1002 :     Sdram_Control_4Port/command1/reg0_syn_2
SYN-1002 :     Sdram_Control_4Port/reg0_syn_2
SYN-1016 : Merged 1 instances.
SYN-1015 : Optimize round 1, 58 better
SYN-1014 : Optimize round 2
SYN-1032 : 2116/26 useful/useless nets, 1829/9 useful/useless insts
SYN-1019 : Optimized 1 mux instances.
SYN-1015 : Optimize round 2, 22 better
SYN-1014 : Optimize round 3
SYN-1032 : 2114/1 useful/useless nets, 1827/0 useful/useless insts
SYN-1017 : Remove 1 const input seq instances
SYN-1002 :     uart_master/tx_busy_reg
SYN-1019 : Optimized 16 mux instances.
SYN-1016 : Merged 14 instances.
SYN-1015 : Optimize round 3, 63 better
SYN-1014 : Optimize round 4
SYN-1032 : 2036/26 useful/useless nets, 1767/10 useful/useless insts
SYN-1017 : Remove 3 const input seq instances
SYN-1002 :     uart_master/reg2_syn_10
SYN-1002 :     uart_master/reg2_syn_13
SYN-1002 :     uart_master/reg3_syn_11
SYN-1019 : Optimized 10 mux instances.
SYN-1016 : Merged 9 instances.
SYN-1015 : Optimize round 4, 97 better
SYN-1014 : Optimize round 5
SYN-1032 : 1912/117 useful/useless nets, 1674/51 useful/useless insts
SYN-1015 : Optimize round 5, 137 better
SYN-1014 : Optimize round 6
SYN-1015 : Optimize round 6, 0 better
RUN-1003 : finish command "optimize_rtl" in  2.373691s wall, 2.234375s user + 0.140625s system = 2.375000s CPU (100.1%)

RUN-1004 : used memory is 132 MB, reserved memory is 103 MB, peak memory is 137 MB
RUN-1002 : start command "report_area -file ov5640_sdram_rtl.area"
RUN-1001 : standard
***Report Model: OV5640_SDRAM Device: EG4S20BG256***

IO Statistics
#IO                        53
  #input                   15
  #output                  36
  #inout                    2

Gate Statistics
#Basic gates             1200
  #and                    124
  #nand                     0
  #or                     225
  #nor                      0
  #xor                     68
  #xnor                     0
  #buf                      0
  #not                     71
  #bufif1                  35
  #MX21                   154
  #FADD                     0
  #DFF                    523
  #LATCH                    0
#MACRO_ADD                 53
#MACRO_EQ                  85
#MACRO_MUX                328
#MACRO_OTHERS               4

Report Hierarchy Area:
+--------------------------------------------------------------------------------------------------+
|Instance                       |Module                                    |gates  |seq    |macros |
+--------------------------------------------------------------------------------------------------+
|top                            |OV5640_SDRAM                              |677    |523    |142    |
|  Sdram_Control_4Port          |Sdram_Control_4Port                       |373    |397    |53     |
|    command1                   |command                                   |105    |47     |0      |
|    control1                   |control_interface                         |26     |50     |17     |
|    read_fifo1                 |Sdram_RD_FIFO                             |38     |105    |7      |
|      dcfifo_component         |ramfifo                                   |38     |105    |7      |
|        ram_inst               |ram_infer_ramfifo                         |0      |0      |1      |
|        rd_to_wr_cross_inst    |fifo_cross_domain_addr_process_al_ramfifo |17     |40     |0      |
|        wr_to_rd_cross_inst    |fifo_cross_domain_addr_process_al_ramfifo |17     |40     |0      |
|    sdram1                     |sdram                                     |0      |0      |0      |
|    write_fifo1                |Sdram_WR_FIFO                             |38     |103    |7      |
|      dcfifo_component         |ramfifo                                   |38     |103    |7      |
|        ram_inst               |ram_infer_ramfifo                         |0      |0      |1      |
|        rd_to_wr_cross_inst    |fifo_cross_domain_addr_process_al_ramfifo |17     |40     |0      |
|        wr_to_rd_cross_inst    |fifo_cross_domain_addr_process_al_ramfifo |17     |40     |0      |
|    write_fifo2                |Sdram_WR_FIFO                             |0      |0      |1      |
|      dcfifo_component         |ramfifo                                   |0      |0      |1      |
|        ram_inst               |ram_infer_ramfifo                         |0      |0      |1      |
|  pll                          |sys_pll                                   |0      |0      |1      |
|  u_CMOS_Capture_RGB565        |CMOS_Capture_RGB565                       |8      |35     |3      |
|  u_I2C_OV5640_Init_RGB565     |I2C_OV5640_Init_RGB565                    |286    |67     |74     |
|    u_I2C_Controller           |I2C_Controller                            |265    |18     |68     |
|    u_I2C_OV5640_RGB565_Config |I2C_OV5640_RGB565_Config                  |1      |0      |1      |
|  uart_master                  |uart_driver                               |0      |1      |0      |
|  vga_out                      |Driver                                    |5      |23     |11     |
+--------------------------------------------------------------------------------------------------+

RUN-1002 : start command "export_db ov5640_sdram_rtl.db"
RUN-1001 : Exported /
RUN-1001 : Exported flow parameters
RUN-1001 : Exported libs
RUN-1001 : Exported entities
RUN-1001 : Exported ports
RUN-1001 : Exported pins
RUN-1001 : Exported instances
RUN-1001 : Exported nets
RUN-1001 : Exported buses
RUN-1001 : Exported models
RUN-1001 : Exported congestions
RUN-1001 : Exported violations
RUN-1001 : Exported IO constraints
RUN-1001 : Exported Inst constraints
RUN-1002 : start command "read_sdc"
USR-1002 : read_sdc file_name -help -h -eco
RUN-1002 : start command "get_regs */primary_addr_gray_reg[*]"
RUN-1002 : start command "get_regs */sync_r1[*]"
RUN-1002 : start command "set_max_delay -from  -to  5 -datapath_only"
RUN-1002 : start command "get_regs */primary_addr_gray_reg[*]"
RUN-1002 : start command "get_regs */sync_r1[*]"
RUN-1002 : start command "set_false_path -from  -to  -hold 5"
USR-1002 : set_false_path -help -setup -hold -from <list> -rise_from <list> -fall_from <list> -to <list> -rise_to <list> -fall_to <list> -through <list>
RUN-1002 : start command "get_regs */primary_addr_gray_reg[*]"
RUN-1002 : start command "get_regs */sync_r1[*]"
RUN-1002 : start command "set_max_delay -from  -to  5 -datapath_only"
RUN-1002 : start command "get_regs */primary_addr_gray_reg[*]"
RUN-1002 : start command "get_regs */sync_r1[*]"
RUN-1002 : start command "set_max_delay -from  -to  5 -datapath_only"
RUN-1002 : start command "get_regs */primary_addr_gray_reg[*]"
RUN-1002 : start command "get_regs */sync_r1[*]"
RUN-1002 : start command "set_max_delay -from  -to  5 -datapath_only"
RUN-1002 : start command "get_regs */primary_addr_gray_reg[*]"
RUN-1002 : start command "get_regs */sync_r1[*]"
RUN-1002 : start command "set_max_delay -from  -to  5 -datapath_only"
RUN-1002 : start command "get_regs */primary_addr_gray_reg[*]"
RUN-1002 : start command "get_regs */sync_r1[*]"
RUN-1002 : start command "set_max_delay -from  -to  5 -datapath_only"
RUN-1104 : Import SDC file  finished, there are 80 nets kept by constraints.
RUN-1002 : start command "optimize_gate -maparea ov5640_sdram_gate.area"
RUN-1001 : Open license file C:/Anlogic/TD5.6.59063/license/Anlogic.lic
RUN-1001 : Print Global Property
RUN-1001 : ---------------------------------------------------------------
RUN-1001 :        Parameters        |  Settings  |  Default Values  |  Note  
RUN-1001 : ---------------------------------------------------------------
RUN-1001 :          message         |  standard  |     standard     |        
RUN-1001 :   mixed_pack_place_flow  |     on     |        on        |        
RUN-1001 :        qor_monitor       |    off     |       off        |        
RUN-1001 :        syn_ip_flow       |    off     |       off        |        
RUN-1001 :          thread          |    auto    |       auto       |        
RUN-1001 : ---------------------------------------------------------------
RUN-1001 : Print Gate Property
RUN-1001 : ------------------------------------------------------------------
RUN-1001 :          Parameters         |  Settings  |  Default Values  |  Note  
RUN-1001 : ------------------------------------------------------------------
RUN-1001 :         cascade_dsp         |    off     |       off        |        
RUN-1001 :         cascade_eram        |    off     |       off        |        
RUN-1001 :        gate_sim_model       |    off     |       off        |        
RUN-1001 :        map_sim_model        |    off     |       off        |        
RUN-1001 :         map_strategy        |     1      |        1         |        
RUN-1001 :           opt_area          |   medium   |      medium      |        
RUN-1001 :          opt_timing         |    auto    |       auto       |        
RUN-1001 :         pack_effort         |   medium   |      medium      |        
RUN-1001 :      pack_lslice_ripple     |     on     |        on        |        
RUN-1001 :   pack_lslice_ripple_ratio  |    0.5     |       0.5        |        
RUN-1001 :        pack_seq_in_io       |    auto    |       auto       |        
RUN-1001 :        ph1_mux_ratio        |    1.0     |       1.0        |        
RUN-1001 :            report           |  standard  |     standard     |        
RUN-1001 :           retiming          |    off     |       off        |        
RUN-1001 : ------------------------------------------------------------------
SYN-2002 : EG_PHY_SDRAM_2M_32 instance Sdram_Control_4Port/sdram1/sdram.
SYN-2001 : Map 108 IOs to PADs
SYN-1032 : 2119/2 useful/useless nets, 1903/35 useful/useless insts
RUN-1002 : start command "update_pll_param -module OV5640_SDRAM"
SYN-2501 : Processed 0 LOGIC_BUF instances.
SYN-2501 : 1 BUFG to GCLK
SYN-2595 : bram inst: Sdram_Control_4Port/read_fifo1/dcfifo_component/ram_inst/ramread0_syn_6 is set to PDPW/SP from DP for resource saving
SYN-2595 : bram inst: Sdram_Control_4Port/write_fifo1/dcfifo_component/ram_inst/ramread0_syn_6 is set to PDPW/SP from DP for resource saving
SYN-2594 : bram inst: Sdram_Control_4Port/write_fifo2/dcfifo_component/ram_inst/ramread0_syn_6 will be optimized to a new one with A-addr 1 due to const address
SYN-2512 : LOGIC BRAM "Sdram_Control_4Port/read_fifo1/dcfifo_component/ram_inst/ramread0_syn_8"
SYN-2512 : LOGIC BRAM "Sdram_Control_4Port/write_fifo1/dcfifo_component/ram_inst/ramread0_syn_8"
SYN-2512 : LOGIC BRAM "Sdram_Control_4Port/write_fifo2/dcfifo_component/ram_inst/ramread0_syn_8"
SYN-2571 : Optimize after map_dsp, round 1
SYN-1032 : 2103/16 useful/useless nets, 1905/2 useful/useless insts
SYN-2571 : Optimize after map_dsp, round 1, 2 better
SYN-2571 : Optimize after map_dsp, round 2
SYN-2571 : Optimize after map_dsp, round 2, 0 better
SYN-1001 : Throwback 20 control mux instances
SYN-2501 : Optimize round 1
SYN-1016 : Merged 589 instances.
SYN-2501 : Optimize round 1, 1274 better
SYN-2501 : Optimize round 2
SYN-2501 : Optimize round 2, 0 better
SYN-2501 : Map 51 macro adder
SYN-1019 : Optimized 1322 mux instances.
SYN-1016 : Merged 1669 instances.
SYN-1032 : 3666/1329 useful/useless nets, 3470/2 useful/useless insts
RUN-1002 : start command "start_timer -prepack"
TMR-2505 : Start building timing graph for model OV5640_SDRAM.
TMR-2506 : Build timing graph completely. Port num: 23, tpin num: 11760, tnet num: 3666, tinst num: 3469, tnode num: 13327, tedge num: 16345.
TMR-2508 : Levelizing timing graph completed, there are 47 levels in total.
TMR-2501 : Timing graph initialized successfully.
TMR-2503 : Start to update net delay, extr mode = 2.
TMR-2504 : Update delay of 3666 nets completely.
TMR-2502 : Annotate delay completely, extr mode = 2.
TMR-3001 : Initiate 0 clocks from SDC.
TMR-3004 : Map sdc constraints, there are 2 constraints in total.
TMR-3003 : Constraints initiated successfully.
TMR-3501 : Forward propagation: start to calculate arrival time...
TMR-3502 : Backward propagation: start to calculate required time...
TMR-3503 : Timing propagation completes.
SYN-3001 : Running gate level optimization.
SYN-2581 : Mapping with K=5, #lut = 790 (3.52), #lev = 12 (2.50)
SYN-2551 : Post LUT mapping optimization.
SYN-2581 : Mapping with K=5, #lut = 791 (3.51), #lev = 9 (2.45)
SYN-3001 : Logic optimization runtime opt =   0.10 sec, map =   0.00 sec
SYN-3001 : Mapper mapped 2200 instances into 793 LUTs, name keeping = 55%.
RUN-1002 : start command "report_area -file ov5640_sdram_gate.area"
RUN-1001 : standard
***Report Model: OV5640_SDRAM Device: EG4S20BG256***

IO Statistics
#IO                        53
  #input                   15
  #output                  36
  #inout                    2

LUT Statistics
#Total_luts              1266
  #lut4                   600
  #lut5                   193
  #lut6                     0
  #lut5_mx41                0
  #lut4_alu1b             473

Utilization Statistics
#lut                     1266   out of  19600    6.46%
#reg                      523   out of  19600    2.67%
#le                         0
#dsp                        0   out of     29    0.00%
#bram                       4   out of     64    6.25%
  #bram9k                   4
  #fifo9k                   0
#bram32k                    0   out of     16    0.00%
#pad                       50   out of    188   26.60%
  #ireg                     0
  #oreg                     0
  #treg                     0
#pll                        1   out of      4   25.00%

Report Hierarchy Area:
+-----------------------------------------------------------------------------------------------------------------------+
|Instance                       |Module                                    |lut     |ripple  |seq     |bram    |dsp     |
+-----------------------------------------------------------------------------------------------------------------------+
|top                            |OV5640_SDRAM                              |793     |473     |523     |4       |0       |
|  Sdram_Control_4Port          |Sdram_Control_4Port                       |318     |242     |397     |4       |0       |
|    command1                   |command                                   |54      |0       |47      |0       |0       |
|    control1                   |control_interface                         |37      |61      |50      |0       |0       |
|    data_path1                 |sdr_data_path                             |16      |0       |0       |0       |0       |
|    read_fifo1                 |Sdram_RD_FIFO                             |39      |55      |105     |2       |0       |
|      dcfifo_component         |ramfifo                                   |39      |55      |105     |2       |0       |
|        ram_inst               |ram_infer_ramfifo                         |0       |0       |0       |2       |0       |
|        rd_to_wr_cross_inst    |fifo_cross_domain_addr_process_al_ramfifo |17      |0       |40      |0       |0       |
|        wr_to_rd_cross_inst    |fifo_cross_domain_addr_process_al_ramfifo |17      |0       |40      |0       |0       |
|    sdram1                     |sdram                                     |2       |0       |0       |0       |0       |
|    write_fifo1                |Sdram_WR_FIFO                             |39      |55      |103     |2       |0       |
|      dcfifo_component         |ramfifo                                   |39      |55      |103     |2       |0       |
|        ram_inst               |ram_infer_ramfifo                         |0       |0       |0       |2       |0       |
|        rd_to_wr_cross_inst    |fifo_cross_domain_addr_process_al_ramfifo |17      |0       |40      |0       |0       |
|        wr_to_rd_cross_inst    |fifo_cross_domain_addr_process_al_ramfifo |17      |0       |40      |0       |0       |
|  pll                          |sys_pll                                   |0       |0       |0       |0       |0       |
|  u_CMOS_Capture_RGB565        |CMOS_Capture_RGB565                       |19      |0       |35      |0       |0       |
|  u_I2C_OV5640_Init_RGB565     |I2C_OV5640_Init_RGB565                    |404     |133     |67      |0       |0       |
|    u_I2C_Controller           |I2C_Controller                            |110     |86      |18      |0       |0       |
|    u_I2C_OV5640_RGB565_Config |I2C_OV5640_RGB565_Config                  |271     |0       |0       |0       |0       |
|  uart_master                  |uart_driver                               |0       |0       |1       |0       |0       |
|  vga_out                      |Driver                                    |24      |98      |23      |0       |0       |
+-----------------------------------------------------------------------------------------------------------------------+

SYN-1001 : Packing model "OV5640_SDRAM" ...
SYN-4010 : Pack lib has 58 rtl pack models with 25 top pack blocks
SYN-1014 : Optimize round 1
SYN-1015 : Optimize round 1, 0 better
SYN-4002 : Packing 523 DFF/LATCH to SEQ ...
SYN-4009 : Pack 18 carry chain into lslice
SYN-4007 : Packing 265 adder to BLE ...
SYN-4008 : Packed 265 adder and 5 SEQ to BLE.
SYN-4007 : Packing 0 gate4 to BLE ...
SYN-4008 : Packed 0 gate4 and 0 SEQ to BLE.
SYN-4012 : Packed 0 FxMUX
RUN-1003 : finish command "optimize_gate -maparea ov5640_sdram_gate.area" in  1.142254s wall, 1.109375s user + 0.000000s system = 1.109375s CPU (97.1%)

RUN-1004 : used memory is 145 MB, reserved memory is 116 MB, peak memory is 161 MB
RUN-1002 : start command "legalize_phy_inst"
SYN-1011 : Flatten model OV5640_SDRAM
RUN-1002 : start command "export_db ov5640_sdram_gate.db"
RUN-1001 : Exported /
RUN-1001 : Exported flow parameters
RUN-1001 : Exported libs
RUN-1001 : Exported entities
RUN-1001 : Exported ports
RUN-1001 : Exported pins
RUN-1001 : Exported instances
RUN-1001 : Exported nets
RUN-1001 : Exported buses
RUN-1001 : Exported models
RUN-1001 : Exported congestions
RUN-1001 : Exported violations
RUN-1001 : Exported timing constraints
RUN-1001 : Exported IO constraints
RUN-1001 : Exported Inst constraints
RUN-1002 : start command "backup_run_log run.log ../.logs/syn_1/td_20221028_084258.log"
RUN-1001 : Backing up run's log file succeed.
