============================================================
   Tang Dynasty, V5.6.53426
   Copyright (c) 2012-2022 Anlogic
   Executable = D:/Y_22S720/TD/bin/td.exe
   Built at =   19:26:25 Jun 10 2022
   Run by =     321squarial
   Run Date =   Sat Oct  8 16:38:09 2022

   Run on =     LAPTOP-0TRO264C
============================================================
RUN-1002 : start command "open_project game.prj"
RUN-1001 : Print Global Property
RUN-1001 : ---------------------------------------------------------------
RUN-1001 :        Parameters        |  Settings  |  Default Values  |  Note  
RUN-1001 : ---------------------------------------------------------------
RUN-1001 :          message         |  standard  |     standard     |        
RUN-1001 :   mixed_pack_place_flow  |     on     |        on        |        
RUN-1001 :        syn_ip_flow       |    off     |       off        |        
RUN-1001 :          thread          |    auto    |       auto       |        
RUN-1001 : ---------------------------------------------------------------
RUN-1001 : Print Design Property
RUN-1001 : --------------------------------------------------------------
RUN-1001 :        Parameters       |  Settings  |  Default Values  |  Note  
RUN-1001 : --------------------------------------------------------------
RUN-1001 :   default_reg_initial   |    auto    |       auto       |        
RUN-1001 :        infer_add        |     on     |        on        |        
RUN-1001 :        infer_fsm        |    off     |       off        |        
RUN-1001 :        infer_mult       |     on     |        on        |        
RUN-1001 :        infer_ram        |     on     |        on        |        
RUN-1001 :        infer_reg        |     on     |        on        |        
RUN-1001 :   infer_reg_init_value  |     on     |        on        |        
RUN-1001 :        infer_rom        |     on     |        on        |        
RUN-1001 :      infer_shifter      |     on     |        on        |        
RUN-1001 : --------------------------------------------------------------
RUN-1001 : Print Rtl Property
RUN-1001 : --------------------------------------------------------------
RUN-1001 :        Parameters       |  Settings  |  Default Values  |  Note  
RUN-1001 : --------------------------------------------------------------
RUN-1001 :       compress_add      |   ripple   |      ripple      |        
RUN-1001 :        elf_sload        |    off     |       off        |        
RUN-1001 :       fix_undriven      |     0      |        0         |        
RUN-1001 :         flatten         |    off     |       off        |        
RUN-1001 :       gate_sharing      |     on     |        on        |        
RUN-1001 :    hdl_warning_level    |   normal   |      normal      |        
RUN-1001 :   impl_internal_tribuf  |     on     |        on        |        
RUN-1001 :      impl_set_reset     |     on     |        on        |        
RUN-1001 :        infer_gsr        |    off     |       off        |        
RUN-1001 :      keep_hierarchy     |    auto    |       auto       |        
RUN-1001 :        max_fanout       |    9999    |       9999       |        
RUN-1001 :      max_oh2bin_len     |     10     |        10        |        
RUN-1001 :       merge_equal       |     on     |        on        |        
RUN-1001 :       merge_equiv       |     on     |        on        |        
RUN-1001 :        merge_mux        |    off     |       off        |        
RUN-1001 :     min_control_set     |     8      |        8         |        
RUN-1001 :      min_ripple_len     |    auto    |       auto       |        
RUN-1001 :       oh2bin_ratio      |    0.08    |       0.08       |        
RUN-1001 :     opt_adder_fanout    |     on     |        on        |        
RUN-1001 :        opt_arith        |     on     |        on        |        
RUN-1001 :       opt_big_gate      |    off     |       off        |        
RUN-1001 :        opt_const        |     on     |        on        |        
RUN-1001 :      opt_const_mult     |     on     |        on        |        
RUN-1001 :       opt_lessthan      |     on     |        on        |        
RUN-1001 :         opt_mux         |    off     |       off        |        
RUN-1001 :         opt_ram         |    high    |       high       |        
RUN-1001 :      rtl_sim_model      |    off     |       off        |        
RUN-1001 :         seq_syn         |     on     |        on        |        
RUN-1001 : --------------------------------------------------------------
HDL-1007 : analyze verilog file ../../sources/rtl/top.v
HDL-1007 : analyze verilog file ../../sources/rtl/key/key.v
HDL-1007 : analyze verilog file ../../sources/rtl/mcu/alu.v
HDL-1007 : analyze verilog file ../../sources/rtl/mcu/bus.v
HDL-1007 : analyze verilog file ../../sources/rtl/mcu/cpu.v
HDL-1007 : analyze verilog file ../../sources/rtl/mcu/debug.v
HDL-1007 : analyze verilog file ../../sources/rtl/mcu/decode.v
HDL-1007 : analyze included file ../../sources/rtl/mcu/parameter.vh in ../../sources/rtl/mcu/decode.v(22)
HDL-1007 : back to file '../../sources/rtl/mcu/decode.v' in ../../sources/rtl/mcu/decode.v(22)
HDL-1007 : analyze verilog file ../../sources/rtl/mcu/execute.v
HDL-1007 : analyze verilog file ../../sources/rtl/mcu/fetch.v
HDL-1007 : analyze verilog file ../../sources/rtl/mcu/ram.v
HDL-1007 : analyze verilog file ../../sources/rtl/mcu/rom.v
HDL-1007 : analyze verilog file ../../sources/rtl/mcu/timer.v
HDL-1007 : analyze verilog file ../../sources/rtl/uart/uart.v
HDL-1007 : analyze verilog file ../../sources/rtl/uart/uart_rx.v
HDL-1007 : analyze verilog file ../../sources/rtl/uart/uart_tx.v
HDL-1007 : analyze verilog file ../../sources/rtl/uart/ubus.v
HDL-1007 : analyze verilog file ../../sources/rtl/vga/vram.v
HDL-1007 : analyze verilog file ../../sources/rtl/vga/vga.v
HDL-1007 : analyze verilog file ../../al_ip/pll.v
HDL-1007 : undeclared symbol 'open', assumed default net type 'wire' in ../../al_ip/pll.v(56)
RUN-1001 : Project manager successfully analyzed 19 source files.
RUN-1002 : start command "import_device eagle_s20.db -package EG4S20BG256"
ARC-1001 : Device Initialization.
ARC-1001 : ------------------------------------------------------------------
ARC-1001 :            OPTION            |          IO          |   SETTING   
ARC-1001 : ------------------------------------------------------------------
ARC-1001 :   cso_b/cclk/mosi/miso/dout  |  T3/R11/T10/P10/S11  |    gpio    
ARC-1001 :             done             |         P13          |    gpio    
ARC-1001 :           program_b          |          T2          |  dedicate  
ARC-1001 :        tdi/tms/tck/tdo       |   C12/A15/C14/E14    |  dedicate  
ARC-1001 : ------------------------------------------------------------------
ARC-1004 : Device setting, marked 5 dedicate IOs in total.
RUN-1002 : start command "elaborate -top top"
RUN-1001 : Print Design Property
RUN-1001 : --------------------------------------------------------------
RUN-1001 :        Parameters       |  Settings  |  Default Values  |  Note  
RUN-1001 : --------------------------------------------------------------
RUN-1001 :   default_reg_initial   |    auto    |       auto       |        
RUN-1001 :        infer_add        |     on     |        on        |        
RUN-1001 :        infer_fsm        |    off     |       off        |        
RUN-1001 :        infer_mult       |     on     |        on        |        
RUN-1001 :        infer_ram        |     on     |        on        |        
RUN-1001 :        infer_reg        |     on     |        on        |        
RUN-1001 :   infer_reg_init_value  |     on     |        on        |        
RUN-1001 :        infer_rom        |     on     |        on        |        
RUN-1001 :      infer_shifter      |     on     |        on        |        
RUN-1001 : --------------------------------------------------------------
RUN-1001 : Print Rtl Property
RUN-1001 : --------------------------------------------------------------
RUN-1001 :        Parameters       |  Settings  |  Default Values  |  Note  
RUN-1001 : --------------------------------------------------------------
RUN-1001 :       compress_add      |   ripple   |      ripple      |        
RUN-1001 :        elf_sload        |    off     |       off        |        
RUN-1001 :       fix_undriven      |     0      |        0         |        
RUN-1001 :         flatten         |    off     |       off        |        
RUN-1001 :       gate_sharing      |     on     |        on        |        
RUN-1001 :    hdl_warning_level    |   normal   |      normal      |        
RUN-1001 :   impl_internal_tribuf  |     on     |        on        |        
RUN-1001 :      impl_set_reset     |     on     |        on        |        
RUN-1001 :        infer_gsr        |    off     |       off        |        
RUN-1001 :      keep_hierarchy     |    auto    |       auto       |        
RUN-1001 :        max_fanout       |    9999    |       9999       |        
RUN-1001 :      max_oh2bin_len     |     10     |        10        |        
RUN-1001 :       merge_equal       |     on     |        on        |        
RUN-1001 :       merge_equiv       |     on     |        on        |        
RUN-1001 :        merge_mux        |    off     |       off        |        
RUN-1001 :     min_control_set     |     8      |        8         |        
RUN-1001 :      min_ripple_len     |    auto    |       auto       |        
RUN-1001 :       oh2bin_ratio      |    0.08    |       0.08       |        
RUN-1001 :     opt_adder_fanout    |     on     |        on        |        
RUN-1001 :        opt_arith        |     on     |        on        |        
RUN-1001 :       opt_big_gate      |    off     |       off        |        
RUN-1001 :        opt_const        |     on     |        on        |        
RUN-1001 :      opt_const_mult     |     on     |        on        |        
RUN-1001 :       opt_lessthan      |     on     |        on        |        
RUN-1001 :         opt_mux         |    off     |       off        |        
RUN-1001 :         opt_ram         |    high    |       high       |        
RUN-1001 :      rtl_sim_model      |    off     |       off        |        
RUN-1001 :         seq_syn         |     on     |        on        |        
RUN-1001 : --------------------------------------------------------------
RUN-1001 : Print Global Property
RUN-1001 : ---------------------------------------------------------------
RUN-1001 :        Parameters        |  Settings  |  Default Values  |  Note  
RUN-1001 : ---------------------------------------------------------------
RUN-1001 :          message         |  standard  |     standard     |        
RUN-1001 :   mixed_pack_place_flow  |     on     |        on        |        
RUN-1001 :        syn_ip_flow       |    off     |       off        |        
RUN-1001 :          thread          |    auto    |       auto       |        
RUN-1001 : ---------------------------------------------------------------
RUN-1001 : Print Design Property
RUN-1001 : --------------------------------------------------------------
RUN-1001 :        Parameters       |  Settings  |  Default Values  |  Note  
RUN-1001 : --------------------------------------------------------------
RUN-1001 :   default_reg_initial   |    auto    |       auto       |        
RUN-1001 :        infer_add        |     on     |        on        |        
RUN-1001 :        infer_fsm        |    off     |       off        |        
RUN-1001 :        infer_mult       |     on     |        on        |        
RUN-1001 :        infer_ram        |     on     |        on        |        
RUN-1001 :        infer_reg        |     on     |        on        |        
RUN-1001 :   infer_reg_init_value  |     on     |        on        |        
RUN-1001 :        infer_rom        |     on     |        on        |        
RUN-1001 :      infer_shifter      |     on     |        on        |        
RUN-1001 : --------------------------------------------------------------
HDL-1007 : elaborate module top in ../../sources/rtl/top.v(22)
HDL-5007 WARNING: port 'load_reg' is not connected on this instance in ../../al_ip/pll.v(32)
HDL-1007 : elaborate module pll in ../../al_ip/pll.v(22)
HDL-1007 : elaborate module EG_LOGIC_BUFG in D:/Y_22S720/TD/arch/eagle_macro.v(8)
HDL-1007 : elaborate module EG_PHY_PLL(FIN="24.000",REFCLK_DIV=16,FBCLK_DIV=17,CLKC0_DIV=40,CLKC0_ENABLE="ENABLE",FEEDBK_PATH="CLKC0_EXT",STDBY_ENABLE="DISABLE",CLKC0_CPHASE=39,GMC_GAIN=6,ICP_CURRENT=3,KVCO=6,LPF_RESISTOR=2,PLLRST_ENA="DISABLE",SYNC_ENABLE="DISABLE") in D:/Y_22S720/TD/arch/eagle_macro.v(929)
HDL-5007 WARNING: input port 'load_reg' is not connected on this instance in ../../al_ip/pll.v(53)
HDL-1007 : elaborate module uart(BAUDRATE=921600,CLK_RATE=25200000) in ../../sources/rtl/uart/uart.v(23)
HDL-1007 : elaborate module uart_rx(BAUDRATE=921600,CLK_RATE=25200000) in ../../sources/rtl/uart/uart_rx.v(22)
HDL-1007 : elaborate module uart_tx(BAUDRATE=921600,CLK_RATE=25200000) in ../../sources/rtl/uart/uart_tx.v(22)
HDL-1007 : elaborate module ubus in ../../sources/rtl/uart/ubus.v(22)
HDL-1007 : elaborate module rom(Len=4096) in ../../sources/rtl/mcu/rom.v(22)
HDL-1007 : extracting RAM for identifier 'rom_reg' in ../../sources/rtl/mcu/rom.v(40)
HDL-1007 : elaborate module ram(Len=16) in ../../sources/rtl/mcu/ram.v(22)
HDL-1007 : extracting RAM for identifier 'ram_reg' in ../../sources/rtl/mcu/ram.v(40)
HDL-1007 : elaborate module cpu in ../../sources/rtl/mcu/cpu.v(22)
HDL-1007 : elaborate module fetch in ../../sources/rtl/mcu/fetch.v(22)
HDL-1007 : elaborate module decode in ../../sources/rtl/mcu/decode.v(24)
HDL-1007 : elaborate module execute in ../../sources/rtl/mcu/execute.v(22)
HDL-1007 : elaborate module alu in ../../sources/rtl/mcu/alu.v(22)
HDL-1007 : elaborate module timer in ../../sources/rtl/mcu/timer.v(22)
HDL-1007 : elaborate module debug in ../../sources/rtl/mcu/debug.v(22)
HDL-1007 : elaborate module bus in ../../sources/rtl/mcu/bus.v(22)
HDL-1007 : elaborate module vga in ../../sources/rtl/vga/vga.v(31)
HDL-1007 : elaborate module vram in ../../sources/rtl/vga/vram.v(22)
HDL-1007 : extracting RAM for identifier 'vga_ram' in ../../sources/rtl/vga/vram.v(50)
HDL-1007 : elaborate module key in ../../sources/rtl/key/key.v(22)
HDL-1200 : Current top model is top
HDL-1100 : Inferred 3 RAMs.
RUN-1002 : start command "export_db game_elaborate.db"
RUN-1001 : Exported /
RUN-1001 : Exported flow parameters
RUN-1001 : Exported libs
RUN-1001 : Exported entities
RUN-1001 : Exported ports
RUN-1001 : Exported pins
RUN-1001 : Exported instances
RUN-1001 : Exported nets
RUN-1001 : Exported buses
RUN-1001 : Exported models
RUN-1001 : Exported congestions
RUN-1001 : Exported violations
RUN-1001 : Exported IO constraints
RUN-1001 : Exported Inst constraints
RUN-1002 : start command "read_adc ../../sources/sdc/pin.adc"
RUN-1002 : start command "set_pin_assignment clk  LOCATION = K14;  "
RUN-1002 : start command "set_pin_assignment key[5]  LOCATION = G12;  "
RUN-1002 : start command "set_pin_assignment key[3]  LOCATION = J13;  "
RUN-1002 : start command "set_pin_assignment key[0]  LOCATION = H14;  "
RUN-1002 : start command "set_pin_assignment led  LOCATION = M3;  "
RUN-1002 : start command "set_pin_assignment vga_clk  LOCATION = H2;  "
RUN-1002 : start command "set_pin_assignment vga_hs  LOCATION = J3;  "
RUN-1002 : start command "set_pin_assignment vga_vs  LOCATION = J4;  "
RUN-1002 : start command "set_pin_assignment vga_rgb[23]  LOCATION = L5;  "
RUN-1002 : start command "set_pin_assignment vga_rgb[22]  LOCATION = L3;  "
RUN-1002 : start command "set_pin_assignment vga_rgb[21]  LOCATION = M2;  "
RUN-1002 : start command "set_pin_assignment vga_rgb[20]  LOCATION = M1;  "
RUN-1002 : start command "set_pin_assignment vga_rgb[19]  LOCATION = L4;  "
RUN-1002 : start command "set_pin_assignment vga_rgb[18]  LOCATION = K5;  "
RUN-1002 : start command "set_pin_assignment vga_rgb[17]  LOCATION = K3;  "
RUN-1002 : start command "set_pin_assignment vga_rgb[16]  LOCATION = K6;  "
RUN-1002 : start command "set_pin_assignment vga_rgb[15]  LOCATION = H5;  "
RUN-1002 : start command "set_pin_assignment vga_rgb[14]  LOCATION = H1;  "
RUN-1002 : start command "set_pin_assignment vga_rgb[13]  LOCATION = J6;  "
RUN-1002 : start command "set_pin_assignment vga_rgb[12]  LOCATION = H3;  "
RUN-1002 : start command "set_pin_assignment vga_rgb[11]  LOCATION = J1;  "
RUN-1002 : start command "set_pin_assignment vga_rgb[10]  LOCATION = K1;  "
RUN-1002 : start command "set_pin_assignment vga_rgb[9]  LOCATION = K2;  "
RUN-1002 : start command "set_pin_assignment vga_rgb[8]  LOCATION = L1;  "
RUN-1002 : start command "set_pin_assignment vga_rgb[7]  LOCATION = C1;  "
RUN-1002 : start command "set_pin_assignment vga_rgb[5]  LOCATION = E2;  "
RUN-1002 : start command "set_pin_assignment vga_rgb[4]  LOCATION = G3;  "
RUN-1002 : start command "set_pin_assignment vga_rgb[3]  LOCATION = E1;  "
RUN-1002 : start command "set_pin_assignment vga_rgb[2]  LOCATION = F2;  "
RUN-1002 : start command "set_pin_assignment vga_rgb[1]  LOCATION = F1;  "
RUN-1002 : start command "set_pin_assignment vga_rgb[0]  LOCATION = G1;  "
RUN-1002 : start command "set_pin_assignment rx  LOCATION = F16;  "
RUN-1002 : start command "set_pin_assignment tx  LOCATION = E16;  "
RUN-1002 : start command "set_pin_assignment vga_rgb[6]  LOCATION = D1;  "
USR-6010 WARNING: ADC constraints: top model pin key[4] has no constraint.
USR-6010 WARNING: ADC constraints: top model pin key[2] has no constraint.
USR-6010 WARNING: ADC constraints: top model pin key[1] has no constraint.
RUN-1002 : start command "optimize_rtl"
RUN-1001 : Open license file D:/Y_22S720/TD/license/Anlogic.lic
RUN-1001 : Print Global Property
RUN-1001 : ---------------------------------------------------------------
RUN-1001 :        Parameters        |  Settings  |  Default Values  |  Note  
RUN-1001 : ---------------------------------------------------------------
RUN-1001 :          message         |  standard  |     standard     |        
RUN-1001 :   mixed_pack_place_flow  |     on     |        on        |        
RUN-1001 :        syn_ip_flow       |    off     |       off        |        
RUN-1001 :          thread          |    auto    |       auto       |        
RUN-1001 : ---------------------------------------------------------------
RUN-1001 : Print Rtl Property
RUN-1001 : --------------------------------------------------------------
RUN-1001 :        Parameters       |  Settings  |  Default Values  |  Note  
RUN-1001 : --------------------------------------------------------------
RUN-1001 :       compress_add      |   ripple   |      ripple      |        
RUN-1001 :        elf_sload        |    off     |       off        |        
RUN-1001 :       fix_undriven      |     0      |        0         |        
RUN-1001 :         flatten         |    off     |       off        |        
RUN-1001 :       gate_sharing      |     on     |        on        |        
RUN-1001 :    hdl_warning_level    |   normal   |      normal      |        
RUN-1001 :   impl_internal_tribuf  |     on     |        on        |        
RUN-1001 :      impl_set_reset     |     on     |        on        |        
RUN-1001 :        infer_gsr        |    off     |       off        |        
RUN-1001 :      keep_hierarchy     |    auto    |       auto       |        
RUN-1001 :        max_fanout       |    9999    |       9999       |        
RUN-1001 :      max_oh2bin_len     |     10     |        10        |        
RUN-1001 :       merge_equal       |     on     |        on        |        
RUN-1001 :       merge_equiv       |     on     |        on        |        
RUN-1001 :        merge_mux        |    off     |       off        |        
RUN-1001 :     min_control_set     |     8      |        8         |        
RUN-1001 :      min_ripple_len     |    auto    |       auto       |        
RUN-1001 :       oh2bin_ratio      |    0.08    |       0.08       |        
RUN-1001 :     opt_adder_fanout    |     on     |        on        |        
RUN-1001 :        opt_arith        |     on     |        on        |        
RUN-1001 :       opt_big_gate      |    off     |       off        |        
RUN-1001 :        opt_const        |     on     |        on        |        
RUN-1001 :      opt_const_mult     |     on     |        on        |        
RUN-1001 :       opt_lessthan      |     on     |        on        |        
RUN-1001 :         opt_mux         |    off     |       off        |        
RUN-1001 :         opt_ram         |    high    |       high       |        
RUN-1001 :      rtl_sim_model      |    off     |       off        |        
RUN-1001 :         seq_syn         |     on     |        on        |        
RUN-1001 : --------------------------------------------------------------
SYN-1012 : SanityCheck: Model "top"
SYN-1012 : SanityCheck: Model "bus"
SYN-1012 : SanityCheck: Model "cpu"
SYN-1012 : SanityCheck: Model "alu"
SYN-1012 : SanityCheck: Model "debug"
SYN-1012 : SanityCheck: Model "decode"
SYN-1012 : SanityCheck: Model "execute"
SYN-1012 : SanityCheck: Model "fetch"
SYN-1012 : SanityCheck: Model "timer"
SYN-1012 : SanityCheck: Model "key"
SYN-1012 : SanityCheck: Model "pll"
SYN-1012 : SanityCheck: Model "ram(Len=16)"
SYN-1012 : SanityCheck: Model "rom(Len=4096)"
SYN-1012 : SanityCheck: Model "uart(BAUDRATE=921600,CLK_RATE=25200000)"
SYN-1012 : SanityCheck: Model "uart_rx(BAUDRATE=921600,CLK_RATE=25200000)"
SYN-1012 : SanityCheck: Model "uart_tx(BAUDRATE=921600,CLK_RATE=25200000)"
SYN-1012 : SanityCheck: Model "ubus"
SYN-1012 : SanityCheck: Model "vga"
SYN-1012 : SanityCheck: Model "vram"
SYN-1043 : Mark pll as IO macro for instance bufg_feedback
SYN-1011 : Flatten model top
SYN-1032 : 3104/38 useful/useless nets, 894/26 useful/useless insts
SYN-1016 : Merged 104 instances.
SYN-1025 : Merged 1 RAM ports.
SYN-1027 : Infer Logic DRAM(u_ram/ramread0_syn_6) read 16x8, write 16x8
SYN-1026 : Infer Logic BRAM(u_rom/ramread0_syn_6)
	 port mode: single dual port
	 port a size: 4096 x 8	 write mode: NORMAL
	 port b size: 4096 x 8	 write mode: READBEFOREWRITE
SYN-1026 : Infer Logic BRAM(u_vram/ramread0_syn_6)
	 port mode: single dual port
	 port a size: 256 x 1	 write mode: NORMAL
	 port b size: 256 x 1	 write mode: READBEFOREWRITE
SYN-1026 : Infer Logic BRAM(u_vram/ramread0_syn_7)
	 port mode: single dual port
	 port a size: 256 x 1	 write mode: NORMAL
	 port b size: 256 x 1	 write mode: READBEFOREWRITE
SYN-1023 : Infer 1 Logic DRAMs, 3 Logic BRAMs.
SYN-1032 : 2888/281 useful/useless nets, 754/57 useful/useless insts
SYN-1016 : Merged 135 instances.
SYN-1032 : 2771/39 useful/useless nets, 2475/147 useful/useless insts
SYN-3004 : Optimized 1 const0 DFF(s)
SYN-3003 : Optimized 1 equivalent DFF(s)
SYN-3003 : Optimized 1 equivalent DFF(s)
SYN-3003 : Optimized 1 equivalent DFF(s)
SYN-3003 : Optimized 1 equivalent DFF(s)
SYN-3003 : Optimized 1 equivalent DFF(s)
SYN-3004 : Optimized 6 const0 DFF(s)
SYN-1032 : 2750/21 useful/useless nets, 2459/4 useful/useless insts
SYN-1014 : Optimize round 1
SYN-1032 : 2616/134 useful/useless nets, 2351/108 useful/useless insts
SYN-1021 : Optimized 14 onehot mux instances.
SYN-1020 : Optimized 68 distributor mux.
SYN-1001 : Optimize 6 less-than instances
SYN-1016 : Merged 166 instances.
SYN-1015 : Optimize round 1, 1118 better
SYN-1014 : Optimize round 2
SYN-1044 : Optimized 7 inv instances.
SYN-1032 : 2054/8 useful/useless nets, 1790/195 useful/useless insts
SYN-1015 : Optimize round 2, 202 better
SYN-1014 : Optimize round 3
SYN-1015 : Optimize round 3, 0 better
RUN-1003 : finish command "optimize_rtl" in  1.751087s wall, 1.500000s user + 0.171875s system = 1.671875s CPU (95.5%)

RUN-1004 : used memory is 115 MB, reserved memory is 86 MB, peak memory is 123 MB
RUN-1002 : start command "report_area -file game_rtl.area"
RUN-1001 : standard
***Report Model: top Device: EG4S20BG256***

IO Statistics
#IO                        37
  #input                    8
  #output                  29
  #inout                    0

Gate Statistics
#Basic gates             1186
  #and                    157
  #nand                     0
  #or                      78
  #nor                      0
  #xor                      0
  #xnor                     0
  #buf                      0
  #not                     38
  #bufif1                   0
  #MX21                    92
  #FADD                     0
  #DFF                    821
  #LATCH                    0
#MACRO_ADD                 31
#MACRO_EQ                  93
#MACRO_MULT                 2
#MACRO_MUX                470
#MACRO_OTHERS               5

Report Hierarchy Area:
+-----------------------------------------------+
|Instance      |Module  |gates  |seq    |macros |
+-----------------------------------------------+
|top           |top     |365    |821    |131    |
|  u_bus       |bus     |24     |19     |3      |
|  u_cpu       |cpu     |183    |398    |65     |
|    u_alu     |alu     |93     |42     |5      |
|    u_debug   |debug   |9      |80     |12     |
|    u_decode  |decode  |46     |56     |43     |
|    u_execute |execute |33     |151    |1      |
|    u_fetch   |fetch   |2      |44     |1      |
|    u_timer   |timer   |0      |25     |3      |
|  u_key       |key     |36     |38     |1      |
|  u_pll       |pll     |0      |0      |1      |
|  u_ram       |ram     |5      |8      |1      |
|  u_rom       |rom     |13     |0      |1      |
|  u_uart      |uart    |87     |231    |31     |
|    u_uart_rx |uart_rx |41     |57     |12     |
|    u_uart_tx |uart_tx |6      |48     |4      |
|    u_ubus    |ubus    |40     |126    |15     |
|  u_vga       |vga     |5      |43     |12     |
|  u_vram      |vram    |12     |84     |16     |
+-----------------------------------------------+

RUN-1002 : start command "export_db game_rtl.db"
RUN-1001 : Exported /
RUN-1001 : Exported flow parameters
RUN-1001 : Exported libs
RUN-1001 : Exported entities
RUN-1001 : Exported ports
RUN-1001 : Exported pins
RUN-1001 : Exported instances
RUN-1001 : Exported nets
RUN-1001 : Exported buses
RUN-1001 : Exported models
RUN-1001 : Exported congestions
RUN-1001 : Exported violations
RUN-1001 : Exported IO constraints
RUN-1001 : Exported Inst constraints
RUN-1002 : start command "read_sdc"
USR-1002 : read_sdc file_name -help -h -eco
USR-1009 : NO module with IP_SDC ...
RUN-1104 : Import SDC file  finished, there are 0 nets kept by constraints.
RUN-1002 : start command "optimize_gate -maparea game_gate.area"
RUN-1001 : Open license file D:/Y_22S720/TD/license/Anlogic.lic
RUN-1001 : Print Global Property
RUN-1001 : ---------------------------------------------------------------
RUN-1001 :        Parameters        |  Settings  |  Default Values  |  Note  
RUN-1001 : ---------------------------------------------------------------
RUN-1001 :          message         |  standard  |     standard     |        
RUN-1001 :   mixed_pack_place_flow  |     on     |        on        |        
RUN-1001 :        syn_ip_flow       |    off     |       off        |        
RUN-1001 :          thread          |    auto    |       auto       |        
RUN-1001 : ---------------------------------------------------------------
RUN-1001 : Print Gate Property
RUN-1001 : ------------------------------------------------------------------
RUN-1001 :          Parameters         |  Settings  |  Default Values  |  Note  
RUN-1001 : ------------------------------------------------------------------
RUN-1001 :         cascade_dsp         |    off     |       off        |        
RUN-1001 :         cascade_eram        |    off     |       off        |        
RUN-1001 :        gate_sim_model       |    off     |       off        |        
RUN-1001 :        map_sim_model        |    off     |       off        |        
RUN-1001 :         map_strategy        |     1      |        1         |        
RUN-1001 :           opt_area          |   medium   |      medium      |        
RUN-1001 :          opt_timing         |    auto    |       auto       |        
RUN-1001 :         pack_effort         |   medium   |      medium      |        
RUN-1001 :      pack_lslice_ripple     |     on     |        on        |        
RUN-1001 :   pack_lslice_ripple_ratio  |    0.5     |       0.5        |        
RUN-1001 :        pack_seq_in_io       |    auto    |       auto       |        
RUN-1001 :        ph1_mux_ratio        |    1.0     |       1.0        |        
RUN-1001 :            report           |  standard  |     standard     |        
RUN-1001 :           retiming          |    off     |       off        |        
RUN-1001 : ------------------------------------------------------------------
SYN-2001 : Map 37 IOs to PADs
RUN-1002 : start command "update_pll_param -module top"
SYN-2501 : Processed 0 LOGIC_BUF instances.
SYN-2501 : 1 BUFG to GCLK
SYN-2595 : bram inst: u_rom/ramread0_syn_6 is set to PDPW/SP from DP for resource saving
SYN-2595 : bram inst: u_vram/ramread0_syn_6 is set to PDPW/SP from DP for resource saving
SYN-2595 : bram inst: u_vram/ramread0_syn_7 is set to PDPW/SP from DP for resource saving
SYN-2512 : LOGIC BRAM "u_rom/ramread0_syn_8"
SYN-2512 : LOGIC BRAM "u_vram/ramread0_syn_9"
SYN-2512 : LOGIC BRAM "u_vram/ramread0_syn_11"
SYN-2531 : Dram(u_ram/ramread0_syn_6) write 16x8, read 16x8
SYN-2571 : Map 2 macro multiplier
SYN-2571 : Optimize after map_dsp, round 1
SYN-2571 : Optimize after map_dsp, round 1, 0 better
SYN-1001 : Throwback 89 control mux instances
SYN-2501 : Optimize round 1
SYN-1032 : 3024/5 useful/useless nets, 2762/5 useful/useless insts
SYN-1016 : Merged 421 instances.
SYN-2501 : Optimize round 1, 1181 better
SYN-2501 : Optimize round 2
SYN-2501 : Optimize round 2, 0 better
SYN-2501 : Map 31 macro adder
SYN-1019 : Optimized 2 mux instances.
SYN-1016 : Merged 27 instances.
SYN-1032 : 2971/13 useful/useless nets, 2709/0 useful/useless insts
RUN-1002 : start command "start_timer -prepack"
TMR-2505 : Start building timing graph for model top.
TMR-2506 : Build timing graph completely. Port num: 9, tpin num: 9185, tnet num: 2969, tinst num: 2707, tnode num: 11240, tedge num: 12861.
TMR-2508 : Levelizing timing graph completed, there are 67 levels in total.
TMR-2501 : Timing graph initialized successfully.
TMR-2503 : Start to update net delay, extr mode = 2.
TMR-2504 : Update delay of 2969 nets completely.
TMR-2502 : Annotate delay completely, extr mode = 2.
TMR-3001 : Initiate 0 clocks from SDC.
TMR-3004 : Map sdc constraints, there are 0 constraints in total.
TMR-3003 : Constraints initiated successfully.
TMR-3501 : Forward propagation: start to calculate arrival time...
TMR-3502 : Backward propagation: start to calculate required time...
TMR-3503 : Timing propagation completes.
SYN-3001 : Running gate level optimization.
SYN-2581 : Mapping with K=5, #lut = 603 (3.83), #lev = 6 (2.68)
SYN-2551 : Post LUT mapping optimization.
SYN-2581 : Mapping with K=5, #lut = 603 (3.83), #lev = 6 (2.68)
SYN-3001 : Logic optimization runtime opt =   0.16 sec, map =   0.00 sec
SYN-3001 : Mapper mapped 1501 instances into 606 LUTs, name keeping = 74%.
SYN-3001 : Mapper removed 1 lut buffers
RUN-1002 : start command "report_area -file game_gate.area"
RUN-1001 : standard
***Report Model: top Device: EG4S20BG256***

IO Statistics
#IO                        37
  #input                    8
  #output                  29
  #inout                    0

LUT Statistics
#Total_luts               949
  #lut4                   452
  #lut5                   153
  #lut6                     0
  #lut5_mx41                0
  #lut4_alu1b             344

Utilization Statistics
#lut                      949   out of  19600    4.84%
#reg                      816   out of  19600    4.16%
#le                         0
#dsp                        1   out of     29    3.45%
#bram                       2   out of     64    3.12%
  #bram9k                   2
  #fifo9k                   0
#bram32k                    1   out of     16    6.25%
#dram                       2
#pad                       37   out of    188   19.68%
  #ireg                     0
  #oreg                     0
  #treg                     0
#pll                        1   out of      4   25.00%

Report Hierarchy Area:
+--------------------------------------------------------------------+
|Instance      |Module  |lut     |ripple  |seq     |bram    |dsp     |
+--------------------------------------------------------------------+
|top           |top     |605     |344     |816     |3       |1       |
|  u_bus       |bus     |16      |0       |19      |0       |0       |
|  u_cpu       |cpu     |403     |106     |398     |0       |1       |
|    u_alu     |alu     |83      |30      |42      |0       |1       |
|    u_debug   |debug   |33      |38      |80      |0       |0       |
|    u_decode  |decode  |55      |0       |56      |0       |0       |
|    u_execute |execute |167     |0       |151     |0       |0       |
|    u_fetch   |fetch   |34      |13      |44      |0       |0       |
|    u_timer   |timer   |31      |25      |25      |0       |0       |
|  u_key       |key     |21      |7       |38      |0       |0       |
|  u_pll       |pll     |0       |0       |0       |0       |0       |
|  u_ram       |ram     |1       |0       |8       |0       |0       |
|  u_rom       |rom     |4       |0       |0       |1       |0       |
|  u_uart      |uart    |116     |66      |231     |0       |0       |
|    u_uart_rx |uart_rx |38      |33      |57      |0       |0       |
|    u_uart_tx |uart_tx |30      |33      |48      |0       |0       |
|    u_ubus    |ubus    |48      |0       |126     |0       |0       |
|  u_vga       |vga     |18      |100     |43      |0       |0       |
|  u_vram      |vram    |26      |31      |79      |2       |0       |
+--------------------------------------------------------------------+

SYN-1001 : Packing model "top" ...
SYN-4010 : Pack lib has 58 rtl pack models with 25 top pack blocks
SYN-1014 : Optimize round 1
SYN-1015 : Optimize round 1, 0 better
SYN-4002 : Packing 816 DFF/LATCH to SEQ ...
SYN-4009 : Pack 8 carry chain into lslice
SYN-4007 : Packing 167 adder to BLE ...
SYN-4008 : Packed 167 adder and 16 SEQ to BLE.
SYN-4007 : Packing 0 gate4 to BLE ...
SYN-4008 : Packed 0 gate4 and 0 SEQ to BLE.
SYN-4012 : Packed 0 FxMUX
SYN-4013 : Packed 2 DRAM and 8 SEQ.
RUN-1003 : finish command "optimize_gate -maparea game_gate.area" in  1.637086s wall, 1.531250s user + 0.078125s system = 1.609375s CPU (98.3%)

RUN-1004 : used memory is 130 MB, reserved memory is 101 MB, peak memory is 142 MB
RUN-1002 : start command "legalize_phy_inst"
SYN-1011 : Flatten model top
RUN-1002 : start command "export_db game_gate.db"
RUN-1001 : Exported /
RUN-1001 : Exported flow parameters
RUN-1001 : Exported libs
RUN-1001 : Exported entities
RUN-1001 : Exported ports
RUN-1001 : Exported pins
RUN-1001 : Exported instances
RUN-1001 : Exported nets
RUN-1001 : Exported buses
RUN-1001 : Exported models
RUN-1001 : Exported congestions
RUN-1001 : Exported violations
RUN-1001 : Exported timing constraints
RUN-1001 : Exported IO constraints
RUN-1001 : Exported Inst constraints
RUN-1002 : start command "backup_run_log run.log ../.logs/syn_1/td_20221008_163809.log"
