============================================================
   Tang Dynasty, V4.6.12906
   Copyright:   Shanghai Anlogic Infotech Co., Ltd.
                2011 - 2021
   Executable = C:/Anlogic/TD4.6.12906/bin/td.exe
   Built at =   18:22:35 Jun 26 2019
   Run by =     dell
   Run Date =   Thu Aug  8 16:00:26 2019

   Run on =     ANLOGIC-SUYANG
============================================================
RUN-1002 : start command "open_project Switch&LED.al"
GUI-8003 ERROR: src/Switch_LED.v is missing!
GUI-8003 ERROR: switch_LED.v is missing!
HDL-1007 : analyze verilog file sources/rtl/switch_led.v
RUN-1002 : start command "import_device eagle_s20.db -package BG256"
ARC-1001 : Device Initialization.
ARC-1001 : ------------------------------------------------------------------
ARC-1001 :            OPTION            |          IO          |   SETTING   
ARC-1001 : ------------------------------------------------------------------
ARC-1001 :   cso_b/cclk/mosi/miso/dout  |  T3/R11/T10/P10/S11  |    gpio    
ARC-1001 :             done             |         P13          |    gpio    
ARC-1001 :           program_b          |          T2          |  dedicated  
ARC-1001 :        tdi/tms/tck/tdo       |   C12/A15/C14/E14    |  dedicated  
ARC-1001 : ------------------------------------------------------------------
ARC-1004 : Device setting, marked 5 dedicate IOs in total.
GUI-8003 ERROR: src/Switch_LED.v is missing!
GUI-8003 ERROR: switch_LED.v is missing!
RUN-1002 : start command "download -bit Switch&LED.bit -mode jtag -spd 6 -sec 64 -cable 0"
PRG-2014 : Chip validation success: EAGLE_S20_BG256
RUN-1002 : start command "bit_to_vec -chip EAGLE_S20_BG256 -m jtag -bit Switch&LED.bit"
PRG-3000 : BIT2VEC::JtagBitstream: completed! line_num = 1354, frame_num = 1259
RUN-1003 : finish command "bit_to_vec -chip EAGLE_S20_BG256 -m jtag -bit Switch&LED.bit" in  1.501477s wall, 1.390625s user + 0.078125s system = 1.468750s CPU (97.8%)

RUN-1004 : used memory is 268 MB, reserved memory is 229 MB, peak memory is 269 MB
RUN-1002 : start command "program -cable 0 -spd 6 -p"
RUN-1003 : finish command "program -cable 0 -spd 6 -p" in  6.934728s wall, 0.453125s user + 0.218750s system = 0.671875s CPU (9.7%)

RUN-1004 : used memory is 292 MB, reserved memory is 254 MB, peak memory is 293 MB
RUN-1003 : finish command "download -bit Switch&LED.bit -mode jtag -spd 6 -sec 64 -cable 0" in  8.969095s wall, 1.984375s user + 0.312500s system = 2.296875s CPU (25.6%)

RUN-1004 : used memory is 149 MB, reserved memory is 105 MB, peak memory is 293 MB
GUI-1001 : Download success!
