============================================================
   Tang Dynasty, V5.6.53426
   Copyright (c) 2012-2022 Anlogic
   Executable = D:/Y_22S720/TD/bin/td.exe
   Built at =   19:26:25 Jun 10 2022
   Run by =     321squarial
   Run Date =   Sat Oct  8 15:47:04 2022

   Run on =     LAPTOP-0TRO264C
============================================================
RUN-1002 : start command "open_project uart.prj"
RUN-1001 : Print Global Property
RUN-1001 : ---------------------------------------------------------------
RUN-1001 :        Parameters        |  Settings  |  Default Values  |  Note  
RUN-1001 : ---------------------------------------------------------------
RUN-1001 :          message         |  standard  |     standard     |        
RUN-1001 :   mixed_pack_place_flow  |     on     |        on        |        
RUN-1001 :        syn_ip_flow       |    off     |       off        |        
RUN-1001 :          thread          |    auto    |       auto       |        
RUN-1001 : ---------------------------------------------------------------
RUN-1001 : Print Design Property
RUN-1001 : --------------------------------------------------------------
RUN-1001 :        Parameters       |  Settings  |  Default Values  |  Note  
RUN-1001 : --------------------------------------------------------------
RUN-1001 :   default_reg_initial   |    auto    |       auto       |        
RUN-1001 :        infer_add        |     on     |        on        |        
RUN-1001 :        infer_fsm        |    off     |       off        |        
RUN-1001 :        infer_mult       |     on     |        on        |        
RUN-1001 :        infer_ram        |     on     |        on        |        
RUN-1001 :        infer_reg        |     on     |        on        |        
RUN-1001 :   infer_reg_init_value  |     on     |        on        |        
RUN-1001 :        infer_rom        |     on     |        on        |        
RUN-1001 :      infer_shifter      |     on     |        on        |        
RUN-1001 : --------------------------------------------------------------
RUN-1002 : start command "set_param rtl rtl_sim_model on"
RUN-1001 : Print Rtl Property
RUN-1001 : --------------------------------------------------------------
RUN-1001 :        Parameters       |  Settings  |  Default Values  |  Note  
RUN-1001 : --------------------------------------------------------------
RUN-1001 :       compress_add      |   ripple   |      ripple      |        
RUN-1001 :        elf_sload        |    off     |       off        |        
RUN-1001 :       fix_undriven      |     0      |        0         |        
RUN-1001 :         flatten         |    off     |       off        |        
RUN-1001 :       gate_sharing      |     on     |        on        |        
RUN-1001 :    hdl_warning_level    |   normal   |      normal      |        
RUN-1001 :   impl_internal_tribuf  |     on     |        on        |        
RUN-1001 :      impl_set_reset     |     on     |        on        |        
RUN-1001 :        infer_gsr        |    off     |       off        |        
RUN-1001 :      keep_hierarchy     |    auto    |       auto       |        
RUN-1001 :        max_fanout       |    9999    |       9999       |        
RUN-1001 :      max_oh2bin_len     |     10     |        10        |        
RUN-1001 :       merge_equal       |     on     |        on        |        
RUN-1001 :       merge_equiv       |     on     |        on        |        
RUN-1001 :        merge_mux        |    off     |       off        |        
RUN-1001 :     min_control_set     |     8      |        8         |        
RUN-1001 :      min_ripple_len     |    auto    |       auto       |        
RUN-1001 :       oh2bin_ratio      |    0.08    |       0.08       |        
RUN-1001 :     opt_adder_fanout    |     on     |        on        |        
RUN-1001 :        opt_arith        |     on     |        on        |        
RUN-1001 :       opt_big_gate      |    off     |       off        |        
RUN-1001 :        opt_const        |     on     |        on        |        
RUN-1001 :      opt_const_mult     |     on     |        on        |        
RUN-1001 :       opt_lessthan      |     on     |        on        |        
RUN-1001 :         opt_mux         |    off     |       off        |        
RUN-1001 :         opt_ram         |    high    |       high       |        
RUN-1001 :      rtl_sim_model      |     on     |       off        |   *    
RUN-1001 :         seq_syn         |     on     |        on        |        
RUN-1001 : --------------------------------------------------------------
HDL-1007 : analyze verilog file ../../al_ip/pll_test.v
HDL-1007 : undeclared symbol 'open', assumed default net type 'wire' in ../../al_ip/pll_test.v(79)
HDL-1007 : analyze verilog file ../../al_ip/Double_RAM_uut.v
HDL-1007 : analyze verilog file ../../source/rtl/my_uart_rx.v
HDL-5007 WARNING: redeclaration of ANSI port 'rx_int' is not allowed in ../../source/rtl/my_uart_rx.v(39)
HDL-1007 : analyze verilog file ../../source/rtl/my_uart_tx.v
HDL-1007 : analyze verilog file ../../source/rtl/speed_setting.v
HDL-1007 : analyze verilog file ../../source/rtl/uart_top.v
HDL-1007 : analyze verilog file ../../source/rtl/ram_rw_control.v
RUN-1001 : Project manager successfully analyzed 7 source files.
RUN-1002 : start command "import_device eagle_s20.db -package EG4S20BG256"
ARC-1001 : Device Initialization.
ARC-1001 : ------------------------------------------------------------------
ARC-1001 :            OPTION            |          IO          |   SETTING   
ARC-1001 : ------------------------------------------------------------------
ARC-1001 :   cso_b/cclk/mosi/miso/dout  |  T3/R11/T10/P10/S11  |    gpio    
ARC-1001 :             done             |         P13          |    gpio    
ARC-1001 :           program_b          |          T2          |  dedicate  
ARC-1001 :        tdi/tms/tck/tdo       |   C12/A15/C14/E14    |  dedicate  
ARC-1001 : ------------------------------------------------------------------
ARC-1004 : Device setting, marked 5 dedicate IOs in total.
RUN-1002 : start command "elaborate -top uart_top"
RUN-1001 : Print Design Property
RUN-1001 : --------------------------------------------------------------
RUN-1001 :        Parameters       |  Settings  |  Default Values  |  Note  
RUN-1001 : --------------------------------------------------------------
RUN-1001 :   default_reg_initial   |    auto    |       auto       |        
RUN-1001 :        infer_add        |     on     |        on        |        
RUN-1001 :        infer_fsm        |    off     |       off        |        
RUN-1001 :        infer_mult       |     on     |        on        |        
RUN-1001 :        infer_ram        |     on     |        on        |        
RUN-1001 :        infer_reg        |     on     |        on        |        
RUN-1001 :   infer_reg_init_value  |     on     |        on        |        
RUN-1001 :        infer_rom        |     on     |        on        |        
RUN-1001 :      infer_shifter      |     on     |        on        |        
RUN-1001 : --------------------------------------------------------------
RUN-1002 : start command "set_param rtl rtl_sim_model on"
RUN-1001 : Print Rtl Property
RUN-1001 : --------------------------------------------------------------
RUN-1001 :        Parameters       |  Settings  |  Default Values  |  Note  
RUN-1001 : --------------------------------------------------------------
RUN-1001 :       compress_add      |   ripple   |      ripple      |        
RUN-1001 :        elf_sload        |    off     |       off        |        
RUN-1001 :       fix_undriven      |     0      |        0         |        
RUN-1001 :         flatten         |    off     |       off        |        
RUN-1001 :       gate_sharing      |     on     |        on        |        
RUN-1001 :    hdl_warning_level    |   normal   |      normal      |        
RUN-1001 :   impl_internal_tribuf  |     on     |        on        |        
RUN-1001 :      impl_set_reset     |     on     |        on        |        
RUN-1001 :        infer_gsr        |    off     |       off        |        
RUN-1001 :      keep_hierarchy     |    auto    |       auto       |        
RUN-1001 :        max_fanout       |    9999    |       9999       |        
RUN-1001 :      max_oh2bin_len     |     10     |        10        |        
RUN-1001 :       merge_equal       |     on     |        on        |        
RUN-1001 :       merge_equiv       |     on     |        on        |        
RUN-1001 :        merge_mux        |    off     |       off        |        
RUN-1001 :     min_control_set     |     8      |        8         |        
RUN-1001 :      min_ripple_len     |    auto    |       auto       |        
RUN-1001 :       oh2bin_ratio      |    0.08    |       0.08       |        
RUN-1001 :     opt_adder_fanout    |     on     |        on        |        
RUN-1001 :        opt_arith        |     on     |        on        |        
RUN-1001 :       opt_big_gate      |    off     |       off        |        
RUN-1001 :        opt_const        |     on     |        on        |        
RUN-1001 :      opt_const_mult     |     on     |        on        |        
RUN-1001 :       opt_lessthan      |     on     |        on        |        
RUN-1001 :         opt_mux         |    off     |       off        |        
RUN-1001 :         opt_ram         |    high    |       high       |        
RUN-1001 :      rtl_sim_model      |     on     |       off        |   *    
RUN-1001 :         seq_syn         |     on     |        on        |        
RUN-1001 : --------------------------------------------------------------
RUN-1001 : Print Global Property
RUN-1001 : ---------------------------------------------------------------
RUN-1001 :        Parameters        |  Settings  |  Default Values  |  Note  
RUN-1001 : ---------------------------------------------------------------
RUN-1001 :          message         |  standard  |     standard     |        
RUN-1001 :   mixed_pack_place_flow  |     on     |        on        |        
RUN-1001 :        syn_ip_flow       |    off     |       off        |        
RUN-1001 :          thread          |    auto    |       auto       |        
RUN-1001 : ---------------------------------------------------------------
RUN-1001 : Print Design Property
RUN-1001 : --------------------------------------------------------------
RUN-1001 :        Parameters       |  Settings  |  Default Values  |  Note  
RUN-1001 : --------------------------------------------------------------
RUN-1001 :   default_reg_initial   |    auto    |       auto       |        
RUN-1001 :        infer_add        |     on     |        on        |        
RUN-1001 :        infer_fsm        |    off     |       off        |        
RUN-1001 :        infer_mult       |     on     |        on        |        
RUN-1001 :        infer_ram        |     on     |        on        |        
RUN-1001 :        infer_reg        |     on     |        on        |        
RUN-1001 :   infer_reg_init_value  |     on     |        on        |        
RUN-1001 :        infer_rom        |     on     |        on        |        
RUN-1001 :      infer_shifter      |     on     |        on        |        
RUN-1001 : --------------------------------------------------------------
HDL-1007 : elaborate module uart_top in ../../source/rtl/uart_top.v(18)
HDL-5007 WARNING: port 'load_reg' is not connected on this instance in ../../al_ip/pll_test.v(42)
HDL-1007 : elaborate module pll_test in ../../al_ip/pll_test.v(24)
HDL-1007 : elaborate module EG_LOGIC_BUFG in D:/Y_22S720/TD/arch/eagle_macro.v(8)
HDL-1007 : elaborate module EG_PHY_PLL(FIN="25.000",CLKC0_DIV=40,CLKC1_DIV=20,CLKC2_DIV=10,CLKC0_ENABLE="ENABLE",CLKC1_ENABLE="ENABLE",CLKC2_ENABLE="ENABLE",FEEDBK_PATH="CLKC0_EXT",STDBY_ENABLE="DISABLE",CLKC0_CPHASE=39,CLKC1_CPHASE=19,CLKC2_CPHASE=9,GMC_GAIN=6,ICP_CURRENT=3,KVCO=6,LPF_RESISTOR=2,SYNC_ENABLE="DISABLE") in D:/Y_22S720/TD/arch/eagle_macro.v(929)
HDL-5007 WARNING: input port 'load_reg' is not connected on this instance in ../../al_ip/pll_test.v(71)
HDL-1007 : elaborate module speed_setting in ../../source/rtl/speed_setting.v(1)
HDL-1007 : elaborate module my_uart_rx in ../../source/rtl/my_uart_rx.v(1)
HDL-1007 : elaborate module ram_rw_control in ../../source/rtl/ram_rw_control.v(1)
HDL-1007 : elaborate module Double_RAM_uut in ../../al_ip/Double_RAM_uut.v(14)
HDL-1007 : elaborate module EG_LOGIC_BRAM(DATA_WIDTH_A=8,DATA_WIDTH_B=8,ADDR_WIDTH_A=8,ADDR_WIDTH_B=8,DATA_DEPTH_A=256,DATA_DEPTH_B=256,MODE="PDPW") in D:/Y_22S720/TD/arch/eagle_macro.v(1031)
HDL-1007 : elaborate module my_uart_tx in ../../source/rtl/my_uart_tx.v(3)
HDL-1200 : Current top model is uart_top
HDL-1100 : Inferred 0 RAMs.
RUN-1002 : start command "export_db uart_elaborate.db"
RUN-1001 : Exported /
RUN-1001 : Exported flow parameters
RUN-1001 : Exported libs
RUN-1001 : Exported entities
RUN-1001 : Exported ports
RUN-1001 : Exported pins
RUN-1001 : Exported instances
RUN-1001 : Exported nets
RUN-1001 : Exported buses
RUN-1001 : Exported models
RUN-1001 : Exported congestions
RUN-1001 : Exported violations
RUN-1001 : Exported IO constraints
RUN-1001 : Exported Inst constraints
RUN-1002 : start command "read_adc ../../source/sdc/mini_EG4S20BG256.adc"
RUN-1002 : start command "set_pin_assignment ext_clk_25m  LOCATION = K14;  "
RUN-1002 : start command "set_pin_assignment ext_rst_n  LOCATION = L12;  "
RUN-1002 : start command "set_pin_assignment uart_tx  LOCATION = E16; "
RUN-1002 : start command "set_pin_assignment uart_rx  LOCATION = F16; "
RUN-1002 : start command "set_pin_assignment led  LOCATION = M3; "
RUN-1002 : start command "optimize_rtl"
RUN-1001 : Open license file D:/Y_22S720/TD/license/Anlogic.lic
RUN-1001 : Print Global Property
RUN-1001 : ---------------------------------------------------------------
RUN-1001 :        Parameters        |  Settings  |  Default Values  |  Note  
RUN-1001 : ---------------------------------------------------------------
RUN-1001 :          message         |  standard  |     standard     |        
RUN-1001 :   mixed_pack_place_flow  |     on     |        on        |        
RUN-1001 :        syn_ip_flow       |    off     |       off        |        
RUN-1001 :          thread          |    auto    |       auto       |        
RUN-1001 : ---------------------------------------------------------------
RUN-1002 : start command "set_param rtl rtl_sim_model on"
RUN-1001 : Print Rtl Property
RUN-1001 : --------------------------------------------------------------
RUN-1001 :        Parameters       |  Settings  |  Default Values  |  Note  
RUN-1001 : --------------------------------------------------------------
RUN-1001 :       compress_add      |   ripple   |      ripple      |        
RUN-1001 :        elf_sload        |    off     |       off        |        
RUN-1001 :       fix_undriven      |     0      |        0         |        
RUN-1001 :         flatten         |    off     |       off        |        
RUN-1001 :       gate_sharing      |     on     |        on        |        
RUN-1001 :    hdl_warning_level    |   normal   |      normal      |        
RUN-1001 :   impl_internal_tribuf  |     on     |        on        |        
RUN-1001 :      impl_set_reset     |     on     |        on        |        
RUN-1001 :        infer_gsr        |    off     |       off        |        
RUN-1001 :      keep_hierarchy     |    auto    |       auto       |        
RUN-1001 :        max_fanout       |    9999    |       9999       |        
RUN-1001 :      max_oh2bin_len     |     10     |        10        |        
RUN-1001 :       merge_equal       |     on     |        on        |        
RUN-1001 :       merge_equiv       |     on     |        on        |        
RUN-1001 :        merge_mux        |    off     |       off        |        
RUN-1001 :     min_control_set     |     8      |        8         |        
RUN-1001 :      min_ripple_len     |    auto    |       auto       |        
RUN-1001 :       oh2bin_ratio      |    0.08    |       0.08       |        
RUN-1001 :     opt_adder_fanout    |     on     |        on        |        
RUN-1001 :        opt_arith        |     on     |        on        |        
RUN-1001 :       opt_big_gate      |    off     |       off        |        
RUN-1001 :        opt_const        |     on     |        on        |        
RUN-1001 :      opt_const_mult     |     on     |        on        |        
RUN-1001 :       opt_lessthan      |     on     |        on        |        
RUN-1001 :         opt_mux         |    off     |       off        |        
RUN-1001 :         opt_ram         |    high    |       high       |        
RUN-1001 :      rtl_sim_model      |     on     |       off        |   *    
RUN-1001 :         seq_syn         |     on     |        on        |        
RUN-1001 : --------------------------------------------------------------
SYN-1012 : SanityCheck: Model "uart_top"
SYN-1012 : SanityCheck: Model "my_uart_rx"
SYN-1012 : SanityCheck: Model "my_uart_tx"
SYN-1012 : SanityCheck: Model "speed_setting"
SYN-1012 : SanityCheck: Model "pll_test"
SYN-1012 : SanityCheck: Model "ram_rw_control"
SYN-1012 : SanityCheck: Model "Double_RAM_uut"
SYN-1043 : Mark pll_test as IO macro for instance bufg_feedback
SYN-1043 : Mark my_uart_tx as IO macro for instance bps_start_r_i
SYN-1043 : Mark my_uart_rx as IO macro for instance bps_start_r_i
SYN-1011 : Flatten model uart_top
SYN-1032 : 385/9 useful/useless nets, 146/0 useful/useless insts
SYN-1016 : Merged 42 instances.
SYN-1032 : 346/60 useful/useless nets, 115/16 useful/useless insts
SYN-1016 : Merged 10 instances.
SYN-1032 : 346/0 useful/useless nets, 298/26 useful/useless insts
SYN-3003 : Optimized 1 equivalent DFF(s)
SYN-3003 : Optimized 1 equivalent DFF(s)
SYN-1032 : 340/6 useful/useless nets, 292/4 useful/useless insts
SYN-1014 : Optimize round 1
SYN-1020 : Optimized 37 distributor mux.
SYN-1016 : Merged 34 instances.
SYN-1015 : Optimize round 1, 211 better
SYN-1014 : Optimize round 2
SYN-1044 : Optimized 4 inv instances.
SYN-1032 : 275/4 useful/useless nets, 227/61 useful/useless insts
SYN-1015 : Optimize round 2, 65 better
SYN-1014 : Optimize round 3
SYN-1015 : Optimize round 3, 0 better
RUN-1002 : start command "write_verilog simulation/uart_rtl_sim.v"
HDL-1201 : write out verilog file simulation/uart_rtl_sim.v
RUN-1002 : start command "report_area -file uart_rtl.area"
RUN-1001 : standard
***Report Model: uart_top Device: EG4S20BG256***

IO Statistics
#IO                         5
  #input                    3
  #output                   2
  #inout                    0

Gate Statistics
#Basic gates              160
  #and                     50
  #nand                     0
  #or                       5
  #nor                      0
  #xor                      0
  #xnor                     0
  #buf                      0
  #not                     12
  #bufif1                   0
  #MX21                     0
  #FADD                     0
  #DFF                     93
  #LATCH                    0
#MACRO_ADD                  6
#MACRO_EQ                  13
#MACRO_MUX                 43
#MACRO_OTHERS               2

Report Hierarchy Area:
+-----------------------------------------------------------+
|Instance           |Module         |gates  |seq    |macros |
+-----------------------------------------------------------+
|top                |uart_top       |67     |93     |21     |
|  my_uart_rx       |my_uart_rx     |54     |26     |9      |
|  my_uart_tx       |my_uart_tx     |5      |18     |2      |
|  speed_rx         |speed_setting  |3      |14     |3      |
|  speed_tx         |speed_setting  |2      |14     |3      |
|  u_pll_test       |pll_test       |0      |0      |1      |
|  u_ram_rw_control |ram_rw_control |2      |21     |3      |
|    uut_Double_RAM |Double_RAM_uut |0      |0      |1      |
+-----------------------------------------------------------+

RUN-1002 : start command "export_db uart_rtl.db"
RUN-1001 : Exported /
RUN-1001 : Exported flow parameters
RUN-1001 : Exported libs
RUN-1001 : Exported entities
RUN-1001 : Exported ports
RUN-1001 : Exported pins
RUN-1001 : Exported instances
RUN-1001 : Exported nets
RUN-1001 : Exported buses
RUN-1001 : Exported models
RUN-1001 : Exported congestions
RUN-1001 : Exported violations
RUN-1001 : Exported IO constraints
RUN-1001 : Exported Inst constraints
RUN-1002 : start command "read_sdc"
USR-1002 : read_sdc file_name -help -h -eco
USR-1009 : NO module with IP_SDC ...
RUN-1104 : Import SDC file  finished, there are 0 nets kept by constraints.
RUN-1002 : start command "optimize_gate -maparea uart_gate.area"
RUN-1001 : Open license file D:/Y_22S720/TD/license/Anlogic.lic
RUN-1001 : Print Global Property
RUN-1001 : ---------------------------------------------------------------
RUN-1001 :        Parameters        |  Settings  |  Default Values  |  Note  
RUN-1001 : ---------------------------------------------------------------
RUN-1001 :          message         |  standard  |     standard     |        
RUN-1001 :   mixed_pack_place_flow  |     on     |        on        |        
RUN-1001 :        syn_ip_flow       |    off     |       off        |        
RUN-1001 :          thread          |    auto    |       auto       |        
RUN-1001 : ---------------------------------------------------------------
RUN-1001 : Print Gate Property
RUN-1001 : ------------------------------------------------------------------
RUN-1001 :          Parameters         |  Settings  |  Default Values  |  Note  
RUN-1001 : ------------------------------------------------------------------
RUN-1001 :         cascade_dsp         |    off     |       off        |        
RUN-1001 :         cascade_eram        |    off     |       off        |        
RUN-1001 :        gate_sim_model       |    off     |       off        |        
RUN-1001 :        map_sim_model        |    off     |       off        |        
RUN-1001 :         map_strategy        |     1      |        1         |        
RUN-1001 :           opt_area          |   medium   |      medium      |        
RUN-1001 :          opt_timing         |    auto    |       auto       |        
RUN-1001 :         pack_effort         |   medium   |      medium      |        
RUN-1001 :      pack_lslice_ripple     |     on     |        on        |        
RUN-1001 :   pack_lslice_ripple_ratio  |    0.5     |       0.5        |        
RUN-1001 :        pack_seq_in_io       |    auto    |       auto       |        
RUN-1001 :        ph1_mux_ratio        |    1.0     |       1.0        |        
RUN-1001 :            report           |  standard  |     standard     |        
RUN-1001 :           retiming          |    off     |       off        |        
RUN-1001 : ------------------------------------------------------------------
SYN-2001 : Map 5 IOs to PADs
RUN-1002 : start command "update_pll_param -module uart_top"
SYN-2501 : Processed 0 LOGIC_BUF instances.
SYN-2501 : 1 BUFG to GCLK
SYN-2512 : LOGIC BRAM "u_ram_rw_control/uut_Double_RAM/inst"
SYN-2571 : Optimize after map_dsp, round 1
SYN-2571 : Optimize after map_dsp, round 1, 0 better
SYN-1001 : Throwback 21 control mux instances
SYN-2501 : Optimize round 1
SYN-1016 : Merged 23 instances.
SYN-2501 : Optimize round 1, 111 better
SYN-2501 : Optimize round 2
SYN-2501 : Optimize round 2, 0 better
SYN-2501 : Map 6 macro adder
SYN-1019 : Optimized 3 mux instances.
SYN-1016 : Merged 5 instances.
SYN-1032 : 447/5 useful/useless nets, 400/0 useful/useless insts
RUN-1002 : start command "start_timer -prepack"
TMR-2505 : Start building timing graph for model uart_top.
TMR-2506 : Build timing graph completely. Port num: 5, tpin num: 1360, tnet num: 445, tinst num: 398, tnode num: 1576, tedge num: 1810.
TMR-2508 : Levelizing timing graph completed, there are 31 levels in total.
TMR-2501 : Timing graph initialized successfully.
TMR-2503 : Start to update net delay, extr mode = 2.
TMR-2504 : Update delay of 445 nets completely.
TMR-2502 : Annotate delay completely, extr mode = 2.
TMR-3001 : Initiate 0 clocks from SDC.
TMR-3004 : Map sdc constraints, there are 0 constraints in total.
TMR-3003 : Constraints initiated successfully.
TMR-3501 : Forward propagation: start to calculate arrival time...
TMR-3502 : Backward propagation: start to calculate required time...
TMR-3503 : Timing propagation completes.
SYN-3001 : Running gate level optimization.
SYN-2581 : Mapping with K=5, #lut = 94 (3.00), #lev = 5 (3.32)
SYN-2551 : Post LUT mapping optimization.
SYN-2581 : Mapping with K=5, #lut = 89 (3.10), #lev = 4 (2.83)
SYN-3001 : Logic optimization runtime opt =   0.01 sec, map =   0.00 sec
SYN-3001 : Mapper mapped 249 instances into 90 LUTs, name keeping = 75%.
RUN-1002 : start command "report_area -file uart_gate.area"
RUN-1001 : standard
***Report Model: uart_top Device: EG4S20BG256***

IO Statistics
#IO                         5
  #input                    3
  #output                   2
  #inout                    0

LUT Statistics
#Total_luts               137
  #lut4                    75
  #lut5                    15
  #lut6                     0
  #lut5_mx41                0
  #lut4_alu1b              47

Utilization Statistics
#lut                      137   out of  19600    0.70%
#reg                       93   out of  19600    0.47%
#le                         0
#dsp                        0   out of     29    0.00%
#bram                       1   out of     64    1.56%
  #bram9k                   1
  #fifo9k                   0
#bram32k                    0   out of     16    0.00%
#pad                        5   out of    188    2.66%
  #ireg                     0
  #oreg                     0
  #treg                     0
#pll                        1   out of      4   25.00%

Report Hierarchy Area:
+--------------------------------------------------------------------------------+
|Instance           |Module         |lut     |ripple  |seq     |bram    |dsp     |
+--------------------------------------------------------------------------------+
|top                |uart_top       |90      |47      |93      |1       |0       |
|  my_uart_rx       |my_uart_rx     |25      |0       |26      |0       |0       |
|  my_uart_tx       |my_uart_tx     |15      |0       |18      |0       |0       |
|  speed_rx         |speed_setting  |20      |14      |14      |0       |0       |
|  speed_tx         |speed_setting  |20      |14      |14      |0       |0       |
|  u_pll_test       |pll_test       |1       |0       |0       |0       |0       |
|  u_ram_rw_control |ram_rw_control |9       |19      |21      |1       |0       |
|    uut_Double_RAM |Double_RAM_uut |0       |0       |0       |1       |0       |
+--------------------------------------------------------------------------------+

SYN-1001 : Packing model "uart_top" ...
SYN-4010 : Pack lib has 58 rtl pack models with 25 top pack blocks
SYN-1014 : Optimize round 1
SYN-1015 : Optimize round 1, 0 better
SYN-4002 : Packing 93 DFF/LATCH to SEQ ...
SYN-4009 : Pack 2 carry chain into lslice
SYN-4007 : Packing 19 adder to BLE ...
SYN-4008 : Packed 19 adder and 8 SEQ to BLE.
SYN-4007 : Packing 0 gate4 to BLE ...
SYN-4008 : Packed 0 gate4 and 0 SEQ to BLE.
SYN-4012 : Packed 0 FxMUX
RUN-1002 : start command "legalize_phy_inst"
SYN-1011 : Flatten model uart_top
RUN-1002 : start command "export_db uart_gate.db"
RUN-1001 : Exported /
RUN-1001 : Exported flow parameters
RUN-1001 : Exported libs
RUN-1001 : Exported entities
RUN-1001 : Exported ports
RUN-1001 : Exported pins
RUN-1001 : Exported instances
RUN-1001 : Exported nets
RUN-1001 : Exported buses
RUN-1001 : Exported models
RUN-1001 : Exported congestions
RUN-1001 : Exported violations
RUN-1001 : Exported timing constraints
RUN-1001 : Exported IO constraints
RUN-1001 : Exported Inst constraints
RUN-1002 : start command "backup_run_log run.log ../.logs/syn_1/td_20221008_154704.log"
