=========================================================================================================
Auto created by Tang Dynasty v5.6.59063
Copyright (c) 2012-2022 Anlogic
Fri Oct 28 08:43:29 2022
=========================================================================================================


Top Model:                OV5640_SDRAM                                                    
Device:                   eagle_s20                                                       
Timing Constraint File:                                                                   
STA Level:                Detail                                                          
Speed Grade:              NA                                                              

=========================================================================================================
Timing summary:                                                                           
---------------------------------------------------------------------------------------------------------
Constraint path number: 0 (STA coverage = 0.00%)
Timing violations: 0 setup errors, and 0 hold errors.
Minimal setup slack: infinity, minimal hold slack: infinity

Timing group statistics: 
	Clock constraints: 
	  No constraint path
	Minimum input arrival time before clock: no constraint path
	Maximum output required time after clock: no constraint path
	Maximum combinational path delay: no constraint path


Warning: No clock constraint on 7 clock net(s): 
	Sdram_Control_4Port/CTRL_CLK
	Sdram_Control_4Port/SDRAM_CLK
	VGA_VCLK_dup_1
	clk_in_dup_1
	cmos_pclk_dup_1
	cmos_xclk_dup_1
	u_I2C_OV5640_Init_RGB565/u_I2C_Controller/clk

---------------------------------------------------------------------------------------------------------
