============================================================
   Tang Dynasty, V4.6.12906
   Copyright:   Shanghai Anlogic Infotech Co., Ltd.
                2011 - 2021
   Executable = C:/Anlogic/TD4.6.12906/bin/td.exe
   Built at =   18:22:35 Jun 26 2019
   Run by =     dell
   Run Date =   Thu Aug  8 16:24:29 2019

   Run on =     ANLOGIC-SUYANG
============================================================
RUN-1002 : start command "open_project seg_4.al"
GUI-8003 ERROR: seg_4.v is missing!
GUI-8003 ERROR: rst.v is missing!
HDL-1007 : analyze verilog file sources/rtl/rst.v
HDL-1007 : analyze verilog file sources/rtl/seg_4.v
RUN-1002 : start command "import_device eagle_s20.db -package BG256"
ARC-1001 : Device Initialization.
ARC-1001 : ------------------------------------------------------------------
ARC-1001 :            OPTION            |          IO          |   SETTING   
ARC-1001 : ------------------------------------------------------------------
ARC-1001 :   cso_b/cclk/mosi/miso/dout  |  T3/R11/T10/P10/S11  |    gpio    
ARC-1001 :             done             |         P13          |    gpio    
ARC-1001 :           program_b          |          T2          |  dedicated  
ARC-1001 :        tdi/tms/tck/tdo       |   C12/A15/C14/E14    |  dedicated  
ARC-1001 : ------------------------------------------------------------------
ARC-1004 : Device setting, marked 5 dedicate IOs in total.
GUI-8003 ERROR: seg_4.v is missing!
GUI-8003 ERROR: rst.v is missing!
RUN-1002 : start command "download -bit seg_4.bit -mode jtag -spd 6 -sec 64 -cable 0"
PRG-2014 : Chip validation success: EAGLE_S20_BG256
RUN-1002 : start command "bit_to_vec -chip EAGLE_S20_BG256 -m jtag -bit seg_4.bit"
PRG-3000 : BIT2VEC::JtagBitstream: completed! line_num = 1354, frame_num = 1259
RUN-1003 : finish command "bit_to_vec -chip EAGLE_S20_BG256 -m jtag -bit seg_4.bit" in  1.495750s wall, 1.437500s user + 0.062500s system = 1.500000s CPU (100.3%)

RUN-1004 : used memory is 268 MB, reserved memory is 228 MB, peak memory is 269 MB
RUN-1002 : start command "program -cable 0 -spd 6 -p"
RUN-1003 : finish command "program -cable 0 -spd 6 -p" in  7.029698s wall, 0.765625s user + 0.187500s system = 0.953125s CPU (13.6%)

RUN-1004 : used memory is 292 MB, reserved memory is 253 MB, peak memory is 292 MB
RUN-1003 : finish command "download -bit seg_4.bit -mode jtag -spd 6 -sec 64 -cable 0" in  9.074492s wall, 2.328125s user + 0.265625s system = 2.593750s CPU (28.6%)

RUN-1004 : used memory is 151 MB, reserved memory is 110 MB, peak memory is 292 MB
GUI-1001 : Download success!
