============================================================
   Tang Dynasty, V5.6.53426
   Copyright (c) 2012-2022 Anlogic
   Executable = D:/Y_22S720/TD/bin/td.exe
   Built at =   19:26:25 Jun 10 2022
   Run by =     321squarial
   Run Date =   Sat Oct  8 14:47:23 2022

   Run on =     LAPTOP-0TRO264C
============================================================
RUN-1002 : start command "open_project Running_LED.prj"
RUN-1001 : Print Global Property
RUN-1001 : ---------------------------------------------------------------
RUN-1001 :        Parameters        |  Settings  |  Default Values  |  Note  
RUN-1001 : ---------------------------------------------------------------
RUN-1001 :          message         |  standard  |     standard     |        
RUN-1001 :   mixed_pack_place_flow  |     on     |        on        |        
RUN-1001 :        syn_ip_flow       |    off     |       off        |        
RUN-1001 :          thread          |    auto    |       auto       |        
RUN-1001 : ---------------------------------------------------------------
RUN-1001 : Print Design Property
RUN-1001 : --------------------------------------------------------------
RUN-1001 :        Parameters       |  Settings  |  Default Values  |  Note  
RUN-1001 : --------------------------------------------------------------
RUN-1001 :   default_reg_initial   |    auto    |       auto       |        
RUN-1001 :        infer_add        |     on     |        on        |        
RUN-1001 :        infer_fsm        |    off     |       off        |        
RUN-1001 :        infer_mult       |     on     |        on        |        
RUN-1001 :        infer_ram        |     on     |        on        |        
RUN-1001 :        infer_reg        |     on     |        on        |        
RUN-1001 :   infer_reg_init_value  |     on     |        on        |        
RUN-1001 :        infer_rom        |     on     |        on        |        
RUN-1001 :      infer_shifter      |     on     |        on        |        
RUN-1001 : --------------------------------------------------------------
RUN-1001 : Print Rtl Property
RUN-1001 : --------------------------------------------------------------
RUN-1001 :        Parameters       |  Settings  |  Default Values  |  Note  
RUN-1001 : --------------------------------------------------------------
RUN-1001 :       compress_add      |   ripple   |      ripple      |        
RUN-1001 :        elf_sload        |    off     |       off        |        
RUN-1001 :       fix_undriven      |     0      |        0         |        
RUN-1001 :         flatten         |    off     |       off        |        
RUN-1001 :       gate_sharing      |     on     |        on        |        
RUN-1001 :    hdl_warning_level    |   normal   |      normal      |        
RUN-1001 :   impl_internal_tribuf  |     on     |        on        |        
RUN-1001 :      impl_set_reset     |     on     |        on        |        
RUN-1001 :        infer_gsr        |    off     |       off        |        
RUN-1001 :      keep_hierarchy     |    auto    |       auto       |        
RUN-1001 :        max_fanout       |    9999    |       9999       |        
RUN-1001 :      max_oh2bin_len     |     10     |        10        |        
RUN-1001 :       merge_equal       |     on     |        on        |        
RUN-1001 :       merge_equiv       |     on     |        on        |        
RUN-1001 :        merge_mux        |    off     |       off        |        
RUN-1001 :     min_control_set     |     8      |        8         |        
RUN-1001 :      min_ripple_len     |    auto    |       auto       |        
RUN-1001 :       oh2bin_ratio      |    0.08    |       0.08       |        
RUN-1001 :     opt_adder_fanout    |     on     |        on        |        
RUN-1001 :        opt_arith        |     on     |        on        |        
RUN-1001 :       opt_big_gate      |    off     |       off        |        
RUN-1001 :        opt_const        |     on     |        on        |        
RUN-1001 :      opt_const_mult     |     on     |        on        |        
RUN-1001 :       opt_lessthan      |     on     |        on        |        
RUN-1001 :         opt_mux         |    off     |       off        |        
RUN-1001 :         opt_ram         |    high    |       high       |        
RUN-1001 :      rtl_sim_model      |    off     |       off        |        
RUN-1001 :         seq_syn         |     on     |        on        |        
RUN-1001 : --------------------------------------------------------------
HDL-1007 : analyze verilog file ../../sources/rtl/rst.v
HDL-1007 : analyze verilog file ../../sources/rtl/running_led.v
HDL-5007 WARNING: identifier 'cnt_time' is used before its declaration in ../../sources/rtl/running_led.v(26)
HDL-5007 WARNING: identifier 'flag' is used before its declaration in ../../sources/rtl/running_led.v(27)
RUN-1001 : Project manager successfully analyzed 2 source files.
RUN-1002 : start command "import_device eagle_s20.db -package EG4S20BG256"
ARC-1001 : Device Initialization.
ARC-1001 : ------------------------------------------------------------------
ARC-1001 :            OPTION            |          IO          |   SETTING   
ARC-1001 : ------------------------------------------------------------------
ARC-1001 :   cso_b/cclk/mosi/miso/dout  |  T3/R11/T10/P10/S11  |    gpio    
ARC-1001 :             done             |         P13          |    gpio    
ARC-1001 :           program_b          |          T2          |  dedicate  
ARC-1001 :        tdi/tms/tck/tdo       |   C12/A15/C14/E14    |  dedicate  
ARC-1001 : ------------------------------------------------------------------
ARC-1004 : Device setting, marked 5 dedicate IOs in total.
RUN-1002 : start command "import_db ../syn_1/Running_LED_gate.db"
RUN-1001 : Importing database generated by Tang Dynasty, V5.6.53426.
RUN-1001 : Database version number 46140.
RUN-1001 : Import flow parameters
RUN-1001 : Import timing constraints
RUN-1001 : Import IO constraints
RUN-1001 : Import Inst constraints
RUN-1001 : Import design success TD_VERSION=5.6.53426 , DB_VERSION=46140
RUN-1002 : start command "read_sdc"
USR-1002 : read_sdc file_name -help -h -eco
USR-1009 : NO module with IP_SDC ...
RUN-1104 : Import SDC file  finished, there are 0 nets kept by constraints.
RUN-1002 : start command "place"
RUN-1001 : Open license file D:/Y_22S720/TD/license/Anlogic.lic
RUN-1001 : Print Global Property
RUN-1001 : ---------------------------------------------------------------
RUN-1001 :        Parameters        |  Settings  |  Default Values  |  Note  
RUN-1001 : ---------------------------------------------------------------
RUN-1001 :          message         |  standard  |     standard     |        
RUN-1001 :   mixed_pack_place_flow  |     on     |        on        |        
RUN-1001 :        syn_ip_flow       |    off     |       off        |        
RUN-1001 :          thread          |    auto    |       auto       |        
RUN-1001 : ---------------------------------------------------------------
RUN-1001 : Print Place Property
RUN-1001 : --------------------------------------------------------------
RUN-1001 :        Parameters       |  Settings  |  Default Values  |  Note  
RUN-1001 : --------------------------------------------------------------
RUN-1001 :      detailed_place     |     on     |        on        |        
RUN-1001 :          effort         |   medium   |      medium      |        
RUN-1001 :         fix_hold        |    off     |       off        |        
RUN-1001 :       legalization      |    ori     |       ori        |        
RUN-1001 :      new_spreading      |     on     |        on        |        
RUN-1001 :        opt_timing       |   medium   |      medium      |        
RUN-1001 :   post_clock_route_opt  |    off     |       off        |        
RUN-1001 :       pr_strategy       |     1      |        1         |        
RUN-1001 :        relaxation       |    1.00    |       1.00       |        
RUN-1001 :         retiming        |    off     |       off        |        
RUN-1001 : --------------------------------------------------------------
PHY-3001 : Placer runs in 4 thread(s).
RUN-1002 : start command "legalize_phy_inst"
SYN-1011 : Flatten model running_led
RUN-1002 : start command "phys_opt -simplify_lut"
SYN-4024 : Net "clk_24m_dup_1" drives clk pins.
SYN-4025 : Tag rtl::Net clk_24m_dup_1 as clock net
SYN-4026 : Tagged 1 rtl::Net as clock net
PHY-1001 : Populate physical database on model running_led.
RUN-1001 : There are total 113 instances
RUN-0007 : 44 luts, 42 seqs, 0 mslices, 7 lslices, 17 pads, 0 brams, 0 dsps
RUN-1001 : There are total 137 nets
RUN-1001 : 90 nets have 2 pins
RUN-1001 : 26 nets have [3 - 5] pins
RUN-1001 : 16 nets have [6 - 10] pins
RUN-1001 : 2 nets have [11 - 20] pins
RUN-1001 : 3 nets have [21 - 99] pins
RUN-1001 : Report Control nets information:
RUN-1001 : DFF Distribution
RUN-1001 : ----------------------------------
RUN-1001 :   CE   |  SSR  |  ASR  |  DFF Count  
RUN-1001 : ----------------------------------
RUN-1001 :   No   |  No   |  No   |     31      
RUN-1001 :   No   |  No   |  Yes  |      0      
RUN-1001 :   No   |  Yes  |  No   |     11      
RUN-1001 :   Yes  |  No   |  No   |      0      
RUN-1001 :   Yes  |  No   |  Yes  |      0      
RUN-1001 :   Yes  |  Yes  |  No   |      0      
RUN-1001 : ----------------------------------
RUN-0007 : Control Group Statistic
RUN-0007 : ---------------------------
RUN-0007 :   #CLK  |  #CE  |  #SSR/ASR  
RUN-0007 : ---------------------------
RUN-0007 :    1    |   1   |     2      
RUN-0007 : ---------------------------
RUN-0007 : Control Set = 2
PHY-3001 : Initial placement ...
PHY-3001 : design contains 111 instances, 44 luts, 42 seqs, 7 slices, 1 macros(7 instances: 0 mslices 7 lslices)
PHY-0007 : Cell area utilization is 0%
PHY-3001 : Start timing update ...
RUN-1002 : start command "start_timer -report"
TMR-2505 : Start building timing graph for model running_led.
TMR-2506 : Build timing graph completely. Port num: 2, tpin num: 458, tnet num: 135, tinst num: 111, tnode num: 553, tedge num: 720.
TMR-2508 : Levelizing timing graph completed, there are 17 levels in total.
TMR-2501 : Timing graph initialized successfully.
TMR-2503 : Start to update net delay, extr mode = 2.
TMR-2504 : Update delay of 135 nets completely.
TMR-2502 : Annotate delay completely, extr mode = 2.
TMR-3001 : Initiate 0 clocks from SDC.
TMR-3004 : Map sdc constraints, there are 0 constraints in total.
TMR-3003 : Constraints initiated successfully.
TMR-3501 : Forward propagation: start to calculate arrival time...
TMR-3502 : Backward propagation: start to calculate required time...
TMR-3503 : Timing propagation completes.
PHY-3001 : End timing update;  0.135435s wall, 0.140625s user + 0.000000s system = 0.140625s CPU (103.8%)

PHY-3001 : Global placement ...
PHY-3001 : Initial: Len = 36894.2
PHY-3001 : Clustering ...
PHY-3001 : Level 0 #clusters 111.
PHY-3001 : End clustering;  0.000018s wall, 0.000000s user + 0.000000s system = 0.000000s CPU (n/a%)

PHY-3001 : Run with size of 4
PHY-3001 : Cell area utilization is 0%
PHY-3001 : :::0::: Try harder cell spreading with beta_ = 0
PHY-3002 : Step(1): len = 25916.8, overlap = 0
PHY-3002 : Step(2): len = 18024, overlap = 0
PHY-3002 : Step(3): len = 12381.5, overlap = 0
PHY-3002 : Step(4): len = 10070.7, overlap = 0
PHY-3002 : Step(5): len = 8349.9, overlap = 0
PHY-3002 : Step(6): len = 7055.3, overlap = 0
PHY-3002 : Step(7): len = 6863, overlap = 0
PHY-3002 : Step(8): len = 6267.2, overlap = 0
PHY-3002 : Step(9): len = 5735.2, overlap = 0
PHY-3002 : Step(10): len = 5676.1, overlap = 0
PHY-3002 : Step(11): len = 5498.5, overlap = 0
PHY-3002 : Step(12): len = 5013.9, overlap = 0
PHY-3002 : Step(13): len = 5125.5, overlap = 0
PHY-3002 : Step(14): len = 4738.8, overlap = 0
PHY-3002 : Step(15): len = 4294.2, overlap = 0
PHY-3002 : Step(16): len = 4534.6, overlap = 0
PHY-3002 : Step(17): len = 3983.6, overlap = 0
PHY-3002 : Step(18): len = 3443.4, overlap = 0
PHY-3002 : Step(19): len = 3320.5, overlap = 0
PHY-3002 : Step(20): len = 3175.2, overlap = 0
PHY-3002 : Step(21): len = 2741.9, overlap = 0
PHY-3002 : Step(22): len = 2697.2, overlap = 0
PHY-3002 : Step(23): len = 2701.6, overlap = 0
PHY-3002 : Step(24): len = 2481.6, overlap = 0
PHY-3002 : Step(25): len = 2482.1, overlap = 0
PHY-3002 : Step(26): len = 2482.1, overlap = 0
PHY-3001 : Legalization ...
PHY-3001 : End legalization;  0.004805s wall, 0.000000s user + 0.000000s system = 0.000000s CPU (n/a%)

PHY-3001 : Run with size of 4
PHY-3001 : Cell area utilization is 0%
PHY-3001 : Update timing in Manhattan mode ...
TMR-2503 : Start to update net delay, extr mode = 3.
TMR-2504 : Update delay of 135 nets completely.
TMR-2502 : Annotate delay completely, extr mode = 3.
TMR-3501 : Forward propagation: start to calculate arrival time...
TMR-3502 : Backward propagation: start to calculate required time...
TMR-3503 : Timing propagation completes.
PHY-3001 : End timing update;  0.001913s wall, 0.000000s user + 0.000000s system = 0.000000s CPU (n/a%)

PHY-3001 : :::0::: Try harder cell spreading with beta_ = 0
PHY-3002 : Step(27): len = 2421.1, overlap = 0
PHY-3002 : Step(28): len = 2421.1, overlap = 0
PHY-3002 : Step(29): len = 2426.8, overlap = 0
PHY-3002 : Step(30): len = 2426.8, overlap = 0
PHY-3002 : Step(31): len = 2412.6, overlap = 0
PHY-3002 : Step(32): len = 2417.9, overlap = 0
PHY-3002 : Step(33): len = 2417.9, overlap = 0
PHY-3001 : Run with size of 2
PHY-3001 : Cell area utilization is 0%
PHY-3001 : Update timing in Manhattan mode ...
TMR-2503 : Start to update net delay, extr mode = 3.
TMR-2504 : Update delay of 135 nets completely.
TMR-2502 : Annotate delay completely, extr mode = 3.
TMR-3501 : Forward propagation: start to calculate arrival time...
TMR-3502 : Backward propagation: start to calculate required time...
TMR-3503 : Timing propagation completes.
PHY-3001 : End timing update;  0.002000s wall, 0.000000s user + 0.000000s system = 0.000000s CPU (n/a%)

PHY-3001 : :::0::: Try harder cell spreading with beta_ = 0
PHY-3002 : Step(34): len = 2409.9, overlap = 0.6875
PHY-3002 : Step(35): len = 2409.9, overlap = 0.6875
PHY-3002 : Step(36): len = 2441.8, overlap = 1.125
PHY-3002 : Step(37): len = 2441.8, overlap = 1.125
PHY-3002 : Step(38): len = 2405.1, overlap = 0.6875
PHY-3002 : Step(39): len = 2405.1, overlap = 0.6875
PHY-3002 : Step(40): len = 2431.4, overlap = 0.90625
PHY-3002 : Step(41): len = 2431.4, overlap = 0.90625
PHY-3002 : Step(42): len = 2392.1, overlap = 0.90625
PHY-3002 : Step(43): len = 2392.1, overlap = 0.90625
PHY-3002 : Step(44): len = 2391.3, overlap = 0.90625
OPT-1001 : Start physical optimization ...
RUN-1002 : start command "start_timer -report"
TMR-2505 : Start building timing graph for model running_led.
TMR-2506 : Build timing graph completely. Port num: 2, tpin num: 458, tnet num: 135, tinst num: 111, tnode num: 553, tedge num: 720.
TMR-2508 : Levelizing timing graph completed, there are 17 levels in total.
TMR-2501 : Timing graph initialized successfully.
OPT-1001 : Total overflow 2.22 peak overflow 0.91
OPT-1001 : Start high-fanout net optimization ...
OPT-1001 : Update timing in global mode
PHY-1001 : Start incremental global routing, caller is place ...
RUN-1001 : Generating global routing grids ...
RUN-1001 : Building simple global routing graph ...
PHY-1001 : Generate routing nets ...
PHY-1001 : Reuse net number 0/137.
PHY-1001 : Global iterations in 4 thread ...
PHY-1002 : len = 2432, over cnt = 3(0%), over = 4, worst = 2
PHY-1001 : End global iterations;  0.011944s wall, 0.000000s user + 0.000000s system = 0.000000s CPU (n/a%)

PHY-1001 : Congestion index: top1 = 6.03, top5 = 1.46, top10 = 0.73, top15 = 0.48.
PHY-1001 : End incremental global routing;  0.083413s wall, 0.046875s user + 0.031250s system = 0.078125s CPU (93.7%)

TMR-2503 : Start to update net delay, extr mode = 5.
TMR-2504 : Update delay of 135 nets completely.
TMR-2502 : Annotate delay completely, extr mode = 5.
TMR-3001 : Initiate 0 clocks from SDC.
TMR-3004 : Map sdc constraints, there are 0 constraints in total.
TMR-3003 : Constraints initiated successfully.
TMR-3501 : Forward propagation: start to calculate arrival time...
TMR-3502 : Backward propagation: start to calculate required time...
TMR-3503 : Timing propagation completes.
OPT-1001 : End timing update;  0.002825s wall, 0.000000s user + 0.000000s system = 0.000000s CPU (n/a%)

OPT-1001 : 0 high-fanout net processed.
OPT-1001 : End high-fanout net optimization;  0.087717s wall, 0.046875s user + 0.031250s system = 0.078125s CPU (89.1%)

OPT-1001 : Current memory(MB): used = 120, reserve = 94, peak = 120.
OPT-1001 : Start global optimization ...
OPT-1001 : Start congestion update ...
RUN-1001 : Generating global routing grids ...
PHY-1001 : Generate routing nets ...
PHY-1001 : Reuse net number 53/137.
PHY-1001 : Global iterations in 4 thread ...
PHY-1002 : len = 2432, over cnt = 3(0%), over = 4, worst = 2
PHY-1002 : len = 2456, over cnt = 2(0%), over = 2, worst = 1
PHY-1002 : len = 2488, over cnt = 0(0%), over = 0, worst = 0
PHY-1001 : End global iterations;  0.008313s wall, 0.015625s user + 0.000000s system = 0.015625s CPU (188.0%)

PHY-1001 : Congestion index: top1 = 6.16, top5 = 1.48, top10 = 0.74, top15 = 0.49.
OPT-1001 : End congestion update;  0.061458s wall, 0.062500s user + 0.000000s system = 0.062500s CPU (101.7%)

OPT-1001 : Update timing in Manhattan mode
TMR-2503 : Start to update net delay, extr mode = 3.
TMR-2504 : Update delay of 135 nets completely.
TMR-2502 : Annotate delay completely, extr mode = 3.
TMR-3501 : Forward propagation: start to calculate arrival time...
TMR-3502 : Backward propagation: start to calculate required time...
TMR-3503 : Timing propagation completes.
OPT-1001 : End timing update;  0.002537s wall, 0.000000s user + 0.000000s system = 0.000000s CPU (n/a%)

OPT-0007 : Start: WNS 2147483647 TNS 0 NUM_FEPS 0
OPT-1001 : End global optimization;  0.064085s wall, 0.062500s user + 0.000000s system = 0.062500s CPU (97.5%)

OPT-1001 : Current memory(MB): used = 120, reserve = 94, peak = 120.
OPT-1001 : End physical optimization;  0.290672s wall, 0.234375s user + 0.062500s system = 0.296875s CPU (102.1%)

PHY-3001 : Start packing ...
SYN-4007 : Packing 0 MUX to BLE ...
SYN-4008 : Packed 0 MUX and 0 SEQ to BLE.
SYN-4007 : Packing 44 LUT to BLE ...
SYN-4008 : Packed 44 LUT and 17 SEQ to BLE.
SYN-4003 : Packing 25 remaining SEQ's ...
SYN-4005 : Packed 9 SEQ with LUT/SLICE
SYN-4006 : 20 single LUT's are left
SYN-4006 : 16 single SEQ's are left
SYN-4011 : Packing model "running_led" (AL_USER_NORMAL) with 60/87 primitive instances ...
PHY-3001 : End packing;  0.004267s wall, 0.015625s user + 0.000000s system = 0.015625s CPU (366.2%)

PHY-1001 : Populate physical database on model running_led.
RUN-1001 : There are total 59 instances
RUN-1001 : 19 mslices, 20 lslices, 17 pads, 0 brams, 0 dsps
RUN-1001 : There are total 120 nets
RUN-1001 : 73 nets have 2 pins
RUN-1001 : 26 nets have [3 - 5] pins
RUN-1001 : 16 nets have [6 - 10] pins
RUN-1001 : 2 nets have [11 - 20] pins
RUN-1001 : 3 nets have [21 - 99] pins
PHY-3001 : design contains 57 instances, 39 slices, 1 macros(7 instances: 0 mslices 7 lslices)
PHY-3001 : Cell area utilization is 0%
PHY-3001 : After packing: Len = 2495.8, Over = 2.25
PHY-3001 : Run with size of 2
PHY-3001 : Cell area utilization is 0%
PHY-3001 : Update timing in Manhattan mode ...
RUN-1002 : start command "start_timer -report"
TMR-2505 : Start building timing graph for model running_led.
TMR-2506 : Build timing graph completely. Port num: 2, tpin num: 409, tnet num: 118, tinst num: 57, tnode num: 485, tedge num: 670.
TMR-2508 : Levelizing timing graph completed, there are 17 levels in total.
TMR-2501 : Timing graph initialized successfully.
TMR-2503 : Start to update net delay, extr mode = 3.
TMR-2504 : Update delay of 118 nets completely.
TMR-2502 : Annotate delay completely, extr mode = 3.
TMR-3001 : Initiate 0 clocks from SDC.
TMR-3004 : Map sdc constraints, there are 0 constraints in total.
TMR-3003 : Constraints initiated successfully.
TMR-3501 : Forward propagation: start to calculate arrival time...
TMR-3502 : Backward propagation: start to calculate required time...
TMR-3503 : Timing propagation completes.
PHY-3001 : End timing update;  0.139680s wall, 0.140625s user + 0.000000s system = 0.140625s CPU (100.7%)

PHY-3001 : :::0::: Try harder cell spreading with beta_ = 0.000469122
PHY-3002 : Step(45): len = 2523.2, overlap = 2
PHY-3002 : Step(46): len = 2539.8, overlap = 2
PHY-3002 : Step(47): len = 2544.6, overlap = 2
PHY-3001 : :::1::: Try harder cell spreading with beta_ = 0.000938244
PHY-3002 : Step(48): len = 2492.3, overlap = 1.25
PHY-3002 : Step(49): len = 2491.2, overlap = 1.5
PHY-3002 : Step(50): len = 2436.6, overlap = 1.5
PHY-3002 : Step(51): len = 2436.6, overlap = 1.5
PHY-3002 : Step(52): len = 2423.6, overlap = 1.5
PHY-3001 : Legalization ...
PHY-3001 : End legalization;  0.015486s wall, 0.015625s user + 0.015625s system = 0.031250s CPU (201.8%)

PHY-3001 : Trial Legalized: Len = 3463.8
PHY-3001 : Run with size of 2
PHY-3001 : Cell area utilization is 0%
PHY-3001 : Update timing in Manhattan mode ...
TMR-2503 : Start to update net delay, extr mode = 3.
TMR-2504 : Update delay of 118 nets completely.
TMR-2502 : Annotate delay completely, extr mode = 3.
TMR-3501 : Forward propagation: start to calculate arrival time...
TMR-3502 : Backward propagation: start to calculate required time...
TMR-3503 : Timing propagation completes.
PHY-3001 : End timing update;  0.002629s wall, 0.000000s user + 0.000000s system = 0.000000s CPU (n/a%)

PHY-3001 : :::0::: Try harder cell spreading with beta_ = 0
PHY-3002 : Step(53): len = 2866, overlap = 0.5
PHY-3002 : Step(54): len = 2688.7, overlap = 1.5
PHY-3002 : Step(55): len = 2492.2, overlap = 2
PHY-3002 : Step(56): len = 2478.3, overlap = 2
PHY-3002 : Step(57): len = 2478.3, overlap = 2
PHY-3002 : Step(58): len = 2449.6, overlap = 2
PHY-3002 : Step(59): len = 2449.6, overlap = 2
PHY-3002 : Step(60): len = 2454.3, overlap = 2
PHY-3001 : Legalization ...
PHY-3001 : End legalization;  0.006785s wall, 0.015625s user + 0.000000s system = 0.015625s CPU (230.3%)

PHY-3001 : Legalized: Len = 3071.8, Over = 0
PHY-3001 : End spreading;  0.003086s wall, 0.000000s user + 0.000000s system = 0.000000s CPU (n/a%)

PHY-3001 : Final: Len = 3071.8, Over = 0
OPT-1001 : Start physical optimization ...
RUN-1002 : start command "start_timer -report"
TMR-2505 : Start building timing graph for model running_led.
TMR-2506 : Build timing graph completely. Port num: 2, tpin num: 409, tnet num: 118, tinst num: 57, tnode num: 485, tedge num: 670.
TMR-2508 : Levelizing timing graph completed, there are 17 levels in total.
TMR-2501 : Timing graph initialized successfully.
OPT-1001 : Total overflow 0.00 peak overflow 0.00
OPT-1001 : Start high-fanout net optimization ...
OPT-1001 : Update timing in global mode
PHY-1001 : Start incremental global routing, caller is place ...
RUN-1001 : Generating global routing grids ...
PHY-1001 : Generate routing nets ...
PHY-1001 : Reuse net number 12/120.
PHY-1001 : Global iterations in 4 thread ...
PHY-1002 : len = 3144, over cnt = 9(0%), over = 11, worst = 3
PHY-1002 : len = 3168, over cnt = 3(0%), over = 3, worst = 1
PHY-1002 : len = 3216, over cnt = 0(0%), over = 0, worst = 0
PHY-1001 : End global iterations;  0.018398s wall, 0.015625s user + 0.000000s system = 0.015625s CPU (84.9%)

PHY-1001 : Congestion index: top1 = 8.66, top5 = 2.04, top10 = 1.02, top15 = 0.68.
PHY-1001 : End incremental global routing;  0.072774s wall, 0.062500s user + 0.000000s system = 0.062500s CPU (85.9%)

TMR-2503 : Start to update net delay, extr mode = 5.
TMR-2504 : Update delay of 118 nets completely.
TMR-2502 : Annotate delay completely, extr mode = 5.
TMR-3001 : Initiate 0 clocks from SDC.
TMR-3004 : Map sdc constraints, there are 0 constraints in total.
TMR-3003 : Constraints initiated successfully.
TMR-3501 : Forward propagation: start to calculate arrival time...
TMR-3502 : Backward propagation: start to calculate required time...
TMR-3503 : Timing propagation completes.
OPT-1001 : End timing update;  0.002501s wall, 0.015625s user + 0.000000s system = 0.015625s CPU (624.7%)

OPT-1001 : 0 high-fanout net processed.
OPT-1001 : End high-fanout net optimization;  0.076784s wall, 0.078125s user + 0.000000s system = 0.078125s CPU (101.7%)

OPT-1001 : Current memory(MB): used = 121, reserve = 95, peak = 122.
OPT-1001 : Start path based optimization ...
OPT-1001 : Start congestion update ...
RUN-1001 : Generating global routing grids ...
PHY-1001 : Generate routing nets ...
PHY-1001 : Reuse net number 80/120.
PHY-1001 : Global iterations in 4 thread ...
PHY-1002 : len = 3216, over cnt = 0(0%), over = 0, worst = 0
PHY-1001 : End global iterations;  0.001667s wall, 0.000000s user + 0.000000s system = 0.000000s CPU (n/a%)

PHY-1001 : Congestion index: top1 = 8.66, top5 = 2.04, top10 = 1.02, top15 = 0.68.
OPT-1001 : End congestion update;  0.055070s wall, 0.031250s user + 0.000000s system = 0.031250s CPU (56.7%)

OPT-1001 : Update timing in Manhattan mode
TMR-2503 : Start to update net delay, extr mode = 3.
TMR-2504 : Update delay of 118 nets completely.
TMR-2502 : Annotate delay completely, extr mode = 3.
TMR-3501 : Forward propagation: start to calculate arrival time...
TMR-3502 : Backward propagation: start to calculate required time...
TMR-3503 : Timing propagation completes.
OPT-1001 : End timing update;  0.002223s wall, 0.000000s user + 0.000000s system = 0.000000s CPU (n/a%)

OPT-0007 : Start: WNS 2147483647 TNS 0 NUM_FEPS 0
OPT-1001 : End path based optimization;  0.057437s wall, 0.031250s user + 0.000000s system = 0.031250s CPU (54.4%)

OPT-1001 : Current memory(MB): used = 122, reserve = 96, peak = 122.
OPT-1001 : Update timing in Manhattan mode
TMR-2503 : Start to update net delay, extr mode = 3.
TMR-2504 : Update delay of 118 nets completely.
TMR-2502 : Annotate delay completely, extr mode = 3.
TMR-3501 : Forward propagation: start to calculate arrival time...
TMR-3502 : Backward propagation: start to calculate required time...
TMR-3503 : Timing propagation completes.
OPT-1001 : End timing update;  0.001632s wall, 0.000000s user + 0.000000s system = 0.000000s CPU (n/a%)

OPT-1001 : Start pin optimization...
OPT-1001 : skip pin optimization...
OPT-1001 : Update timing in global mode
PHY-1001 : Start incremental global routing, caller is place ...
RUN-1001 : Generating global routing grids ...
PHY-1001 : Generate routing nets ...
PHY-1001 : Reuse net number 80/120.
PHY-1001 : Global iterations in 4 thread ...
PHY-1002 : len = 3216, over cnt = 0(0%), over = 0, worst = 0
PHY-1001 : End global iterations;  0.001443s wall, 0.000000s user + 0.000000s system = 0.000000s CPU (n/a%)

PHY-1001 : Congestion index: top1 = 8.66, top5 = 2.04, top10 = 1.02, top15 = 0.68.
PHY-1001 : End incremental global routing;  0.053190s wall, 0.062500s user + 0.000000s system = 0.062500s CPU (117.5%)

TMR-2503 : Start to update net delay, extr mode = 5.
TMR-2504 : Update delay of 118 nets completely.
TMR-2502 : Annotate delay completely, extr mode = 5.
TMR-3501 : Forward propagation: start to calculate arrival time...
TMR-3502 : Backward propagation: start to calculate required time...
TMR-3503 : Timing propagation completes.
OPT-1001 : End timing update;  0.002119s wall, 0.000000s user + 0.000000s system = 0.000000s CPU (n/a%)

RUN-1001 : Generating global routing grids ...
PHY-1001 : Generate routing nets ...
PHY-1001 : Reuse net number 80/120.
PHY-1001 : Global iterations in 4 thread ...
PHY-1002 : len = 3216, over cnt = 0(0%), over = 0, worst = 0
PHY-1001 : End global iterations;  0.002704s wall, 0.000000s user + 0.000000s system = 0.000000s CPU (n/a%)

PHY-1001 : Congestion index: top1 = 8.66, top5 = 2.04, top10 = 1.02, top15 = 0.68.
OPT-1001 : Update timing in Manhattan mode
TMR-2503 : Start to update net delay, extr mode = 3.
TMR-2504 : Update delay of 118 nets completely.
TMR-2502 : Annotate delay completely, extr mode = 3.
TMR-3501 : Forward propagation: start to calculate arrival time...
TMR-3502 : Backward propagation: start to calculate required time...
TMR-3503 : Timing propagation completes.
OPT-1001 : End timing update;  0.001610s wall, 0.015625s user + 0.000000s system = 0.015625s CPU (970.2%)

RUN-1001 : QoR Analysis:
OPT-0007 :   WNS 2147483647 TNS 0 NUM_FEPS 0
RUN-1001 :   No local congestion issue, and most congested 1% tile average routing util is 8.172414
RUN-1001 :   Top critical paths
OPT-1001 : End physical optimization;  0.395140s wall, 0.390625s user + 0.000000s system = 0.390625s CPU (98.9%)

RUN-1003 : finish command "place" in  1.784712s wall, 2.031250s user + 0.515625s system = 2.546875s CPU (142.7%)

RUN-1004 : used memory is 119 MB, reserved memory is 93 MB, peak memory is 122 MB
RUN-1002 : start command "export_db Running_LED_place.db"
RUN-1001 : Exported /
RUN-1001 : Exported flow parameters
RUN-1001 : Exported libs
RUN-1001 : Exported entities
RUN-1001 : Exported ports
RUN-1001 : Exported pins
RUN-1001 : Exported instances
RUN-1001 : Exported nets
RUN-1001 : Exported buses
RUN-1001 : Exported models
RUN-1001 : Exported congestions
RUN-1001 : Exported violations
RUN-1001 : Exported timing constraints
RUN-1001 : Exported IO constraints
RUN-1001 : Exported Inst constraints
RUN-1002 : start command "route"
RUN-1001 : Open license file D:/Y_22S720/TD/license/Anlogic.lic
RUN-1001 : Print Global Property
RUN-1001 : ---------------------------------------------------------------
RUN-1001 :        Parameters        |  Settings  |  Default Values  |  Note  
RUN-1001 : ---------------------------------------------------------------
RUN-1001 :          message         |  standard  |     standard     |        
RUN-1001 :   mixed_pack_place_flow  |     on     |        on        |        
RUN-1001 :        syn_ip_flow       |    off     |       off        |        
RUN-1001 :          thread          |    auto    |       auto       |        
RUN-1001 : ---------------------------------------------------------------
RUN-1001 : Print Route Property
RUN-1001 : -------------------------------------------------------
RUN-1001 :    Parameters    |  Settings  |  Default Values  |  Note  
RUN-1001 : -------------------------------------------------------
RUN-1001 :      effort      |   medium   |      medium      |        
RUN-1001 :     fix_hold     |    off     |       off        |        
RUN-1001 :    opt_timing    |   medium   |      medium      |        
RUN-1001 :   phy_sim_model  |    off     |       off        |        
RUN-1001 :     priority     |   timing   |      timing      |        
RUN-1001 :     swap_pin     |     on     |        on        |        
RUN-1001 : -------------------------------------------------------
PHY-1001 : Route runs in 4 thread(s)
RUN-1001 : There are total 59 instances
RUN-1001 : 19 mslices, 20 lslices, 17 pads, 0 brams, 0 dsps
RUN-1001 : There are total 120 nets
RUN-1001 : 73 nets have 2 pins
RUN-1001 : 26 nets have [3 - 5] pins
RUN-1001 : 16 nets have [6 - 10] pins
RUN-1001 : 2 nets have [11 - 20] pins
RUN-1001 : 3 nets have [21 - 99] pins
RUN-1002 : start command "start_timer -report"
TMR-2505 : Start building timing graph for model running_led.
TMR-2506 : Build timing graph completely. Port num: 2, tpin num: 409, tnet num: 118, tinst num: 57, tnode num: 485, tedge num: 670.
TMR-2508 : Levelizing timing graph completed, there are 17 levels in total.
TMR-2501 : Timing graph initialized successfully.
PHY-1001 : 19 mslices, 20 lslices, 17 pads, 0 brams, 0 dsps
TMR-2503 : Start to update net delay, extr mode = 3.
TMR-2504 : Update delay of 118 nets completely.
TMR-2502 : Annotate delay completely, extr mode = 3.
TMR-3001 : Initiate 0 clocks from SDC.
TMR-3004 : Map sdc constraints, there are 0 constraints in total.
TMR-3003 : Constraints initiated successfully.
TMR-3501 : Forward propagation: start to calculate arrival time...
TMR-3502 : Backward propagation: start to calculate required time...
TMR-3503 : Timing propagation completes.
PHY-1001 : Start global routing, caller is route ...
RUN-1001 : Generating global routing grids ...
PHY-1001 : Generate routing nets ...
PHY-1001 : Global iterations in 4 thread ...
PHY-1002 : len = 3136, over cnt = 7(0%), over = 9, worst = 3
PHY-1002 : len = 3176, over cnt = 3(0%), over = 3, worst = 1
PHY-1002 : len = 3216, over cnt = 0(0%), over = 0, worst = 0
PHY-1001 : End global iterations;  0.019270s wall, 0.015625s user + 0.000000s system = 0.015625s CPU (81.1%)

PHY-1001 : Congestion index: top1 = 8.49, top5 = 2.05, top10 = 1.02, top15 = 0.68.
PHY-1001 : End global routing;  0.071678s wall, 0.062500s user + 0.000000s system = 0.062500s CPU (87.2%)

PHY-1001 : Start detail routing ...
PHY-1001 : Current memory(MB): used = 133, reserve = 107, peak = 133.
PHY-1001 : Detailed router is running in normal mode.
PHY-1001 : Generate detailed routing grids ...
PHY-1001 : Generate nets ...
PHY-1001 : net clk_24m_dup_1 will be routed on clock mesh
PHY-1001 : Current memory(MB): used = 398, reserve = 375, peak = 398.
PHY-1001 : End build detailed router design. 5.371113s wall, 5.218750s user + 0.078125s system = 5.296875s CPU (98.6%)

PHY-1001 : Detail Route ...
PHY-1001 : ===== Detail Route Phase 1 =====
PHY-1001 : Clock net routing.....
PHY-1001 : Routed 0% nets.
PHY-1022 : len = 2960, over cnt = 0(0%), over = 0, worst = 0, crit = 0
PHY-1001 : End initial clock net routed; 0.010779s wall, 0.000000s user + 0.000000s system = 0.000000s CPU (n/a%)

PHY-1001 : Current memory(MB): used = 400, reserve = 377, peak = 400.
PHY-1001 : End phase 1; 0.018151s wall, 0.015625s user + 0.000000s system = 0.015625s CPU (86.1%)

PHY-1001 : ===== Detail Route Phase 2 =====
PHY-1001 : Initial routing.....
PHY-1001 : Routed 38% nets.
PHY-1001 : Routed 39% nets.
PHY-1001 : Patch 48 net; 0.055820s wall, 0.062500s user + 0.000000s system = 0.062500s CPU (112.0%)

PHY-1022 : len = 11800, over cnt = 0(0%), over = 0, worst = 0, crit = 0
PHY-1001 : Current memory(MB): used = 409, reserve = 387, peak = 409.
PHY-1001 : End initial routed; 0.185752s wall, 0.187500s user + 0.000000s system = 0.187500s CPU (100.9%)

PHY-1001 : Update timing.....
PHY-1001 : 0/95(0%) critical/total net(s).
RUN-1001 : ------------------------------------------
RUN-1001 :   Type   |    WNS(ns)    |  TNS(ns)  |  FEP  
RUN-1001 : ------------------------------------------
RUN-1001 :   Setup  |  2147483.647  |   0.000   |   0   
RUN-1001 :   Hold   |  2147483.647  |   0.000   |   0   
RUN-1001 : ------------------------------------------
PHY-1001 : End update timing; 0.140610s wall, 0.140625s user + 0.000000s system = 0.140625s CPU (100.0%)

PHY-1001 : Current memory(MB): used = 410, reserve = 387, peak = 410.
PHY-1001 : End phase 2; 0.326486s wall, 0.328125s user + 0.000000s system = 0.328125s CPU (100.5%)

PHY-1001 : ===== Detail Route Phase 3 =====
PHY-1001 : Optimize timing.....
PHY-1022 : len = 11800, over cnt = 0(0%), over = 0, worst = 0, crit = 0
PHY-1001 : End optimize timing; 0.004404s wall, 0.000000s user + 0.000000s system = 0.000000s CPU (n/a%)

PHY-1001 : Update timing.....
PHY-1001 : 0/95(0%) critical/total net(s).
RUN-1001 : ------------------------------------------
RUN-1001 :   Type   |    WNS(ns)    |  TNS(ns)  |  FEP  
RUN-1001 : ------------------------------------------
RUN-1001 :   Setup  |  2147483.647  |   0.000   |   0   
RUN-1001 :   Hold   |  2147483.647  |   0.000   |   0   
RUN-1001 : ------------------------------------------
PHY-1001 : End update timing; 0.151973s wall, 0.140625s user + 0.000000s system = 0.140625s CPU (92.5%)

PHY-1001 : Commit to database.....
PHY-1001 : 0 feed throughs used by 0 nets
PHY-1001 : End commit to database; 0.024817s wall, 0.015625s user + 0.000000s system = 0.015625s CPU (63.0%)

PHY-1001 : Current memory(MB): used = 417, reserve = 394, peak = 417.
PHY-1001 : End phase 3; 0.181403s wall, 0.156250s user + 0.000000s system = 0.156250s CPU (86.1%)

PHY-1003 : Routed, final wirelength = 11800
PHY-1001 : Current memory(MB): used = 417, reserve = 394, peak = 417.
PHY-1001 : End export database. 0.005900s wall, 0.015625s user + 0.000000s system = 0.015625s CPU (264.8%)

PHY-1001 : End detail routing;  6.157225s wall, 5.984375s user + 0.078125s system = 6.062500s CPU (98.5%)

RUN-1003 : finish command "route" in  6.454995s wall, 6.281250s user + 0.078125s system = 6.359375s CPU (98.5%)

RUN-1004 : used memory is 400 MB, reserved memory is 377 MB, peak memory is 417 MB
RUN-1002 : start command "report_area -io_info -file Running_LED_phy.area"
RUN-1001 : standard
***Report Model: running_led Device: EG4S20BG256***

IO Statistics
#IO                        17
  #input                    1
  #output                  16
  #inout                    0

Utilization Statistics
#lut                       59   out of  19600    0.30%
#reg                       42   out of  19600    0.21%
#le                        75
  #lut only                33   out of     75   44.00%
  #reg only                16   out of     75   21.33%
  #lut&reg                 26   out of     75   34.67%
#dsp                        0   out of     29    0.00%
#bram                       0   out of     64    0.00%
  #bram9k                   0
  #fifo9k                   0
#bram32k                    0   out of     16    0.00%
#pad                       17   out of    188    9.04%
  #ireg                     0
  #oreg                     0
  #treg                     0
#pll                        0   out of      4    0.00%
#gclk                       1   out of     16    6.25%

Clock Resource Statistics
Index     ClockNet         Type               DriverType         Driver              Fanout
#1        clk_24m_dup_1    GCLK               io                 clk_24m_syn_2.di    28


Detailed IO Report

   Name      Direction    Location    IOStandard    DriveStrength    PullType    PackReg  
  clk_24m      INPUT        K14        LVCMOS25          N/A          PULLUP      NONE    
  led[15]     OUTPUT        T13        LVCMOS25           8            NONE       NONE    
  led[14]     OUTPUT        T12        LVCMOS25           8            NONE       NONE    
  led[13]     OUTPUT        R12        LVCMOS25           8            NONE       NONE    
  led[12]     OUTPUT         M7        LVCMOS25           8            NONE       NONE    
  led[11]     OUTPUT         T9        LVCMOS25           8            NONE       NONE    
  led[10]     OUTPUT         T8        LVCMOS25           8            NONE       NONE    
  led[9]      OUTPUT         T7        LVCMOS25           8            NONE       NONE    
  led[8]      OUTPUT         R7        LVCMOS25           8            NONE       NONE    
  led[7]      OUTPUT         P5        LVCMOS25           8            NONE       NONE    
  led[6]      OUTPUT         N5        LVCMOS25           8            NONE       NONE    
  led[5]      OUTPUT         P4        LVCMOS25           8            NONE       NONE    
  led[4]      OUTPUT         M5        LVCMOS25           8            NONE       NONE    
  led[3]      OUTPUT         N4        LVCMOS25           8            NONE       NONE    
  led[2]      OUTPUT         N3        LVCMOS25           8            NONE       NONE    
  led[1]      OUTPUT         M4        LVCMOS25           8            NONE       NONE    
  led[0]      OUTPUT         M3        LVCMOS25           8            NONE       NONE    

Report Hierarchy Area:
+---------------------------------------------------------------------------+
|Instance |Module      |le     |lut     |ripple  |seq     |bram    |dsp     |
+---------------------------------------------------------------------------+
|top      |running_led |75     |52      |7       |42      |0       |0       |
+---------------------------------------------------------------------------+


DataNet Average Fanout:

   Index     Fanout    Nets  
    #1         1        56   
    #2         2        25   
    #3        5-10      16   
    #4       11-50      3    
  Average     2.46           

RUN-1002 : start command "export_db Running_LED_pr.db"
RUN-1001 : Exported /
RUN-1001 : Exported flow parameters
RUN-1001 : Exported libs
RUN-1001 : Exported entities
RUN-1001 : Exported ports
RUN-1001 : Exported pins
RUN-1001 : Exported instances
RUN-1001 : Exported nets
RUN-1001 : Exported buses
RUN-1001 : Exported models
RUN-1001 : Exported congestions
RUN-1001 : Exported violations
RUN-1001 : Exported timing constraints
RUN-1001 : Exported IO constraints
RUN-1001 : Exported Inst constraints
RUN-1002 : start command "export_bid Running_LED_inst.bid"
RUN-1002 : start command "bitgen -bit Running_LED.bit"
BIT-1003 : Start to generate bitstream. 
BIT-1002 : Init instances with 4 threads.
BIT-1002 : Init instances completely, inst num: 57
BIT-1002 : Init pips with 4 threads.
BIT-1002 : Init pips completely, net num: 120, pip num: 866
BIT-1003 : Multithreading accelaration with 4 threads.
BIT-1003 : Generate bitstream completely, there are 239 valid insts, and 2632 bits set as '1'.
BIT-1004 : PLL setting string = 0000
BIT-1004 : Generate bits file Running_LED.bit.
RUN-1003 : finish command "bitgen -bit Running_LED.bit" in  1.314804s wall, 2.875000s user + 0.062500s system = 2.937500s CPU (223.4%)

RUN-1004 : used memory is 405 MB, reserved memory is 382 MB, peak memory is 542 MB
RUN-1002 : start command "backup_run_log run.log ../.logs/phy_1/td_20221008_144723.log"
