============================================================
   Tang Dynasty, V4.6.12906
   Copyright:   Shanghai Anlogic Infotech Co., Ltd.
                2011 - 2021
   Executable = C:/SoftWare/Anlogic/TD4.6/bin/td.exe
   Built at =   18:22:35 Jun 26 2019
   Run by =     dell
   Run Date =   Wed Jul 24 09:01:13 2019

   Run on =     DESKTOP-E3KO8FJ
============================================================
RUN-001 : GUI based run...
============================================================
   Tang Dynasty, V4.6.12906
   Copyright:   Shanghai Anlogic Infotech Co., Ltd.
                2011 - 2021
   Executable = C:/SoftWare/Anlogic/TD4.6/bin/td.exe
   Built at =   18:22:35 Jun 26 2019
   Run by =     dell
   Run Date =   Wed Jul 24 09:01:13 2019

   Run on =     DESKTOP-E3KO8FJ
============================================================
RUN-1002 : start command "open_project VGA_Demo.al"
HDL-1007 : analyze verilog file VGA_Demo.v
HDL-1007 : analyze verilog file Clk_div.v
HDL-1007 : analyze verilog file Driver.v
HDL-1007 : analyze verilog file Display.v
HDL-1007 : analyze verilog file al_ip/PLL.v
RUN-1002 : start command "import_device eagle_s20.db -package BG256"
ARC-1001 : Device Initialization.
ARC-1001 : ------------------------------------------------------------------
ARC-1001 :            OPTION            |          IO          |   SETTING   
ARC-1001 : ------------------------------------------------------------------
ARC-1001 :   cso_b/cclk/mosi/miso/dout  |  T3/R11/T10/P10/S11  |    gpio    
ARC-1001 :             done             |         P13          |    gpio    
ARC-1001 :           program_b          |          T2          |  dedicated  
ARC-1001 :        tdi/tms/tck/tdo       |   C12/A15/C14/E14    |  dedicated  
ARC-1001 : ------------------------------------------------------------------
ARC-1004 : Device setting, marked 5 dedicate IOs in total.
Oops! 'Signal Abort' raised. The backtrace:
[bt] (5)UnhandledExceptionFilter
[bt] (6)memset
[bt] (7)_C_specific_handler
[bt] (8)_chkstk
[bt] (9)RtlWalkFrameChain
[bt] (10)RtlRaiseException
[bt] (11)RaiseException
[bt] (17)QMetaObject::activate
[bt] (21)QMetaObject::activate
[bt] (22)QAbstractButton::clicked
[bt] (23)QAbstractButton::click
[bt] (24)QAbstractButton::click
[bt] (25)QAbstractButton::mouseReleaseEvent
[bt] (26)QWidget::event
[bt] (27)QApplicationPrivate::notify_helper
[bt] (28)QApplication::notify
[bt] (29)QCoreApplication::notifyInternal2
[bt] (30)QApplicationPrivate::sendMouseEvent
[bt] (31)QSizePolicy::QSizePolicy
[bt] (32)QSizePolicy::QSizePolicy
[bt] (33)QApplicationPrivate::notify_helper
[bt] (34)QApplication::notify
[bt] (35)QCoreApplication::notifyInternal2
[bt] (36)QGuiApplicationPrivate::processMouseEvent
[bt] (37)QWindowSystemInterface::sendWindowSystemEvents
[bt] (38)QEventDispatcherWin32::processEvents
[bt] (39)CallWindowProcW
[bt] (40)DispatchMessageW
[bt] (41)QEventDispatcherWin32::processEvents
[bt] (42)qt_plugin_query_metadata
[bt] (43)QEventLoop::exec
[bt] (44)QCoreApplication::exec
[bt] (48)BaseThreadInitThunk
[bt] (49)RtlUserThreadStart

