============================================================
   Tang Dynasty, V5.6.53426
   Copyright (c) 2012-2022 Anlogic
   Executable = D:/Y_22S720/TD/bin/td.exe
   Built at =   19:26:25 Jun 10 2022
   Run by =     321squarial
   Run Date =   Sat Oct  8 16:35:45 2022

   Run on =     LAPTOP-0TRO264C
============================================================
RUN-1002 : start command "open_project Sparkroad.prj"
RUN-1001 : Print Global Property
RUN-1001 : ---------------------------------------------------------------
RUN-1001 :        Parameters        |  Settings  |  Default Values  |  Note  
RUN-1001 : ---------------------------------------------------------------
RUN-1001 :          message         |  standard  |     standard     |        
RUN-1001 :   mixed_pack_place_flow  |     on     |        on        |        
RUN-1001 :        syn_ip_flow       |    off     |       off        |        
RUN-1001 :          thread          |    auto    |       auto       |        
RUN-1001 : ---------------------------------------------------------------
RUN-1001 : Print Design Property
RUN-1001 : --------------------------------------------------------------
RUN-1001 :        Parameters       |  Settings  |  Default Values  |  Note  
RUN-1001 : --------------------------------------------------------------
RUN-1001 :   default_reg_initial   |    auto    |       auto       |        
RUN-1001 :        infer_add        |     on     |        on        |        
RUN-1001 :        infer_fsm        |    off     |       off        |        
RUN-1001 :        infer_mult       |     on     |        on        |        
RUN-1001 :        infer_ram        |     on     |        on        |        
RUN-1001 :        infer_reg        |     on     |        on        |        
RUN-1001 :   infer_reg_init_value  |     on     |        on        |        
RUN-1001 :        infer_rom        |     on     |        on        |        
RUN-1001 :      infer_shifter      |     on     |        on        |        
RUN-1001 : --------------------------------------------------------------
RUN-1001 : Print Rtl Property
RUN-1001 : --------------------------------------------------------------
RUN-1001 :        Parameters       |  Settings  |  Default Values  |  Note  
RUN-1001 : --------------------------------------------------------------
RUN-1001 :       compress_add      |   ripple   |      ripple      |        
RUN-1001 :        elf_sload        |    off     |       off        |        
RUN-1001 :       fix_undriven      |     0      |        0         |        
RUN-1001 :         flatten         |    off     |       off        |        
RUN-1001 :       gate_sharing      |     on     |        on        |        
RUN-1001 :    hdl_warning_level    |   normal   |      normal      |        
RUN-1001 :   impl_internal_tribuf  |     on     |        on        |        
RUN-1001 :      impl_set_reset     |     on     |        on        |        
RUN-1001 :        infer_gsr        |    off     |       off        |        
RUN-1001 :      keep_hierarchy     |    auto    |       auto       |        
RUN-1001 :        max_fanout       |    9999    |       9999       |        
RUN-1001 :      max_oh2bin_len     |     10     |        10        |        
RUN-1001 :       merge_equal       |     on     |        on        |        
RUN-1001 :       merge_equiv       |     on     |        on        |        
RUN-1001 :        merge_mux        |    off     |       off        |        
RUN-1001 :     min_control_set     |     8      |        8         |        
RUN-1001 :      min_ripple_len     |    auto    |       auto       |        
RUN-1001 :       oh2bin_ratio      |    0.08    |       0.08       |        
RUN-1001 :     opt_adder_fanout    |     on     |        on        |        
RUN-1001 :        opt_arith        |     on     |        on        |        
RUN-1001 :       opt_big_gate      |    off     |       off        |        
RUN-1001 :        opt_const        |     on     |        on        |        
RUN-1001 :      opt_const_mult     |     on     |        on        |        
RUN-1001 :       opt_lessthan      |     on     |        on        |        
RUN-1001 :         opt_mux         |    off     |       off        |        
RUN-1001 :         opt_ram         |    high    |       high       |        
RUN-1001 :      rtl_sim_model      |    off     |       off        |        
RUN-1001 :         seq_syn         |     on     |        on        |        
RUN-1001 : --------------------------------------------------------------
HDL-1007 : analyze verilog file ../../src/rtl/top.v
HDL-1007 : analyze verilog file ../../src/rtl/flash/flash_dri.v
HDL-1007 : analyze verilog file ../../src/rtl/flash/flash_erase.v
HDL-1007 : analyze verilog file ../../src/rtl/flash/flash_fast_read.v
HDL-1007 : analyze verilog file ../../src/rtl/flash/flash_id.v
HDL-1007 : analyze verilog file ../../src/rtl/flash/flash_read.v
HDL-1007 : analyze verilog file ../../src/rtl/flash/flash_sector_erase.v
HDL-1007 : analyze verilog file ../../src/rtl/flash/flash_wait_free.v
HDL-1007 : analyze verilog file ../../src/rtl/flash/flash_write.v
HDL-1007 : analyze verilog file ../../src/rtl/flash/flash_write_enable.v
HDL-1007 : analyze verilog file ../../src/rtl/uart/uart.v
HDL-1007 : analyze verilog file ../../src/rtl/uart/uart_rx.v
HDL-1007 : analyze verilog file ../../src/rtl/uart/uart_tx.v
HDL-1007 : analyze verilog file ../../src/rtl/uart/ubus.v
HDL-1007 : analyze verilog file ../../src/rtl/uart/uprotocol.v
HDL-1007 : analyze verilog file ../../src/rtl/tube/tube_dri.v
HDL-1007 : analyze verilog file ../../src/rtl/tube/rst.v
RUN-1001 : Project manager successfully analyzed 17 source files.
RUN-1002 : start command "import_device eagle_s20.db -package EG4S20BG256"
ARC-1001 : Device Initialization.
ARC-1001 : ------------------------------------------------------------------
ARC-1001 :            OPTION            |          IO          |   SETTING   
ARC-1001 : ------------------------------------------------------------------
ARC-1001 :   cso_b/cclk/mosi/miso/dout  |  T3/R11/T10/P10/S11  |    gpio    
ARC-1001 :             done             |         P13          |    gpio    
ARC-1001 :           program_b          |          T2          |  dedicate  
ARC-1001 :        tdi/tms/tck/tdo       |   C12/A15/C14/E14    |  dedicate  
ARC-1001 : ------------------------------------------------------------------
ARC-1004 : Device setting, marked 5 dedicate IOs in total.
RUN-1002 : start command "elaborate -top top"
RUN-1001 : Print Design Property
RUN-1001 : --------------------------------------------------------------
RUN-1001 :        Parameters       |  Settings  |  Default Values  |  Note  
RUN-1001 : --------------------------------------------------------------
RUN-1001 :   default_reg_initial   |    auto    |       auto       |        
RUN-1001 :        infer_add        |     on     |        on        |        
RUN-1001 :        infer_fsm        |    off     |       off        |        
RUN-1001 :        infer_mult       |     on     |        on        |        
RUN-1001 :        infer_ram        |     on     |        on        |        
RUN-1001 :        infer_reg        |     on     |        on        |        
RUN-1001 :   infer_reg_init_value  |     on     |        on        |        
RUN-1001 :        infer_rom        |     on     |        on        |        
RUN-1001 :      infer_shifter      |     on     |        on        |        
RUN-1001 : --------------------------------------------------------------
RUN-1001 : Print Rtl Property
RUN-1001 : --------------------------------------------------------------
RUN-1001 :        Parameters       |  Settings  |  Default Values  |  Note  
RUN-1001 : --------------------------------------------------------------
RUN-1001 :       compress_add      |   ripple   |      ripple      |        
RUN-1001 :        elf_sload        |    off     |       off        |        
RUN-1001 :       fix_undriven      |     0      |        0         |        
RUN-1001 :         flatten         |    off     |       off        |        
RUN-1001 :       gate_sharing      |     on     |        on        |        
RUN-1001 :    hdl_warning_level    |   normal   |      normal      |        
RUN-1001 :   impl_internal_tribuf  |     on     |        on        |        
RUN-1001 :      impl_set_reset     |     on     |        on        |        
RUN-1001 :        infer_gsr        |    off     |       off        |        
RUN-1001 :      keep_hierarchy     |    auto    |       auto       |        
RUN-1001 :        max_fanout       |    9999    |       9999       |        
RUN-1001 :      max_oh2bin_len     |     10     |        10        |        
RUN-1001 :       merge_equal       |     on     |        on        |        
RUN-1001 :       merge_equiv       |     on     |        on        |        
RUN-1001 :        merge_mux        |    off     |       off        |        
RUN-1001 :     min_control_set     |     8      |        8         |        
RUN-1001 :      min_ripple_len     |    auto    |       auto       |        
RUN-1001 :       oh2bin_ratio      |    0.08    |       0.08       |        
RUN-1001 :     opt_adder_fanout    |     on     |        on        |        
RUN-1001 :        opt_arith        |     on     |        on        |        
RUN-1001 :       opt_big_gate      |    off     |       off        |        
RUN-1001 :        opt_const        |     on     |        on        |        
RUN-1001 :      opt_const_mult     |     on     |        on        |        
RUN-1001 :       opt_lessthan      |     on     |        on        |        
RUN-1001 :         opt_mux         |    off     |       off        |        
RUN-1001 :         opt_ram         |    high    |       high       |        
RUN-1001 :      rtl_sim_model      |    off     |       off        |        
RUN-1001 :         seq_syn         |     on     |        on        |        
RUN-1001 : --------------------------------------------------------------
RUN-1001 : Print Global Property
RUN-1001 : ---------------------------------------------------------------
RUN-1001 :        Parameters        |  Settings  |  Default Values  |  Note  
RUN-1001 : ---------------------------------------------------------------
RUN-1001 :          message         |  standard  |     standard     |        
RUN-1001 :   mixed_pack_place_flow  |     on     |        on        |        
RUN-1001 :        syn_ip_flow       |    off     |       off        |        
RUN-1001 :          thread          |    auto    |       auto       |        
RUN-1001 : ---------------------------------------------------------------
RUN-1001 : Print Design Property
RUN-1001 : --------------------------------------------------------------
RUN-1001 :        Parameters       |  Settings  |  Default Values  |  Note  
RUN-1001 : --------------------------------------------------------------
RUN-1001 :   default_reg_initial   |    auto    |       auto       |        
RUN-1001 :        infer_add        |     on     |        on        |        
RUN-1001 :        infer_fsm        |    off     |       off        |        
RUN-1001 :        infer_mult       |     on     |        on        |        
RUN-1001 :        infer_ram        |     on     |        on        |        
RUN-1001 :        infer_reg        |     on     |        on        |        
RUN-1001 :   infer_reg_init_value  |     on     |        on        |        
RUN-1001 :        infer_rom        |     on     |        on        |        
RUN-1001 :      infer_shifter      |     on     |        on        |        
RUN-1001 : --------------------------------------------------------------
HDL-1007 : elaborate module top in ../../src/rtl/top.v(1)
HDL-1007 : elaborate module uart(CLK_RATE=24000000) in ../../src/rtl/uart/uart.v(10)
HDL-1007 : elaborate module uart_rx(CLK_RATE=24000000) in ../../src/rtl/uart/uart_rx.v(8)
HDL-1007 : elaborate module uart_tx(CLK_RATE=24000000) in ../../src/rtl/uart/uart_tx.v(8)
HDL-1007 : elaborate module uprotocol in ../../src/rtl/uart/uprotocol.v(13)
HDL-1007 : elaborate module ubus in ../../src/rtl/uart/ubus.v(8)
HDL-5007 WARNING: port 'dout_en' remains unconnected for this instance in ../../src/rtl/flash/flash_dri.v(195)
HDL-1007 : elaborate module flash_dri in ../../src/rtl/flash/flash_dri.v(22)
HDL-1007 : elaborate module flash_write_enable in ../../src/rtl/flash/flash_write_enable.v(22)
HDL-1007 : elaborate module flash_wait_free in ../../src/rtl/flash/flash_wait_free.v(22)
HDL-1007 : elaborate module flash_erase in ../../src/rtl/flash/flash_erase.v(22)
HDL-1007 : elaborate module flash_sector_erase in ../../src/rtl/flash/flash_sector_erase.v(22)
HDL-1007 : elaborate module flash_write in ../../src/rtl/flash/flash_write.v(22)
HDL-1007 : elaborate module flash_read in ../../src/rtl/flash/flash_read.v(22)
HDL-1007 : elaborate module flash_fast_read in ../../src/rtl/flash/flash_fast_read.v(22)
HDL-1007 : elaborate module flash_id in ../../src/rtl/flash/flash_id.v(22)
HDL-1007 : elaborate module tube_dri in ../../src/rtl/tube/tube_dri.v(14)
HDL-1007 : elaborate module rst_n in ../../src/rtl/tube/rst.v(14)
HDL-1200 : Current top model is top
HDL-1100 : Inferred 0 RAMs.
RUN-1002 : start command "export_db Sparkroad_elaborate.db"
RUN-1001 : Exported /
RUN-1001 : Exported flow parameters
RUN-1001 : Exported libs
RUN-1001 : Exported entities
RUN-1001 : Exported ports
RUN-1001 : Exported pins
RUN-1001 : Exported instances
RUN-1001 : Exported nets
RUN-1001 : Exported buses
RUN-1001 : Exported models
RUN-1001 : Exported congestions
RUN-1001 : Exported violations
RUN-1001 : Exported IO constraints
RUN-1001 : Exported Inst constraints
RUN-1002 : start command "read_adc ../../src/sdc/pin.adc"
RUN-1002 : start command "set_pin_assignment sclk  LOCATION = K14;  "
RUN-1002 : start command "set_pin_assignment key  LOCATION = G11;  "
RUN-1002 : start command "set_pin_assignment txd  LOCATION = C11; "
RUN-1002 : start command "set_pin_assignment rxd  LOCATION = B15; "
RUN-1002 : start command "set_pin_assignment flash_sck  LOCATION = H4;  "
RUN-1002 : start command "set_pin_assignment flash_cs  LOCATION = P14;  "
RUN-1002 : start command "set_pin_assignment flash_sdo  LOCATION = M13;  "
RUN-1002 : start command "set_pin_assignment flash_sdi  LOCATION = K11;  "
RUN-1002 : start command "set_pin_assignment led[0]  LOCATION = M3;  "
RUN-1002 : start command "set_pin_assignment led[1]  LOCATION = M4;  "
RUN-1002 : start command "set_pin_assignment led[2]  LOCATION = N3;  "
RUN-1002 : start command "set_pin_assignment led[3]  LOCATION = N4;  "
RUN-1002 : start command "set_pin_assignment led[4]  LOCATION = M5;  "
RUN-1002 : start command "set_pin_assignment led[5]  LOCATION = P4;  "
RUN-1002 : start command "set_pin_assignment led[6]  LOCATION = N5;  "
RUN-1002 : start command "set_pin_assignment led[7]  LOCATION = P5;  "
RUN-1002 : start command "set_pin_assignment led[8]  LOCATION = R7;  "
RUN-1002 : start command "set_pin_assignment led[9]  LOCATION = T7;  "
RUN-1002 : start command "set_pin_assignment led[10]  LOCATION = T8;  "
RUN-1002 : start command "set_pin_assignment led[11]  LOCATION = T9;  "
RUN-1002 : start command "set_pin_assignment led[12]  LOCATION = M7;  "
RUN-1002 : start command "set_pin_assignment led[13]  LOCATION = R12;  "
RUN-1002 : start command "set_pin_assignment led[14]  LOCATION = T12;  "
RUN-1002 : start command "set_pin_assignment led[15]  LOCATION = T13;  "
RUN-1002 : start command "set_pin_assignment tube[0]  LOCATION = E3;  "
RUN-1002 : start command "set_pin_assignment tube[1]  LOCATION = B3;  "
RUN-1002 : start command "set_pin_assignment tube[2]  LOCATION = F4;  "
RUN-1002 : start command "set_pin_assignment tube[3]  LOCATION = E4;  "
RUN-1002 : start command "set_pin_assignment tube[4]  LOCATION = F5;  "
RUN-1002 : start command "set_pin_assignment tube[5]  LOCATION = D3;  "
RUN-1002 : start command "set_pin_assignment tube[6]  LOCATION = B2;  "
RUN-1002 : start command "set_pin_assignment tube[7]  LOCATION = A2;  "
RUN-1002 : start command "set_pin_assignment tube_sel[0]  LOCATION = B1;  "
RUN-1002 : start command "set_pin_assignment tube_sel[1]  LOCATION = C3;  "
RUN-1002 : start command "set_pin_assignment tube_sel[2]  LOCATION = C2;  "
RUN-1002 : start command "set_pin_assignment tube_sel[3]  LOCATION = F3;  "
RUN-1002 : start command "optimize_rtl"
RUN-1001 : Open license file D:/Y_22S720/TD/license/Anlogic.lic
RUN-1001 : Print Global Property
RUN-1001 : ---------------------------------------------------------------
RUN-1001 :        Parameters        |  Settings  |  Default Values  |  Note  
RUN-1001 : ---------------------------------------------------------------
RUN-1001 :          message         |  standard  |     standard     |        
RUN-1001 :   mixed_pack_place_flow  |     on     |        on        |        
RUN-1001 :        syn_ip_flow       |    off     |       off        |        
RUN-1001 :          thread          |    auto    |       auto       |        
RUN-1001 : ---------------------------------------------------------------
RUN-1001 : Print Rtl Property
RUN-1001 : --------------------------------------------------------------
RUN-1001 :        Parameters       |  Settings  |  Default Values  |  Note  
RUN-1001 : --------------------------------------------------------------
RUN-1001 :       compress_add      |   ripple   |      ripple      |        
RUN-1001 :        elf_sload        |    off     |       off        |        
RUN-1001 :       fix_undriven      |     0      |        0         |        
RUN-1001 :         flatten         |    off     |       off        |        
RUN-1001 :       gate_sharing      |     on     |        on        |        
RUN-1001 :    hdl_warning_level    |   normal   |      normal      |        
RUN-1001 :   impl_internal_tribuf  |     on     |        on        |        
RUN-1001 :      impl_set_reset     |     on     |        on        |        
RUN-1001 :        infer_gsr        |    off     |       off        |        
RUN-1001 :      keep_hierarchy     |    auto    |       auto       |        
RUN-1001 :        max_fanout       |    9999    |       9999       |        
RUN-1001 :      max_oh2bin_len     |     10     |        10        |        
RUN-1001 :       merge_equal       |     on     |        on        |        
RUN-1001 :       merge_equiv       |     on     |        on        |        
RUN-1001 :        merge_mux        |    off     |       off        |        
RUN-1001 :     min_control_set     |     8      |        8         |        
RUN-1001 :      min_ripple_len     |    auto    |       auto       |        
RUN-1001 :       oh2bin_ratio      |    0.08    |       0.08       |        
RUN-1001 :     opt_adder_fanout    |     on     |        on        |        
RUN-1001 :        opt_arith        |     on     |        on        |        
RUN-1001 :       opt_big_gate      |    off     |       off        |        
RUN-1001 :        opt_const        |     on     |        on        |        
RUN-1001 :      opt_const_mult     |     on     |        on        |        
RUN-1001 :       opt_lessthan      |     on     |        on        |        
RUN-1001 :         opt_mux         |    off     |       off        |        
RUN-1001 :         opt_ram         |    high    |       high       |        
RUN-1001 :      rtl_sim_model      |    off     |       off        |        
RUN-1001 :         seq_syn         |     on     |        on        |        
RUN-1001 : --------------------------------------------------------------
SYN-1012 : SanityCheck: Model "top"
SYN-1012 : SanityCheck: Model "flash_dri"
SYN-1012 : SanityCheck: Model "flash_erase"
SYN-1012 : SanityCheck: Model "flash_fast_read"
SYN-1012 : SanityCheck: Model "flash_id"
SYN-1012 : SanityCheck: Model "flash_read"
SYN-1012 : SanityCheck: Model "flash_sector_erase"
SYN-1012 : SanityCheck: Model "flash_wait_free"
SYN-1012 : SanityCheck: Model "flash_write"
SYN-1012 : SanityCheck: Model "flash_write_enable"
SYN-1012 : SanityCheck: Model "tube_dri"
SYN-1012 : SanityCheck: Model "rst_n"
SYN-1012 : SanityCheck: Model "uart(CLK_RATE=24000000)"
SYN-1012 : SanityCheck: Model "uart_rx(CLK_RATE=24000000)"
SYN-1012 : SanityCheck: Model "uart_tx(CLK_RATE=24000000)"
SYN-1012 : SanityCheck: Model "ubus"
SYN-1012 : SanityCheck: Model "uprotocol"
SYN-1011 : Flatten model top
SYN-1032 : 2909/188 useful/useless nets, 567/41 useful/useless insts
SYN-1016 : Merged 1555 instances.
SYN-1032 : 3060/363 useful/useless nets, 626/57 useful/useless insts
SYN-1016 : Merged 160 instances.
SYN-1032 : 2917/14 useful/useless nets, 2672/122 useful/useless insts
SYN-3004 : Optimized 53 const0 DFF(s)
SYN-1032 : 2758/159 useful/useless nets, 2513/106 useful/useless insts
SYN-3008 : Optimized 5 const1 DFF(s)
SYN-1032 : 2744/14 useful/useless nets, 2502/6 useful/useless insts
SYN-1014 : Optimize round 1
SYN-1020 : Optimized 124 distributor mux.
SYN-1001 : Optimize 4 less-than instances
SYN-1016 : Merged 228 instances.
SYN-1015 : Optimize round 1, 1306 better
SYN-1014 : Optimize round 2
SYN-1044 : Optimized 4 inv instances.
SYN-1032 : 1860/11 useful/useless nets, 1618/290 useful/useless insts
SYN-1015 : Optimize round 2, 302 better
SYN-1014 : Optimize round 3
SYN-1015 : Optimize round 3, 0 better
RUN-1003 : finish command "optimize_rtl" in  3.309960s wall, 2.218750s user + 0.218750s system = 2.437500s CPU (73.6%)

RUN-1004 : used memory is 108 MB, reserved memory is 78 MB, peak memory is 109 MB
RUN-1002 : start command "report_area -file Sparkroad_rtl.area"
RUN-1001 : standard
***Report Model: top Device: EG4S20BG256***

IO Statistics
#IO                        36
  #input                    4
  #output                  32
  #inout                    0

Gate Statistics
#Basic gates             1262
  #and                    131
  #nand                     0
  #or                      13
  #nor                      0
  #xor                      0
  #xnor                     0
  #buf                      0
  #not                    120
  #bufif1                   0
  #MX21                    22
  #FADD                     0
  #DFF                    976
  #LATCH                    0
#MACRO_ADD                 21
#MACRO_EQ                  65
#MACRO_MUX                268

Report Hierarchy Area:
+---------------------------------------------------------------------+
|Instance                 |Module             |gates  |seq    |macros |
+---------------------------------------------------------------------+
|top                      |top                |286    |976    |86     |
|  u_flash_dri            |flash_dri          |54     |482    |45     |
|    u_flash_erase        |flash_erase        |3      |32     |3      |
|    u_flash_fast_read    |flash_fast_read    |3      |76     |3      |
|    u_flash_id           |flash_id           |7      |54     |8      |
|    u_flash_read         |flash_read         |6      |74     |7      |
|    u_flash_sector_erase |flash_sector_erase |3      |56     |3      |
|    u_flash_wait_free    |flash_wait_free    |8      |80     |7      |
|    u_flash_write        |flash_write        |3      |64     |3      |
|    u_flash_write_enable |flash_write_enable |3      |31     |3      |
|  u_tube_dri             |tube_dri           |10     |26     |1      |
|  u_uart                 |uart               |222    |468    |40     |
|    u_uart_rx            |uart_rx            |39     |57     |12     |
|    u_uart_tx            |uart_tx            |4      |48     |4      |
|    u_ubus               |ubus               |145    |86     |5      |
|    u_uprotocol          |uprotocol          |34     |277    |19     |
+---------------------------------------------------------------------+

RUN-1002 : start command "export_db Sparkroad_rtl.db"
RUN-1001 : Exported /
RUN-1001 : Exported flow parameters
RUN-1001 : Exported libs
RUN-1001 : Exported entities
RUN-1001 : Exported ports
RUN-1001 : Exported pins
RUN-1001 : Exported instances
RUN-1001 : Exported nets
RUN-1001 : Exported buses
RUN-1001 : Exported models
RUN-1001 : Exported congestions
RUN-1001 : Exported violations
RUN-1001 : Exported IO constraints
RUN-1001 : Exported Inst constraints
RUN-1002 : start command "read_sdc"
USR-1002 : read_sdc file_name -help -h -eco
USR-1009 : NO module with IP_SDC ...
RUN-1104 : Import SDC file  finished, there are 0 nets kept by constraints.
RUN-1002 : start command "optimize_gate -maparea Sparkroad_gate.area"
RUN-1001 : Open license file D:/Y_22S720/TD/license/Anlogic.lic
RUN-1001 : Print Global Property
RUN-1001 : ---------------------------------------------------------------
RUN-1001 :        Parameters        |  Settings  |  Default Values  |  Note  
RUN-1001 : ---------------------------------------------------------------
RUN-1001 :          message         |  standard  |     standard     |        
RUN-1001 :   mixed_pack_place_flow  |     on     |        on        |        
RUN-1001 :        syn_ip_flow       |    off     |       off        |        
RUN-1001 :          thread          |    auto    |       auto       |        
RUN-1001 : ---------------------------------------------------------------
RUN-1001 : Print Gate Property
RUN-1001 : ------------------------------------------------------------------
RUN-1001 :          Parameters         |  Settings  |  Default Values  |  Note  
RUN-1001 : ------------------------------------------------------------------
RUN-1001 :         cascade_dsp         |    off     |       off        |        
RUN-1001 :         cascade_eram        |    off     |       off        |        
RUN-1001 :        gate_sim_model       |    off     |       off        |        
RUN-1001 :        map_sim_model        |    off     |       off        |        
RUN-1001 :         map_strategy        |     1      |        1         |        
RUN-1001 :           opt_area          |   medium   |      medium      |        
RUN-1001 :          opt_timing         |    auto    |       auto       |        
RUN-1001 :         pack_effort         |   medium   |      medium      |        
RUN-1001 :      pack_lslice_ripple     |     on     |        on        |        
RUN-1001 :   pack_lslice_ripple_ratio  |    0.5     |       0.5        |        
RUN-1001 :        pack_seq_in_io       |    auto    |       auto       |        
RUN-1001 :        ph1_mux_ratio        |    1.0     |       1.0        |        
RUN-1001 :            report           |  standard  |     standard     |        
RUN-1001 :           retiming          |    off     |       off        |        
RUN-1001 : ------------------------------------------------------------------
SYN-2001 : Map 36 IOs to PADs
RUN-1002 : start command "update_pll_param -module top"
SYN-2501 : Processed 0 LOGIC_BUF instances.
SYN-2571 : Optimize after map_dsp, round 1
SYN-2571 : Optimize after map_dsp, round 1, 0 better
SYN-1001 : Throwback 154 control mux instances
SYN-2501 : Optimize round 1
SYN-1016 : Merged 75 instances.
SYN-2501 : Optimize round 1, 509 better
SYN-2501 : Optimize round 2
SYN-2501 : Optimize round 2, 0 better
SYN-2501 : Map 21 macro adder
SYN-3001 : Mapper mapped 15 instances into 1 LUTs, name keeping = 100%.
SYN-3001 : Mapper mapped 15 instances into 1 LUTs, name keeping = 100%.
SYN-3001 : Mapper mapped 15 instances into 1 LUTs, name keeping = 100%.
SYN-3001 : Mapper mapped 15 instances into 1 LUTs, name keeping = 100%.
SYN-3001 : Mapper mapped 15 instances into 1 LUTs, name keeping = 100%.
SYN-3001 : Mapper mapped 15 instances into 1 LUTs, name keeping = 100%.
SYN-2501 : Inferred 6 ROM instances
SYN-1019 : Optimized 16 mux instances.
SYN-1016 : Merged 18 instances.
SYN-1032 : 2915/21 useful/useless nets, 2675/0 useful/useless insts
RUN-1002 : start command "start_timer -prepack"
TMR-2505 : Start building timing graph for model top.
TMR-2506 : Build timing graph completely. Port num: 11, tpin num: 8969, tnet num: 2913, tinst num: 2673, tnode num: 11484, tedge num: 12553.
TMR-2508 : Levelizing timing graph completed, there are 67 levels in total.
TMR-2501 : Timing graph initialized successfully.
TMR-2503 : Start to update net delay, extr mode = 2.
TMR-2504 : Update delay of 2913 nets completely.
TMR-2502 : Annotate delay completely, extr mode = 2.
TMR-3001 : Initiate 0 clocks from SDC.
TMR-3004 : Map sdc constraints, there are 0 constraints in total.
TMR-3003 : Constraints initiated successfully.
TMR-3501 : Forward propagation: start to calculate arrival time...
TMR-3502 : Backward propagation: start to calculate required time...
TMR-3503 : Timing propagation completes.
SYN-3001 : Running gate level optimization.
SYN-2581 : Mapping with K=5, #lut = 459 (4.05), #lev = 5 (1.46)
SYN-2551 : Post LUT mapping optimization.
SYN-2581 : Mapping with K=5, #lut = 459 (4.05), #lev = 5 (1.46)
SYN-3001 : Logic optimization runtime opt =   0.10 sec, map =   0.00 sec
SYN-3001 : Mapper mapped 1376 instances into 483 LUTs, name keeping = 76%.
RUN-1002 : start command "report_area -file Sparkroad_gate.area"
RUN-1001 : standard
***Report Model: top Device: EG4S20BG256***

IO Statistics
#IO                        36
  #input                    4
  #output                  32
  #inout                    0

LUT Statistics
#Total_luts               767
  #lut4                   349
  #lut5                   140
  #lut6                     0
  #lut5_mx41                0
  #lut4_alu1b             278

Utilization Statistics
#lut                      767   out of  19600    3.91%
#reg                      976   out of  19600    4.98%
#le                         0
#dsp                        0   out of     29    0.00%
#bram                       0   out of     64    0.00%
  #bram9k                   0
  #fifo9k                   0
#bram32k                    0   out of     16    0.00%
#pad                       36   out of    188   19.15%
  #ireg                     0
  #oreg                     0
  #treg                     0
#pll                        0   out of      4    0.00%

Report Hierarchy Area:
+------------------------------------------------------------------------------------------+
|Instance                 |Module             |lut     |ripple  |seq     |bram    |dsp     |
+------------------------------------------------------------------------------------------+
|top                      |top                |489     |278     |976     |0       |0       |
|  u_flash_dri            |flash_dri          |220     |160     |482     |0       |0       |
|    u_flash_erase        |flash_erase        |12      |11      |32      |0       |0       |
|    u_flash_fast_read    |flash_fast_read    |20      |33      |76      |0       |0       |
|    u_flash_id           |flash_id           |12      |11      |54      |0       |0       |
|    u_flash_read         |flash_read         |40      |11      |74      |0       |0       |
|    u_flash_sector_erase |flash_sector_erase |36      |11      |56      |0       |0       |
|    u_flash_wait_free    |flash_wait_free    |17      |61      |80      |0       |0       |
|    u_flash_write        |flash_write        |44      |11      |64      |0       |0       |
|    u_flash_write_enable |flash_write_enable |11      |11      |31      |0       |0       |
|  u_tube_dri             |tube_dri           |19      |19      |26      |0       |0       |
|  u_uart                 |uart               |250     |99      |468     |0       |0       |
|    u_uart_rx            |uart_rx            |38      |33      |57      |0       |0       |
|    u_uart_tx            |uart_tx            |30      |33      |48      |0       |0       |
|    u_ubus               |ubus               |83      |0       |86      |0       |0       |
|    u_uprotocol          |uprotocol          |99      |33      |277     |0       |0       |
+------------------------------------------------------------------------------------------+

SYN-1001 : Packing model "top" ...
SYN-4010 : Pack lib has 58 rtl pack models with 25 top pack blocks
SYN-1014 : Optimize round 1
SYN-1015 : Optimize round 1, 0 better
SYN-4002 : Packing 976 DFF/LATCH to SEQ ...
SYN-4009 : Pack 5 carry chain into lslice
SYN-4007 : Packing 113 adder to BLE ...
SYN-4008 : Packed 113 adder and 78 SEQ to BLE.
SYN-4007 : Packing 0 gate4 to BLE ...
SYN-4008 : Packed 0 gate4 and 0 SEQ to BLE.
SYN-4012 : Packed 0 FxMUX
RUN-1003 : finish command "optimize_gate -maparea Sparkroad_gate.area" in  1.664589s wall, 1.578125s user + 0.062500s system = 1.640625s CPU (98.6%)

RUN-1004 : used memory is 120 MB, reserved memory is 90 MB, peak memory is 133 MB
RUN-1002 : start command "legalize_phy_inst"
SYN-1011 : Flatten model top
RUN-1002 : start command "export_db Sparkroad_gate.db"
RUN-1001 : Exported /
RUN-1001 : Exported flow parameters
RUN-1001 : Exported libs
RUN-1001 : Exported entities
RUN-1001 : Exported ports
RUN-1001 : Exported pins
RUN-1001 : Exported instances
RUN-1001 : Exported nets
RUN-1001 : Exported buses
RUN-1001 : Exported models
RUN-1001 : Exported congestions
RUN-1001 : Exported violations
RUN-1001 : Exported timing constraints
RUN-1001 : Exported IO constraints
RUN-1001 : Exported Inst constraints
RUN-1002 : start command "backup_run_log run.log ../.logs/syn_1/td_20221008_163545.log"
