============================================================
   Tang Dynasty, V5.6.53426
   Copyright (c) 2012-2022 Anlogic
   Executable = D:/Y_22S720/TD/bin/td.exe
   Built at =   19:26:25 Jun 10 2022
   Run by =     321squarial
   Run Date =   Sat Oct  8 16:19:39 2022

   Run on =     LAPTOP-0TRO264C
============================================================
RUN-1002 : start command "open_project cam.prj"
RUN-1001 : Print Global Property
RUN-1001 : ---------------------------------------------------------------
RUN-1001 :        Parameters        |  Settings  |  Default Values  |  Note  
RUN-1001 : ---------------------------------------------------------------
RUN-1001 :          message         |  standard  |     standard     |        
RUN-1001 :   mixed_pack_place_flow  |     on     |        on        |        
RUN-1001 :        syn_ip_flow       |    off     |       off        |        
RUN-1001 :          thread          |    auto    |       auto       |        
RUN-1001 : ---------------------------------------------------------------
RUN-1001 : Print Design Property
RUN-1001 : --------------------------------------------------------------
RUN-1001 :        Parameters       |  Settings  |  Default Values  |  Note  
RUN-1001 : --------------------------------------------------------------
RUN-1001 :   default_reg_initial   |    auto    |       auto       |        
RUN-1001 :        infer_add        |     on     |        on        |        
RUN-1001 :        infer_fsm        |    off     |       off        |        
RUN-1001 :        infer_mult       |     on     |        on        |        
RUN-1001 :        infer_ram        |     on     |        on        |        
RUN-1001 :        infer_reg        |     on     |        on        |        
RUN-1001 :   infer_reg_init_value  |     on     |        on        |        
RUN-1001 :        infer_rom        |     on     |        on        |        
RUN-1001 :      infer_shifter      |     on     |        on        |        
RUN-1001 : --------------------------------------------------------------
RUN-1001 : Print Rtl Property
RUN-1001 : --------------------------------------------------------------
RUN-1001 :        Parameters       |  Settings  |  Default Values  |  Note  
RUN-1001 : --------------------------------------------------------------
RUN-1001 :       compress_add      |   ripple   |      ripple      |        
RUN-1001 :        elf_sload        |    off     |       off        |        
RUN-1001 :       fix_undriven      |     0      |        0         |        
RUN-1001 :         flatten         |    off     |       off        |        
RUN-1001 :       gate_sharing      |     on     |        on        |        
RUN-1001 :    hdl_warning_level    |   normal   |      normal      |        
RUN-1001 :   impl_internal_tribuf  |     on     |        on        |        
RUN-1001 :      impl_set_reset     |     on     |        on        |        
RUN-1001 :        infer_gsr        |    off     |       off        |        
RUN-1001 :      keep_hierarchy     |    auto    |       auto       |        
RUN-1001 :        max_fanout       |    9999    |       9999       |        
RUN-1001 :      max_oh2bin_len     |     10     |        10        |        
RUN-1001 :       merge_equal       |     on     |        on        |        
RUN-1001 :       merge_equiv       |     on     |        on        |        
RUN-1001 :        merge_mux        |    off     |       off        |        
RUN-1001 :     min_control_set     |     8      |        8         |        
RUN-1001 :      min_ripple_len     |    auto    |       auto       |        
RUN-1001 :       oh2bin_ratio      |    0.08    |       0.08       |        
RUN-1001 :     opt_adder_fanout    |     on     |        on        |        
RUN-1001 :        opt_arith        |     on     |        on        |        
RUN-1001 :       opt_big_gate      |    off     |       off        |        
RUN-1001 :        opt_const        |     on     |        on        |        
RUN-1001 :      opt_const_mult     |     on     |        on        |        
RUN-1001 :       opt_lessthan      |     on     |        on        |        
RUN-1001 :         opt_mux         |    off     |       off        |        
RUN-1001 :         opt_ram         |    high    |       high       |        
RUN-1001 :      rtl_sim_model      |    off     |       off        |        
RUN-1001 :         seq_syn         |     on     |        on        |        
RUN-1001 : --------------------------------------------------------------
HDL-1007 : analyze verilog file ../../sources/rtl/camera_init.v
HDL-1007 : undeclared symbol 'clk_div', assumed default net type 'wire' in ../../sources/rtl/camera_init.v(74)
HDL-1007 : analyze verilog file ../../sources/rtl/i2c_module.v
HDL-1007 : analyze verilog file ../../sources/rtl/lcd_sync.v
HDL-1007 : analyze verilog file ../../sources/rtl/test_camera.v
HDL-1007 : analyze verilog file ../../al_ip/ip_pll.v
HDL-1007 : undeclared symbol 'open', assumed default net type 'wire' in ../../al_ip/ip_pll.v(70)
HDL-1007 : analyze verilog file ../../al_ip/ip_ram.v
HDL-1007 : analyze verilog file ../../sources/rtl/camera_reader.v
RUN-1001 : Project manager successfully analyzed 7 source files.
RUN-1002 : start command "import_device eagle_s20.db -package EG4S20BG256"
ARC-1001 : Device Initialization.
ARC-1001 : ------------------------------------------------------------------
ARC-1001 :            OPTION            |          IO          |   SETTING   
ARC-1001 : ------------------------------------------------------------------
ARC-1001 :   cso_b/cclk/mosi/miso/dout  |  T3/R11/T10/P10/S11  |    gpio    
ARC-1001 :             done             |         P13          |    gpio    
ARC-1001 :           program_b          |          T2          |  dedicate  
ARC-1001 :        tdi/tms/tck/tdo       |   C12/A15/C14/E14    |  dedicate  
ARC-1001 : ------------------------------------------------------------------
ARC-1004 : Device setting, marked 5 dedicate IOs in total.
RUN-1002 : start command "elaborate -top test_camera"
RUN-1001 : Print Design Property
RUN-1001 : --------------------------------------------------------------
RUN-1001 :        Parameters       |  Settings  |  Default Values  |  Note  
RUN-1001 : --------------------------------------------------------------
RUN-1001 :   default_reg_initial   |    auto    |       auto       |        
RUN-1001 :        infer_add        |     on     |        on        |        
RUN-1001 :        infer_fsm        |    off     |       off        |        
RUN-1001 :        infer_mult       |     on     |        on        |        
RUN-1001 :        infer_ram        |     on     |        on        |        
RUN-1001 :        infer_reg        |     on     |        on        |        
RUN-1001 :   infer_reg_init_value  |     on     |        on        |        
RUN-1001 :        infer_rom        |     on     |        on        |        
RUN-1001 :      infer_shifter      |     on     |        on        |        
RUN-1001 : --------------------------------------------------------------
RUN-1001 : Print Rtl Property
RUN-1001 : --------------------------------------------------------------
RUN-1001 :        Parameters       |  Settings  |  Default Values  |  Note  
RUN-1001 : --------------------------------------------------------------
RUN-1001 :       compress_add      |   ripple   |      ripple      |        
RUN-1001 :        elf_sload        |    off     |       off        |        
RUN-1001 :       fix_undriven      |     0      |        0         |        
RUN-1001 :         flatten         |    off     |       off        |        
RUN-1001 :       gate_sharing      |     on     |        on        |        
RUN-1001 :    hdl_warning_level    |   normal   |      normal      |        
RUN-1001 :   impl_internal_tribuf  |     on     |        on        |        
RUN-1001 :      impl_set_reset     |     on     |        on        |        
RUN-1001 :        infer_gsr        |    off     |       off        |        
RUN-1001 :      keep_hierarchy     |    auto    |       auto       |        
RUN-1001 :        max_fanout       |    9999    |       9999       |        
RUN-1001 :      max_oh2bin_len     |     10     |        10        |        
RUN-1001 :       merge_equal       |     on     |        on        |        
RUN-1001 :       merge_equiv       |     on     |        on        |        
RUN-1001 :        merge_mux        |    off     |       off        |        
RUN-1001 :     min_control_set     |     8      |        8         |        
RUN-1001 :      min_ripple_len     |    auto    |       auto       |        
RUN-1001 :       oh2bin_ratio      |    0.08    |       0.08       |        
RUN-1001 :     opt_adder_fanout    |     on     |        on        |        
RUN-1001 :        opt_arith        |     on     |        on        |        
RUN-1001 :       opt_big_gate      |    off     |       off        |        
RUN-1001 :        opt_const        |     on     |        on        |        
RUN-1001 :      opt_const_mult     |     on     |        on        |        
RUN-1001 :       opt_lessthan      |     on     |        on        |        
RUN-1001 :         opt_mux         |    off     |       off        |        
RUN-1001 :         opt_ram         |    high    |       high       |        
RUN-1001 :      rtl_sim_model      |    off     |       off        |        
RUN-1001 :         seq_syn         |     on     |        on        |        
RUN-1001 : --------------------------------------------------------------
RUN-1001 : Print Global Property
RUN-1001 : ---------------------------------------------------------------
RUN-1001 :        Parameters        |  Settings  |  Default Values  |  Note  
RUN-1001 : ---------------------------------------------------------------
RUN-1001 :          message         |  standard  |     standard     |        
RUN-1001 :   mixed_pack_place_flow  |     on     |        on        |        
RUN-1001 :        syn_ip_flow       |    off     |       off        |        
RUN-1001 :          thread          |    auto    |       auto       |        
RUN-1001 : ---------------------------------------------------------------
RUN-1001 : Print Design Property
RUN-1001 : --------------------------------------------------------------
RUN-1001 :        Parameters       |  Settings  |  Default Values  |  Note  
RUN-1001 : --------------------------------------------------------------
RUN-1001 :   default_reg_initial   |    auto    |       auto       |        
RUN-1001 :        infer_add        |     on     |        on        |        
RUN-1001 :        infer_fsm        |    off     |       off        |        
RUN-1001 :        infer_mult       |     on     |        on        |        
RUN-1001 :        infer_ram        |     on     |        on        |        
RUN-1001 :        infer_reg        |     on     |        on        |        
RUN-1001 :   infer_reg_init_value  |     on     |        on        |        
RUN-1001 :        infer_rom        |     on     |        on        |        
RUN-1001 :      infer_shifter      |     on     |        on        |        
RUN-1001 : --------------------------------------------------------------
HDL-1007 : elaborate module test_camera in ../../sources/rtl/test_camera.v(14)
HDL-5007 WARNING: port 'load_reg' is not connected on this instance in ../../al_ip/ip_pll.v(38)
HDL-1007 : elaborate module ip_pll in ../../al_ip/ip_pll.v(24)
HDL-1007 : elaborate module EG_LOGIC_BUFG in D:/Y_22S720/TD/arch/eagle_macro.v(8)
HDL-1007 : elaborate module EG_PHY_PLL(FIN="24.000",REFCLK_DIV=16,FBCLK_DIV=17,CLKC0_DIV=20,CLKC1_DIV=42,CLKC2_DIV=126,CLKC0_ENABLE="ENABLE",CLKC1_ENABLE="ENABLE",CLKC2_ENABLE="ENABLE",FEEDBK_PATH="CLKC0_EXT",STDBY_ENABLE="DISABLE",CLKC0_CPHASE=19,CLKC1_CPHASE=41,CLKC2_CPHASE=125,GMC_GAIN=6,ICP_CURRENT=3,KVCO=6,LPF_RESISTOR=2,PLLRST_ENA="DISABLE",SYNC_ENABLE="DISABLE") in D:/Y_22S720/TD/arch/eagle_macro.v(929)
HDL-5007 WARNING: input port 'load_reg' is not connected on this instance in ../../al_ip/ip_pll.v(67)
HDL-1007 : elaborate module camera_init in ../../sources/rtl/camera_init.v(14)
HDL-1007 : elaborate module i2c_module in ../../sources/rtl/i2c_module.v(2)
HDL-1007 : elaborate module lcd_sync(IMG_Y=1) in ../../sources/rtl/lcd_sync.v(14)
HDL-1007 : elaborate module camera_reader in ../../sources/rtl/camera_reader.v(14)
HDL-1007 : elaborate module img_cache in ../../al_ip/ip_ram.v(14)
HDL-1007 : elaborate module EG_LOGIC_BRAM(DATA_WIDTH_A=16,DATA_WIDTH_B=16,ADDR_WIDTH_A=16,ADDR_WIDTH_B=16,DATA_DEPTH_A=32800,DATA_DEPTH_B=32800,MODE="PDPW",REGMODE_B="OUTREG") in D:/Y_22S720/TD/arch/eagle_macro.v(1031)
HDL-1200 : Current top model is test_camera
HDL-1100 : Inferred 0 RAMs.
RUN-1002 : start command "export_db cam_elaborate.db"
RUN-1001 : Exported /
RUN-1001 : Exported flow parameters
RUN-1001 : Exported libs
RUN-1001 : Exported entities
RUN-1001 : Exported ports
RUN-1001 : Exported pins
RUN-1001 : Exported instances
RUN-1001 : Exported nets
RUN-1001 : Exported buses
RUN-1001 : Exported models
RUN-1001 : Exported congestions
RUN-1001 : Exported violations
RUN-1001 : Exported IO constraints
RUN-1001 : Exported Inst constraints
RUN-1002 : start command "read_adc ../../sources/sdc/SparkRoad.adc"
RUN-1002 : start command "set_pin_assignment clk_24m  LOCATION = K14;  "
RUN-1002 : start command "set_pin_assignment cam_data[0]  LOCATION = H15; IOSTANDARD = LVCMOS33;  "
RUN-1002 : start command "set_pin_assignment cam_data[1]  LOCATION = J16; IOSTANDARD = LVCMOS33;  "
RUN-1002 : start command "set_pin_assignment cam_data[2]  LOCATION = K16; IOSTANDARD = LVCMOS33;  "
RUN-1002 : start command "set_pin_assignment cam_data[3]  LOCATION = K15; IOSTANDARD = LVCMOS33;  "
RUN-1002 : start command "set_pin_assignment cam_data[4]  LOCATION = G14; IOSTANDARD = LVCMOS33;  "
RUN-1002 : start command "set_pin_assignment cam_data[5]  LOCATION = H16; IOSTANDARD = LVCMOS33;  "
RUN-1002 : start command "set_pin_assignment cam_data[6]  LOCATION = G16; IOSTANDARD = LVCMOS33;  "
RUN-1002 : start command "set_pin_assignment cam_data[7]  LOCATION = H13; IOSTANDARD = LVCMOS33;  "
RUN-1002 : start command "set_pin_assignment cam_href  LOCATION = F15;  "
RUN-1002 : start command "set_pin_assignment cam_pclk  LOCATION = K12;  "
RUN-1002 : start command "set_pin_assignment cam_pwdn  LOCATION = F14;  "
RUN-1002 : start command "set_pin_assignment cam_rst  LOCATION = F13;  "
RUN-1002 : start command "set_pin_assignment cam_soic  LOCATION = D16; PULLTYPE = PULLUP;  "
RUN-1002 : start command "set_pin_assignment cam_soid  LOCATION = D14;  "
RUN-1002 : start command "set_pin_assignment cam_vsync  LOCATION = E15;  "
RUN-1002 : start command "set_pin_assignment cam_xclk  LOCATION = J12;  "
RUN-1002 : start command "set_pin_assignment rst_n  LOCATION = G11;  "
RUN-1002 : start command "set_pin_assignment vga_clk  LOCATION = H2;  "
RUN-1002 : start command "set_pin_assignment vga_hsync  LOCATION = J3;  "
RUN-1002 : start command "set_pin_assignment vga_vsync  LOCATION = J4;  "
RUN-1002 : start command "set_pin_assignment vga_r[0]  LOCATION = L5;  "
RUN-1002 : start command "set_pin_assignment vga_r[1]  LOCATION = L3;  "
RUN-1002 : start command "set_pin_assignment vga_r[2]  LOCATION = M2;  "
RUN-1002 : start command "set_pin_assignment vga_r[3]  LOCATION = M1;  "
RUN-1002 : start command "set_pin_assignment vga_r[4]  LOCATION = L4;  "
RUN-1002 : start command "set_pin_assignment vga_r[5]  LOCATION = K5;  "
RUN-1002 : start command "set_pin_assignment vga_r[6]  LOCATION = K3;  "
RUN-1002 : start command "set_pin_assignment vga_r[7]  LOCATION = K6;  "
RUN-1002 : start command "set_pin_assignment vga_g[0]  LOCATION = L1;  "
RUN-1002 : start command "set_pin_assignment vga_g[1]  LOCATION = K2;  "
RUN-1002 : start command "set_pin_assignment vga_g[2]  LOCATION = K1;  "
RUN-1002 : start command "set_pin_assignment vga_g[3]  LOCATION = J1;  "
RUN-1002 : start command "set_pin_assignment vga_g[4]  LOCATION = H3;  "
RUN-1002 : start command "set_pin_assignment vga_g[5]  LOCATION = J6;  "
RUN-1002 : start command "set_pin_assignment vga_g[6]  LOCATION = H1;  "
RUN-1002 : start command "set_pin_assignment vga_g[7]  LOCATION = H5;  "
RUN-1002 : start command "set_pin_assignment vga_b[0]  LOCATION = G1;   "
RUN-1002 : start command "set_pin_assignment vga_b[1]  LOCATION = F1;   "
RUN-1002 : start command "set_pin_assignment vga_b[2]  LOCATION = F2;   "
RUN-1002 : start command "set_pin_assignment vga_b[3]  LOCATION = E1;   "
RUN-1002 : start command "set_pin_assignment vga_b[4]  LOCATION = G3;   "
RUN-1002 : start command "set_pin_assignment vga_b[5]  LOCATION = E2;   "
RUN-1002 : start command "set_pin_assignment vga_b[6]  LOCATION = D1;   "
RUN-1002 : start command "set_pin_assignment vga_b[7]  LOCATION = C1;   "
RUN-1002 : start command "optimize_rtl"
RUN-1001 : Open license file D:/Y_22S720/TD/license/Anlogic.lic
RUN-1001 : Print Global Property
RUN-1001 : ---------------------------------------------------------------
RUN-1001 :        Parameters        |  Settings  |  Default Values  |  Note  
RUN-1001 : ---------------------------------------------------------------
RUN-1001 :          message         |  standard  |     standard     |        
RUN-1001 :   mixed_pack_place_flow  |     on     |        on        |        
RUN-1001 :        syn_ip_flow       |    off     |       off        |        
RUN-1001 :          thread          |    auto    |       auto       |        
RUN-1001 : ---------------------------------------------------------------
RUN-1001 : Print Rtl Property
RUN-1001 : --------------------------------------------------------------
RUN-1001 :        Parameters       |  Settings  |  Default Values  |  Note  
RUN-1001 : --------------------------------------------------------------
RUN-1001 :       compress_add      |   ripple   |      ripple      |        
RUN-1001 :        elf_sload        |    off     |       off        |        
RUN-1001 :       fix_undriven      |     0      |        0         |        
RUN-1001 :         flatten         |    off     |       off        |        
RUN-1001 :       gate_sharing      |     on     |        on        |        
RUN-1001 :    hdl_warning_level    |   normal   |      normal      |        
RUN-1001 :   impl_internal_tribuf  |     on     |        on        |        
RUN-1001 :      impl_set_reset     |     on     |        on        |        
RUN-1001 :        infer_gsr        |    off     |       off        |        
RUN-1001 :      keep_hierarchy     |    auto    |       auto       |        
RUN-1001 :        max_fanout       |    9999    |       9999       |        
RUN-1001 :      max_oh2bin_len     |     10     |        10        |        
RUN-1001 :       merge_equal       |     on     |        on        |        
RUN-1001 :       merge_equiv       |     on     |        on        |        
RUN-1001 :        merge_mux        |    off     |       off        |        
RUN-1001 :     min_control_set     |     8      |        8         |        
RUN-1001 :      min_ripple_len     |    auto    |       auto       |        
RUN-1001 :       oh2bin_ratio      |    0.08    |       0.08       |        
RUN-1001 :     opt_adder_fanout    |     on     |        on        |        
RUN-1001 :        opt_arith        |     on     |        on        |        
RUN-1001 :       opt_big_gate      |    off     |       off        |        
RUN-1001 :        opt_const        |     on     |        on        |        
RUN-1001 :      opt_const_mult     |     on     |        on        |        
RUN-1001 :       opt_lessthan      |     on     |        on        |        
RUN-1001 :         opt_mux         |    off     |       off        |        
RUN-1001 :         opt_ram         |    high    |       high       |        
RUN-1001 :      rtl_sim_model      |    off     |       off        |        
RUN-1001 :         seq_syn         |     on     |        on        |        
RUN-1001 : --------------------------------------------------------------
SYN-1012 : SanityCheck: Model "test_camera"
SYN-1012 : SanityCheck: Model "camera_init"
SYN-1012 : SanityCheck: Model "i2c_module"
SYN-1012 : SanityCheck: Model "camera_reader"
SYN-1012 : SanityCheck: Model "img_cache"
SYN-1012 : SanityCheck: Model "ip_pll"
SYN-1012 : SanityCheck: Model "lcd_sync(IMG_Y=1)"
SYN-1043 : Mark ip_pll as IO macro for instance bufg_feedback
SYN-1011 : Flatten model test_camera
SYN-1032 : 4571/139 useful/useless nets, 705/28 useful/useless insts
SYN-1016 : Merged 452 instances.
SYN-1032 : 1980/3154 useful/useless nets, 592/34 useful/useless insts
SYN-1016 : Merged 383 instances.
SYN-1032 : 1683/61 useful/useless nets, 1421/122 useful/useless insts
SYN-3004 : Optimized 2 const0 DFF(s)
SYN-3003 : Optimized 1 equivalent DFF(s)
SYN-3003 : Optimized 1 equivalent DFF(s)
SYN-3003 : Optimized 1 equivalent DFF(s)
SYN-3003 : Optimized 1 equivalent DFF(s)
SYN-3003 : Optimized 1 equivalent DFF(s)
SYN-3003 : Optimized 1 equivalent DFF(s)
SYN-3003 : Optimized 1 equivalent DFF(s)
SYN-3003 : Optimized 1 equivalent DFF(s)
SYN-1032 : 1665/18 useful/useless nets, 1410/1 useful/useless insts
SYN-1014 : Optimize round 1
SYN-1032 : 1608/56 useful/useless nets, 1389/20 useful/useless insts
SYN-1019 : Optimized 39 mux instances.
SYN-1021 : Optimized 22 onehot mux instances.
SYN-1020 : Optimized 119 distributor mux.
SYN-1001 : Optimize 6 less-than instances
SYN-1019 : Optimized 7 mux instances.
SYN-1016 : Merged 409 instances.
SYN-1015 : Optimize round 1, 1012 better
SYN-1014 : Optimize round 2
SYN-1044 : Optimized 8 inv instances.
SYN-1032 : 1187/96 useful/useless nets, 994/317 useful/useless insts
SYN-1019 : Optimized 2 mux instances.
SYN-1020 : Optimized 1 distributor mux.
SYN-1015 : Optimize round 2, 403 better
SYN-1014 : Optimize round 3
SYN-1044 : Optimized 2 inv instances.
SYN-1032 : 1187/4 useful/useless nets, 994/4 useful/useless insts
SYN-1019 : Optimized 3 mux instances.
SYN-1015 : Optimize round 3, 9 better
SYN-1014 : Optimize round 4
SYN-1032 : 1184/3 useful/useless nets, 991/0 useful/useless insts
SYN-1015 : Optimize round 4, 0 better
RUN-1003 : finish command "optimize_rtl" in  2.497825s wall, 2.406250s user + 0.046875s system = 2.453125s CPU (98.2%)

RUN-1004 : used memory is 104 MB, reserved memory is 75 MB, peak memory is 105 MB
RUN-1002 : start command "report_area -file cam_rtl.area"
RUN-1001 : standard
***Report Model: test_camera Device: EG4S20BG256***

IO Statistics
#IO                        45
  #input                   13
  #output                  31
  #inout                    1

Gate Statistics
#Basic gates              466
  #and                     90
  #nand                     0
  #or                      19
  #nor                      0
  #xor                      0
  #xnor                     0
  #buf                      0
  #not                     36
  #bufif1                   1
  #MX21                   119
  #FADD                     0
  #DFF                    201
  #LATCH                    0
#MACRO_ADD                 26
#MACRO_EQ                 192
#MACRO_MULT                 1
#MACRO_MUX                301
#MACRO_OTHERS               2

Report Hierarchy Area:
+---------------------------------------------------------+
|Instance          |Module        |gates  |seq    |macros |
+---------------------------------------------------------+
|top               |test_camera   |265    |201    |221    |
|  u_camera_init   |camera_init   |198    |84     |192    |
|    u_i2c_write   |i2c_module    |130    |43     |6      |
|  u_camera_reader |camera_reader |54     |79     |3      |
|  u_img           |img_cache     |0      |0      |1      |
|  u_pll           |ip_pll        |0      |0      |1      |
|  u_vga_sync      |lcd_sync      |11     |38     |24     |
+---------------------------------------------------------+

RUN-1002 : start command "export_db cam_rtl.db"
RUN-1001 : Exported /
RUN-1001 : Exported flow parameters
RUN-1001 : Exported libs
RUN-1001 : Exported entities
RUN-1001 : Exported ports
RUN-1001 : Exported pins
RUN-1001 : Exported instances
RUN-1001 : Exported nets
RUN-1001 : Exported buses
RUN-1001 : Exported models
RUN-1001 : Exported congestions
RUN-1001 : Exported violations
RUN-1001 : Exported IO constraints
RUN-1001 : Exported Inst constraints
RUN-1002 : start command "read_sdc ../../cam.sdc"
USR-1009 : NO module with IP_SDC ...
RUN-1002 : start command "get_ports clk_24m"
RUN-1002 : start command "create_clock -period 41.6 -waveform 0 20.8 "
RUN-1102 : create_clock: clock name: clk_24m, type: 0, period: 41600, rise: 0, fall: 20800.
RUN-1002 : start command "derive_pll_clocks -gen_basic_clock"
USR-6116 WARNING: derive_pll_clocks: option -gen_basic_clock is obsolete and has no behavior impact. Please remove it.
RUN-1002 : start command "get_ports clk_24m"
RUN-1002 : start command "get_pins u_pll/pll_inst.clkc[0]"
RUN-1002 : start command "create_generated_clock -name u_pll/pll_inst.clkc[0] -source  -master_clock clk_24m -multiply_by 1.0625 "
RUN-1002 : start command "get_ports clk_24m"
RUN-1002 : start command "get_pins u_pll/pll_inst.clkc[1]"
RUN-1002 : start command "create_generated_clock -name u_pll/pll_inst.clkc[1] -source  -master_clock clk_24m -divide_by 1.9765 "
RUN-1002 : start command "get_ports clk_24m"
RUN-1002 : start command "get_pins u_pll/pll_inst.clkc[2]"
RUN-1002 : start command "create_generated_clock -name u_pll/pll_inst.clkc[2] -source  -master_clock clk_24m -divide_by 5.9294 "
RUN-1104 : Import SDC file ../../cam.sdc finished, there are 0 nets kept by constraints.
RUN-1002 : start command "optimize_gate -maparea cam_gate.area"
RUN-1001 : Open license file D:/Y_22S720/TD/license/Anlogic.lic
RUN-1001 : Print Global Property
RUN-1001 : ---------------------------------------------------------------
RUN-1001 :        Parameters        |  Settings  |  Default Values  |  Note  
RUN-1001 : ---------------------------------------------------------------
RUN-1001 :          message         |  standard  |     standard     |        
RUN-1001 :   mixed_pack_place_flow  |     on     |        on        |        
RUN-1001 :        syn_ip_flow       |    off     |       off        |        
RUN-1001 :          thread          |    auto    |       auto       |        
RUN-1001 : ---------------------------------------------------------------
RUN-1001 : Print Gate Property
RUN-1001 : ------------------------------------------------------------------
RUN-1001 :          Parameters         |  Settings  |  Default Values  |  Note  
RUN-1001 : ------------------------------------------------------------------
RUN-1001 :         cascade_dsp         |    off     |       off        |        
RUN-1001 :         cascade_eram        |    off     |       off        |        
RUN-1001 :        gate_sim_model       |    off     |       off        |        
RUN-1001 :        map_sim_model        |    off     |       off        |        
RUN-1001 :         map_strategy        |     1      |        1         |        
RUN-1001 :           opt_area          |   medium   |      medium      |        
RUN-1001 :          opt_timing         |    auto    |       auto       |        
RUN-1001 :         pack_effort         |   medium   |      medium      |        
RUN-1001 :      pack_lslice_ripple     |     on     |        on        |        
RUN-1001 :   pack_lslice_ripple_ratio  |    0.5     |       0.5        |        
RUN-1001 :        pack_seq_in_io       |    auto    |       auto       |        
RUN-1001 :        ph1_mux_ratio        |    1.0     |       1.0        |        
RUN-1001 :            report           |  standard  |     standard     |        
RUN-1001 :           retiming          |    off     |       off        |        
RUN-1001 : ------------------------------------------------------------------
SYN-2001 : Map 45 IOs to PADs
SYN-1032 : 1229/0 useful/useless nets, 1035/1 useful/useless insts
RUN-1002 : start command "update_pll_param -module test_camera"
SYN-2501 : Processed 0 LOGIC_BUF instances.
SYN-2501 : 1 BUFG to GCLK
SYN-2512 : LOGIC BRAM "u_img/inst"
SYN-2571 : Map 1 macro multiplier
SYN-2571 : Optimize after map_dsp, round 1
SYN-1016 : Merged 382 instances.
SYN-2571 : Optimize after map_dsp, round 1, 382 better
SYN-2571 : Optimize after map_dsp, round 2
SYN-2571 : Optimize after map_dsp, round 2, 0 better
SYN-1001 : Throwback 21 control mux instances
SYN-2501 : Optimize round 1
SYN-1016 : Merged 1695 instances.
SYN-2501 : Optimize round 1, 3229 better
SYN-2501 : Optimize round 2
SYN-2501 : Optimize round 2, 0 better
SYN-2501 : Map 23 macro adder
SYN-1019 : Optimized 2665 mux instances.
SYN-1016 : Merged 2373 instances.
SYN-1032 : 3195/2673 useful/useless nets, 2782/9 useful/useless insts
RUN-1002 : start command "start_timer -prepack"
TMR-2505 : Start building timing graph for model test_camera.
TMR-2506 : Build timing graph completely. Port num: 17, tpin num: 13017, tnet num: 3193, tinst num: 2780, tnode num: 14230, tedge num: 20063.
TMR-2508 : Levelizing timing graph completed, there are 51 levels in total.
TMR-2501 : Timing graph initialized successfully.
TMR-2503 : Start to update net delay, extr mode = 2.
TMR-2504 : Update delay of 3193 nets completely.
TMR-2502 : Annotate delay completely, extr mode = 2.
TMR-3001 : Initiate 4 clocks from SDC.
TMR-3004 : Map sdc constraints, there are 0 constraints in total.
TMR-3003 : Constraints initiated successfully.
TMR-3501 : Forward propagation: start to calculate arrival time...
TMR-3502 : Backward propagation: start to calculate required time...
TMR-3503 : Timing propagation completes.
SYN-3001 : Running gate level optimization.
SYN-2581 : Mapping with K=5, #lut = 901 (3.69), #lev = 10 (3.41)
SYN-2551 : Post LUT mapping optimization.
SYN-2581 : Mapping with K=5, #lut = 799 (3.76), #lev = 9 (3.18)
SYN-3001 : Logic optimization runtime opt =   0.29 sec, map =   0.00 sec
SYN-3001 : Mapper mapped 2171 instances into 801 LUTs, name keeping = 27%.
RUN-1002 : start command "report_area -file cam_gate.area"
RUN-1001 : standard
***Report Model: test_camera Device: EG4S20BG256***

IO Statistics
#IO                        45
  #input                   13
  #output                  31
  #inout                    1

LUT Statistics
#Total_luts              1087
  #lut4                   636
  #lut5                   165
  #lut6                     0
  #lut5_mx41                0
  #lut4_alu1b             286

Utilization Statistics
#lut                     1087   out of  19600    5.55%
#reg                      213   out of  19600    1.09%
#le                         0
#dsp                        1   out of     29    3.45%
#bram                      61   out of     64   95.31%
  #bram9k                  61
  #fifo9k                   0
#bram32k                    0   out of     16    0.00%
#pad                       45   out of    188   23.94%
  #ireg                     0
  #oreg                     0
  #treg                     0
#pll                        1   out of      4   25.00%

Report Hierarchy Area:
+------------------------------------------------------------------------------+
|Instance          |Module        |lut     |ripple  |seq     |bram    |dsp     |
+------------------------------------------------------------------------------+
|top               |test_camera   |801     |286     |213     |61      |1       |
|  u_camera_init   |camera_init   |474     |28      |84      |0       |0       |
|    u_i2c_write   |i2c_module    |159     |0       |43      |0       |0       |
|  u_camera_reader |camera_reader |53      |60      |79      |0       |0       |
|  u_img           |img_cache     |0       |0       |0       |61      |0       |
|  u_pll           |ip_pll        |0       |0       |0       |0       |0       |
|  u_vga_sync      |lcd_sync      |55      |198     |50      |0       |1       |
+------------------------------------------------------------------------------+

SYN-1001 : Packing model "test_camera" ...
SYN-4010 : Pack lib has 58 rtl pack models with 25 top pack blocks
SYN-1014 : Optimize round 1
SYN-1015 : Optimize round 1, 0 better
SYN-4002 : Packing 213 DFF/LATCH to SEQ ...
SYN-4009 : Pack 11 carry chain into lslice
SYN-4007 : Packing 149 adder to BLE ...
SYN-4008 : Packed 149 adder and 0 SEQ to BLE.
SYN-4007 : Packing 0 gate4 to BLE ...
SYN-4008 : Packed 0 gate4 and 0 SEQ to BLE.
SYN-4012 : Packed 0 FxMUX
RUN-1003 : finish command "optimize_gate -maparea cam_gate.area" in  3.011466s wall, 2.937500s user + 0.000000s system = 2.937500s CPU (97.5%)

RUN-1004 : used memory is 128 MB, reserved memory is 99 MB, peak memory is 154 MB
RUN-1002 : start command "legalize_phy_inst"
SYN-1011 : Flatten model test_camera
RUN-1002 : start command "export_db cam_gate.db"
RUN-1001 : Exported /
RUN-1001 : Exported flow parameters
RUN-1001 : Exported libs
RUN-1001 : Exported entities
RUN-1001 : Exported ports
RUN-1001 : Exported pins
RUN-1001 : Exported instances
RUN-1001 : Exported nets
RUN-1001 : Exported buses
RUN-1001 : Exported models
RUN-1001 : Exported congestions
RUN-1001 : Exported violations
RUN-1001 : Exported timing constraints
RUN-1001 : Exported IO constraints
RUN-1001 : Exported Inst constraints
RUN-1002 : start command "backup_run_log run.log ../.logs/syn_1/td_20221008_161939.log"
