============================================================
   Tang Dynasty, V4.6.12906
   Copyright:   Shanghai Anlogic Infotech Co., Ltd.
                2011 - 2021
   Executable = C:/Anlogic/TD4.6.12906/bin/td.exe
   Built at =   18:22:35 Jun 26 2019
   Run by =     dell
   Run Date =   Fri Jul 26 16:24:58 2019

   Run on =     ANLOGIC-SUYANG
============================================================
RUN-1002 : start command "open_project Running_LED.al"
GUI-8003 ERROR: Running_led.v is missing!
GUI-8003 ERROR: rst.v is missing!
RUN-1002 : start command "import_device eagle_s20.db -package BG256"
ARC-1001 : Device Initialization.
ARC-1001 : ------------------------------------------------------------------
ARC-1001 :            OPTION            |          IO          |   SETTING   
ARC-1001 : ------------------------------------------------------------------
ARC-1001 :   cso_b/cclk/mosi/miso/dout  |  T3/R11/T10/P10/S11  |    gpio    
ARC-1001 :             done             |         P13          |    gpio    
ARC-1001 :           program_b          |          T2          |  dedicated  
ARC-1001 :        tdi/tms/tck/tdo       |   C12/A15/C14/E14    |  dedicated  
ARC-1001 : ------------------------------------------------------------------
ARC-1004 : Device setting, marked 5 dedicate IOs in total.
GUI-8003 ERROR: Running_led.v is missing!
GUI-8003 ERROR: rst.v is missing!
HDL-1007 : analyze verilog file sources/rtl/rst.v
HDL-1007 : analyze verilog file sources/rtl/running_led.v
HDL-1007 : analyze verilog file sources/rtl/rst.v
HDL-1007 : analyze verilog file sources/rtl/running_led.v
RUN-1002 : start command "elaborate -top running_led"
HDL-1007 : elaborate module running_led in sources/rtl/running_led.v(14)
HDL-1007 : elaborate module rst_n in sources/rtl/rst.v(9)
HDL-1200 : Current top model is running_led
HDL-1100 : Inferred 0 RAMs.
RUN-1002 : start command "read_adc sources/sdc/runled_pin.adc"
RUN-1002 : start command "set_pin_assignment clk_24M  LOCATION = K14;  "
USR-8052 ERROR: Cannot find pin clk_24M in the model running_led.
USR-8064 ERROR: Read sources/sdc/runled_pin.adc error-out.
GUI-8309 ERROR: Failed to read adc sources/sdc/runled_pin.adc.
HDL-1007 : analyze verilog file sources/rtl/rst.v
HDL-1007 : analyze verilog file sources/rtl/running_led.v
RUN-1002 : start command "elaborate -top running_led"
HDL-1007 : elaborate module running_led in sources/rtl/running_led.v(14)
HDL-1007 : elaborate module rst_n in sources/rtl/rst.v(9)
HDL-1200 : Current top model is running_led
HDL-1100 : Inferred 0 RAMs.
RUN-1002 : start command "read_adc sources/sdc/runled_pin.adc"
RUN-1002 : start command "set_pin_assignment clk_24m  LOCATION = K14;  "
RUN-1002 : start command "set_pin_assignment led[15]  LOCATION = T13;  "
RUN-1002 : start command "set_pin_assignment led[14]  LOCATION = T12;  "
RUN-1002 : start command "set_pin_assignment led[13]  LOCATION = R12;  "
RUN-1002 : start command "set_pin_assignment led[12]  LOCATION = M7;  "
RUN-1002 : start command "set_pin_assignment led[11]  LOCATION = T9;  "
RUN-1002 : start command "set_pin_assignment led[10]  LOCATION = T8;  "
RUN-1002 : start command "set_pin_assignment led[9]  LOCATION = T7;  "
RUN-1002 : start command "set_pin_assignment led[8]  LOCATION = R7;  "
RUN-1002 : start command "set_pin_assignment led[7]  LOCATION = P5;  "
RUN-1002 : start command "set_pin_assignment led[6]  LOCATION = N5;  "
RUN-1002 : start command "set_pin_assignment led[5]  LOCATION = P4;  "
RUN-1002 : start command "set_pin_assignment led[4]  LOCATION = M5;  "
RUN-1002 : start command "set_pin_assignment led[3]  LOCATION = N4;  "
RUN-1002 : start command "set_pin_assignment led[2]  LOCATION = N3;  "
RUN-1002 : start command "set_pin_assignment led[1]  LOCATION = M4;  "
RUN-1002 : start command "set_pin_assignment led[0]  LOCATION = M3;  "
RUN-1002 : start command "optimize_rtl"
RUN-1001 : Open license file C:/Anlogic/TD4.6.12906/license/Anlogic.lic
SYN-1012 : SanityCheck: Model "running_led"
SYN-1012 : SanityCheck: Model "rst_n"
SYN-1011 : Flatten model running_led
SYN-1011 : Flatten model rst_n
SYN-1014 : Optimize round 1
SYN-1032 : 149/0 useful/useless nets, 124/1 useful/useless insts
SYN-1019 : Optimized 0 mux instances.
SYN-1015 : Optimize round 1, 43 better
SYN-1014 : Optimize round 2
SYN-1032 : 106/45 useful/useless nets, 81/0 useful/useless insts
SYN-1019 : Optimized 0 mux instances.
SYN-1015 : Optimize round 2, 0 better
SYN-1014 : Optimize round 1
SYN-1032 : 17/0 useful/useless nets, 13/0 useful/useless insts
SYN-1019 : Optimized 0 mux instances.
SYN-1015 : Optimize round 1, 4 better
SYN-1014 : Optimize round 2
SYN-1032 : 13/4 useful/useless nets, 9/0 useful/useless insts
SYN-1019 : Optimized 0 mux instances.
SYN-1015 : Optimize round 2, 0 better
RUN-1002 : start command "report_area -file Running_LED_rtl.area"
RUN-1001 : standard
***Report Model: running_led***

IO Statistics
#IO                    17
  #input                1
  #output              16
  #inout                0

Gate Statistics
#Basic gates           44
  #and                  1
  #nand                 0
  #or                   0
  #nor                  0
  #xor                  0
  #xnor                 0
  #buf                  0
  #not                  1
  #bufif1               0
  #MX21                 0
  #FADD                 0
  #DFF                 42
  #LATCH                0
#MACRO_ADD              1
#MACRO_EQ               2
#MACRO_MUX             32

RUN-1001 : 
Report Hierarchy Area:
+----------------------------------------------+
|Instance |Module      |gates  |seq    |macros |
+----------------------------------------------+
|top      |running_led |2      |42     |3      |
+----------------------------------------------+

RUN-1002 : start command "export_db Running_LED_rtl.db"
RUN-1001 : Exported /
RUN-1001 : Exported libs
RUN-1001 : Exported entities
RUN-1001 : Exported ports
RUN-1001 : Exported pins
RUN-1001 : Exported instances
RUN-1001 : Exported nets
RUN-1001 : Exported buses
RUN-1001 : Exported models
RUN-1001 : Exported congestions
RUN-1001 : Exported violations
RUN-1001 : Exported IO constraints
RUN-1001 : Exported Inst constraints
RUN-1001 : Exported flow parameters
RUN-1002 : start command "optimize_gate -packarea Running_LED_gate.area"
RUN-1001 : Open license file C:/Anlogic/TD4.6.12906/license/Anlogic.lic
SYN-2001 : Map 17 IOs to PADs
SYN-2501 : Processed 0 LOGIC_BUF instances.
SYN-2571 : Optimize after map_dsp, round 1
SYN-1032 : 126/0 useful/useless nets, 102/0 useful/useless insts
SYN-2571 : Optimize after map_dsp, round 1, 0 better
SYN-2501 : Optimize round 1
SYN-1032 : 176/0 useful/useless nets, 152/0 useful/useless insts
SYN-2501 : Optimize round 1, 42 better
SYN-2501 : Optimize round 2
SYN-1032 : 176/0 useful/useless nets, 152/0 useful/useless insts
SYN-2501 : Optimize round 2, 0 better
SYN-2501 : Map 1 macro adder
SYN-1032 : 202/0 useful/useless nets, 178/0 useful/useless insts
SYN-3001 : Running gate level optimization.
SYN-2581 : Mapping with K=4, #lut = 63 (3.37), #lev = 4 (3.33)
SYN-2551 : Post LUT mapping optimization.
SYN-2581 : Mapping with K=4, #lut = 63 (3.37), #lev = 4 (3.33)
SYN-2581 : Mapping with K=4, #lut = 63 (3.37), #lev = 4 (3.33)
SYN-3001 : Logic optimization runtime opt =   0.00 sec, map =   0.00 sec
SYN-3001 : Mapper mapped 89 instances into 63 LUTs, name keeping = 30%.
SYN-1001 : Packing model "running_led" ...
SYN-4010 : Pack lib has 28 rtl pack models with 8 top pack blocks
SYN-1014 : Optimize round 1
SYN-1032 : 175/0 useful/useless nets, 151/0 useful/useless insts
SYN-1015 : Optimize round 1, 0 better
SYN-4002 : Packing 42 DFF/LATCH to SEQ ...
SYN-4009 : Pack 1 carry chain into lslice
SYN-4007 : Packing 0 adder to BLE ...
SYN-4008 : Packed 0 adder and 0 SEQ to BLE.
SYN-4007 : Packing 0 gate4 to BLE ...
SYN-4008 : Packed 0 gate4 and 0 SEQ to BLE.
SYN-4012 : Packed 0 FxMUX
SYN-4007 : Packing 0 MUX to BLE ...
SYN-4008 : Packed 0 MUX and 0 SEQ to BLE.
SYN-4007 : Packing 63 LUT to BLE ...
SYN-4008 : Packed 63 LUT and 17 SEQ to BLE.
SYN-4003 : Packing 25 remaining SEQ's ...
SYN-4004 : #0: Packed 0 SEQ (25 nodes)...
SYN-4004 : #1: Packed 8 SEQ (40 nodes)...
SYN-4005 : Packed 8 SEQ with LUT/SLICE
SYN-4006 : 40 single LUT's are left
SYN-4006 : 25 single SEQ's are left
SYN-4011 : Packing model "running_led" (AL_USER_NORMAL) with 80/107 primitive instances ...
RUN-1002 : start command "report_area -file Running_LED_gate.area"
RUN-1001 : standard
***Report Model: running_led***

IO Statistics
#IO                    17
  #input                1
  #output              16
  #inout                0

Utilization Statistics
#lut                   77   out of  19600    0.39%
#reg                   42   out of  19600    0.21%
#le                    94
  #lut only            52   out of     94   55.32%
  #reg only            17   out of     94   18.09%
  #lut&reg             25   out of     94   26.60%
#dsp                    0   out of     29    0.00%
#bram                   0   out of     64    0.00%
  #bram9k               0
  #fifo9k               0
#bram32k                0   out of     16    0.00%
#pad                   17   out of    188    9.04%
  #ireg                 0
  #oreg                 0
  #treg                 0
#pll                    0   out of      4    0.00%

RUN-1001 : 
Report Hierarchy Area:
+-------------------------------------------+
|Instance |Module      |le    |lut   |seq   |
+-------------------------------------------+
|top      |running_led |94    |77    |42    |
+-------------------------------------------+

RUN-1002 : start command "legalize_phy_inst"
SYN-1011 : Flatten model running_led
RUN-1002 : start command "export_db Running_LED_gate.db"
RUN-1001 : Exported /
RUN-1001 : Exported libs
RUN-1001 : Exported entities
RUN-1001 : Exported ports
RUN-1001 : Exported pins
RUN-1001 : Exported instances
RUN-1001 : Exported nets
RUN-1001 : Exported buses
RUN-1001 : Exported models
RUN-1001 : Exported congestions
RUN-1001 : Exported violations
RUN-1001 : Exported IO constraints
RUN-1001 : Exported Inst constraints
RUN-1001 : Exported flow parameters
RUN-1002 : start command "place"
RUN-1001 : Open license file C:/Anlogic/TD4.6.12906/license/Anlogic.lic
PHY-3001 : Placer runs in 6 thread(s).
SYN-4024 : Net "clk_24m_pad" drive clk pins.
SYN-4025 : Tag rtl::Net clk_24m_pad as clock net
SYN-4026 : Tagged 1 rtl::Net as clock net
PHY-1001 : Populate physical database.
RUN-1001 : There are total 68 instances
RUN-1001 : 24 mslices, 24 lslices, 17 pads, 0 brams, 0 dsps
RUN-1001 : There are total 139 nets
RUN-1001 : 90 nets have 2 pins
RUN-1001 : 26 nets have [3 - 5] pins
RUN-1001 : 16 nets have [6 - 10] pins
RUN-1001 : 3 nets have [11 - 20] pins
RUN-1001 : 4 nets have [21 - 99] pins
PHY-3001 : Initial placement ...
PHY-3001 : design contains 66 instances, 48 slices, 1 macros(7 instances)
PHY-3001 : Start timing update ...
RUN-1002 : start command "start_timer"
TMR-5001 WARNING: No sdc constraints found while initiating timer.
TMR-2505 : Start building timing graph for model running_led.
TMR-2506 : Build timing graph completely. Port num: 2, tpin num: 500, tnet num: 137, tinst num: 66, tnode num: 604, tedge num: 811.
TMR-2507 : Eliminate loop in the timing graph, delete 0 tedges.
TMR-2508 : Levelizing timing graph completed, there are 19 levels in total.
TMR-2501 : Timing graph initialized successfully.
TMR-2503 : Start to update net delay, extr mode = 2.
TMR-2504 : Update delay of 137 nets completely.
TMR-2502 : Annotate delay completely, extr mode = 2.
TMR-3002 : No user constraint, initiate default constraint.
TMR-1501 : Assign derive clock DeriveClock to 62 clock pins, and constraint 104 relative nodes.
TMR-3005 : Start mapping report constraints, there are 0 constraints in total.
TMR-3003 : Constraints initiated successfully.
TMR-3501 : Forward propagation: start to calculate arrival time...
TMR-3502 : Backward propagation: start to calculate required time...
TMR-3503 : Timing propagation completes.
PHY-3001 : End timing update;  0.013143s wall, 0.031250s user + 0.000000s system = 0.031250s CPU (237.8%)

PHY-3001 : Global placement ...
PHY-3001 : Initial: Len = 39589.8
PHY-3001 : Run with size of 4
PHY-3001 : Cell area utilization is 0%, beta_incr = 0.997061
PHY-3001 : :::0::: Try harder cell spreading with beta_ = 0
PHY-3002 : Step(1): len = 29390.4, overlap = 0
PHY-3002 : Step(2): len = 23417.7, overlap = 0
PHY-3002 : Step(3): len = 20765, overlap = 0
PHY-3002 : Step(4): len = 18706.5, overlap = 0
PHY-3002 : Step(5): len = 17045.3, overlap = 0
PHY-3002 : Step(6): len = 15990, overlap = 0
PHY-3002 : Step(7): len = 14935.9, overlap = 0
PHY-3002 : Step(8): len = 14002.9, overlap = 0
PHY-3002 : Step(9): len = 13215.6, overlap = 0
PHY-3002 : Step(10): len = 12390.7, overlap = 0
PHY-3002 : Step(11): len = 11650.9, overlap = 0
PHY-3002 : Step(12): len = 10894, overlap = 0
PHY-3002 : Step(13): len = 10277.8, overlap = 0
PHY-3002 : Step(14): len = 9762.2, overlap = 0
PHY-3002 : Step(15): len = 9091, overlap = 0
PHY-3002 : Step(16): len = 8628.2, overlap = 0
PHY-3002 : Step(17): len = 8143.2, overlap = 0
PHY-3002 : Step(18): len = 7315.6, overlap = 0
PHY-3002 : Step(19): len = 7048.5, overlap = 0
PHY-3002 : Step(20): len = 6618.3, overlap = 0
PHY-3002 : Step(21): len = 6521, overlap = 0
PHY-3002 : Step(22): len = 6415.3, overlap = 0
PHY-3002 : Step(23): len = 6415.3, overlap = 0
PHY-3002 : Step(24): len = 6355.1, overlap = 0
PHY-3001 : Legalization ...
PHY-3001 : End legalization;  0.003534s wall, 0.000000s user + 0.000000s system = 0.000000s CPU (n/a%)

PHY-3001 : Run with size of 4
PHY-3001 : Cell area utilization is 0%, beta_incr = 0.997061
PHY-3001 : :::0::: Try harder cell spreading with beta_ = 0
PHY-3002 : Step(25): len = 6335.7, overlap = 0.5
PHY-3002 : Step(26): len = 6335.7, overlap = 0.5
PHY-3002 : Step(27): len = 6302.9, overlap = 0.5
PHY-3002 : Step(28): len = 6302.9, overlap = 0.5
PHY-3002 : Step(29): len = 6291.6, overlap = 0.5
PHY-3002 : Step(30): len = 6291.6, overlap = 0.5
PHY-3002 : Step(31): len = 6273.1, overlap = 0.5
PHY-3002 : Step(32): len = 6281, overlap = 0.5
PHY-3002 : Step(33): len = 6277.2, overlap = 0.5
PHY-3002 : Step(34): len = 6113, overlap = 0
PHY-3002 : Step(35): len = 6083.8, overlap = 0.25
PHY-3002 : Step(36): len = 6082, overlap = 0
PHY-3002 : Step(37): len = 5953.4, overlap = 0
PHY-3002 : Step(38): len = 5819.6, overlap = 0
PHY-3002 : Step(39): len = 5381.5, overlap = 2.5
PHY-3002 : Step(40): len = 5358.7, overlap = 2.25
PHY-3002 : Step(41): len = 5278.7, overlap = 1.25
PHY-3002 : Step(42): len = 5257.5, overlap = 0.5
PHY-3002 : Step(43): len = 5078.5, overlap = 1
PHY-3002 : Step(44): len = 4992.8, overlap = 1
PHY-3002 : Step(45): len = 4940.3, overlap = 1.25
PHY-3002 : Step(46): len = 4889.3, overlap = 1.5
PHY-3002 : Step(47): len = 4884.1, overlap = 2
PHY-3002 : Step(48): len = 4892.6, overlap = 2.5
PHY-3002 : Step(49): len = 4779.2, overlap = 3
PHY-3002 : Step(50): len = 4676.8, overlap = 2.75
PHY-3002 : Step(51): len = 4614.7, overlap = 2.75
PHY-3002 : Step(52): len = 4591.3, overlap = 1.5
PHY-3002 : Step(53): len = 4432, overlap = 0.25
PHY-3002 : Step(54): len = 4370.4, overlap = 0.75
PHY-3002 : Step(55): len = 4332.4, overlap = 1
PHY-3002 : Step(56): len = 4310.9, overlap = 1.25
PHY-3002 : Step(57): len = 4290.3, overlap = 1.75
PHY-3002 : Step(58): len = 4240.1, overlap = 2.25
PHY-3002 : Step(59): len = 4222.4, overlap = 2.25
PHY-3002 : Step(60): len = 4132.9, overlap = 1.75
PHY-3002 : Step(61): len = 4010.3, overlap = 1
PHY-3002 : Step(62): len = 3896.3, overlap = 1.75
PHY-3002 : Step(63): len = 3741.6, overlap = 1
PHY-3002 : Step(64): len = 3542, overlap = 0
PHY-3002 : Step(65): len = 3434.7, overlap = 0
PHY-3002 : Step(66): len = 3308.6, overlap = 0
PHY-3002 : Step(67): len = 3397.5, overlap = 0
PHY-3002 : Step(68): len = 3214.6, overlap = 0
PHY-3002 : Step(69): len = 2927.1, overlap = 0
PHY-3002 : Step(70): len = 2768.4, overlap = 0.5
PHY-3002 : Step(71): len = 2657.7, overlap = 0.5
PHY-3002 : Step(72): len = 2646.7, overlap = 0.5
PHY-3002 : Step(73): len = 2606.4, overlap = 0.5
PHY-3002 : Step(74): len = 2593, overlap = 0.5
PHY-3002 : Step(75): len = 2530.4, overlap = 0.5
PHY-3002 : Step(76): len = 2506.4, overlap = 0.25
PHY-3002 : Step(77): len = 2523.1, overlap = 0.25
PHY-3002 : Step(78): len = 2474.5, overlap = 0
PHY-3002 : Step(79): len = 2377.8, overlap = 0
PHY-3002 : Step(80): len = 2334.8, overlap = 0
PHY-3002 : Step(81): len = 2320.3, overlap = 0
PHY-3002 : Step(82): len = 2272.1, overlap = 0
PHY-3002 : Step(83): len = 2272.5, overlap = 0
PHY-3002 : Step(84): len = 2281.4, overlap = 0
PHY-3002 : Step(85): len = 2253.4, overlap = 0
PHY-3002 : Step(86): len = 2237.3, overlap = 0
PHY-3002 : Step(87): len = 2248.3, overlap = 0
PHY-3002 : Step(88): len = 2235.2, overlap = 0
PHY-3002 : Step(89): len = 2212.2, overlap = 0
PHY-3002 : Step(90): len = 2181.1, overlap = 0
PHY-3002 : Step(91): len = 2181.1, overlap = 0
PHY-3002 : Step(92): len = 2161.3, overlap = 0
PHY-3002 : Step(93): len = 2161.3, overlap = 0
PHY-3002 : Step(94): len = 2161.2, overlap = 0
PHY-3001 : Run with size of 2
PHY-3001 : Cell area utilization is 0%, beta_incr = 0.997061
PHY-3001 : :::0::: Try harder cell spreading with beta_ = 6.73191e-05
PHY-3002 : Step(95): len = 2167.6, overlap = 5.5
PHY-3002 : Step(96): len = 2167.6, overlap = 5.5
PHY-3001 : :::1::: Try harder cell spreading with beta_ = 0.000134638
PHY-3002 : Step(97): len = 2181.1, overlap = 5.5
PHY-3002 : Step(98): len = 2211.4, overlap = 4.25
PHY-3001 : :::2::: Try harder cell spreading with beta_ = 0.000269276
PHY-3002 : Step(99): len = 2205.2, overlap = 3.5
PHY-3002 : Step(100): len = 2258.7, overlap = 2.75
PHY-3002 : Step(101): len = 2195.4, overlap = 2.75
PHY-3002 : Step(102): len = 2194.2, overlap = 2.75
PHY-3002 : Step(103): len = 2194.2, overlap = 2.75
PHY-3001 : Legalization ...
PHY-3001 : End legalization;  0.009037s wall, 0.000000s user + 0.000000s system = 0.000000s CPU (n/a%)

PHY-3001 : Run with size of 2
PHY-3001 : Cell area utilization is 0%, beta_incr = 0.997061
PHY-3001 : :::0::: Try harder cell spreading with beta_ = 0
PHY-3002 : Step(104): len = 3355.7, overlap = 0
PHY-3002 : Step(105): len = 2821.4, overlap = 2.25
PHY-3002 : Step(106): len = 2527.9, overlap = 3.75
PHY-3002 : Step(107): len = 2369.4, overlap = 3.5
PHY-3002 : Step(108): len = 2345.3, overlap = 4.25
PHY-3002 : Step(109): len = 2283.4, overlap = 4.5
PHY-3002 : Step(110): len = 2262.2, overlap = 5.25
PHY-3002 : Step(111): len = 2192.3, overlap = 5.5
PHY-3001 : :::1::: Try harder cell spreading with beta_ = 0.00117181
PHY-3002 : Step(112): len = 2193.4, overlap = 5.25
PHY-3002 : Step(113): len = 2200.1, overlap = 5.25
PHY-3001 : :::2::: Try harder cell spreading with beta_ = 0.00234361
PHY-3002 : Step(114): len = 2189.7, overlap = 5
PHY-3002 : Step(115): len = 2189.7, overlap = 5
PHY-3001 : Legalization ...
PHY-3001 : End legalization;  0.005204s wall, 0.000000s user + 0.000000s system = 0.000000s CPU (n/a%)

PHY-3001 : Legalized: Len = 3098.8, Over = 0
PHY-3001 : Final: Len = 3098.8, Over = 0
PHY-3001 : Improving timing with driver duplication.
RUN-1001 : Generating global routing grids ...
PHY-1001 : Generate routing nets ...
PHY-1001 : Global iterations in 6 thread ...
PHY-1002 : len = 3896, over cnt = 0(0%), over = 0, worst = 0
PHY-1001 : End global iterations;  0.009012s wall, 0.015625s user + 0.000000s system = 0.015625s CPU (173.4%)

RUN-1003 : finish command "place" in  1.911573s wall, 2.468750s user + 1.109375s system = 3.578125s CPU (187.2%)

RUN-1004 : used memory is 169 MB, reserved memory is 121 MB, peak memory is 179 MB
RUN-1002 : start command "route"
RUN-1001 : Open license file C:/Anlogic/TD4.6.12906/license/Anlogic.lic
PHY-1001 : Pin misalignment score is improved from 61 to 45
PHY-1001 : Pin misalignment score is improved from 45 to 43
PHY-1001 : Pin misalignment score is improved from 43 to 43
PHY-1001 : Route runs in 6 thread(s)
RUN-1001 : There are total 68 instances
RUN-1001 : 24 mslices, 24 lslices, 17 pads, 0 brams, 0 dsps
RUN-1001 : There are total 139 nets
RUN-1001 : 90 nets have 2 pins
RUN-1001 : 26 nets have [3 - 5] pins
RUN-1001 : 16 nets have [6 - 10] pins
RUN-1001 : 3 nets have [11 - 20] pins
RUN-1001 : 4 nets have [21 - 99] pins
PHY-1001 : Start global routing ...
RUN-1001 : Generating global routing grids ...
PHY-1001 : Generate routing nets ...
PHY-1001 : Global iterations in 6 thread ...
PHY-1002 : len = 3896, over cnt = 0(0%), over = 0, worst = 0
PHY-1001 : End global iterations;  0.007782s wall, 0.015625s user + 0.000000s system = 0.015625s CPU (200.8%)

PHY-1001 : End global routing;  0.077287s wall, 0.093750s user + 0.015625s system = 0.109375s CPU (141.5%)

PHY-1001 : Start detail routing ...
PHY-1001 : Generate detailed routing grids ...
PHY-1001 : Generate nets ...
PHY-1001 : net clk_24m_pad will be routed on clock mesh
PHY-1001 : Detail Route ...
PHY-1001 : ===== Detail Route Phase 1 =====
PHY-1001 : Routed 0% nets.
PHY-1002 : len = 2400, over cnt = 0(0%), over = 0, worst = 0
PHY-1001 : End Routed; 0.004387s wall, 0.031250s user + 0.000000s system = 0.031250s CPU (712.4%)

PHY-1001 : ===== Detail Route Phase 2 =====
PHY-1001 : Routed 0% nets.
PHY-1002 : len = 2400, over cnt = 0(0%), over = 0, worst = 0
PHY-1001 : End Routed; 0.000011s wall, 0.000000s user + 0.000000s system = 0.000000s CPU (n/a%)

PHY-1001 : ===== Detail Route Phase 3 =====
PHY-1001 : Routed 43% nets.
PHY-1001 : Routed 50% nets.
PHY-1001 : Routed 58% nets.
PHY-1001 : Routed 66% nets.
PHY-1001 : Routed 82% nets.
PHY-1002 : len = 8376, over cnt = 3(0%), over = 3, worst = 1
PHY-1001 : End Routed; 0.086070s wall, 0.078125s user + 0.000000s system = 0.078125s CPU (90.8%)

PHY-1001 : ===== DR Iter 1 =====
PHY-1002 : len = 8344, over cnt = 1(0%), over = 1, worst = 1
PHY-1001 : End DR Iter 1; 0.007623s wall, 0.000000s user + 0.000000s system = 0.000000s CPU (n/a%)

PHY-1001 : ===== DR Iter 2 =====
PHY-1002 : len = 8360, over cnt = 0(0%), over = 0, worst = 0
PHY-1003 : Routed, final wirelength = 8360
PHY-1001 : End DR Iter 2; 0.006849s wall, 0.015625s user + 0.000000s system = 0.015625s CPU (228.1%)

PHY-1001 : 0 feed throughs used by 0 nets
PHY-1001 : Generate detailed routing grids ...
PHY-1001 : Generate nets ...
PHY-1001 : net clk_24m_pad will be routed on clock mesh
PHY-1001 : eco open net = 0
PHY-1001 : End detail routing;  5.725406s wall, 5.578125s user + 0.687500s system = 6.265625s CPU (109.4%)

PHY-1001 : Routing violations:
PHY-1001 : End of Routing Violations.
RUN-1003 : finish command "route" in  5.890445s wall, 5.812500s user + 0.718750s system = 6.531250s CPU (110.9%)

RUN-1004 : used memory is 267 MB, reserved memory is 227 MB, peak memory is 694 MB
RUN-1002 : start command "report_area -io_info -file Running_LED_phy.area"
RUN-1001 : standard
***Report Model: running_led***

IO Statistics
#IO                    17
  #input                1
  #output              16
  #inout                0

Utilization Statistics
#lut                   77   out of  19600    0.39%
#reg                   42   out of  19600    0.21%
#le                    94
  #lut only            52   out of     94   55.32%
  #reg only            17   out of     94   18.09%
  #lut&reg             25   out of     94   26.60%
#dsp                    0   out of     29    0.00%
#bram                   0   out of     64    0.00%
  #bram9k               0
  #fifo9k               0
#bram32k                0   out of     16    0.00%
#pad                   17   out of    188    9.04%
  #ireg                 0
  #oreg                 0
  #treg                 0
#pll                    0   out of      4    0.00%

RUN-1001 : 

RUN-1002 : start command "export_db Running_LED_pr.db"
RUN-1001 : Exported /
RUN-1001 : Exported libs
RUN-1001 : Exported entities
RUN-1001 : Exported ports
RUN-1001 : Exported pins
RUN-1001 : Exported instances
RUN-1001 : Exported nets
RUN-1001 : Exported buses
RUN-1001 : Exported models
RUN-1001 : Exported congestions
RUN-1001 : Exported violations
RUN-1001 : Exported IO constraints
RUN-1001 : Exported Inst constraints
RUN-1001 : Exported flow parameters
RUN-1002 : start command "bitgen -bit Running_LED.bit -version 0X00 -g ucode:00000000000000000000000000000000"
BIT-1003 : Start to generate bitstream. 
BIT-1002 : Init instances with 6 threads.
BIT-1002 : Init instances completely, inst num: 68
BIT-1002 : Init pips with 6 threads.
BIT-1002 : Init pips completely, net num: 139, pip num: 914
BIT-1003 : Multithreading accelaration with 6 threads.
BIT-1003 : Generate bitstream completely, there are 148 valid insts, and 2821 bits set as '1'.
BIT-1004 : PLL setting string = 0000
BIT-1004 : Generate bits file Running_LED.bit.
RUN-1002 : start command "download -bit Running_LED.bit -mode jtag -spd 6 -sec 64 -cable 0"
PRG-2014 : Chip validation success: EAGLE_S20_BG256
RUN-1002 : start command "bit_to_vec -chip EAGLE_S20_BG256 -m jtag -bit Running_LED.bit"
PRG-3000 : BIT2VEC::JtagBitstream: completed! line_num = 1354, frame_num = 1259
RUN-1003 : finish command "bit_to_vec -chip EAGLE_S20_BG256 -m jtag -bit Running_LED.bit" in  1.471483s wall, 1.437500s user + 0.046875s system = 1.484375s CPU (100.9%)

RUN-1004 : used memory is 386 MB, reserved memory is 346 MB, peak memory is 694 MB
RUN-1002 : start command "program -cable 0 -spd 6 -p"
RUN-1003 : finish command "program -cable 0 -spd 6 -p" in  6.560375s wall, 0.187500s user + 0.062500s system = 0.250000s CPU (3.8%)

RUN-1004 : used memory is 413 MB, reserved memory is 374 MB, peak memory is 694 MB
RUN-1003 : finish command "download -bit Running_LED.bit -mode jtag -spd 6 -sec 64 -cable 0" in  8.559912s wall, 1.734375s user + 0.140625s system = 1.875000s CPU (21.9%)

RUN-1004 : used memory is 271 MB, reserved memory is 226 MB, peak memory is 694 MB
GUI-1001 : Download success!
RUN-1002 : start command "download -bit Running_LED.bit -mode jtag -spd 6 -sec 64 -cable 0"
PRG-2014 : Chip validation success: EAGLE_S20_BG256
RUN-1002 : start command "bit_to_vec -chip EAGLE_S20_BG256 -m jtag -bit Running_LED.bit"
PRG-3000 : BIT2VEC::JtagBitstream: completed! line_num = 1354, frame_num = 1259
RUN-1003 : finish command "bit_to_vec -chip EAGLE_S20_BG256 -m jtag -bit Running_LED.bit" in  1.443278s wall, 1.375000s user + 0.062500s system = 1.437500s CPU (99.6%)

RUN-1004 : used memory is 385 MB, reserved memory is 344 MB, peak memory is 694 MB
RUN-1002 : start command "program -cable 0 -spd 6 -p"
RUN-1003 : finish command "program -cable 0 -spd 6 -p" in  6.667822s wall, 0.312500s user + 0.109375s system = 0.421875s CPU (6.3%)

RUN-1004 : used memory is 412 MB, reserved memory is 372 MB, peak memory is 694 MB
RUN-1003 : finish command "download -bit Running_LED.bit -mode jtag -spd 6 -sec 64 -cable 0" in  8.657174s wall, 1.828125s user + 0.171875s system = 2.000000s CPU (23.1%)

RUN-1004 : used memory is 270 MB, reserved memory is 223 MB, peak memory is 694 MB
GUI-1001 : Download success!
GUI-8003 ERROR: Running_led.v is missing!
GUI-8003 ERROR: rst.v is missing!
HDL-1007 : analyze verilog file sources/rtl/rst.v
HDL-1007 : analyze verilog file sources/rtl/running_led.v
HDL-1007 : analyze verilog file sources/rtl/rst.v
HDL-1007 : analyze verilog file sources/rtl/running_led.v
RUN-1002 : start command "elaborate -top running_led"
HDL-1007 : elaborate module running_led in sources/rtl/running_led.v(14)
HDL-1007 : elaborate module rst_n in sources/rtl/rst.v(9)
HDL-1200 : Current top model is running_led
HDL-1100 : Inferred 0 RAMs.
RUN-1002 : start command "read_adc sources/sdc/runled_pin.adc"
RUN-1002 : start command "set_pin_assignment clk_24m  LOCATION = K14;  "
RUN-1002 : start command "set_pin_assignment led[15]  LOCATION = T13;  "
RUN-1002 : start command "set_pin_assignment led[14]  LOCATION = T12;  "
RUN-1002 : start command "set_pin_assignment led[13]  LOCATION = R12;  "
RUN-1002 : start command "set_pin_assignment led[12]  LOCATION = M7;  "
RUN-1002 : start command "set_pin_assignment led[11]  LOCATION = T9;  "
RUN-1002 : start command "set_pin_assignment led[10]  LOCATION = T8;  "
RUN-1002 : start command "set_pin_assignment led[9]  LOCATION = T7;  "
RUN-1002 : start command "set_pin_assignment led[8]  LOCATION = R7;  "
RUN-1002 : start command "set_pin_assignment led[7]  LOCATION = P5;  "
RUN-1002 : start command "set_pin_assignment led[6]  LOCATION = N5;  "
RUN-1002 : start command "set_pin_assignment led[5]  LOCATION = P4;  "
RUN-1002 : start command "set_pin_assignment led[4]  LOCATION = M5;  "
RUN-1002 : start command "set_pin_assignment led[3]  LOCATION = N4;  "
RUN-1002 : start command "set_pin_assignment led[2]  LOCATION = N3;  "
RUN-1002 : start command "set_pin_assignment led[1]  LOCATION = M4;  "
RUN-1002 : start command "set_pin_assignment led[0]  LOCATION = M3;  "
RUN-1002 : start command "optimize_rtl"
RUN-1001 : Open license file C:/Anlogic/TD4.6.12906/license/Anlogic.lic
SYN-1012 : SanityCheck: Model "running_led"
SYN-1012 : SanityCheck: Model "rst_n"
SYN-1011 : Flatten model running_led
SYN-1011 : Flatten model rst_n
SYN-1014 : Optimize round 1
SYN-1032 : 149/0 useful/useless nets, 124/1 useful/useless insts
SYN-1019 : Optimized 0 mux instances.
SYN-1015 : Optimize round 1, 43 better
SYN-1014 : Optimize round 2
SYN-1032 : 106/45 useful/useless nets, 81/0 useful/useless insts
SYN-1019 : Optimized 0 mux instances.
SYN-1015 : Optimize round 2, 0 better
SYN-1014 : Optimize round 1
SYN-1032 : 17/0 useful/useless nets, 13/0 useful/useless insts
SYN-1019 : Optimized 0 mux instances.
SYN-1015 : Optimize round 1, 4 better
SYN-1014 : Optimize round 2
SYN-1032 : 13/4 useful/useless nets, 9/0 useful/useless insts
SYN-1019 : Optimized 0 mux instances.
SYN-1015 : Optimize round 2, 0 better
RUN-1002 : start command "report_area -file Running_LED_rtl.area"
RUN-1001 : standard
***Report Model: running_led***

IO Statistics
#IO                    17
  #input                1
  #output              16
  #inout                0

Gate Statistics
#Basic gates           44
  #and                  1
  #nand                 0
  #or                   0
  #nor                  0
  #xor                  0
  #xnor                 0
  #buf                  0
  #not                  1
  #bufif1               0
  #MX21                 0
  #FADD                 0
  #DFF                 42
  #LATCH                0
#MACRO_ADD              1
#MACRO_EQ               2
#MACRO_MUX             32

RUN-1001 : 
Report Hierarchy Area:
+----------------------------------------------+
|Instance |Module      |gates  |seq    |macros |
+----------------------------------------------+
|top      |running_led |2      |42     |3      |
+----------------------------------------------+

RUN-1002 : start command "export_db Running_LED_rtl.db"
RUN-1001 : Exported /
RUN-1001 : Exported libs
RUN-1001 : Exported entities
RUN-1001 : Exported ports
RUN-1001 : Exported pins
RUN-1001 : Exported instances
RUN-1001 : Exported nets
RUN-1001 : Exported buses
RUN-1001 : Exported models
RUN-1001 : Exported congestions
RUN-1001 : Exported violations
RUN-1001 : Exported IO constraints
RUN-1001 : Exported Inst constraints
RUN-1001 : Exported flow parameters
RUN-1002 : start command "optimize_gate -packarea Running_LED_gate.area"
RUN-1001 : Open license file C:/Anlogic/TD4.6.12906/license/Anlogic.lic
SYN-2001 : Map 17 IOs to PADs
SYN-2501 : Processed 0 LOGIC_BUF instances.
SYN-2571 : Optimize after map_dsp, round 1
SYN-1032 : 126/0 useful/useless nets, 102/0 useful/useless insts
SYN-2571 : Optimize after map_dsp, round 1, 0 better
SYN-2501 : Optimize round 1
SYN-1032 : 176/0 useful/useless nets, 152/0 useful/useless insts
SYN-2501 : Optimize round 1, 42 better
SYN-2501 : Optimize round 2
SYN-1032 : 176/0 useful/useless nets, 152/0 useful/useless insts
SYN-2501 : Optimize round 2, 0 better
SYN-2501 : Map 1 macro adder
SYN-1032 : 202/0 useful/useless nets, 178/0 useful/useless insts
SYN-3001 : Running gate level optimization.
SYN-2581 : Mapping with K=4, #lut = 63 (3.37), #lev = 4 (3.33)
SYN-2551 : Post LUT mapping optimization.
SYN-2581 : Mapping with K=4, #lut = 63 (3.37), #lev = 4 (3.33)
SYN-2581 : Mapping with K=4, #lut = 63 (3.37), #lev = 4 (3.33)
SYN-3001 : Logic optimization runtime opt =   0.00 sec, map =   0.00 sec
SYN-3001 : Mapper mapped 89 instances into 63 LUTs, name keeping = 30%.
SYN-1001 : Packing model "running_led" ...
SYN-4010 : Pack lib has 28 rtl pack models with 8 top pack blocks
SYN-1014 : Optimize round 1
SYN-1032 : 175/0 useful/useless nets, 151/0 useful/useless insts
SYN-1015 : Optimize round 1, 0 better
SYN-4002 : Packing 42 DFF/LATCH to SEQ ...
SYN-4009 : Pack 1 carry chain into lslice
SYN-4007 : Packing 0 adder to BLE ...
SYN-4008 : Packed 0 adder and 0 SEQ to BLE.
SYN-4007 : Packing 0 gate4 to BLE ...
SYN-4008 : Packed 0 gate4 and 0 SEQ to BLE.
SYN-4012 : Packed 0 FxMUX
SYN-4007 : Packing 0 MUX to BLE ...
SYN-4008 : Packed 0 MUX and 0 SEQ to BLE.
SYN-4007 : Packing 63 LUT to BLE ...
SYN-4008 : Packed 63 LUT and 17 SEQ to BLE.
SYN-4003 : Packing 25 remaining SEQ's ...
SYN-4004 : #0: Packed 0 SEQ (25 nodes)...
SYN-4004 : #1: Packed 8 SEQ (40 nodes)...
SYN-4005 : Packed 8 SEQ with LUT/SLICE
SYN-4006 : 40 single LUT's are left
SYN-4006 : 25 single SEQ's are left
SYN-4011 : Packing model "running_led" (AL_USER_NORMAL) with 80/107 primitive instances ...
RUN-1002 : start command "report_area -file Running_LED_gate.area"
RUN-1001 : standard
***Report Model: running_led***

IO Statistics
#IO                    17
  #input                1
  #output              16
  #inout                0

Utilization Statistics
#lut                   77   out of  19600    0.39%
#reg                   42   out of  19600    0.21%
#le                    94
  #lut only            52   out of     94   55.32%
  #reg only            17   out of     94   18.09%
  #lut&reg             25   out of     94   26.60%
#dsp                    0   out of     29    0.00%
#bram                   0   out of     64    0.00%
  #bram9k               0
  #fifo9k               0
#bram32k                0   out of     16    0.00%
#pad                   17   out of    188    9.04%
  #ireg                 0
  #oreg                 0
  #treg                 0
#pll                    0   out of      4    0.00%

RUN-1001 : 
Report Hierarchy Area:
+-------------------------------------------+
|Instance |Module      |le    |lut   |seq   |
+-------------------------------------------+
|top      |running_led |94    |77    |42    |
+-------------------------------------------+

RUN-1002 : start command "legalize_phy_inst"
SYN-1011 : Flatten model running_led
RUN-1002 : start command "export_db Running_LED_gate.db"
RUN-1001 : Exported /
RUN-1001 : Exported libs
RUN-1001 : Exported entities
RUN-1001 : Exported ports
RUN-1001 : Exported pins
RUN-1001 : Exported instances
RUN-1001 : Exported nets
RUN-1001 : Exported buses
RUN-1001 : Exported models
RUN-1001 : Exported congestions
RUN-1001 : Exported violations
RUN-1001 : Exported IO constraints
RUN-1001 : Exported Inst constraints
RUN-1001 : Exported flow parameters
RUN-1002 : start command "place"
RUN-1001 : Open license file C:/Anlogic/TD4.6.12906/license/Anlogic.lic
PHY-3001 : Placer runs in 6 thread(s).
SYN-4024 : Net "clk_24m_pad" drive clk pins.
SYN-4025 : Tag rtl::Net clk_24m_pad as clock net
SYN-4026 : Tagged 1 rtl::Net as clock net
PHY-1001 : Populate physical database.
RUN-1001 : There are total 68 instances
RUN-1001 : 24 mslices, 24 lslices, 17 pads, 0 brams, 0 dsps
RUN-1001 : There are total 139 nets
RUN-1001 : 90 nets have 2 pins
RUN-1001 : 26 nets have [3 - 5] pins
RUN-1001 : 16 nets have [6 - 10] pins
RUN-1001 : 3 nets have [11 - 20] pins
RUN-1001 : 4 nets have [21 - 99] pins
PHY-3001 : Initial placement ...
PHY-3001 : design contains 66 instances, 48 slices, 1 macros(7 instances)
PHY-3001 : Start timing update ...
RUN-1002 : start command "start_timer"
TMR-5001 WARNING: No sdc constraints found while initiating timer.
TMR-2505 : Start building timing graph for model running_led.
TMR-2506 : Build timing graph completely. Port num: 2, tpin num: 500, tnet num: 137, tinst num: 66, tnode num: 604, tedge num: 811.
TMR-2507 : Eliminate loop in the timing graph, delete 0 tedges.
TMR-2508 : Levelizing timing graph completed, there are 19 levels in total.
TMR-2501 : Timing graph initialized successfully.
TMR-2503 : Start to update net delay, extr mode = 2.
TMR-2504 : Update delay of 137 nets completely.
TMR-2502 : Annotate delay completely, extr mode = 2.
TMR-3002 : No user constraint, initiate default constraint.
TMR-1501 : Assign derive clock DeriveClock to 62 clock pins, and constraint 104 relative nodes.
TMR-3005 : Start mapping report constraints, there are 0 constraints in total.
TMR-3003 : Constraints initiated successfully.
TMR-3501 : Forward propagation: start to calculate arrival time...
TMR-3502 : Backward propagation: start to calculate required time...
TMR-3503 : Timing propagation completes.
PHY-3001 : End timing update;  0.012497s wall, 0.031250s user + 0.000000s system = 0.031250s CPU (250.1%)

PHY-3001 : Global placement ...
PHY-3001 : Initial: Len = 39589.8
PHY-3001 : Run with size of 4
PHY-3001 : Cell area utilization is 0%, beta_incr = 0.997061
PHY-3001 : :::0::: Try harder cell spreading with beta_ = 0
PHY-3002 : Step(116): len = 29390.4, overlap = 0
PHY-3002 : Step(117): len = 23417.7, overlap = 0
PHY-3002 : Step(118): len = 20765, overlap = 0
PHY-3002 : Step(119): len = 18706.5, overlap = 0
PHY-3002 : Step(120): len = 17045.3, overlap = 0
PHY-3002 : Step(121): len = 15990, overlap = 0
PHY-3002 : Step(122): len = 14935.9, overlap = 0
PHY-3002 : Step(123): len = 14002.9, overlap = 0
PHY-3002 : Step(124): len = 13215.6, overlap = 0
PHY-3002 : Step(125): len = 12390.7, overlap = 0
PHY-3002 : Step(126): len = 11650.9, overlap = 0
PHY-3002 : Step(127): len = 10894, overlap = 0
PHY-3002 : Step(128): len = 10277.8, overlap = 0
PHY-3002 : Step(129): len = 9762.2, overlap = 0
PHY-3002 : Step(130): len = 9091, overlap = 0
PHY-3002 : Step(131): len = 8628.2, overlap = 0
PHY-3002 : Step(132): len = 8143.2, overlap = 0
PHY-3002 : Step(133): len = 7315.6, overlap = 0
PHY-3002 : Step(134): len = 7048.5, overlap = 0
PHY-3002 : Step(135): len = 6618.3, overlap = 0
PHY-3002 : Step(136): len = 6521, overlap = 0
PHY-3002 : Step(137): len = 6415.3, overlap = 0
PHY-3002 : Step(138): len = 6415.3, overlap = 0
PHY-3002 : Step(139): len = 6355.1, overlap = 0
PHY-3001 : Legalization ...
PHY-3001 : End legalization;  0.003736s wall, 0.000000s user + 0.000000s system = 0.000000s CPU (n/a%)

PHY-3001 : Run with size of 4
PHY-3001 : Cell area utilization is 0%, beta_incr = 0.997061
PHY-3001 : :::0::: Try harder cell spreading with beta_ = 0
PHY-3002 : Step(140): len = 6335.7, overlap = 0.5
PHY-3002 : Step(141): len = 6335.7, overlap = 0.5
PHY-3002 : Step(142): len = 6302.9, overlap = 0.5
PHY-3002 : Step(143): len = 6302.9, overlap = 0.5
PHY-3002 : Step(144): len = 6291.6, overlap = 0.5
PHY-3002 : Step(145): len = 6291.6, overlap = 0.5
PHY-3002 : Step(146): len = 6273.1, overlap = 0.5
PHY-3002 : Step(147): len = 6281, overlap = 0.5
PHY-3002 : Step(148): len = 6277.2, overlap = 0.5
PHY-3002 : Step(149): len = 6113, overlap = 0
PHY-3002 : Step(150): len = 6083.8, overlap = 0.25
PHY-3002 : Step(151): len = 6082, overlap = 0
PHY-3002 : Step(152): len = 5953.4, overlap = 0
PHY-3002 : Step(153): len = 5819.6, overlap = 0
PHY-3002 : Step(154): len = 5381.5, overlap = 2.5
PHY-3002 : Step(155): len = 5358.7, overlap = 2.25
PHY-3002 : Step(156): len = 5278.7, overlap = 1.25
PHY-3002 : Step(157): len = 5257.5, overlap = 0.5
PHY-3002 : Step(158): len = 5078.5, overlap = 1
PHY-3002 : Step(159): len = 4992.8, overlap = 1
PHY-3002 : Step(160): len = 4940.3, overlap = 1.25
PHY-3002 : Step(161): len = 4889.3, overlap = 1.5
PHY-3002 : Step(162): len = 4884.1, overlap = 2
PHY-3002 : Step(163): len = 4892.6, overlap = 2.5
PHY-3002 : Step(164): len = 4779.2, overlap = 3
PHY-3002 : Step(165): len = 4676.8, overlap = 2.75
PHY-3002 : Step(166): len = 4614.7, overlap = 2.75
PHY-3002 : Step(167): len = 4591.3, overlap = 1.5
PHY-3002 : Step(168): len = 4432, overlap = 0.25
PHY-3002 : Step(169): len = 4370.4, overlap = 0.75
PHY-3002 : Step(170): len = 4332.4, overlap = 1
PHY-3002 : Step(171): len = 4310.9, overlap = 1.25
PHY-3002 : Step(172): len = 4290.3, overlap = 1.75
PHY-3002 : Step(173): len = 4240.1, overlap = 2.25
PHY-3002 : Step(174): len = 4222.4, overlap = 2.25
PHY-3002 : Step(175): len = 4132.9, overlap = 1.75
PHY-3002 : Step(176): len = 4010.3, overlap = 1
PHY-3002 : Step(177): len = 3896.3, overlap = 1.75
PHY-3002 : Step(178): len = 3741.6, overlap = 1
PHY-3002 : Step(179): len = 3542, overlap = 0
PHY-3002 : Step(180): len = 3434.7, overlap = 0
PHY-3002 : Step(181): len = 3308.6, overlap = 0
PHY-3002 : Step(182): len = 3397.5, overlap = 0
PHY-3002 : Step(183): len = 3214.6, overlap = 0
PHY-3002 : Step(184): len = 2927.1, overlap = 0
PHY-3002 : Step(185): len = 2768.4, overlap = 0.5
PHY-3002 : Step(186): len = 2657.7, overlap = 0.5
PHY-3002 : Step(187): len = 2646.7, overlap = 0.5
PHY-3002 : Step(188): len = 2606.4, overlap = 0.5
PHY-3002 : Step(189): len = 2593, overlap = 0.5
PHY-3002 : Step(190): len = 2530.4, overlap = 0.5
PHY-3002 : Step(191): len = 2506.4, overlap = 0.25
PHY-3002 : Step(192): len = 2523.1, overlap = 0.25
PHY-3002 : Step(193): len = 2474.5, overlap = 0
PHY-3002 : Step(194): len = 2377.8, overlap = 0
PHY-3002 : Step(195): len = 2334.8, overlap = 0
PHY-3002 : Step(196): len = 2320.3, overlap = 0
PHY-3002 : Step(197): len = 2272.1, overlap = 0
PHY-3002 : Step(198): len = 2272.5, overlap = 0
PHY-3002 : Step(199): len = 2281.4, overlap = 0
PHY-3002 : Step(200): len = 2253.4, overlap = 0
PHY-3002 : Step(201): len = 2237.3, overlap = 0
PHY-3002 : Step(202): len = 2248.3, overlap = 0
PHY-3002 : Step(203): len = 2235.2, overlap = 0
PHY-3002 : Step(204): len = 2212.2, overlap = 0
PHY-3002 : Step(205): len = 2181.1, overlap = 0
PHY-3002 : Step(206): len = 2181.1, overlap = 0
PHY-3002 : Step(207): len = 2161.3, overlap = 0
PHY-3002 : Step(208): len = 2161.3, overlap = 0
PHY-3002 : Step(209): len = 2161.2, overlap = 0
PHY-3001 : Run with size of 2
PHY-3001 : Cell area utilization is 0%, beta_incr = 0.997061
PHY-3001 : :::0::: Try harder cell spreading with beta_ = 6.73191e-05
PHY-3002 : Step(210): len = 2167.6, overlap = 5.5
PHY-3002 : Step(211): len = 2167.6, overlap = 5.5
PHY-3001 : :::1::: Try harder cell spreading with beta_ = 0.000134638
PHY-3002 : Step(212): len = 2181.1, overlap = 5.5
PHY-3002 : Step(213): len = 2211.4, overlap = 4.25
PHY-3001 : :::2::: Try harder cell spreading with beta_ = 0.000269276
PHY-3002 : Step(214): len = 2205.2, overlap = 3.5
PHY-3002 : Step(215): len = 2258.7, overlap = 2.75
PHY-3002 : Step(216): len = 2195.4, overlap = 2.75
PHY-3002 : Step(217): len = 2194.2, overlap = 2.75
PHY-3002 : Step(218): len = 2194.2, overlap = 2.75
PHY-3001 : Legalization ...
PHY-3001 : End legalization;  0.010983s wall, 0.015625s user + 0.000000s system = 0.015625s CPU (142.3%)

PHY-3001 : Run with size of 2
PHY-3001 : Cell area utilization is 0%, beta_incr = 0.997061
PHY-3001 : :::0::: Try harder cell spreading with beta_ = 0
PHY-3002 : Step(219): len = 3355.7, overlap = 0
PHY-3002 : Step(220): len = 2821.4, overlap = 2.25
PHY-3002 : Step(221): len = 2527.9, overlap = 3.75
PHY-3002 : Step(222): len = 2369.4, overlap = 3.5
PHY-3002 : Step(223): len = 2345.3, overlap = 4.25
PHY-3002 : Step(224): len = 2283.4, overlap = 4.5
PHY-3002 : Step(225): len = 2262.2, overlap = 5.25
PHY-3002 : Step(226): len = 2192.3, overlap = 5.5
PHY-3001 : :::1::: Try harder cell spreading with beta_ = 0.00117181
PHY-3002 : Step(227): len = 2193.4, overlap = 5.25
PHY-3002 : Step(228): len = 2200.1, overlap = 5.25
PHY-3001 : :::2::: Try harder cell spreading with beta_ = 0.00234361
PHY-3002 : Step(229): len = 2189.7, overlap = 5
PHY-3002 : Step(230): len = 2189.7, overlap = 5
PHY-3001 : Legalization ...
PHY-3001 : End legalization;  0.005609s wall, 0.000000s user + 0.000000s system = 0.000000s CPU (n/a%)

PHY-3001 : Legalized: Len = 3098.8, Over = 0
PHY-3001 : Final: Len = 3098.8, Over = 0
PHY-3001 : Improving timing with driver duplication.
RUN-1001 : Generating global routing grids ...
PHY-1001 : Generate routing nets ...
PHY-1001 : Global iterations in 6 thread ...
PHY-1002 : len = 3896, over cnt = 0(0%), over = 0, worst = 0
PHY-1001 : End global iterations;  0.007934s wall, 0.031250s user + 0.000000s system = 0.031250s CPU (393.9%)

RUN-1003 : finish command "place" in  2.007140s wall, 2.234375s user + 1.312500s system = 3.546875s CPU (176.7%)

RUN-1004 : used memory is 286 MB, reserved memory is 242 MB, peak memory is 694 MB
RUN-1002 : start command "route"
RUN-1001 : Open license file C:/Anlogic/TD4.6.12906/license/Anlogic.lic
PHY-1001 : Pin misalignment score is improved from 61 to 45
PHY-1001 : Pin misalignment score is improved from 45 to 43
PHY-1001 : Pin misalignment score is improved from 43 to 43
PHY-1001 : Route runs in 6 thread(s)
RUN-1001 : There are total 68 instances
RUN-1001 : 24 mslices, 24 lslices, 17 pads, 0 brams, 0 dsps
RUN-1001 : There are total 139 nets
RUN-1001 : 90 nets have 2 pins
RUN-1001 : 26 nets have [3 - 5] pins
RUN-1001 : 16 nets have [6 - 10] pins
RUN-1001 : 3 nets have [11 - 20] pins
RUN-1001 : 4 nets have [21 - 99] pins
PHY-1001 : Start global routing ...
RUN-1001 : Generating global routing grids ...
PHY-1001 : Generate routing nets ...
PHY-1001 : Global iterations in 6 thread ...
PHY-1002 : len = 3896, over cnt = 0(0%), over = 0, worst = 0
PHY-1001 : End global iterations;  0.009959s wall, 0.015625s user + 0.000000s system = 0.015625s CPU (156.9%)

PHY-1001 : End global routing;  0.073430s wall, 0.078125s user + 0.000000s system = 0.078125s CPU (106.4%)

PHY-1001 : Start detail routing ...
PHY-1001 : Generate detailed routing grids ...
PHY-1001 : Generate nets ...
PHY-1001 : net clk_24m_pad will be routed on clock mesh
PHY-1001 : Detail Route ...
PHY-1001 : ===== Detail Route Phase 1 =====
PHY-1001 : Routed 0% nets.
PHY-1002 : len = 2400, over cnt = 0(0%), over = 0, worst = 0
PHY-1001 : End Routed; 0.003553s wall, 0.000000s user + 0.000000s system = 0.000000s CPU (n/a%)

PHY-1001 : ===== Detail Route Phase 2 =====
PHY-1001 : Routed 0% nets.
PHY-1002 : len = 2400, over cnt = 0(0%), over = 0, worst = 0
PHY-1001 : End Routed; 0.000009s wall, 0.000000s user + 0.000000s system = 0.000000s CPU (n/a%)

PHY-1001 : ===== Detail Route Phase 3 =====
PHY-1001 : Routed 43% nets.
PHY-1001 : Routed 50% nets.
PHY-1001 : Routed 58% nets.
PHY-1001 : Routed 66% nets.
PHY-1001 : Routed 82% nets.
PHY-1002 : len = 8376, over cnt = 3(0%), over = 3, worst = 1
PHY-1001 : End Routed; 0.093165s wall, 0.078125s user + 0.031250s system = 0.109375s CPU (117.4%)

PHY-1001 : ===== DR Iter 1 =====
PHY-1002 : len = 8344, over cnt = 1(0%), over = 1, worst = 1
PHY-1001 : End DR Iter 1; 0.008113s wall, 0.015625s user + 0.000000s system = 0.015625s CPU (192.6%)

PHY-1001 : ===== DR Iter 2 =====
PHY-1002 : len = 8360, over cnt = 0(0%), over = 0, worst = 0
PHY-1003 : Routed, final wirelength = 8360
PHY-1001 : End DR Iter 2; 0.006511s wall, 0.000000s user + 0.000000s system = 0.000000s CPU (n/a%)

PHY-1001 : 0 feed throughs used by 0 nets
PHY-1001 : Generate detailed routing grids ...
PHY-1001 : Generate nets ...
PHY-1001 : net clk_24m_pad will be routed on clock mesh
PHY-1001 : eco open net = 0
PHY-1001 : End detail routing;  2.172402s wall, 2.031250s user + 0.187500s system = 2.218750s CPU (102.1%)

PHY-1001 : Routing violations:
PHY-1001 : End of Routing Violations.
RUN-1003 : finish command "route" in  2.328413s wall, 2.203125s user + 0.187500s system = 2.390625s CPU (102.7%)

RUN-1004 : used memory is 294 MB, reserved memory is 257 MB, peak memory is 716 MB
RUN-1002 : start command "report_area -io_info -file Running_LED_phy.area"
RUN-1001 : standard
***Report Model: running_led***

IO Statistics
#IO                    17
  #input                1
  #output              16
  #inout                0

Utilization Statistics
#lut                   77   out of  19600    0.39%
#reg                   42   out of  19600    0.21%
#le                    94
  #lut only            52   out of     94   55.32%
  #reg only            17   out of     94   18.09%
  #lut&reg             25   out of     94   26.60%
#dsp                    0   out of     29    0.00%
#bram                   0   out of     64    0.00%
  #bram9k               0
  #fifo9k               0
#bram32k                0   out of     16    0.00%
#pad                   17   out of    188    9.04%
  #ireg                 0
  #oreg                 0
  #treg                 0
#pll                    0   out of      4    0.00%

RUN-1001 : 

RUN-1002 : start command "export_db Running_LED_pr.db"
RUN-1001 : Exported /
RUN-1001 : Exported libs
RUN-1001 : Exported entities
RUN-1001 : Exported ports
RUN-1001 : Exported pins
RUN-1001 : Exported instances
RUN-1001 : Exported nets
RUN-1001 : Exported buses
RUN-1001 : Exported models
RUN-1001 : Exported congestions
RUN-1001 : Exported violations
RUN-1001 : Exported IO constraints
RUN-1001 : Exported Inst constraints
RUN-1001 : Exported flow parameters
RUN-1002 : start command "bitgen -bit Running_LED.bit -version 0X00 -g ucode:00000000000000000000000000000000"
BIT-1003 : Start to generate bitstream. 
BIT-1002 : Init instances with 6 threads.
BIT-1002 : Init instances completely, inst num: 68
BIT-1002 : Init pips with 6 threads.
BIT-1002 : Init pips completely, net num: 139, pip num: 914
BIT-1003 : Multithreading accelaration with 6 threads.
BIT-1003 : Generate bitstream completely, there are 148 valid insts, and 2821 bits set as '1'.
BIT-1004 : PLL setting string = 0000
BIT-1004 : Generate bits file Running_LED.bit.
RUN-1002 : start command "download -bit Running_LED.bit -mode jtag -spd 6 -sec 64 -cable 0"
PRG-2014 : Chip validation success: EAGLE_S20_BG256
RUN-1002 : start command "bit_to_vec -chip EAGLE_S20_BG256 -m jtag -bit Running_LED.bit"
PRG-3000 : BIT2VEC::JtagBitstream: completed! line_num = 1354, frame_num = 1259
RUN-1003 : finish command "bit_to_vec -chip EAGLE_S20_BG256 -m jtag -bit Running_LED.bit" in  1.432005s wall, 1.406250s user + 0.031250s system = 1.437500s CPU (100.4%)

RUN-1004 : used memory is 402 MB, reserved memory is 363 MB, peak memory is 716 MB
RUN-1002 : start command "program -cable 0 -spd 6 -p"
RUN-1003 : finish command "program -cable 0 -spd 6 -p" in  6.605202s wall, 0.203125s user + 0.171875s system = 0.375000s CPU (5.7%)

RUN-1004 : used memory is 431 MB, reserved memory is 393 MB, peak memory is 716 MB
RUN-1003 : finish command "download -bit Running_LED.bit -mode jtag -spd 6 -sec 64 -cable 0" in  8.583631s wall, 1.718750s user + 0.234375s system = 1.953125s CPU (22.8%)

RUN-1004 : used memory is 295 MB, reserved memory is 254 MB, peak memory is 716 MB
GUI-1001 : Download success!
